#
# There is insufficient memory for the Java Runtime Environment to continue.
# Native memory allocation (malloc) failed to allocate 1028032 bytes for Chunk::new
# Possible reasons:
#   The system is out of physical RAM or swap space
#   The process is running with CompressedOops enabled, and the Java Heap may be blocking the growth of the native heap
# Possible solutions:
#   Reduce memory load on the system
#   Increase physical memory or swap space
#   Check if swap backing store is full
#   Decrease Java heap size (-Xmx/-Xms)
#   Decrease number of Java threads
#   Decrease Java thread stack sizes (-Xss)
#   Set larger code cache with -XX:ReservedCodeCacheSize=
#   JVM is running with Unscaled Compressed Oops mode in which the Java heap is
#     placed in the first 4GB address space. The Java Heap base address is the
#     maximum limit for the native heap growth. Please use -XX:HeapBaseMinAddress
#     to set the Java Heap base and to place the Java Heap above 4GB virtual address.
# This output file may be truncated or incomplete.
#
#  Out of Memory Error (arena.cpp:189), pid=15012, tid=3120
#
# JRE version: OpenJDK Runtime Environment (17.0.6) (build 17.0.6+0-b2043.56-10027231)
# Java VM: OpenJDK 64-Bit Server VM (17.0.6+0-b2043.56-10027231, mixed mode, tiered, compressed oops, compressed class ptrs, g1 gc, windows-amd64)
# No core dump will be written. Minidumps are not enabled by default on client versions of Windows
#

---------------  S U M M A R Y ------------

Command Line: --add-opens=java.base/java.util=ALL-UNNAMED --add-opens=java.base/java.lang=ALL-UNNAMED --add-opens=java.base/java.lang.invoke=ALL-UNNAMED --add-opens=java.prefs/java.util.prefs=ALL-UNNAMED --add-opens=java.base/java.nio.charset=ALL-UNNAMED --add-opens=java.base/java.net=ALL-UNNAMED --add-opens=java.base/java.util.concurrent.atomic=ALL-UNNAMED -Xmx2048m -Dfile.encoding=UTF-8 -Duser.country=IN -Duser.language=en -Duser.variant org.gradle.launcher.daemon.bootstrap.GradleDaemon 8.0

Host: AMD Ryzen 5 5600H with Radeon Graphics         , 12 cores, 7G,  Windows 11 , 64 bit Build 22621 (10.0.22621.3374)
Time: Thu Mar 28 15:35:20 2024 India Standard Time elapsed time: 7.600373 seconds (0d 0h 0m 7s)

---------------  T H R E A D  ---------------

Current thread (0x000001f018efddd0):  JavaThread "C2 CompilerThread1" daemon [_thread_in_native, id=3120, stack(0x0000005e97c00000,0x0000005e97d00000)]


Current CompileTask:
C2:   7600 9235       4       org.gradle.internal.reflect.MethodSet::add (50 bytes)

Stack: [0x0000005e97c00000,0x0000005e97d00000]
Native frames: (J=compiled Java code, j=interpreted, Vv=VM code, C=native code)
V  [jvm.dll+0x683c9a]
V  [jvm.dll+0x8427a4]
V  [jvm.dll+0x843f9e]
V  [jvm.dll+0x844603]
V  [jvm.dll+0x249b75]
V  [jvm.dll+0xabcac]
V  [jvm.dll+0xac27c]
V  [jvm.dll+0x368857]
V  [jvm.dll+0x332f31]
V  [jvm.dll+0x3323da]
V  [jvm.dll+0x21c201]
V  [jvm.dll+0x21b621]
V  [jvm.dll+0x1a4fdd]
V  [jvm.dll+0x22b098]
V  [jvm.dll+0x229159]
V  [jvm.dll+0x7f81ec]
V  [jvm.dll+0x7f274a]
V  [jvm.dll+0x682ad5]
C  [ucrtbase.dll+0x29333]
C  [KERNEL32.DLL+0x1257d]
C  [ntdll.dll+0x5aa48]


---------------  P R O C E S S  ---------------

Threads class SMR info:
_java_thread_list=0x000001f019b0aab0, length=174, elements={
0x000001f07b710070, 0x000001f018c32250, 0x000001f018c330c0, 0x000001f07f01b020,
0x000001f07f01b8e0, 0x000001f07f01c490, 0x000001f018c557b0, 0x000001f018c563a0,
0x000001f018c632b0, 0x000001f018c66300, 0x000001f018e04340, 0x000001f018e06c30,
0x000001f018efddd0, 0x000001f01ba154a0, 0x000001f0195a0d50, 0x000001f019327910,
0x000001f01ba61b70, 0x000001f019f18c90, 0x000001f019f19160, 0x000001f01bcb2b10,
0x000001f01c32c640, 0x000001f019b68ce0, 0x000001f019b679a0, 0x000001f019b67000,
0x000001f019b68810, 0x000001f019b67e70, 0x000001f01bbe4100, 0x000001f019b66190,
0x000001f019b66660, 0x000001f01c5ff950, 0x000001f01c5fac50, 0x000001f01c5fce00,
0x000001f01c6002f0, 0x000001f01c5fe140, 0x000001f01c5fb5f0, 0x000001f01c5fe610,
0x000001f01c5fbac0, 0x000001f01c5fa780, 0x000001f01c6007c0, 0x000001f01c5fc460,
0x000001f01c5fd2d0, 0x000001f01c5fd7a0, 0x000001f01c5fdc70, 0x000001f01c5ff480,
0x000001f01c5f9910, 0x000001f01c5f9de0, 0x000001f0225ef640, 0x000001f0225f34d0,
0x000001f0225ed490, 0x000001f0225f2b30, 0x000001f0225effe0, 0x000001f0225ed960,
0x000001f0225ede30, 0x000001f0225f04b0, 0x000001f0225eeca0, 0x000001f0225f17f0,
0x000001f0225f1cc0, 0x000001f0225f1320, 0x000001f0225f4810, 0x000001f0225f4ce0,
0x000001f0225f3e70, 0x000001f0225f0e50, 0x000001f0225f0980, 0x000001f0225f2660,
0x000001f0225f39a0, 0x000001f0225f2190, 0x000001f0225f4340, 0x000001f0225efb10,
0x000001f0225ef170, 0x000001f0225f3000, 0x000001f0225ee300, 0x000001f0225ee7d0,
0x000001f0225c54b0, 0x000001f0225cb4f0, 0x000001f0225c5980, 0x000001f0225c8e70,
0x000001f0225cc360, 0x000001f0225c5e50, 0x000001f0225c9340, 0x000001f0225c67f0,
0x000001f0225c9810, 0x000001f0225cc830, 0x000001f0225cb9c0, 0x000001f0225cbe90,
0x000001f0225ca680, 0x000001f0225c9ce0, 0x000001f0225cab50, 0x000001f0225c7190,
0x000001f0225c8000, 0x000001f0225ccd00, 0x000001f0225c7660, 0x000001f0225cb020,
0x000001f0225c6320, 0x000001f0225c7b30, 0x000001f0225c6cc0, 0x000001f0225c84d0,
0x000001f0225c89a0, 0x000001f0225ca1b0, 0x000001f01f371570, 0x000001f01f372d80,
0x000001f01f36b530, 0x000001f01f36cd40, 0x000001f01f36dbb0, 0x000001f01f36bed0,
0x000001f01f36ba00, 0x000001f01f370700, 0x000001f01f370230, 0x000001f01f3728b0,
0x000001f01f36d210, 0x000001f01f36ea20, 0x000001f01f36c3a0, 0x000001f01f36fd60,
0x000001f01f36c870, 0x000001f01f36d6e0, 0x000001f01f36e080, 0x000001f01f370bd0,
0x000001f01f36e550, 0x000001f01f36eef0, 0x000001f01f36f890, 0x000001f01f36f3c0,
0x000001f01f3710a0, 0x000001f01f371a40, 0x000001f01f371f10, 0x000001f01f3723e0,
0x000001f01ee159e0, 0x000001f01ee12e90, 0x000001f01ee124f0, 0x000001f01ee13360,
0x000001f01ee129c0, 0x000001f01ee18060, 0x000001f01ee16850, 0x000001f01ee18530,
0x000001f01ee15eb0, 0x000001f01ee16d20, 0x000001f01ee141d0, 0x000001f01ee13d00,
0x000001f01ee15510, 0x000001f01ee146a0, 0x000001f01ee14b70, 0x000001f01ee13830,
0x000001f01ee16380, 0x000001f01ee18a00, 0x000001f01ee171f0, 0x000001f01ee15040,
0x000001f01ee18ed0, 0x000001f01ee17b90, 0x000001f01ee176c0, 0x000001f01ee193a0,
0x000001f01ee19870, 0x000001f01ee12020, 0x000001f0227643f0, 0x000001f022765260,
0x000001f022768750, 0x000001f0227660d0, 0x000001f0227648c0, 0x000001f022769a90,
0x000001f0227630b0, 0x000001f022763580, 0x000001f022765c00, 0x000001f022764d90,
0x000001f022769f60, 0x000001f022767410, 0x000001f022768c20, 0x000001f0227690f0,
0x000001f022765730, 0x000001f0227695c0, 0x000001f02276a430, 0x000001f0227678e0,
0x000001f022762be0, 0x000001f0227665a0, 0x000001f022766a70, 0x000001f022766f40,
0x000001f022763a50, 0x000001f022768280
}

Java Threads: ( => current thread )
  0x000001f07b710070 JavaThread "main" [_thread_blocked, id=9100, stack(0x0000005e96900000,0x0000005e96a00000)]
  0x000001f018c32250 JavaThread "Reference Handler" daemon [_thread_blocked, id=19048, stack(0x0000005e97000000,0x0000005e97100000)]
  0x000001f018c330c0 JavaThread "Finalizer" daemon [_thread_blocked, id=23576, stack(0x0000005e97100000,0x0000005e97200000)]
  0x000001f07f01b020 JavaThread "Signal Dispatcher" daemon [_thread_blocked, id=2140, stack(0x0000005e97200000,0x0000005e97300000)]
  0x000001f07f01b8e0 JavaThread "Attach Listener" daemon [_thread_blocked, id=22728, stack(0x0000005e97300000,0x0000005e97400000)]
  0x000001f07f01c490 JavaThread "Service Thread" daemon [_thread_blocked, id=24136, stack(0x0000005e97400000,0x0000005e97500000)]
  0x000001f018c557b0 JavaThread "Monitor Deflation Thread" daemon [_thread_blocked, id=3720, stack(0x0000005e97500000,0x0000005e97600000)]
  0x000001f018c563a0 JavaThread "C2 CompilerThread0" daemon [_thread_in_native, id=11412, stack(0x0000005e97600000,0x0000005e97700000)]
  0x000001f018c632b0 JavaThread "C1 CompilerThread0" daemon [_thread_in_native, id=23500, stack(0x0000005e97700000,0x0000005e97800000)]
  0x000001f018c66300 JavaThread "Sweeper thread" daemon [_thread_blocked, id=21136, stack(0x0000005e97800000,0x0000005e97900000)]
  0x000001f018e04340 JavaThread "Common-Cleaner" daemon [_thread_blocked, id=18496, stack(0x0000005e97900000,0x0000005e97a00000)]
  0x000001f018e06c30 JavaThread "Notification Thread" daemon [_thread_blocked, id=19544, stack(0x0000005e97a00000,0x0000005e97b00000)]
=>0x000001f018efddd0 JavaThread "C2 CompilerThread1" daemon [_thread_in_native, id=3120, stack(0x0000005e97c00000,0x0000005e97d00000)]
  0x000001f01ba154a0 JavaThread "Daemon health stats" [_thread_blocked, id=24788, stack(0x0000005e98200000,0x0000005e98300000)]
  0x000001f0195a0d50 JavaThread "Incoming local TCP Connector on port 51629" [_thread_in_native, id=7288, stack(0x0000005e97d00000,0x0000005e97e00000)]
  0x000001f019327910 JavaThread "Daemon periodic checks" [_thread_blocked, id=3300, stack(0x0000005e98300000,0x0000005e98400000)]
  0x000001f01ba61b70 JavaThread "Daemon" [_thread_blocked, id=12016, stack(0x0000005e98400000,0x0000005e98500000)]
  0x000001f019f18c90 JavaThread "Handler for socket connection from /127.0.0.1:51629 to /127.0.0.1:51630" [_thread_in_native, id=21648, stack(0x0000005e98500000,0x0000005e98600000)]
  0x000001f019f19160 JavaThread "Cancel handler" [_thread_blocked, id=15796, stack(0x0000005e98600000,0x0000005e98700000)]
  0x000001f01bcb2b10 JavaThread "Daemon worker" [_thread_in_vm, id=12692, stack(0x0000005e98700000,0x0000005e98800000)]
  0x000001f01c32c640 JavaThread "Asynchronous log dispatcher for DefaultDaemonConnection: socket connection from /127.0.0.1:51629 to /127.0.0.1:51630" [_thread_blocked, id=23596, stack(0x0000005e98800000,0x0000005e98900000)]
  0x000001f019b68ce0 JavaThread "Stdin handler" [_thread_blocked, id=20960, stack(0x0000005e98900000,0x0000005e98a00000)]
  0x000001f019b679a0 JavaThread "Daemon client event forwarder" [_thread_blocked, id=17308, stack(0x0000005e98a00000,0x0000005e98b00000)]
  0x000001f019b67000 JavaThread "Cache worker for journal cache (D:\Android\.gradle\caches\journal-1)" [_thread_blocked, id=5784, stack(0x0000005e99200000,0x0000005e99300000)]
  0x000001f019b68810 JavaThread "File lock request listener" [_thread_in_native, id=25220, stack(0x0000005e99300000,0x0000005e99400000)]
  0x000001f019b67e70 JavaThread "Cache worker for file hash cache (D:\Android\.gradle\caches\8.0\fileHashes)" [_thread_blocked, id=23836, stack(0x0000005e99400000,0x0000005e99500000)]
  0x000001f01bbe4100 JavaThread "C2 CompilerThread2" daemon [_thread_in_native, id=2912, stack(0x0000005e99500000,0x0000005e99600000)]
  0x000001f019b66190 JavaThread "File watcher server" daemon [_thread_in_native, id=5228, stack(0x0000005e99600000,0x0000005e99700000)]
  0x000001f019b66660 JavaThread "File watcher consumer" daemon [_thread_blocked, id=18972, stack(0x0000005e99700000,0x0000005e99800000)]
  0x000001f01c5ff950 JavaThread "Cache worker for checksums cache (D:\Android\Projects\.gradle\8.0\checksums)" [_thread_blocked, id=4856, stack(0x0000005e99800000,0x0000005e99900000)]
  0x000001f01c5fac50 JavaThread "Cache worker for cache directory md-rule (D:\Android\.gradle\caches\8.0\md-rule)" [_thread_blocked, id=21156, stack(0x0000005e99900000,0x0000005e99a00000)]
  0x000001f01c5fce00 JavaThread "Cache worker for file content cache (D:\Android\.gradle\caches\8.0\fileContent)" [_thread_blocked, id=12716, stack(0x0000005e99a00000,0x0000005e99b00000)]
  0x000001f01c6002f0 JavaThread "Cache worker for file hash cache (D:\Android\Projects\.gradle\8.0\fileHashes)" [_thread_blocked, id=4376, stack(0x0000005e99b00000,0x0000005e99c00000)]
  0x000001f01c5fe140 JavaThread "Cache worker for cache directory md-supplier (D:\Android\.gradle\caches\8.0\md-supplier)" [_thread_blocked, id=23972, stack(0x0000005e99c00000,0x0000005e99d00000)]
  0x000001f01c5fb5f0 JavaThread "Cache worker for execution history cache (D:\Android\.gradle\caches\8.0\executionHistory)" [_thread_blocked, id=23580, stack(0x0000005e99d00000,0x0000005e99e00000)]
  0x000001f01c5fe610 JavaThread "jar transforms" [_thread_blocked, id=1924, stack(0x0000005e99e00000,0x0000005e99f00000)]
  0x000001f01c5fbac0 JavaThread "jar transforms Thread 2" [_thread_blocked, id=24200, stack(0x0000005e99f00000,0x0000005e9a000000)]
  0x000001f01c5fa780 JavaThread "Cache worker for kotlin-dsl (D:\Android\.gradle\caches\8.0\kotlin-dsl)" [_thread_blocked, id=5968, stack(0x0000005e9a100000,0x0000005e9a200000)]
  0x000001f01c6007c0 JavaThread "jar transforms Thread 3" [_thread_blocked, id=21448, stack(0x0000005e9a200000,0x0000005e9a300000)]
  0x000001f01c5fc460 JavaThread "jar transforms Thread 4" [_thread_blocked, id=25128, stack(0x0000005e9a300000,0x0000005e9a400000)]
  0x000001f01c5fd2d0 JavaThread "Cache worker for dependencies-accessors (D:\Android\Projects\.gradle\8.0\dependencies-accessors)" [_thread_blocked, id=2640, stack(0x0000005e9a400000,0x0000005e9a500000)]
  0x000001f01c5fd7a0 JavaThread "Cache worker for Build Output Cleanup Cache (D:\Android\Projects\.gradle\buildOutputCleanup)" [_thread_blocked, id=23184, stack(0x0000005e9a500000,0x0000005e9a600000)]
  0x000001f01c5fdc70 JavaThread "jar transforms Thread 5" [_thread_blocked, id=24368, stack(0x0000005e9a600000,0x0000005e9a700000)]
  0x000001f01c5ff480 JavaThread "Unconstrained build operations" [_thread_blocked, id=24040, stack(0x0000005e9a700000,0x0000005e9a800000)]
  0x000001f01c5f9910 JavaThread "Unconstrained build operations Thread 2" [_thread_blocked, id=21164, stack(0x0000005e9a800000,0x0000005e9a900000)]
  0x000001f01c5f9de0 JavaThread "Unconstrained build operations Thread 3" [_thread_blocked, id=13584, stack(0x0000005e9a900000,0x0000005e9aa00000)]
  0x000001f0225ef640 JavaThread "Unconstrained build operations Thread 4" [_thread_blocked, id=21200, stack(0x0000005e9aa00000,0x0000005e9ab00000)]
  0x000001f0225f34d0 JavaThread "Unconstrained build operations Thread 5" [_thread_blocked, id=21080, stack(0x0000005e9ab00000,0x0000005e9ac00000)]
  0x000001f0225ed490 JavaThread "Unconstrained build operations Thread 6" [_thread_blocked, id=25148, stack(0x0000005e9ac00000,0x0000005e9ad00000)]
  0x000001f0225f2b30 JavaThread "Unconstrained build operations Thread 7" [_thread_blocked, id=22684, stack(0x0000005e9ad00000,0x0000005e9ae00000)]
  0x000001f0225effe0 JavaThread "Unconstrained build operations Thread 8" [_thread_blocked, id=25204, stack(0x0000005e9ae00000,0x0000005e9af00000)]
  0x000001f0225ed960 JavaThread "Unconstrained build operations Thread 9" [_thread_blocked, id=24572, stack(0x0000005e9af00000,0x0000005e9b000000)]
  0x000001f0225ede30 JavaThread "Unconstrained build operations Thread 10" [_thread_blocked, id=18040, stack(0x0000005e9b000000,0x0000005e9b100000)]
  0x000001f0225f04b0 JavaThread "Unconstrained build operations Thread 11" [_thread_blocked, id=20420, stack(0x0000005e9b100000,0x0000005e9b200000)]
  0x000001f0225eeca0 JavaThread "Unconstrained build operations Thread 12" [_thread_blocked, id=11144, stack(0x0000005e9b200000,0x0000005e9b300000)]
  0x000001f0225f17f0 JavaThread "Unconstrained build operations Thread 13" [_thread_blocked, id=10916, stack(0x0000005e9b300000,0x0000005e9b400000)]
  0x000001f0225f1cc0 JavaThread "Unconstrained build operations Thread 14" [_thread_blocked, id=21260, stack(0x0000005e9b400000,0x0000005e9b500000)]
  0x000001f0225f1320 JavaThread "Unconstrained build operations Thread 15" [_thread_blocked, id=14396, stack(0x0000005e9b500000,0x0000005e9b600000)]
  0x000001f0225f4810 JavaThread "Unconstrained build operations Thread 16" [_thread_blocked, id=4292, stack(0x0000005e9b600000,0x0000005e9b700000)]
  0x000001f0225f4ce0 JavaThread "Unconstrained build operations Thread 17" [_thread_blocked, id=23368, stack(0x0000005e9b700000,0x0000005e9b800000)]
  0x000001f0225f3e70 JavaThread "Unconstrained build operations Thread 18" [_thread_blocked, id=25272, stack(0x0000005e9b800000,0x0000005e9b900000)]
  0x000001f0225f0e50 JavaThread "Unconstrained build operations Thread 19" [_thread_blocked, id=19332, stack(0x0000005e9b900000,0x0000005e9ba00000)]
  0x000001f0225f0980 JavaThread "Unconstrained build operations Thread 20" [_thread_blocked, id=6800, stack(0x0000005e9ba00000,0x0000005e9bb00000)]
  0x000001f0225f2660 JavaThread "Unconstrained build operations Thread 21" [_thread_blocked, id=18684, stack(0x0000005e9bb00000,0x0000005e9bc00000)]
  0x000001f0225f39a0 JavaThread "Unconstrained build operations Thread 22" [_thread_blocked, id=19092, stack(0x0000005e9bc00000,0x0000005e9bd00000)]
  0x000001f0225f2190 JavaThread "Unconstrained build operations Thread 23" [_thread_blocked, id=23724, stack(0x0000005e9bd00000,0x0000005e9be00000)]
  0x000001f0225f4340 JavaThread "Unconstrained build operations Thread 24" [_thread_blocked, id=21288, stack(0x0000005e9be00000,0x0000005e9bf00000)]
  0x000001f0225efb10 JavaThread "Unconstrained build operations Thread 25" [_thread_blocked, id=25176, stack(0x0000005e9bf00000,0x0000005e9c000000)]
  0x000001f0225ef170 JavaThread "Unconstrained build operations Thread 26" [_thread_blocked, id=19704, stack(0x0000005e9c000000,0x0000005e9c100000)]
  0x000001f0225f3000 JavaThread "Unconstrained build operations Thread 27" [_thread_blocked, id=22328, stack(0x0000005e9c100000,0x0000005e9c200000)]
  0x000001f0225ee300 JavaThread "Unconstrained build operations Thread 28" [_thread_blocked, id=12236, stack(0x0000005e9c200000,0x0000005e9c300000)]
  0x000001f0225ee7d0 JavaThread "Unconstrained build operations Thread 29" [_thread_blocked, id=20820, stack(0x0000005e9c300000,0x0000005e9c400000)]
  0x000001f0225c54b0 JavaThread "Unconstrained build operations Thread 30" [_thread_blocked, id=11672, stack(0x0000005e9c400000,0x0000005e9c500000)]
  0x000001f0225cb4f0 JavaThread "Unconstrained build operations Thread 31" [_thread_blocked, id=22632, stack(0x0000005e9c500000,0x0000005e9c600000)]
  0x000001f0225c5980 JavaThread "Unconstrained build operations Thread 32" [_thread_blocked, id=18424, stack(0x0000005e9c600000,0x0000005e9c700000)]
  0x000001f0225c8e70 JavaThread "Unconstrained build operations Thread 33" [_thread_blocked, id=25196, stack(0x0000005e9c700000,0x0000005e9c800000)]
  0x000001f0225cc360 JavaThread "Unconstrained build operations Thread 34" [_thread_blocked, id=25580, stack(0x0000005e9c800000,0x0000005e9c900000)]
  0x000001f0225c5e50 JavaThread "Unconstrained build operations Thread 35" [_thread_blocked, id=11828, stack(0x0000005e9c900000,0x0000005e9ca00000)]
  0x000001f0225c9340 JavaThread "Unconstrained build operations Thread 36" [_thread_blocked, id=23644, stack(0x0000005e9ca00000,0x0000005e9cb00000)]
  0x000001f0225c67f0 JavaThread "Unconstrained build operations Thread 37" [_thread_blocked, id=18184, stack(0x0000005e9cb00000,0x0000005e9cc00000)]
  0x000001f0225c9810 JavaThread "Unconstrained build operations Thread 38" [_thread_blocked, id=17612, stack(0x0000005e9cc00000,0x0000005e9cd00000)]
  0x000001f0225cc830 JavaThread "Unconstrained build operations Thread 39" [_thread_blocked, id=25012, stack(0x0000005e9cd00000,0x0000005e9ce00000)]
  0x000001f0225cb9c0 JavaThread "Unconstrained build operations Thread 40" [_thread_blocked, id=22852, stack(0x0000005e9ce00000,0x0000005e9cf00000)]
  0x000001f0225cbe90 JavaThread "Unconstrained build operations Thread 41" [_thread_blocked, id=25444, stack(0x0000005e9cf00000,0x0000005e9d000000)]
  0x000001f0225ca680 JavaThread "Unconstrained build operations Thread 42" [_thread_blocked, id=12528, stack(0x0000005e9d000000,0x0000005e9d100000)]
  0x000001f0225c9ce0 JavaThread "Unconstrained build operations Thread 43" [_thread_blocked, id=4732, stack(0x0000005e9d100000,0x0000005e9d200000)]
  0x000001f0225cab50 JavaThread "Unconstrained build operations Thread 44" [_thread_blocked, id=25460, stack(0x0000005e9d200000,0x0000005e9d300000)]
  0x000001f0225c7190 JavaThread "Unconstrained build operations Thread 45" [_thread_blocked, id=9680, stack(0x0000005e9d300000,0x0000005e9d400000)]
  0x000001f0225c8000 JavaThread "Unconstrained build operations Thread 46" [_thread_blocked, id=24732, stack(0x0000005e9d400000,0x0000005e9d500000)]
  0x000001f0225ccd00 JavaThread "Unconstrained build operations Thread 47" [_thread_blocked, id=7908, stack(0x0000005e9d500000,0x0000005e9d600000)]
  0x000001f0225c7660 JavaThread "Unconstrained build operations Thread 48" [_thread_blocked, id=2464, stack(0x0000005e9d600000,0x0000005e9d700000)]
  0x000001f0225cb020 JavaThread "Unconstrained build operations Thread 49" [_thread_blocked, id=15936, stack(0x0000005e9d700000,0x0000005e9d800000)]
  0x000001f0225c6320 JavaThread "Unconstrained build operations Thread 50" [_thread_blocked, id=8284, stack(0x0000005e9d800000,0x0000005e9d900000)]
  0x000001f0225c7b30 JavaThread "Unconstrained build operations Thread 51" [_thread_blocked, id=18532, stack(0x0000005e9d900000,0x0000005e9da00000)]
  0x000001f0225c6cc0 JavaThread "Unconstrained build operations Thread 52" [_thread_blocked, id=20040, stack(0x0000005e9da00000,0x0000005e9db00000)]
  0x000001f0225c84d0 JavaThread "Unconstrained build operations Thread 53" [_thread_blocked, id=7768, stack(0x0000005e9db00000,0x0000005e9dc00000)]
  0x000001f0225c89a0 JavaThread "Unconstrained build operations Thread 54" [_thread_blocked, id=22724, stack(0x0000005e9dc00000,0x0000005e9dd00000)]
  0x000001f0225ca1b0 JavaThread "Unconstrained build operations Thread 55" [_thread_blocked, id=20588, stack(0x0000005e9dd00000,0x0000005e9de00000)]
  0x000001f01f371570 JavaThread "Unconstrained build operations Thread 56" [_thread_blocked, id=9540, stack(0x0000005e9de00000,0x0000005e9df00000)]
  0x000001f01f372d80 JavaThread "Unconstrained build operations Thread 57" [_thread_blocked, id=14964, stack(0x0000005e9df00000,0x0000005e9e000000)]
  0x000001f01f36b530 JavaThread "Unconstrained build operations Thread 58" [_thread_blocked, id=9916, stack(0x0000005e9e000000,0x0000005e9e100000)]
  0x000001f01f36cd40 JavaThread "Unconstrained build operations Thread 59" [_thread_blocked, id=5256, stack(0x0000005e9e100000,0x0000005e9e200000)]
  0x000001f01f36dbb0 JavaThread "Unconstrained build operations Thread 60" [_thread_blocked, id=23556, stack(0x0000005e9e200000,0x0000005e9e300000)]
  0x000001f01f36bed0 JavaThread "Unconstrained build operations Thread 61" [_thread_blocked, id=23068, stack(0x0000005e9e300000,0x0000005e9e400000)]
  0x000001f01f36ba00 JavaThread "Unconstrained build operations Thread 62" [_thread_blocked, id=1848, stack(0x0000005e9e400000,0x0000005e9e500000)]
  0x000001f01f370700 JavaThread "Unconstrained build operations Thread 63" [_thread_blocked, id=24000, stack(0x0000005e9e500000,0x0000005e9e600000)]
  0x000001f01f370230 JavaThread "Unconstrained build operations Thread 64" [_thread_blocked, id=16672, stack(0x0000005e9e600000,0x0000005e9e700000)]
  0x000001f01f3728b0 JavaThread "Unconstrained build operations Thread 65" [_thread_blocked, id=24648, stack(0x0000005e9e700000,0x0000005e9e800000)]
  0x000001f01f36d210 JavaThread "Unconstrained build operations Thread 66" [_thread_blocked, id=2300, stack(0x0000005e9e800000,0x0000005e9e900000)]
  0x000001f01f36ea20 JavaThread "Unconstrained build operations Thread 67" [_thread_blocked, id=3392, stack(0x0000005e9e900000,0x0000005e9ea00000)]
  0x000001f01f36c3a0 JavaThread "Unconstrained build operations Thread 68" [_thread_blocked, id=9140, stack(0x0000005e9ea00000,0x0000005e9eb00000)]
  0x000001f01f36fd60 JavaThread "Unconstrained build operations Thread 69" [_thread_blocked, id=15388, stack(0x0000005e9eb00000,0x0000005e9ec00000)]
  0x000001f01f36c870 JavaThread "Unconstrained build operations Thread 70" [_thread_blocked, id=25568, stack(0x0000005e9ec00000,0x0000005e9ed00000)]
  0x000001f01f36d6e0 JavaThread "Unconstrained build operations Thread 71" [_thread_blocked, id=11500, stack(0x0000005e9ed00000,0x0000005e9ee00000)]
  0x000001f01f36e080 JavaThread "Unconstrained build operations Thread 72" [_thread_blocked, id=24936, stack(0x0000005e9ee00000,0x0000005e9ef00000)]
  0x000001f01f370bd0 JavaThread "Unconstrained build operations Thread 73" [_thread_blocked, id=19960, stack(0x0000005e9ef00000,0x0000005e9f000000)]
  0x000001f01f36e550 JavaThread "Unconstrained build operations Thread 74" [_thread_blocked, id=24124, stack(0x0000005e9f000000,0x0000005e9f100000)]
  0x000001f01f36eef0 JavaThread "Unconstrained build operations Thread 75" [_thread_blocked, id=24892, stack(0x0000005e9f100000,0x0000005e9f200000)]
  0x000001f01f36f890 JavaThread "Unconstrained build operations Thread 76" [_thread_blocked, id=3160, stack(0x0000005e9f200000,0x0000005e9f300000)]
  0x000001f01f36f3c0 JavaThread "Unconstrained build operations Thread 77" [_thread_blocked, id=12840, stack(0x0000005e9f300000,0x0000005e9f400000)]
  0x000001f01f3710a0 JavaThread "Unconstrained build operations Thread 78" [_thread_blocked, id=24736, stack(0x0000005e9f400000,0x0000005e9f500000)]
  0x000001f01f371a40 JavaThread "Unconstrained build operations Thread 79" [_thread_blocked, id=23892, stack(0x0000005e9f500000,0x0000005e9f600000)]
  0x000001f01f371f10 JavaThread "Unconstrained build operations Thread 80" [_thread_blocked, id=24960, stack(0x0000005e9f600000,0x0000005e9f700000)]
  0x000001f01f3723e0 JavaThread "Unconstrained build operations Thread 81" [_thread_blocked, id=21428, stack(0x0000005e9f700000,0x0000005e9f800000)]
  0x000001f01ee159e0 JavaThread "Unconstrained build operations Thread 82" [_thread_blocked, id=20012, stack(0x0000005e9f800000,0x0000005e9f900000)]
  0x000001f01ee12e90 JavaThread "Unconstrained build operations Thread 83" [_thread_blocked, id=18156, stack(0x0000005e9f900000,0x0000005e9fa00000)]
  0x000001f01ee124f0 JavaThread "Unconstrained build operations Thread 84" [_thread_blocked, id=25084, stack(0x0000005e9fa00000,0x0000005e9fb00000)]
  0x000001f01ee13360 JavaThread "Unconstrained build operations Thread 85" [_thread_blocked, id=25412, stack(0x0000005e9fb00000,0x0000005e9fc00000)]
  0x000001f01ee129c0 JavaThread "Unconstrained build operations Thread 86" [_thread_blocked, id=6520, stack(0x0000005e9fc00000,0x0000005e9fd00000)]
  0x000001f01ee18060 JavaThread "Unconstrained build operations Thread 87" [_thread_blocked, id=5648, stack(0x0000005e9fd00000,0x0000005e9fe00000)]
  0x000001f01ee16850 JavaThread "Unconstrained build operations Thread 88" [_thread_blocked, id=22240, stack(0x0000005e9fe00000,0x0000005e9ff00000)]
  0x000001f01ee18530 JavaThread "Unconstrained build operations Thread 89" [_thread_blocked, id=1324, stack(0x0000005e9ff00000,0x0000005ea0000000)]
  0x000001f01ee15eb0 JavaThread "Unconstrained build operations Thread 90" [_thread_blocked, id=6708, stack(0x0000005ea0000000,0x0000005ea0100000)]
  0x000001f01ee16d20 JavaThread "Unconstrained build operations Thread 91" [_thread_blocked, id=24228, stack(0x0000005ea0100000,0x0000005ea0200000)]
  0x000001f01ee141d0 JavaThread "Unconstrained build operations Thread 92" [_thread_blocked, id=15400, stack(0x0000005ea0200000,0x0000005ea0300000)]
  0x000001f01ee13d00 JavaThread "Unconstrained build operations Thread 93" [_thread_blocked, id=10540, stack(0x0000005ea0300000,0x0000005ea0400000)]
  0x000001f01ee15510 JavaThread "Unconstrained build operations Thread 94" [_thread_blocked, id=22996, stack(0x0000005ea0400000,0x0000005ea0500000)]
  0x000001f01ee146a0 JavaThread "Unconstrained build operations Thread 95" [_thread_blocked, id=24644, stack(0x0000005ea0500000,0x0000005ea0600000)]
  0x000001f01ee14b70 JavaThread "Unconstrained build operations Thread 96" [_thread_blocked, id=18552, stack(0x0000005ea0600000,0x0000005ea0700000)]
  0x000001f01ee13830 JavaThread "Unconstrained build operations Thread 97" [_thread_blocked, id=24584, stack(0x0000005ea0700000,0x0000005ea0800000)]
  0x000001f01ee16380 JavaThread "Unconstrained build operations Thread 98" [_thread_blocked, id=24956, stack(0x0000005ea0800000,0x0000005ea0900000)]
  0x000001f01ee18a00 JavaThread "Unconstrained build operations Thread 99" [_thread_blocked, id=14424, stack(0x0000005ea0900000,0x0000005ea0a00000)]
  0x000001f01ee171f0 JavaThread "Unconstrained build operations Thread 100" [_thread_blocked, id=10980, stack(0x0000005ea0a00000,0x0000005ea0b00000)]
  0x000001f01ee15040 JavaThread "Unconstrained build operations Thread 101" [_thread_blocked, id=22332, stack(0x0000005ea0b00000,0x0000005ea0c00000)]
  0x000001f01ee18ed0 JavaThread "Unconstrained build operations Thread 102" [_thread_blocked, id=8044, stack(0x0000005ea0c00000,0x0000005ea0d00000)]
  0x000001f01ee17b90 JavaThread "Unconstrained build operations Thread 103" [_thread_blocked, id=7240, stack(0x0000005ea0d00000,0x0000005ea0e00000)]
  0x000001f01ee176c0 JavaThread "Unconstrained build operations Thread 104" [_thread_blocked, id=25180, stack(0x0000005ea0e00000,0x0000005ea0f00000)]
  0x000001f01ee193a0 JavaThread "Unconstrained build operations Thread 105" [_thread_blocked, id=25064, stack(0x0000005ea0f00000,0x0000005ea1000000)]
  0x000001f01ee19870 JavaThread "Unconstrained build operations Thread 106" [_thread_blocked, id=11180, stack(0x0000005ea1000000,0x0000005ea1100000)]
  0x000001f01ee12020 JavaThread "Unconstrained build operations Thread 107" [_thread_blocked, id=10948, stack(0x0000005ea1100000,0x0000005ea1200000)]
  0x000001f0227643f0 JavaThread "Unconstrained build operations Thread 108" [_thread_blocked, id=2180, stack(0x0000005ea1200000,0x0000005ea1300000)]
  0x000001f022765260 JavaThread "Unconstrained build operations Thread 109" [_thread_blocked, id=17528, stack(0x0000005ea1300000,0x0000005ea1400000)]
  0x000001f022768750 JavaThread "Unconstrained build operations Thread 110" [_thread_blocked, id=12992, stack(0x0000005ea1400000,0x0000005ea1500000)]
  0x000001f0227660d0 JavaThread "Unconstrained build operations Thread 111" [_thread_blocked, id=24792, stack(0x0000005ea1500000,0x0000005ea1600000)]
  0x000001f0227648c0 JavaThread "Unconstrained build operations Thread 112" [_thread_blocked, id=17552, stack(0x0000005ea1600000,0x0000005ea1700000)]
  0x000001f022769a90 JavaThread "Unconstrained build operations Thread 113" [_thread_blocked, id=23852, stack(0x0000005ea1700000,0x0000005ea1800000)]
  0x000001f0227630b0 JavaThread "Unconstrained build operations Thread 114" [_thread_blocked, id=3020, stack(0x0000005ea1800000,0x0000005ea1900000)]
  0x000001f022763580 JavaThread "Unconstrained build operations Thread 115" [_thread_blocked, id=19280, stack(0x0000005ea1900000,0x0000005ea1a00000)]
  0x000001f022765c00 JavaThread "Unconstrained build operations Thread 116" [_thread_blocked, id=3612, stack(0x0000005ea1a00000,0x0000005ea1b00000)]
  0x000001f022764d90 JavaThread "Unconstrained build operations Thread 117" [_thread_blocked, id=21048, stack(0x0000005ea1b00000,0x0000005ea1c00000)]
  0x000001f022769f60 JavaThread "Unconstrained build operations Thread 118" [_thread_blocked, id=17292, stack(0x0000005ea1c00000,0x0000005ea1d00000)]
  0x000001f022767410 JavaThread "Unconstrained build operations Thread 119" [_thread_blocked, id=11924, stack(0x0000005ea1d00000,0x0000005ea1e00000)]
  0x000001f022768c20 JavaThread "Unconstrained build operations Thread 120" [_thread_blocked, id=24092, stack(0x0000005ea1e00000,0x0000005ea1f00000)]
  0x000001f0227690f0 JavaThread "jar transforms Thread 6" [_thread_blocked, id=16944, stack(0x0000005ea1f00000,0x0000005ea2000000)]
  0x000001f022765730 JavaThread "jar transforms Thread 7" [_thread_blocked, id=25592, stack(0x0000005ea2000000,0x0000005ea2100000)]
  0x000001f0227695c0 JavaThread "jar transforms Thread 8" [_thread_blocked, id=7336, stack(0x0000005ea2100000,0x0000005ea2200000)]
  0x000001f02276a430 JavaThread "jar transforms Thread 9" [_thread_blocked, id=5468, stack(0x0000005ea2200000,0x0000005ea2300000)]
  0x000001f0227678e0 JavaThread "jar transforms Thread 10" [_thread_blocked, id=23564, stack(0x0000005ea2300000,0x0000005ea2400000)]
  0x000001f022762be0 JavaThread "jar transforms Thread 11" [_thread_blocked, id=20368, stack(0x0000005ea2400000,0x0000005ea2500000)]
  0x000001f0227665a0 JavaThread "jar transforms Thread 12" [_thread_blocked, id=23912, stack(0x0000005ea2500000,0x0000005ea2600000)]
  0x000001f022766a70 JavaThread "build event listener" [_thread_blocked, id=24064, stack(0x0000005ea2600000,0x0000005ea2700000)]
  0x000001f022766f40 JavaThread "Memory manager" [_thread_blocked, id=1396, stack(0x0000005ea2700000,0x0000005ea2800000)]
  0x000001f022763a50 JavaThread "build event listener" [_thread_blocked, id=22420, stack(0x0000005ea2800000,0x0000005ea2900000)]
  0x000001f022768280 JavaThread "build event listener" [_thread_blocked, id=5380, stack(0x0000005ea2900000,0x0000005ea2a00000)]

Other Threads:
  0x000001f018c1dbd0 VMThread "VM Thread" [stack: 0x0000005e96f00000,0x0000005e97000000] [id=1460]
  0x000001f07efb2850 WatcherThread [stack: 0x0000005e97b00000,0x0000005e97c00000] [id=18100]
  0x000001f07b76b290 GCTaskThread "GC Thread#0" [stack: 0x0000005e96a00000,0x0000005e96b00000] [id=20532]
  0x000001f019d1eb10 GCTaskThread "GC Thread#1" [stack: 0x0000005e97e00000,0x0000005e97f00000] [id=10400]
  0x000001f0196e1f20 GCTaskThread "GC Thread#2" [stack: 0x0000005e97f00000,0x0000005e98000000] [id=24372]
  0x000001f01a079ea0 GCTaskThread "GC Thread#3" [stack: 0x0000005e98000000,0x0000005e98100000] [id=19044]
  0x000001f018f96d20 GCTaskThread "GC Thread#4" [stack: 0x0000005e98100000,0x0000005e98200000] [id=6184]
  0x000001f01a538740 GCTaskThread "GC Thread#5" [stack: 0x0000005e98b00000,0x0000005e98c00000] [id=19964]
  0x000001f01bde47d0 GCTaskThread "GC Thread#6" [stack: 0x0000005e98c00000,0x0000005e98d00000] [id=7388]
  0x000001f01a5b4c80 GCTaskThread "GC Thread#7" [stack: 0x0000005e98d00000,0x0000005e98e00000] [id=11236]
  0x000001f019f957b0 GCTaskThread "GC Thread#8" [stack: 0x0000005e98e00000,0x0000005e98f00000] [id=25264]
  0x000001f01a589c50 GCTaskThread "GC Thread#9" [stack: 0x0000005e98f00000,0x0000005e99000000] [id=13564]
  0x000001f07b77c1d0 ConcurrentGCThread "G1 Main Marker" [stack: 0x0000005e96b00000,0x0000005e96c00000] [id=23624]
  0x000001f07b77d380 ConcurrentGCThread "G1 Conc#0" [stack: 0x0000005e96c00000,0x0000005e96d00000] [id=8616]
  0x000001f01c31fca0 ConcurrentGCThread "G1 Conc#1" [stack: 0x0000005e99000000,0x0000005e99100000] [id=1312]
  0x000001f01c31ff50 ConcurrentGCThread "G1 Conc#2" [stack: 0x0000005e99100000,0x0000005e99200000] [id=2976]
  0x000001f07b7ce1c0 ConcurrentGCThread "G1 Refine#0" [stack: 0x0000005e96d00000,0x0000005e96e00000] [id=3156]
  0x000001f01c0f15a0 ConcurrentGCThread "G1 Refine#1" [stack: 0x0000005e9a000000,0x0000005e9a100000] [id=10748]
  0x000001f07b7cebe0 ConcurrentGCThread "G1 Service" [stack: 0x0000005e96e00000,0x0000005e96f00000] [id=22072]

Threads with active compile tasks:
C2 CompilerThread0     7623 9229       4       org.gradle.internal.instantiation.generator.AbstractClassGenerator::inspectType (560 bytes)
C2 CompilerThread1     7623 9235       4       org.gradle.internal.reflect.MethodSet::add (50 bytes)
C2 CompilerThread2     7623 9293       4       org.gradle.internal.instantiation.generator.AbstractClassGenerator$InjectionAnnotationValidator::validateMethod (502 bytes)

VM state: not at safepoint (normal execution)

VM Mutex/Monitor currently owned by a thread: None

Heap address: 0x0000000080000000, size: 2048 MB, Compressed Oops mode: 32-bit

CDS archive(s) not mapped
Compressed class space mapped at: 0x0000000100000000-0x0000000140000000, reserved size: 1073741824
Narrow klass base: 0x0000000000000000, Narrow klass shift: 3, Narrow klass range: 0x140000000

GC Precious Log:
 CPUs: 12 total, 12 available
 Memory: 7521M
 Large Page Support: Disabled
 NUMA Support: Disabled
 Compressed Oops: Enabled (32-bit)
 Heap Region Size: 1M
 Heap Min Capacity: 8M
 Heap Initial Capacity: 118M
 Heap Max Capacity: 2G
 Pre-touch: Disabled
 Parallel Workers: 10
 Concurrent Workers: 3
 Concurrent Refinement Workers: 10
 Periodic GC: Disabled

Heap:
 garbage-first heap   total 206848K, used 111253K [0x0000000080000000, 0x0000000100000000)
  region size 1024K, 42 young (43008K), 11 survivors (11264K)
 Metaspace       used 92416K, committed 93056K, reserved 1130496K
  class space    used 12668K, committed 12928K, reserved 1048576K

Heap Regions: E=young(eden), S=young(survivor), O=old, HS=humongous(starts), HC=humongous(continues), CS=collection set, F=free, OA=open archive, CA=closed archive, TAMS=top-at-mark-start (previous, next)
|   0|0x0000000080000000, 0x0000000080100000, 0x0000000080100000|100%|HS|  |TAMS 0x0000000080100000, 0x0000000080100000| Complete 
|   1|0x0000000080100000, 0x0000000080200000, 0x0000000080200000|100%|HC|  |TAMS 0x0000000080200000, 0x0000000080200000| Complete 
|   2|0x0000000080200000, 0x0000000080300000, 0x0000000080300000|100%|HC|  |TAMS 0x0000000080300000, 0x0000000080300000| Complete 
|   3|0x0000000080300000, 0x0000000080400000, 0x0000000080400000|100%|HC|  |TAMS 0x0000000080400000, 0x0000000080400000| Complete 
|   4|0x0000000080400000, 0x0000000080500000, 0x0000000080500000|100%| O|  |TAMS 0x0000000080500000, 0x0000000080500000| Untracked 
|   5|0x0000000080500000, 0x0000000080600000, 0x0000000080600000|100%| O|  |TAMS 0x0000000080600000, 0x0000000080600000| Untracked 
|   6|0x0000000080600000, 0x0000000080700000, 0x0000000080700000|100%| O|  |TAMS 0x0000000080700000, 0x0000000080700000| Untracked 
|   7|0x0000000080700000, 0x0000000080800000, 0x0000000080800000|100%| O|  |TAMS 0x0000000080800000, 0x0000000080800000| Untracked 
|   8|0x0000000080800000, 0x0000000080900000, 0x0000000080900000|100%| O|  |TAMS 0x0000000080900000, 0x0000000080900000| Untracked 
|   9|0x0000000080900000, 0x0000000080a00000, 0x0000000080a00000|100%| O|  |TAMS 0x0000000080a00000, 0x0000000080a00000| Untracked 
|  10|0x0000000080a00000, 0x0000000080b00000, 0x0000000080b00000|100%| O|  |TAMS 0x0000000080b00000, 0x0000000080b00000| Untracked 
|  11|0x0000000080b00000, 0x0000000080b00000, 0x0000000080c00000|  0%| F|  |TAMS 0x0000000080b00000, 0x0000000080b00000| Untracked 
|  12|0x0000000080c00000, 0x0000000080d00000, 0x0000000080d00000|100%| O|  |TAMS 0x0000000080d00000, 0x0000000080d00000| Untracked 
|  13|0x0000000080d00000, 0x0000000080e00000, 0x0000000080e00000|100%| O|  |TAMS 0x0000000080e00000, 0x0000000080e00000| Untracked 
|  14|0x0000000080e00000, 0x0000000080f00000, 0x0000000080f00000|100%| O|  |TAMS 0x0000000080f00000, 0x0000000080f00000| Untracked 
|  15|0x0000000080f00000, 0x0000000081000000, 0x0000000081000000|100%| O|  |TAMS 0x0000000081000000, 0x0000000081000000| Untracked 
|  16|0x0000000081000000, 0x0000000081100000, 0x0000000081100000|100%| O|  |TAMS 0x0000000081100000, 0x0000000081100000| Untracked 
|  17|0x0000000081100000, 0x0000000081200000, 0x0000000081200000|100%| O|  |TAMS 0x0000000081200000, 0x0000000081200000| Untracked 
|  18|0x0000000081200000, 0x0000000081300000, 0x0000000081300000|100%| O|  |TAMS 0x0000000081300000, 0x0000000081300000| Untracked 
|  19|0x0000000081300000, 0x0000000081400000, 0x0000000081400000|100%| O|  |TAMS 0x0000000081400000, 0x0000000081400000| Untracked 
|  20|0x0000000081400000, 0x0000000081500000, 0x0000000081500000|100%| O|  |TAMS 0x0000000081500000, 0x0000000081500000| Untracked 
|  21|0x0000000081500000, 0x0000000081600000, 0x0000000081600000|100%| O|  |TAMS 0x0000000081600000, 0x0000000081600000| Untracked 
|  22|0x0000000081600000, 0x0000000081700000, 0x0000000081700000|100%| O|  |TAMS 0x0000000081700000, 0x0000000081700000| Untracked 
|  23|0x0000000081700000, 0x0000000081800000, 0x0000000081800000|100%| O|  |TAMS 0x0000000081800000, 0x0000000081800000| Untracked 
|  24|0x0000000081800000, 0x0000000081900000, 0x0000000081900000|100%| O|  |TAMS 0x0000000081900000, 0x0000000081900000| Untracked 
|  25|0x0000000081900000, 0x0000000081a00000, 0x0000000081a00000|100%| O|  |TAMS 0x0000000081a00000, 0x0000000081a00000| Untracked 
|  26|0x0000000081a00000, 0x0000000081b00000, 0x0000000081b00000|100%| O|  |TAMS 0x0000000081b00000, 0x0000000081b00000| Untracked 
|  27|0x0000000081b00000, 0x0000000081c00000, 0x0000000081c00000|100%| O|  |TAMS 0x0000000081c00000, 0x0000000081c00000| Untracked 
|  28|0x0000000081c00000, 0x0000000081d00000, 0x0000000081d00000|100%| O|  |TAMS 0x0000000081d00000, 0x0000000081d00000| Untracked 
|  29|0x0000000081d00000, 0x0000000081e00000, 0x0000000081e00000|100%| O|  |TAMS 0x0000000081e00000, 0x0000000081e00000| Untracked 
|  30|0x0000000081e00000, 0x0000000081f00000, 0x0000000081f00000|100%| O|  |TAMS 0x0000000081f00000, 0x0000000081f00000| Untracked 
|  31|0x0000000081f00000, 0x0000000082000000, 0x0000000082000000|100%| O|  |TAMS 0x0000000082000000, 0x0000000082000000| Untracked 
|  32|0x0000000082000000, 0x0000000082100000, 0x0000000082100000|100%| O|  |TAMS 0x0000000082100000, 0x0000000082100000| Untracked 
|  33|0x0000000082100000, 0x0000000082200000, 0x0000000082200000|100%| O|  |TAMS 0x0000000082200000, 0x0000000082200000| Untracked 
|  34|0x0000000082200000, 0x0000000082300000, 0x0000000082300000|100%|HS|  |TAMS 0x0000000082300000, 0x0000000082300000| Complete 
|  35|0x0000000082300000, 0x0000000082400000, 0x0000000082400000|100%|HS|  |TAMS 0x0000000082400000, 0x0000000082400000| Complete 
|  36|0x0000000082400000, 0x0000000082500000, 0x0000000082500000|100%|HS|  |TAMS 0x0000000082500000, 0x0000000082500000| Complete 
|  37|0x0000000082500000, 0x0000000082600000, 0x0000000082600000|100%|HC|  |TAMS 0x0000000082600000, 0x0000000082600000| Complete 
|  38|0x0000000082600000, 0x0000000082700000, 0x0000000082700000|100%| O|  |TAMS 0x0000000082700000, 0x0000000082700000| Untracked 
|  39|0x0000000082700000, 0x0000000082800000, 0x0000000082800000|100%| O|  |TAMS 0x0000000082800000, 0x0000000082800000| Untracked 
|  40|0x0000000082800000, 0x0000000082900000, 0x0000000082900000|100%|HS|  |TAMS 0x0000000082900000, 0x0000000082900000| Complete 
|  41|0x0000000082900000, 0x0000000082a00000, 0x0000000082a00000|100%|HS|  |TAMS 0x0000000082a00000, 0x0000000082a00000| Complete 
|  42|0x0000000082a00000, 0x0000000082b00000, 0x0000000082b00000|100%|HC|  |TAMS 0x0000000082b00000, 0x0000000082b00000| Complete 
|  43|0x0000000082b00000, 0x0000000082c00000, 0x0000000082c00000|100%|HC|  |TAMS 0x0000000082c00000, 0x0000000082c00000| Complete 
|  44|0x0000000082c00000, 0x0000000082d00000, 0x0000000082d00000|100%|HC|  |TAMS 0x0000000082d00000, 0x0000000082d00000| Complete 
|  45|0x0000000082d00000, 0x0000000082e00000, 0x0000000082e00000|100%| O|  |TAMS 0x0000000082e00000, 0x0000000082e00000| Untracked 
|  46|0x0000000082e00000, 0x0000000082f00000, 0x0000000082f00000|100%| O|  |TAMS 0x0000000082f00000, 0x0000000082f00000| Untracked 
|  47|0x0000000082f00000, 0x0000000083000000, 0x0000000083000000|100%| O|  |TAMS 0x0000000082f00000, 0x0000000083000000| Untracked 
|  48|0x0000000083000000, 0x0000000083100000, 0x0000000083100000|100%| O|  |TAMS 0x0000000083100000, 0x0000000083100000| Untracked 
|  49|0x0000000083100000, 0x0000000083200000, 0x0000000083200000|100%| O|  |TAMS 0x0000000083200000, 0x0000000083200000| Untracked 
|  50|0x0000000083200000, 0x0000000083300000, 0x0000000083300000|100%| O|  |TAMS 0x0000000083300000, 0x0000000083300000| Untracked 
|  51|0x0000000083300000, 0x0000000083400000, 0x0000000083400000|100%| O|  |TAMS 0x0000000083400000, 0x0000000083400000| Untracked 
|  52|0x0000000083400000, 0x0000000083500000, 0x0000000083500000|100%| O|  |TAMS 0x0000000083469c00, 0x0000000083500000| Untracked 
|  53|0x0000000083500000, 0x0000000083600000, 0x0000000083600000|100%| O|  |TAMS 0x0000000083500000, 0x0000000083600000| Untracked 
|  54|0x0000000083600000, 0x0000000083700000, 0x0000000083700000|100%|HS|  |TAMS 0x0000000083600000, 0x0000000083700000| Complete 
|  55|0x0000000083700000, 0x0000000083800000, 0x0000000083800000|100%| O|  |TAMS 0x0000000083700000, 0x0000000083800000| Untracked 
|  56|0x0000000083800000, 0x0000000083900000, 0x0000000083900000|100%|HS|  |TAMS 0x0000000083800000, 0x0000000083900000| Complete 
|  57|0x0000000083900000, 0x0000000083a00000, 0x0000000083a00000|100%|HS|  |TAMS 0x0000000083900000, 0x0000000083a00000| Complete 
|  58|0x0000000083a00000, 0x0000000083b00000, 0x0000000083b00000|100%| O|  |TAMS 0x0000000083a00000, 0x0000000083b00000| Untracked 
|  59|0x0000000083b00000, 0x0000000083c00000, 0x0000000083c00000|100%| O|  |TAMS 0x0000000083b00000, 0x0000000083c00000| Untracked 
|  60|0x0000000083c00000, 0x0000000083d00000, 0x0000000083d00000|100%| O|  |TAMS 0x0000000083c00000, 0x0000000083d00000| Untracked 
|  61|0x0000000083d00000, 0x0000000083e00000, 0x0000000083e00000|100%| O|  |TAMS 0x0000000083d00000, 0x0000000083d10200| Untracked 
|  62|0x0000000083e00000, 0x0000000083f00000, 0x0000000083f00000|100%|HS|  |TAMS 0x0000000083e00000, 0x0000000083e00000| Complete 
|  63|0x0000000083f00000, 0x0000000084000000, 0x0000000084000000|100%| O|  |TAMS 0x0000000083f00000, 0x0000000083f00000| Untracked 
|  64|0x0000000084000000, 0x0000000084100000, 0x0000000084100000|100%| O|  |TAMS 0x0000000084000000, 0x0000000084000000| Untracked 
|  65|0x0000000084100000, 0x0000000084200000, 0x0000000084200000|100%| O|  |TAMS 0x0000000084100000, 0x0000000084100000| Untracked 
|  66|0x0000000084200000, 0x0000000084300000, 0x0000000084300000|100%| O|  |TAMS 0x0000000084200000, 0x0000000084200000| Untracked 
|  67|0x0000000084300000, 0x0000000084400000, 0x0000000084400000|100%| O|  |TAMS 0x0000000084300000, 0x0000000084300000| Untracked 
|  68|0x0000000084400000, 0x00000000844a5400, 0x0000000084500000| 64%| O|  |TAMS 0x0000000084400000, 0x0000000084400000| Untracked 
|  69|0x0000000084500000, 0x0000000084500000, 0x0000000084600000|  0%| F|  |TAMS 0x0000000084500000, 0x0000000084500000| Untracked 
|  70|0x0000000084600000, 0x0000000084600000, 0x0000000084700000|  0%| F|  |TAMS 0x0000000084600000, 0x0000000084600000| Untracked 
|  71|0x0000000084700000, 0x0000000084700000, 0x0000000084800000|  0%| F|  |TAMS 0x0000000084700000, 0x0000000084700000| Untracked 
|  72|0x0000000084800000, 0x0000000084800000, 0x0000000084900000|  0%| F|  |TAMS 0x0000000084800000, 0x0000000084800000| Untracked 
|  73|0x0000000084900000, 0x0000000084900000, 0x0000000084a00000|  0%| F|  |TAMS 0x0000000084900000, 0x0000000084900000| Untracked 
|  74|0x0000000084a00000, 0x0000000084a00000, 0x0000000084b00000|  0%| F|  |TAMS 0x0000000084a00000, 0x0000000084a00000| Untracked 
|  75|0x0000000084b00000, 0x0000000084b00000, 0x0000000084c00000|  0%| F|  |TAMS 0x0000000084b00000, 0x0000000084b00000| Untracked 
|  76|0x0000000084c00000, 0x0000000084c00000, 0x0000000084d00000|  0%| F|  |TAMS 0x0000000084c00000, 0x0000000084c00000| Untracked 
|  77|0x0000000084d00000, 0x0000000084d00000, 0x0000000084e00000|  0%| F|  |TAMS 0x0000000084d00000, 0x0000000084d00000| Untracked 
|  78|0x0000000084e00000, 0x0000000084e00000, 0x0000000084f00000|  0%| F|  |TAMS 0x0000000084e00000, 0x0000000084e00000| Untracked 
|  79|0x0000000084f00000, 0x0000000084f00000, 0x0000000085000000|  0%| F|  |TAMS 0x0000000084f00000, 0x0000000084f00000| Untracked 
|  80|0x0000000085000000, 0x0000000085000000, 0x0000000085100000|  0%| F|  |TAMS 0x0000000085000000, 0x0000000085000000| Untracked 
|  81|0x0000000085100000, 0x0000000085100000, 0x0000000085200000|  0%| F|  |TAMS 0x0000000085100000, 0x0000000085100000| Untracked 
|  82|0x0000000085200000, 0x0000000085200000, 0x0000000085300000|  0%| F|  |TAMS 0x0000000085200000, 0x0000000085200000| Untracked 
|  83|0x0000000085300000, 0x0000000085300000, 0x0000000085400000|  0%| F|  |TAMS 0x0000000085300000, 0x0000000085300000| Untracked 
|  84|0x0000000085400000, 0x0000000085400000, 0x0000000085500000|  0%| F|  |TAMS 0x0000000085400000, 0x0000000085400000| Untracked 
|  85|0x0000000085500000, 0x0000000085500000, 0x0000000085600000|  0%| F|  |TAMS 0x0000000085500000, 0x0000000085500000| Untracked 
|  86|0x0000000085600000, 0x0000000085600000, 0x0000000085700000|  0%| F|  |TAMS 0x0000000085600000, 0x0000000085600000| Untracked 
|  87|0x0000000085700000, 0x0000000085700000, 0x0000000085800000|  0%| F|  |TAMS 0x0000000085700000, 0x0000000085700000| Untracked 
|  88|0x0000000085800000, 0x0000000085800000, 0x0000000085900000|  0%| F|  |TAMS 0x0000000085800000, 0x0000000085800000| Untracked 
|  89|0x0000000085900000, 0x0000000085900000, 0x0000000085a00000|  0%| F|  |TAMS 0x0000000085900000, 0x0000000085900000| Untracked 
|  90|0x0000000085a00000, 0x0000000085a00000, 0x0000000085b00000|  0%| F|  |TAMS 0x0000000085a00000, 0x0000000085a00000| Untracked 
|  91|0x0000000085b00000, 0x0000000085b00000, 0x0000000085c00000|  0%| F|  |TAMS 0x0000000085b00000, 0x0000000085b00000| Untracked 
|  92|0x0000000085c00000, 0x0000000085c00000, 0x0000000085d00000|  0%| F|  |TAMS 0x0000000085c00000, 0x0000000085c00000| Untracked 
|  93|0x0000000085d00000, 0x0000000085d00000, 0x0000000085e00000|  0%| F|  |TAMS 0x0000000085d00000, 0x0000000085d00000| Untracked 
|  94|0x0000000085e00000, 0x0000000085e00000, 0x0000000085f00000|  0%| F|  |TAMS 0x0000000085e00000, 0x0000000085e00000| Untracked 
|  95|0x0000000085f00000, 0x0000000085f00000, 0x0000000086000000|  0%| F|  |TAMS 0x0000000085f00000, 0x0000000085f00000| Untracked 
|  96|0x0000000086000000, 0x0000000086000000, 0x0000000086100000|  0%| F|  |TAMS 0x0000000086000000, 0x0000000086000000| Untracked 
|  97|0x0000000086100000, 0x0000000086100000, 0x0000000086200000|  0%| F|  |TAMS 0x0000000086100000, 0x0000000086100000| Untracked 
|  98|0x0000000086200000, 0x0000000086200000, 0x0000000086300000|  0%| F|  |TAMS 0x0000000086200000, 0x0000000086200000| Untracked 
|  99|0x0000000086300000, 0x0000000086300000, 0x0000000086400000|  0%| F|  |TAMS 0x0000000086300000, 0x0000000086300000| Untracked 
| 100|0x0000000086400000, 0x0000000086400000, 0x0000000086500000|  0%| F|  |TAMS 0x0000000086400000, 0x0000000086400000| Untracked 
| 101|0x0000000086500000, 0x0000000086500000, 0x0000000086600000|  0%| F|  |TAMS 0x0000000086500000, 0x0000000086500000| Untracked 
| 102|0x0000000086600000, 0x0000000086600000, 0x0000000086700000|  0%| F|  |TAMS 0x0000000086600000, 0x0000000086600000| Untracked 
| 103|0x0000000086700000, 0x0000000086700000, 0x0000000086800000|  0%| F|  |TAMS 0x0000000086700000, 0x0000000086700000| Untracked 
| 104|0x0000000086800000, 0x0000000086900000, 0x0000000086900000|100%| S|CS|TAMS 0x0000000086800000, 0x0000000086800000| Complete 
| 105|0x0000000086900000, 0x0000000086a00000, 0x0000000086a00000|100%| S|CS|TAMS 0x0000000086900000, 0x0000000086900000| Complete 
| 106|0x0000000086a00000, 0x0000000086b00000, 0x0000000086b00000|100%| S|CS|TAMS 0x0000000086a00000, 0x0000000086a00000| Complete 
| 107|0x0000000086b00000, 0x0000000086c00000, 0x0000000086c00000|100%| S|CS|TAMS 0x0000000086b00000, 0x0000000086b00000| Complete 
| 108|0x0000000086c00000, 0x0000000086c00000, 0x0000000086d00000|  0%| F|  |TAMS 0x0000000086c00000, 0x0000000086c00000| Untracked 
| 109|0x0000000086d00000, 0x0000000086d00000, 0x0000000086e00000|  0%| F|  |TAMS 0x0000000086d00000, 0x0000000086d00000| Untracked 
| 110|0x0000000086e00000, 0x0000000086e00000, 0x0000000086f00000|  0%| F|  |TAMS 0x0000000086e00000, 0x0000000086e00000| Untracked 
| 111|0x0000000086f00000, 0x0000000086f00000, 0x0000000087000000|  0%| F|  |TAMS 0x0000000086f00000, 0x0000000086f00000| Untracked 
| 112|0x0000000087000000, 0x0000000087000000, 0x0000000087100000|  0%| F|  |TAMS 0x0000000087000000, 0x0000000087000000| Untracked 
| 113|0x0000000087100000, 0x0000000087100000, 0x0000000087200000|  0%| F|  |TAMS 0x0000000087100000, 0x0000000087100000| Untracked 
| 114|0x0000000087200000, 0x0000000087300000, 0x0000000087300000|100%| S|CS|TAMS 0x0000000087200000, 0x0000000087200000| Complete 
| 115|0x0000000087300000, 0x0000000087400000, 0x0000000087400000|100%| S|CS|TAMS 0x0000000087300000, 0x0000000087300000| Complete 
| 116|0x0000000087400000, 0x0000000087500000, 0x0000000087500000|100%| S|CS|TAMS 0x0000000087400000, 0x0000000087400000| Complete 
| 117|0x0000000087500000, 0x0000000087600000, 0x0000000087600000|100%| S|CS|TAMS 0x0000000087500000, 0x0000000087500000| Complete 
| 118|0x0000000087600000, 0x0000000087700000, 0x0000000087700000|100%| S|CS|TAMS 0x0000000087600000, 0x0000000087600000| Complete 
| 119|0x0000000087700000, 0x0000000087800000, 0x0000000087800000|100%| S|CS|TAMS 0x0000000087700000, 0x0000000087700000| Complete 
| 120|0x0000000087800000, 0x0000000087900000, 0x0000000087900000|100%| S|CS|TAMS 0x0000000087800000, 0x0000000087800000| Complete 
| 121|0x0000000087900000, 0x0000000087900000, 0x0000000087a00000|  0%| F|  |TAMS 0x0000000087900000, 0x0000000087900000| Untracked 
| 122|0x0000000087a00000, 0x0000000087a00000, 0x0000000087b00000|  0%| F|  |TAMS 0x0000000087a00000, 0x0000000087a00000| Untracked 
| 123|0x0000000087b00000, 0x0000000087b00000, 0x0000000087c00000|  0%| F|  |TAMS 0x0000000087b00000, 0x0000000087b00000| Untracked 
| 124|0x0000000087c00000, 0x0000000087c00000, 0x0000000087d00000|  0%| F|  |TAMS 0x0000000087c00000, 0x0000000087c00000| Untracked 
| 125|0x0000000087d00000, 0x0000000087d00000, 0x0000000087e00000|  0%| F|  |TAMS 0x0000000087d00000, 0x0000000087d00000| Untracked 
| 126|0x0000000087e00000, 0x0000000087e00000, 0x0000000087f00000|  0%| F|  |TAMS 0x0000000087e00000, 0x0000000087e00000| Untracked 
| 127|0x0000000087f00000, 0x0000000087f00000, 0x0000000088000000|  0%| F|  |TAMS 0x0000000087f00000, 0x0000000087f00000| Untracked 
| 128|0x0000000088000000, 0x0000000088000000, 0x0000000088100000|  0%| F|  |TAMS 0x0000000088000000, 0x0000000088000000| Untracked 
| 129|0x0000000088100000, 0x0000000088100000, 0x0000000088200000|  0%| F|  |TAMS 0x0000000088100000, 0x0000000088100000| Untracked 
| 130|0x0000000088200000, 0x0000000088200000, 0x0000000088300000|  0%| F|  |TAMS 0x0000000088200000, 0x0000000088200000| Untracked 
| 131|0x0000000088300000, 0x0000000088300000, 0x0000000088400000|  0%| F|  |TAMS 0x0000000088300000, 0x0000000088300000| Untracked 
| 132|0x0000000088400000, 0x0000000088400000, 0x0000000088500000|  0%| F|  |TAMS 0x0000000088400000, 0x0000000088400000| Untracked 
| 133|0x0000000088500000, 0x0000000088500000, 0x0000000088600000|  0%| F|  |TAMS 0x0000000088500000, 0x0000000088500000| Untracked 
| 134|0x0000000088600000, 0x0000000088600000, 0x0000000088700000|  0%| F|  |TAMS 0x0000000088600000, 0x0000000088600000| Untracked 
| 135|0x0000000088700000, 0x0000000088700000, 0x0000000088800000|  0%| F|  |TAMS 0x0000000088700000, 0x0000000088700000| Untracked 
| 136|0x0000000088800000, 0x0000000088800000, 0x0000000088900000|  0%| F|  |TAMS 0x0000000088800000, 0x0000000088800000| Untracked 
| 137|0x0000000088900000, 0x0000000088900000, 0x0000000088a00000|  0%| F|  |TAMS 0x0000000088900000, 0x0000000088900000| Untracked 
| 138|0x0000000088a00000, 0x0000000088a00000, 0x0000000088b00000|  0%| F|  |TAMS 0x0000000088a00000, 0x0000000088a00000| Untracked 
| 139|0x0000000088b00000, 0x0000000088b00000, 0x0000000088c00000|  0%| F|  |TAMS 0x0000000088b00000, 0x0000000088b00000| Untracked 
| 140|0x0000000088c00000, 0x0000000088c00000, 0x0000000088d00000|  0%| F|  |TAMS 0x0000000088c00000, 0x0000000088c00000| Untracked 
| 141|0x0000000088d00000, 0x0000000088d00000, 0x0000000088e00000|  0%| F|  |TAMS 0x0000000088d00000, 0x0000000088d00000| Untracked 
| 142|0x0000000088e00000, 0x0000000088e00000, 0x0000000088f00000|  0%| F|  |TAMS 0x0000000088e00000, 0x0000000088e00000| Untracked 
| 143|0x0000000088f00000, 0x0000000088f00000, 0x0000000089000000|  0%| F|  |TAMS 0x0000000088f00000, 0x0000000088f00000| Untracked 
| 144|0x0000000089000000, 0x0000000089000000, 0x0000000089100000|  0%| F|  |TAMS 0x0000000089000000, 0x0000000089000000| Untracked 
| 145|0x0000000089100000, 0x0000000089100000, 0x0000000089200000|  0%| F|  |TAMS 0x0000000089100000, 0x0000000089100000| Untracked 
| 146|0x0000000089200000, 0x0000000089200000, 0x0000000089300000|  0%| F|  |TAMS 0x0000000089200000, 0x0000000089200000| Untracked 
| 147|0x0000000089300000, 0x0000000089300000, 0x0000000089400000|  0%| F|  |TAMS 0x0000000089300000, 0x0000000089300000| Untracked 
| 148|0x0000000089400000, 0x0000000089400000, 0x0000000089500000|  0%| F|  |TAMS 0x0000000089400000, 0x0000000089400000| Untracked 
| 149|0x0000000089500000, 0x0000000089500000, 0x0000000089600000|  0%| F|  |TAMS 0x0000000089500000, 0x0000000089500000| Untracked 
| 150|0x0000000089600000, 0x0000000089600000, 0x0000000089700000|  0%| F|  |TAMS 0x0000000089600000, 0x0000000089600000| Untracked 
| 151|0x0000000089700000, 0x0000000089700000, 0x0000000089800000|  0%| F|  |TAMS 0x0000000089700000, 0x0000000089700000| Untracked 
| 152|0x0000000089800000, 0x0000000089800000, 0x0000000089900000|  0%| F|  |TAMS 0x0000000089800000, 0x0000000089800000| Untracked 
| 153|0x0000000089900000, 0x0000000089900000, 0x0000000089a00000|  0%| F|  |TAMS 0x0000000089900000, 0x0000000089900000| Untracked 
| 154|0x0000000089a00000, 0x0000000089a00000, 0x0000000089b00000|  0%| F|  |TAMS 0x0000000089a00000, 0x0000000089a00000| Untracked 
| 155|0x0000000089b00000, 0x0000000089b00000, 0x0000000089c00000|  0%| F|  |TAMS 0x0000000089b00000, 0x0000000089b00000| Untracked 
| 156|0x0000000089c00000, 0x0000000089c00000, 0x0000000089d00000|  0%| F|  |TAMS 0x0000000089c00000, 0x0000000089c00000| Untracked 
| 157|0x0000000089d00000, 0x0000000089d00000, 0x0000000089e00000|  0%| F|  |TAMS 0x0000000089d00000, 0x0000000089d00000| Untracked 
| 158|0x0000000089e00000, 0x0000000089e00000, 0x0000000089f00000|  0%| F|  |TAMS 0x0000000089e00000, 0x0000000089e00000| Untracked 
| 159|0x0000000089f00000, 0x0000000089f00000, 0x000000008a000000|  0%| F|  |TAMS 0x0000000089f00000, 0x0000000089f00000| Untracked 
| 160|0x000000008a000000, 0x000000008a000000, 0x000000008a100000|  0%| F|  |TAMS 0x000000008a000000, 0x000000008a000000| Untracked 
| 161|0x000000008a100000, 0x000000008a100000, 0x000000008a200000|  0%| F|  |TAMS 0x000000008a100000, 0x000000008a100000| Untracked 
| 162|0x000000008a200000, 0x000000008a200000, 0x000000008a300000|  0%| F|  |TAMS 0x000000008a200000, 0x000000008a200000| Untracked 
| 163|0x000000008a300000, 0x000000008a300000, 0x000000008a400000|  0%| F|  |TAMS 0x000000008a300000, 0x000000008a300000| Untracked 
| 164|0x000000008a400000, 0x000000008a400000, 0x000000008a500000|  0%| F|  |TAMS 0x000000008a400000, 0x000000008a400000| Untracked 
| 165|0x000000008a500000, 0x000000008a500000, 0x000000008a600000|  0%| F|  |TAMS 0x000000008a500000, 0x000000008a500000| Untracked 
| 166|0x000000008a600000, 0x000000008a600000, 0x000000008a700000|  0%| F|  |TAMS 0x000000008a600000, 0x000000008a600000| Untracked 
| 167|0x000000008a700000, 0x000000008a700000, 0x000000008a800000|  0%| F|  |TAMS 0x000000008a700000, 0x000000008a700000| Untracked 
| 168|0x000000008a800000, 0x000000008a800000, 0x000000008a900000|  0%| F|  |TAMS 0x000000008a800000, 0x000000008a800000| Untracked 
| 169|0x000000008a900000, 0x000000008a900000, 0x000000008aa00000|  0%| F|  |TAMS 0x000000008a900000, 0x000000008a900000| Untracked 
| 170|0x000000008aa00000, 0x000000008aa00000, 0x000000008ab00000|  0%| F|  |TAMS 0x000000008aa00000, 0x000000008aa00000| Untracked 
| 171|0x000000008ab00000, 0x000000008ac00000, 0x000000008ac00000|100%| E|  |TAMS 0x000000008ab00000, 0x000000008ab00000| Complete 
| 172|0x000000008ac00000, 0x000000008ad00000, 0x000000008ad00000|100%| E|CS|TAMS 0x000000008ac00000, 0x000000008ac00000| Complete 
| 173|0x000000008ad00000, 0x000000008ae00000, 0x000000008ae00000|100%| E|CS|TAMS 0x000000008ad00000, 0x000000008ad00000| Complete 
| 174|0x000000008ae00000, 0x000000008af00000, 0x000000008af00000|100%| E|CS|TAMS 0x000000008ae00000, 0x000000008ae00000| Complete 
| 175|0x000000008af00000, 0x000000008b000000, 0x000000008b000000|100%| E|CS|TAMS 0x000000008af00000, 0x000000008af00000| Complete 
| 176|0x000000008b000000, 0x000000008b100000, 0x000000008b100000|100%| E|CS|TAMS 0x000000008b000000, 0x000000008b000000| Complete 
| 177|0x000000008b100000, 0x000000008b200000, 0x000000008b200000|100%| E|CS|TAMS 0x000000008b100000, 0x000000008b100000| Complete 
| 178|0x000000008b200000, 0x000000008b300000, 0x000000008b300000|100%| E|CS|TAMS 0x000000008b200000, 0x000000008b200000| Complete 
| 179|0x000000008b300000, 0x000000008b400000, 0x000000008b400000|100%| E|CS|TAMS 0x000000008b300000, 0x000000008b300000| Complete 
| 180|0x000000008b400000, 0x000000008b500000, 0x000000008b500000|100%| E|CS|TAMS 0x000000008b400000, 0x000000008b400000| Complete 
| 181|0x000000008b500000, 0x000000008b600000, 0x000000008b600000|100%| E|CS|TAMS 0x000000008b500000, 0x000000008b500000| Complete 
| 182|0x000000008b600000, 0x000000008b700000, 0x000000008b700000|100%| E|CS|TAMS 0x000000008b600000, 0x000000008b600000| Complete 
| 183|0x000000008b700000, 0x000000008b800000, 0x000000008b800000|100%| E|CS|TAMS 0x000000008b700000, 0x000000008b700000| Complete 
| 184|0x000000008b800000, 0x000000008b900000, 0x000000008b900000|100%| E|CS|TAMS 0x000000008b800000, 0x000000008b800000| Complete 
| 185|0x000000008b900000, 0x000000008ba00000, 0x000000008ba00000|100%| E|CS|TAMS 0x000000008b900000, 0x000000008b900000| Complete 
| 186|0x000000008ba00000, 0x000000008bb00000, 0x000000008bb00000|100%| E|CS|TAMS 0x000000008ba00000, 0x000000008ba00000| Complete 
| 187|0x000000008bb00000, 0x000000008bc00000, 0x000000008bc00000|100%| E|CS|TAMS 0x000000008bb00000, 0x000000008bb00000| Complete 
| 188|0x000000008bc00000, 0x000000008bd00000, 0x000000008bd00000|100%| E|CS|TAMS 0x000000008bc00000, 0x000000008bc00000| Complete 
| 189|0x000000008bd00000, 0x000000008be00000, 0x000000008be00000|100%| E|CS|TAMS 0x000000008bd00000, 0x000000008bd00000| Complete 
| 190|0x000000008be00000, 0x000000008bf00000, 0x000000008bf00000|100%| E|CS|TAMS 0x000000008be00000, 0x000000008be00000| Complete 
| 191|0x000000008bf00000, 0x000000008c000000, 0x000000008c000000|100%| E|CS|TAMS 0x000000008bf00000, 0x000000008bf00000| Complete 
| 192|0x000000008c000000, 0x000000008c100000, 0x000000008c100000|100%| E|CS|TAMS 0x000000008c000000, 0x000000008c000000| Complete 
| 193|0x000000008c100000, 0x000000008c200000, 0x000000008c200000|100%| E|CS|TAMS 0x000000008c100000, 0x000000008c100000| Complete 
| 194|0x000000008c200000, 0x000000008c300000, 0x000000008c300000|100%| E|CS|TAMS 0x000000008c200000, 0x000000008c200000| Complete 
| 195|0x000000008c300000, 0x000000008c400000, 0x000000008c400000|100%| E|CS|TAMS 0x000000008c300000, 0x000000008c300000| Complete 
| 196|0x000000008c400000, 0x000000008c500000, 0x000000008c500000|100%| E|CS|TAMS 0x000000008c400000, 0x000000008c400000| Complete 
| 197|0x000000008c500000, 0x000000008c600000, 0x000000008c600000|100%| E|CS|TAMS 0x000000008c500000, 0x000000008c500000| Complete 
| 198|0x000000008c600000, 0x000000008c700000, 0x000000008c700000|100%| E|CS|TAMS 0x000000008c600000, 0x000000008c600000| Complete 
| 199|0x000000008c700000, 0x000000008c800000, 0x000000008c800000|100%| E|CS|TAMS 0x000000008c700000, 0x000000008c700000| Complete 
| 200|0x000000008c800000, 0x000000008c900000, 0x000000008c900000|100%| E|CS|TAMS 0x000000008c800000, 0x000000008c800000| Complete 
| 201|0x000000008c900000, 0x000000008ca00000, 0x000000008ca00000|100%| E|CS|TAMS 0x000000008c900000, 0x000000008c900000| Complete 

Card table byte_map: [0x000001f07e030000,0x000001f07e430000] _byte_map_base: 0x000001f07dc30000

Marking Bits (Prev, Next): (CMBitMap*) 0x000001f07b76b8a0, (CMBitMap*) 0x000001f07b76b8e0
 Prev Bits: [0x000001f012400000, 0x000001f014400000)
 Next Bits: [0x000001f014400000, 0x000001f016400000)

Polling page: 0x000001f07cf80000

Metaspace:

Usage:
  Non-class:     77.93 MB used.
      Class:     12.38 MB used.
       Both:     90.31 MB used.

Virtual space:
  Non-class space:       80.00 MB reserved,      78.31 MB ( 98%) committed,  10 nodes.
      Class space:        1.00 GB reserved,      12.69 MB (  1%) committed,  1 nodes.
             Both:        1.08 GB reserved,      91.00 MB (  8%) committed. 

Chunk freelists:
   Non-Class:  1.47 MB
       Class:  3.36 MB
        Both:  4.83 MB

MaxMetaspaceSize: unlimited
CompressedClassSpaceSize: 1.00 GB
Initial GC threshold: 21.00 MB
Current GC threshold: 98.69 MB
CDS: off
MetaspaceReclaimPolicy: balanced
 - commit_granule_bytes: 65536.
 - commit_granule_words: 8192.
 - virtual_space_node_default_size: 1048576.
 - enlarge_chunks_in_place: 1.
 - new_chunks_are_fully_committed: 0.
 - uncommit_free_chunks: 1.
 - use_allocation_guard: 0.
 - handle_deallocations: 1.


Internal statistics:

num_allocs_failed_limit: 6.
num_arena_births: 904.
num_arena_deaths: 0.
num_vsnodes_births: 11.
num_vsnodes_deaths: 0.
num_space_committed: 1456.
num_space_uncommitted: 0.
num_chunks_returned_to_freelist: 6.
num_chunks_taken_from_freelist: 4243.
num_chunk_merges: 6.
num_chunk_splits: 2844.
num_chunks_enlarged: 1959.
num_purges: 0.
num_inconsistent_stats: 0.

CodeHeap 'non-profiled nmethods': size=120000Kb used=5404Kb max_used=5404Kb free=114595Kb
 bounds [0x000001f00aed0000, 0x000001f00b420000, 0x000001f012400000]
CodeHeap 'profiled nmethods': size=120000Kb used=16441Kb max_used=16441Kb free=103558Kb
 bounds [0x000001f003400000, 0x000001f004410000, 0x000001f00a930000]
CodeHeap 'non-nmethods': size=5760Kb used=2388Kb max_used=2456Kb free=3371Kb
 bounds [0x000001f00a930000, 0x000001f00aba0000, 0x000001f00aed0000]
 total_blobs=9385 nmethods=8465 adapters=832
 compilation: enabled
              stopped_count=0, restarted_count=0
 full_count=0

Compilation events (20 events):
Event: 7.591 Thread 0x000001f018c632b0 9283       3       com.google.common.collect.LinkedHashMultimap$ValueSet$1::next (43 bytes)
Event: 7.591 Thread 0x000001f018c632b0 nmethod 9283 0x000001f0043d8510 code [0x000001f0043d8740, 0x000001f0043d9028]
Event: 7.592 Thread 0x000001f018c632b0 9284       3       org.gradle.internal.FileUtils::normalize (52 bytes)
Event: 7.593 Thread 0x000001f018c632b0 nmethod 9284 0x000001f0043d9310 code [0x000001f0043d9520, 0x000001f0043d99d8]
Event: 7.593 Thread 0x000001f018c632b0 9285       3       org.gradle.api.DefaultTask::getPath (5 bytes)
Event: 7.593 Thread 0x000001f018c632b0 nmethod 9285 0x000001f0043d9c90 code [0x000001f0043d9e60, 0x000001f0043da188]
Event: 7.593 Thread 0x000001f018c632b0 9287       3       java.util.ArrayDeque::remove (5 bytes)
Event: 7.593 Thread 0x000001f018c632b0 nmethod 9287 0x000001f0043da310 code [0x000001f0043da4e0, 0x000001f0043da778]
Event: 7.593 Thread 0x000001f018c632b0 9286       3       org.gradle.api.internal.AbstractTask::getPath (11 bytes)
Event: 7.593 Thread 0x000001f018c632b0 nmethod 9286 0x000001f0043da890 code [0x000001f0043daa40, 0x000001f0043dace8]
Event: 7.593 Thread 0x000001f018c632b0 9288       3       org.gradle.internal.reflect.annotations.impl.DefaultTypeAnnotationMetadataStore$$Lambda$805/0x00000001007a2738::test (12 bytes)
Event: 7.594 Thread 0x000001f01bbe4100 nmethod 9277 0x000001f00b415810 code [0x000001f00b4159a0, 0x000001f00b415e58]
Event: 7.594 Thread 0x000001f018c632b0 nmethod 9288 0x000001f0043dae10 code [0x000001f0043dafc0, 0x000001f0043db268]
Event: 7.594 Thread 0x000001f01bbe4100 9282       4       com.google.common.collect.AbstractIterator::hasNext (65 bytes)
Event: 7.594 Thread 0x000001f018c632b0 9291       3       java.util.ArrayList::forEach (74 bytes)
Event: 7.594 Thread 0x000001f018c632b0 nmethod 9291 0x000001f0043db390 code [0x000001f0043db580, 0x000001f0043dbb68]
Event: 7.594 Thread 0x000001f018c632b0 9292       1       org.gradle.internal.execution.model.annotations.InputPropertyAnnotationHandler::isPropertyRelevant (2 bytes)
Event: 7.594 Thread 0x000001f018c632b0 nmethod 9292 0x000001f00b415f90 code [0x000001f00b416120, 0x000001f00b4161f8]
Event: 7.598 Thread 0x000001f01bbe4100 nmethod 9282 0x000001f00b416290 code [0x000001f00b416460, 0x000001f00b416a98]
Event: 7.598 Thread 0x000001f01bbe4100 9293       4       org.gradle.internal.instantiation.generator.AbstractClassGenerator$InjectionAnnotationValidator::validateMethod (502 bytes)

GC Heap History (20 events):
Event: 4.074 GC heap before
{Heap before GC invocations=13 (full 0):
 garbage-first heap   total 86016K, used 44906K [0x0000000080000000, 0x0000000100000000)
  region size 1024K, 10 young (10240K), 5 survivors (5120K)
 Metaspace       used 53477K, committed 53952K, reserved 1097728K
  class space    used 7162K, committed 7360K, reserved 1048576K
}
Event: 4.076 GC heap after
{Heap after GC invocations=14 (full 0):
 garbage-first heap   total 103424K, used 43629K [0x0000000080000000, 0x0000000100000000)
  region size 1024K, 5 young (5120K), 5 survivors (5120K)
 Metaspace       used 53477K, committed 53952K, reserved 1097728K
  class space    used 7162K, committed 7360K, reserved 1048576K
}
Event: 4.098 GC heap before
{Heap before GC invocations=14 (full 0):
 garbage-first heap   total 103424K, used 51821K [0x0000000080000000, 0x0000000100000000)
  region size 1024K, 10 young (10240K), 5 survivors (5120K)
 Metaspace       used 53489K, committed 53952K, reserved 1097728K
  class space    used 7162K, committed 7360K, reserved 1048576K
}
Event: 4.101 GC heap after
{Heap after GC invocations=15 (full 0):
 garbage-first heap   total 103424K, used 52034K [0x0000000080000000, 0x0000000100000000)
  region size 1024K, 5 young (5120K), 5 survivors (5120K)
 Metaspace       used 53489K, committed 53952K, reserved 1097728K
  class space    used 7162K, committed 7360K, reserved 1048576K
}
Event: 4.339 GC heap before
{Heap before GC invocations=16 (full 0):
 garbage-first heap   total 103424K, used 76610K [0x0000000080000000, 0x0000000100000000)
  region size 1024K, 28 young (28672K), 5 survivors (5120K)
 Metaspace       used 56379K, committed 56832K, reserved 1105920K
  class space    used 7571K, committed 7744K, reserved 1048576K
}
Event: 4.342 GC heap after
{Heap after GC invocations=17 (full 0):
 garbage-first heap   total 103424K, used 54169K [0x0000000080000000, 0x0000000100000000)
  region size 1024K, 3 young (3072K), 3 survivors (3072K)
 Metaspace       used 56379K, committed 56832K, reserved 1105920K
  class space    used 7571K, committed 7744K, reserved 1048576K
}
Event: 4.616 GC heap before
{Heap before GC invocations=17 (full 0):
 garbage-first heap   total 103424K, used 76697K [0x0000000080000000, 0x0000000100000000)
  region size 1024K, 25 young (25600K), 3 survivors (3072K)
 Metaspace       used 59851K, committed 60416K, reserved 1105920K
  class space    used 7968K, committed 8256K, reserved 1048576K
}
Event: 4.618 GC heap after
{Heap after GC invocations=18 (full 0):
 garbage-first heap   total 103424K, used 55047K [0x0000000080000000, 0x0000000100000000)
  region size 1024K, 1 young (1024K), 1 survivors (1024K)
 Metaspace       used 59851K, committed 60416K, reserved 1105920K
  class space    used 7968K, committed 8256K, reserved 1048576K
}
Event: 4.912 GC heap before
{Heap before GC invocations=19 (full 0):
 garbage-first heap   total 103424K, used 82695K [0x0000000080000000, 0x0000000100000000)
  region size 1024K, 24 young (24576K), 1 survivors (1024K)
 Metaspace       used 63970K, committed 64576K, reserved 1105920K
  class space    used 8531K, committed 8768K, reserved 1048576K
}
Event: 4.916 GC heap after
{Heap after GC invocations=20 (full 0):
 garbage-first heap   total 103424K, used 61431K [0x0000000080000000, 0x0000000100000000)
  region size 1024K, 3 young (3072K), 3 survivors (3072K)
 Metaspace       used 63970K, committed 64576K, reserved 1105920K
  class space    used 8531K, committed 8768K, reserved 1048576K
}
Event: 4.923 GC heap before
{Heap before GC invocations=20 (full 0):
 garbage-first heap   total 103424K, used 63479K [0x0000000080000000, 0x0000000100000000)
  region size 1024K, 5 young (5120K), 3 survivors (3072K)
 Metaspace       used 63970K, committed 64576K, reserved 1105920K
  class space    used 8531K, committed 8768K, reserved 1048576K
}
Event: 4.926 GC heap after
{Heap after GC invocations=21 (full 0):
 garbage-first heap   total 103424K, used 62528K [0x0000000080000000, 0x0000000100000000)
  region size 1024K, 1 young (1024K), 1 survivors (1024K)
 Metaspace       used 63970K, committed 64576K, reserved 1105920K
  class space    used 8531K, committed 8768K, reserved 1048576K
}
Event: 4.936 GC heap before
{Heap before GC invocations=21 (full 0):
 garbage-first heap   total 103424K, used 65600K [0x0000000080000000, 0x0000000100000000)
  region size 1024K, 5 young (5120K), 1 survivors (1024K)
 Metaspace       used 63976K, committed 64576K, reserved 1105920K
  class space    used 8531K, committed 8768K, reserved 1048576K
}
Event: 4.938 GC heap after
{Heap after GC invocations=22 (full 0):
 garbage-first heap   total 206848K, used 63114K [0x0000000080000000, 0x0000000100000000)
  region size 1024K, 2 young (2048K), 2 survivors (2048K)
 Metaspace       used 63976K, committed 64576K, reserved 1105920K
  class space    used 8531K, committed 8768K, reserved 1048576K
}
Event: 5.692 GC heap before
{Heap before GC invocations=22 (full 0):
 garbage-first heap   total 206848K, used 146058K [0x0000000080000000, 0x0000000100000000)
  region size 1024K, 81 young (82944K), 2 survivors (2048K)
 Metaspace       used 72668K, committed 73216K, reserved 1114112K
  class space    used 9710K, committed 9984K, reserved 1048576K
}
Event: 5.697 GC heap after
{Heap after GC invocations=23 (full 0):
 garbage-first heap   total 206848K, used 69254K [0x0000000080000000, 0x0000000100000000)
  region size 1024K, 7 young (7168K), 7 survivors (7168K)
 Metaspace       used 72668K, committed 73216K, reserved 1114112K
  class space    used 9710K, committed 9984K, reserved 1048576K
}
Event: 6.470 GC heap before
{Heap before GC invocations=23 (full 0):
 garbage-first heap   total 206848K, used 152198K [0x0000000080000000, 0x0000000100000000)
  region size 1024K, 88 young (90112K), 7 survivors (7168K)
 Metaspace       used 80203K, committed 80832K, reserved 1122304K
  class space    used 10894K, committed 11200K, reserved 1048576K
}
Event: 6.478 GC heap after
{Heap after GC invocations=24 (full 0):
 garbage-first heap   total 206848K, used 74704K [0x0000000080000000, 0x0000000100000000)
  region size 1024K, 6 young (6144K), 6 survivors (6144K)
 Metaspace       used 80203K, committed 80832K, reserved 1122304K
  class space    used 10894K, committed 11200K, reserved 1048576K
}
Event: 7.317 GC heap before
{Heap before GC invocations=24 (full 0):
 garbage-first heap   total 206848K, used 157648K [0x0000000080000000, 0x0000000100000000)
  region size 1024K, 87 young (89088K), 6 survivors (6144K)
 Metaspace       used 88906K, committed 89536K, reserved 1130496K
  class space    used 12237K, committed 12544K, reserved 1048576K
}
Event: 7.323 GC heap after
{Heap after GC invocations=25 (full 0):
 garbage-first heap   total 206848K, used 80533K [0x0000000080000000, 0x0000000100000000)
  region size 1024K, 11 young (11264K), 11 survivors (11264K)
 Metaspace       used 88906K, committed 89536K, reserved 1130496K
  class space    used 12237K, committed 12544K, reserved 1048576K
}

Dll operation events (2 events):
Event: 0.007 Loaded shared library D:\Android\Android Studio\jbr\bin\java.dll
Event: 0.215 Loaded shared library D:\Android\Android Studio\jbr\bin\verify.dll

Deoptimization events (20 events):
Event: 7.515 Thread 0x000001f01bcb2b10 Uncommon trap: trap_request=0xffffffc6 fr.pc=0x000001f00b377d60 relative=0x0000000000000400
Event: 7.515 Thread 0x000001f01bcb2b10 Uncommon trap: reason=bimorphic_or_optimized_type_check action=maybe_recompile pc=0x000001f00b377d60 method=com.google.common.collect.ImmutableCollection$Builder.addAll(Ljava/lang/Iterable;)Lcom/google/common/collect/ImmutableCollection$Builder; @ 1 c2
Event: 7.515 Thread 0x000001f01bcb2b10 DEOPT PACKING pc=0x000001f00b377d60 sp=0x0000005e987f9ad0
Event: 7.515 Thread 0x000001f01bcb2b10 DEOPT UNPACKING pc=0x000001f00a9869a3 sp=0x0000005e987f9aa0 mode 2
Event: 7.528 Thread 0x000001f01bcb2b10 Uncommon trap: trap_request=0xffffffc6 fr.pc=0x000001f00b06b94c relative=0x000000000000044c
Event: 7.528 Thread 0x000001f01bcb2b10 Uncommon trap: reason=bimorphic_or_optimized_type_check action=maybe_recompile pc=0x000001f00b06b94c method=java.util.Spliterators$IteratorSpliterator.tryAdvance(Ljava/util/function/Consumer;)Z @ 50 c2
Event: 7.528 Thread 0x000001f01bcb2b10 DEOPT PACKING pc=0x000001f00b06b94c sp=0x0000005e987f9f40
Event: 7.528 Thread 0x000001f01bcb2b10 DEOPT UNPACKING pc=0x000001f00a9869a3 sp=0x0000005e987f9ee0 mode 2
Event: 7.533 Thread 0x000001f01bcb2b10 Uncommon trap: trap_request=0xffffff45 fr.pc=0x000001f00af092d8 relative=0x0000000000000618
Event: 7.533 Thread 0x000001f01bcb2b10 Uncommon trap: reason=unstable_if action=reinterpret pc=0x000001f00af092d8 method=java.lang.AbstractStringBuilder.append(Ljava/lang/String;)Ljava/lang/AbstractStringBuilder; @ 1 c2
Event: 7.533 Thread 0x000001f01bcb2b10 DEOPT PACKING pc=0x000001f00af092d8 sp=0x0000005e987f9b90
Event: 7.533 Thread 0x000001f01bcb2b10 DEOPT UNPACKING pc=0x000001f00a9869a3 sp=0x0000005e987f9b10 mode 2
Event: 7.542 Thread 0x000001f01bcb2b10 Uncommon trap: trap_request=0xfffffff4 fr.pc=0x000001f00b406668 relative=0x0000000000000068
Event: 7.542 Thread 0x000001f01bcb2b10 Uncommon trap: reason=null_check action=make_not_entrant pc=0x000001f00b406668 method=java.lang.Class.isAnnotation()Z @ 1 c2
Event: 7.542 Thread 0x000001f01bcb2b10 DEOPT PACKING pc=0x000001f00b406668 sp=0x0000005e987f8d70
Event: 7.542 Thread 0x000001f01bcb2b10 DEOPT UNPACKING pc=0x000001f00a9869a3 sp=0x0000005e987f8d00 mode 2
Event: 7.554 Thread 0x000001f01bcb2b10 DEOPT PACKING pc=0x000001f0038ec2b5 sp=0x0000005e987f8e50
Event: 7.554 Thread 0x000001f01bcb2b10 DEOPT UNPACKING pc=0x000001f00a987143 sp=0x0000005e987f8418 mode 0
Event: 7.574 Thread 0x000001f01bcb2b10 DEOPT PACKING pc=0x000001f0038ec2b5 sp=0x0000005e987f8ec0
Event: 7.574 Thread 0x000001f01bcb2b10 DEOPT UNPACKING pc=0x000001f00a987143 sp=0x0000005e987f8488 mode 0

Classes unloaded (0 events):
No events

Classes redefined (0 events):
No events

Internal exceptions (20 events):
Event: 6.754 Thread 0x000001f01bcb2b10 Exception <a 'java/lang/ClassNotFoundException'{0x000000008afcf6a8}: com/android/build/gradle/internal/api/ReadOnlyBuildTypeCustomizer> (0x000000008afcf6a8) 
thrown [s\src\hotspot\share\classfile\systemDictionary.cpp, line 256]
Event: 6.902 Thread 0x000001f01bcb2b10 Implicit null exception at 0x000001f00b3721d9 to 0x000001f00b372b54
Event: 6.902 Thread 0x000001f01bcb2b10 Implicit null exception at 0x000001f00b36c01a to 0x000001f00b36c354
Event: 6.902 Thread 0x000001f01bcb2b10 Implicit null exception at 0x000001f00b29e9a4 to 0x000001f00b29f18c
Event: 6.902 Thread 0x000001f01bcb2b10 Implicit null exception at 0x000001f00b29d25b to 0x000001f00b29d2e4
Event: 6.902 Thread 0x000001f01bcb2b10 Implicit null exception at 0x000001f00b29e9a4 to 0x000001f00b29f18c
Event: 6.902 Thread 0x000001f01bcb2b10 Implicit null exception at 0x000001f00b29e9a4 to 0x000001f00b29f18c
Event: 6.902 Thread 0x000001f01bcb2b10 Implicit null exception at 0x000001f00b29e9a4 to 0x000001f00b29f18c
Event: 6.904 Thread 0x000001f01bcb2b10 Implicit null exception at 0x000001f00b37618c to 0x000001f00b37642c
Event: 6.904 Thread 0x000001f01bcb2b10 Implicit null exception at 0x000001f00b376ed3 to 0x000001f00b376f88
Event: 6.960 Thread 0x000001f01bcb2b10 Implicit null exception at 0x000001f00b37ad3d to 0x000001f00b37b418
Event: 7.187 Thread 0x000001f01bcb2b10 Exception <a 'sun/nio/fs/WindowsException'{0x00000000887e6128}> (0x00000000887e6128) 
thrown [s\src\hotspot\share\prims\jni.cpp, line 517]
Event: 7.254 Thread 0x000001f01bcb2b10 Exception <a 'java/lang/NullPointerException'{0x0000000087f6a890}> (0x0000000087f6a890) 
thrown [s\src\hotspot\share\interpreter\linkResolver.cpp, line 1447]
Event: 7.298 Thread 0x000001f01bcb2b10 Implicit null exception at 0x000001f00b005a28 to 0x000001f00b007c4c
Event: 7.328 Thread 0x000001f01bcb2b10 Implicit null exception at 0x000001f00afef49b to 0x000001f00aff163c
Event: 7.425 Thread 0x000001f01bcb2b10 Exception <a 'sun/nio/fs/WindowsException'{0x000000008c2a04b0}> (0x000000008c2a04b0) 
thrown [s\src\hotspot\share\prims\jni.cpp, line 517]
Event: 7.426 Thread 0x000001f01bcb2b10 Exception <a 'sun/nio/fs/WindowsException'{0x000000008c2a1840}> (0x000000008c2a1840) 
thrown [s\src\hotspot\share\prims\jni.cpp, line 517]
Event: 7.426 Thread 0x000001f01bcb2b10 Exception <a 'sun/nio/fs/WindowsException'{0x000000008c2a2c08}> (0x000000008c2a2c08) 
thrown [s\src\hotspot\share\prims\jni.cpp, line 517]
Event: 7.427 Thread 0x000001f01bcb2b10 Exception <a 'sun/nio/fs/WindowsException'{0x000000008c2a3fd0}> (0x000000008c2a3fd0) 
thrown [s\src\hotspot\share\prims\jni.cpp, line 517]
Event: 7.533 Thread 0x000001f01bcb2b10 Implicit null exception at 0x000001f00af08cf2 to 0x000001f00af092c0

VM Operations (20 events):
Event: 6.958 Executing VM operation: HandshakeAllThreads
Event: 6.958 Executing VM operation: HandshakeAllThreads done
Event: 6.980 Executing VM operation: HandshakeAllThreads
Event: 6.980 Executing VM operation: HandshakeAllThreads done
Event: 6.984 Executing VM operation: HandshakeAllThreads
Event: 6.984 Executing VM operation: HandshakeAllThreads done
Event: 7.108 Executing VM operation: ICBufferFull
Event: 7.109 Executing VM operation: ICBufferFull done
Event: 7.317 Executing VM operation: G1CollectForAllocation
Event: 7.323 Executing VM operation: G1CollectForAllocation done
Event: 7.400 Executing VM operation: HandshakeAllThreads
Event: 7.401 Executing VM operation: HandshakeAllThreads done
Event: 7.426 Executing VM operation: HandshakeAllThreads
Event: 7.426 Executing VM operation: HandshakeAllThreads done
Event: 7.436 Executing VM operation: HandshakeAllThreads
Event: 7.436 Executing VM operation: HandshakeAllThreads done
Event: 7.526 Executing VM operation: ICBufferFull
Event: 7.526 Executing VM operation: ICBufferFull done
Event: 7.585 Executing VM operation: HandshakeAllThreads
Event: 7.586 Executing VM operation: HandshakeAllThreads done

Events (20 events):
Event: 7.433 loading class jdk/internal/reflect/UnsafeBooleanFieldAccessorImpl
Event: 7.433 loading class jdk/internal/reflect/UnsafeBooleanFieldAccessorImpl done
Event: 7.466 loading class java/util/concurrent/ConcurrentSkipListMap$KeySet
Event: 7.466 loading class java/util/concurrent/ConcurrentSkipListMap$KeySet done
Event: 7.466 loading class java/util/concurrent/ConcurrentSkipListMap$KeyIterator
Event: 7.467 loading class java/util/concurrent/ConcurrentSkipListMap$KeyIterator done
Event: 7.467 loading class java/net/InetAddress$NameServiceAddresses
Event: 7.467 loading class java/net/InetAddress$Addresses
Event: 7.467 loading class java/net/InetAddress$Addresses done
Event: 7.467 loading class java/net/InetAddress$NameServiceAddresses done
Event: 7.469 loading class sun/net/InetAddressCachePolicy
Event: 7.469 loading class sun/net/InetAddressCachePolicy done
Event: 7.469 loading class sun/net/InetAddressCachePolicy$1
Event: 7.469 loading class sun/net/InetAddressCachePolicy$1 done
Event: 7.469 loading class sun/net/InetAddressCachePolicy$2
Event: 7.469 loading class sun/net/InetAddressCachePolicy$2 done
Event: 7.469 loading class java/net/InetAddress$CachedAddresses
Event: 7.470 loading class java/net/InetAddress$CachedAddresses done
Event: 7.470 loading class java/net/InetAddress$CachedLocalHost
Event: 7.470 loading class java/net/InetAddress$CachedLocalHost done


Dynamic libraries:
0x00007ff6a9440000 - 0x00007ff6a944a000 	D:\Android\Android Studio\jbr\bin\java.exe
0x00007ff8543d0000 - 0x00007ff8545e6000 	C:\WINDOWS\SYSTEM32\ntdll.dll
0x00007ff852cb0000 - 0x00007ff852d74000 	C:\WINDOWS\System32\KERNEL32.DLL
0x00007ff851af0000 - 0x00007ff851e97000 	C:\WINDOWS\System32\KERNELBASE.dll
0x00007ff851860000 - 0x00007ff851971000 	C:\WINDOWS\System32\ucrtbase.dll
0x00007ff8162d0000 - 0x00007ff8162eb000 	D:\Android\Android Studio\jbr\bin\VCRUNTIME140.dll
0x00007ff8327f0000 - 0x00007ff832807000 	D:\Android\Android Studio\jbr\bin\jli.dll
0x00007ff853ea0000 - 0x00007ff85404e000 	C:\WINDOWS\System32\USER32.dll
0x00007ff8520d0000 - 0x00007ff8520f6000 	C:\WINDOWS\System32\win32u.dll
0x00007ff836140000 - 0x00007ff8363d3000 	C:\WINDOWS\WinSxS\amd64_microsoft.windows.common-controls_6595b64144ccf1df_6.0.22621.3235_none_270f74e173860f98\COMCTL32.dll
0x00007ff852c80000 - 0x00007ff852ca9000 	C:\WINDOWS\System32\GDI32.dll
0x00007ff852190000 - 0x00007ff852237000 	C:\WINDOWS\System32\msvcrt.dll
0x00007ff851ea0000 - 0x00007ff851fb9000 	C:\WINDOWS\System32\gdi32full.dll
0x00007ff852030000 - 0x00007ff8520ca000 	C:\WINDOWS\System32\msvcp_win.dll
0x00007ff853e60000 - 0x00007ff853e91000 	C:\WINDOWS\System32\IMM32.DLL
0x00007ff81d130000 - 0x00007ff81d13c000 	D:\Android\Android Studio\jbr\bin\vcruntime140_1.dll
0x00007ff800460000 - 0x00007ff8004ed000 	D:\Android\Android Studio\jbr\bin\msvcp140.dll
0x00007fff83b40000 - 0x00007fff847ae000 	D:\Android\Android Studio\jbr\bin\server\jvm.dll
0x00007ff853890000 - 0x00007ff853942000 	C:\WINDOWS\System32\ADVAPI32.dll
0x00007ff852780000 - 0x00007ff852828000 	C:\WINDOWS\System32\sechost.dll
0x00007ff851830000 - 0x00007ff851858000 	C:\WINDOWS\System32\bcrypt.dll
0x00007ff852f00000 - 0x00007ff853015000 	C:\WINDOWS\System32\RPCRT4.dll
0x00007ff849080000 - 0x00007ff8490b4000 	C:\WINDOWS\SYSTEM32\WINMM.dll
0x00007ff828c80000 - 0x00007ff828c89000 	C:\WINDOWS\SYSTEM32\WSOCK32.dll
0x00007ff847c00000 - 0x00007ff847c0a000 	C:\WINDOWS\SYSTEM32\VERSION.dll
0x00007ff852110000 - 0x00007ff852181000 	C:\WINDOWS\System32\WS2_32.dll
0x00007ff850700000 - 0x00007ff850718000 	C:\WINDOWS\SYSTEM32\kernel.appcore.dll
0x00007ff84cb40000 - 0x00007ff84cb4a000 	D:\Android\Android Studio\jbr\bin\jimage.dll
0x00007ff83ef90000 - 0x00007ff83f1c3000 	C:\WINDOWS\SYSTEM32\DBGHELP.DLL
0x00007ff852340000 - 0x00007ff8526c8000 	C:\WINDOWS\System32\combase.dll
0x00007ff852830000 - 0x00007ff852907000 	C:\WINDOWS\System32\OLEAUT32.dll
0x00007ff833a00000 - 0x00007ff833a32000 	C:\WINDOWS\SYSTEM32\dbgcore.DLL
0x00007ff8516f0000 - 0x00007ff851769000 	C:\WINDOWS\System32\bcryptPrimitives.dll
0x00007ff8109d0000 - 0x00007ff8109f5000 	D:\Android\Android Studio\jbr\bin\java.dll
0x00007ff84cb20000 - 0x00007ff84cb38000 	D:\Android\Android Studio\jbr\bin\zip.dll
0x00007ff853030000 - 0x00007ff85388c000 	C:\WINDOWS\System32\SHELL32.dll
0x00007ff84f620000 - 0x00007ff84ff19000 	C:\WINDOWS\SYSTEM32\windows.storage.dll
0x00007ff84f4e0000 - 0x00007ff84f61e000 	C:\WINDOWS\SYSTEM32\wintypes.dll
0x00007ff852240000 - 0x00007ff852333000 	C:\WINDOWS\System32\SHCORE.dll
0x00007ff8542e0000 - 0x00007ff85433e000 	C:\WINDOWS\System32\shlwapi.dll
0x00007ff851620000 - 0x00007ff851641000 	C:\WINDOWS\SYSTEM32\profapi.dll
0x00007ff834c00000 - 0x00007ff834c19000 	D:\Android\Android Studio\jbr\bin\net.dll
0x00007ff849e80000 - 0x00007ff849fb6000 	C:\WINDOWS\SYSTEM32\WINHTTP.dll
0x00007ff850b70000 - 0x00007ff850bd9000 	C:\WINDOWS\system32\mswsock.dll
0x00007ff832e30000 - 0x00007ff832e46000 	D:\Android\Android Studio\jbr\bin\nio.dll
0x00007ff836bd0000 - 0x00007ff836be0000 	D:\Android\Android Studio\jbr\bin\verify.dll
0x00007fffff380000 - 0x00007fffff3a7000 	D:\Android\.gradle\native\68d5fa5c4cc2d200863cafc0d521ce42e7d3e7ee720ec0a83991735586a16f82\windows-amd64\native-platform.dll
0x00007ff800310000 - 0x00007ff800454000 	D:\Android\.gradle\native\e376f236ea51e6404a007f0833ffe2c6e607c4080706a723a18a27aeea778392\windows-amd64\native-platform-file-events.dll
0x00007ff816480000 - 0x00007ff816489000 	D:\Android\Android Studio\jbr\bin\management.dll
0x00007ff816470000 - 0x00007ff81647b000 	D:\Android\Android Studio\jbr\bin\management_ext.dll
0x00007ff852100000 - 0x00007ff852108000 	C:\WINDOWS\System32\PSAPI.DLL
0x00007ff850d90000 - 0x00007ff850dab000 	C:\WINDOWS\SYSTEM32\CRYPTSP.dll
0x00007ff850660000 - 0x00007ff850695000 	C:\WINDOWS\system32\rsaenh.dll
0x00007ff850c30000 - 0x00007ff850c58000 	C:\WINDOWS\SYSTEM32\USERENV.dll
0x00007ff850db0000 - 0x00007ff850dbc000 	C:\WINDOWS\SYSTEM32\CRYPTBASE.dll
0x00007ff8501c0000 - 0x00007ff8501ed000 	C:\WINDOWS\SYSTEM32\IPHLPAPI.DLL
0x00007ff853020000 - 0x00007ff853029000 	C:\WINDOWS\System32\NSI.dll
0x00007ff8496a0000 - 0x00007ff8496b9000 	C:\WINDOWS\SYSTEM32\dhcpcsvc6.DLL
0x00007ff849680000 - 0x00007ff84969f000 	C:\WINDOWS\SYSTEM32\dhcpcsvc.DLL
0x00007ff8501f0000 - 0x00007ff8502e9000 	C:\WINDOWS\SYSTEM32\DNSAPI.dll
0x00007ff835b80000 - 0x00007ff835b88000 	C:\WINDOWS\system32\wshunix.dll
0x00007ff8289a0000 - 0x00007ff8289b7000 	C:\WINDOWS\system32\napinsp.dll
0x00007ff8263b0000 - 0x00007ff8263cb000 	C:\WINDOWS\system32\pnrpnsp.dll
0x00007ff826390000 - 0x00007ff8263a1000 	C:\WINDOWS\System32\winrnr.dll
0x00007ff848ca0000 - 0x00007ff848cb5000 	C:\WINDOWS\system32\wshbth.dll
0x00007ff826360000 - 0x00007ff826381000 	C:\WINDOWS\system32\nlansp_c.dll
0x00007ff847950000 - 0x00007ff84795a000 	C:\Windows\System32\rasadhlp.dll
0x00007ff848ab0000 - 0x00007ff848b33000 	C:\WINDOWS\System32\fwpuclnt.dll

dbghelp: loaded successfully - version: 4.0.5 - missing functions: none
symbol engine: initialized successfully - sym options: 0x614 - pdb path: .;D:\Android\Android Studio\jbr\bin;C:\WINDOWS\SYSTEM32;C:\WINDOWS\WinSxS\amd64_microsoft.windows.common-controls_6595b64144ccf1df_6.0.22621.3235_none_270f74e173860f98;D:\Android\Android Studio\jbr\bin\server;D:\Android\.gradle\native\68d5fa5c4cc2d200863cafc0d521ce42e7d3e7ee720ec0a83991735586a16f82\windows-amd64;D:\Android\.gradle\native\e376f236ea51e6404a007f0833ffe2c6e607c4080706a723a18a27aeea778392\windows-amd64

VM Arguments:
jvm_args: --add-opens=java.base/java.util=ALL-UNNAMED --add-opens=java.base/java.lang=ALL-UNNAMED --add-opens=java.base/java.lang.invoke=ALL-UNNAMED --add-opens=java.prefs/java.util.prefs=ALL-UNNAMED --add-opens=java.base/java.nio.charset=ALL-UNNAMED --add-opens=java.base/java.net=ALL-UNNAMED --add-opens=java.base/java.util.concurrent.atomic=ALL-UNNAMED -Xmx2048m -Dfile.encoding=UTF-8 -Duser.country=IN -Duser.language=en -Duser.variant 
java_command: org.gradle.launcher.daemon.bootstrap.GradleDaemon 8.0
java_class_path (initial): D:\Android\.gradle\wrapper\dists\gradle-8.0-bin\ca5e32bp14vu59qr306oxotwh\gradle-8.0\lib\gradle-launcher-8.0.jar
Launcher Type: SUN_STANDARD

[Global flags]
     intx CICompilerCount                          = 4                                         {product} {ergonomic}
     uint ConcGCThreads                            = 3                                         {product} {ergonomic}
     uint G1ConcRefinementThreads                  = 10                                        {product} {ergonomic}
   size_t G1HeapRegionSize                         = 1048576                                   {product} {ergonomic}
    uintx GCDrainStackTargetSize                   = 64                                        {product} {ergonomic}
   size_t InitialHeapSize                          = 123731968                                 {product} {ergonomic}
   size_t MarkStackSize                            = 4194304                                   {product} {ergonomic}
   size_t MaxHeapSize                              = 2147483648                                {product} {command line}
   size_t MaxNewSize                               = 1287651328                                {product} {ergonomic}
   size_t MinHeapDeltaBytes                        = 1048576                                   {product} {ergonomic}
   size_t MinHeapSize                              = 8388608                                   {product} {ergonomic}
    uintx NonNMethodCodeHeapSize                   = 5839372                                {pd product} {ergonomic}
    uintx NonProfiledCodeHeapSize                  = 122909434                              {pd product} {ergonomic}
    uintx ProfiledCodeHeapSize                     = 122909434                              {pd product} {ergonomic}
    uintx ReservedCodeCacheSize                    = 251658240                              {pd product} {ergonomic}
     bool SegmentedCodeCache                       = true                                      {product} {ergonomic}
   size_t SoftMaxHeapSize                          = 2147483648                             {manageable} {ergonomic}
     bool UseCompressedClassPointers               = true                           {product lp64_product} {ergonomic}
     bool UseCompressedOops                        = true                           {product lp64_product} {ergonomic}
     bool UseG1GC                                  = true                                      {product} {ergonomic}
     bool UseLargePagesIndividualAllocation        = false                                  {pd product} {ergonomic}

Logging:
Log output configuration:
 #0: stdout all=warning uptime,level,tags
 #1: stderr all=off uptime,level,tags

Environment Variables:
JAVA_HOME=C:\Program Files\Java\jdk1.8.0_202
PATH=C:\Program Files (x86)\VMware\VMware Player\bin\;C:\Program Files\Common Files\Oracle\Java\javapath;C:\Program Files (x86)\Common Files\Oracle\Java\javapath;C:\Program Files (x86)\Common Files\Intel\Shared Libraries\redist\intel64\compiler;C:\windows\system32;C:\windows;C:\windows\System32\Wbem;C:\windows\System32\WindowsPowerShell\v1.0\;C:\windows\System32\OpenSSH\;C:\Program Files (x86)\NVIDIA Corporation\PhysX\Common;C:\Program Files\NVIDIA Corporation\NVIDIA NvDLISR;D:\apache-maven-3.8.6-bin\apache-maven-3.8.6\bin;C:\WINDOWS\system32;C:\WINDOWS;C:\WINDOWS\System32\Wbem;C:\WINDOWS\System32\WindowsPowerShell\v1.0\;C:\WINDOWS\System32\OpenSSH\;C:\Program Files\dotnet\;C:\Program Files\nodejs\;C:\Program Files\Docker\Docker\resources\bin;C:\Program Files\Git\cmd;C:\Program Files\Java\jdk1.8.0_202\bin;C:\Program Files\MySQL\MySQL Shell 8.2\bin\;C:\Users\smk62\.console-ninja\.bin;C:\Users\smk62\AppData\Local\Microsoft\WindowsApps;C:\Users\smk62\AppData\Local\Programs\Microsoft VS Code\bin;C:\Users\smk62\Downloads\MinGW\bin;C:\Program Files\heroku\bin;C:\Users\smk62\AppData\Roaming\npm;D:\IntelliJ IDEA Community Edition 2023.3\bin;;C:\Program Files\Java\jdk1.8.0_202\bin;
USERNAME=smk62
OS=Windows_NT
PROCESSOR_IDENTIFIER=AMD64 Family 25 Model 80 Stepping 0, AuthenticAMD
TMP=C:\Users\smk62\AppData\Local\Temp
TEMP=C:\Users\smk62\AppData\Local\Temp


JNI global refs:
JNI global refs: 28, weak refs: 4

JNI global refs memory usage: 843, weak refs: 841


---------------  S Y S T E M  ---------------

OS:
 Windows 11 , 64 bit Build 22621 (10.0.22621.3374)
OS uptime: 0 days 3:06 hours
Hyper-V role detected

CPU: total 12 (initial active 12) (12 cores per cpu, 2 threads per core) family 25 model 80 stepping 0 microcode 0x0, cx8, cmov, fxsr, ht, mmx, 3dnowpref, sse, sse2, sse3, ssse3, sse4a, sse4.1, sse4.2, popcnt, lzcnt, tsc, tscinvbit, avx, avx2, aes, erms, clmul, bmi1, bmi2, adx, sha, fma, vzeroupper, clflush, clflushopt, hv

Memory: 4k page, system-wide physical 7521M (472M free)
TotalPageFile size 18326M (AvailPageFile size 5M)
current process WorkingSet (physical memory assigned to process): 462M, peak: 462M
current process commit charge ("private bytes"): 508M, peak: 508M

vm_info: OpenJDK 64-Bit Server VM (17.0.6+0-b2043.56-10027231) for windows-amd64 JRE (17.0.6+0-b2043.56-10027231), built on Apr 28 2023 00:43:19 by "androidbuild" with MS VC++ 16.10 / 16.11 (VS2019)

END.
