#
# There is insufficient memory for the Java Runtime Environment to continue.
# Native memory allocation (malloc) failed to allocate 1246896 bytes for Chunk::new
# Possible reasons:
#   The system is out of physical RAM or swap space
#   The process is running with CompressedOops enabled, and the Java Heap may be blocking the growth of the native heap
# Possible solutions:
#   Reduce memory load on the system
#   Increase physical memory or swap space
#   Check if swap backing store is full
#   Decrease Java heap size (-Xmx/-Xms)
#   Decrease number of Java threads
#   Decrease Java thread stack sizes (-Xss)
#   Set larger code cache with -XX:ReservedCodeCacheSize=
#   JVM is running with Unscaled Compressed Oops mode in which the Java heap is
#     placed in the first 4GB address space. The Java Heap base address is the
#     maximum limit for the native heap growth. Please use -XX:HeapBaseMinAddress
#     to set the Java Heap base and to place the Java Heap above 4GB virtual address.
# This output file may be truncated or incomplete.
#
#  Out of Memory Error (arena.cpp:189), pid=7368, tid=14424
#
# JRE version: OpenJDK Runtime Environment (17.0.6) (build 17.0.6+0-b2043.56-10027231)
# Java VM: OpenJDK 64-Bit Server VM (17.0.6+0-b2043.56-10027231, mixed mode, tiered, compressed oops, compressed class ptrs, g1 gc, windows-amd64)
# No core dump will be written. Minidumps are not enabled by default on client versions of Windows
#

---------------  S U M M A R Y ------------

Command Line: --add-opens=java.base/java.util=ALL-UNNAMED --add-opens=java.base/java.lang=ALL-UNNAMED --add-opens=java.base/java.lang.invoke=ALL-UNNAMED --add-opens=java.prefs/java.util.prefs=ALL-UNNAMED --add-opens=java.base/java.nio.charset=ALL-UNNAMED --add-opens=java.base/java.net=ALL-UNNAMED --add-opens=java.base/java.util.concurrent.atomic=ALL-UNNAMED -Xmx2048m -Dfile.encoding=UTF-8 -Duser.country=IN -Duser.language=en -Duser.variant org.gradle.launcher.daemon.bootstrap.GradleDaemon 8.0

Host: AMD Ryzen 5 5600H with Radeon Graphics         , 12 cores, 7G,  Windows 11 , 64 bit Build 22621 (10.0.22621.3374)
Time: Thu Mar 28 15:34:16 2024 India Standard Time elapsed time: 16.460313 seconds (0d 0h 0m 16s)

---------------  T H R E A D  ---------------

Current thread (0x000002ddf1856700):  JavaThread "C2 CompilerThread0" daemon [_thread_in_native, id=14424, stack(0x000000fd83400000,0x000000fd83500000)]


Current CompileTask:
C2:  16460 12299       4       org.gradle.cache.internal.btree.FreeListBlockStore::read (12 bytes)

Stack: [0x000000fd83400000,0x000000fd83500000]
Native frames: (J=compiled Java code, j=interpreted, Vv=VM code, C=native code)
V  [jvm.dll+0x683c9a]
V  [jvm.dll+0x8427a4]
V  [jvm.dll+0x843f9e]
V  [jvm.dll+0x844603]
V  [jvm.dll+0x249b75]
V  [jvm.dll+0xabcac]
V  [jvm.dll+0xac27c]
V  [jvm.dll+0x368802]
V  [jvm.dll+0x332f31]
V  [jvm.dll+0x3323da]
V  [jvm.dll+0x21c201]
V  [jvm.dll+0x21b621]
V  [jvm.dll+0x1a4fdd]
V  [jvm.dll+0x22b098]
V  [jvm.dll+0x229159]
V  [jvm.dll+0x7f81ec]
V  [jvm.dll+0x7f274a]
V  [jvm.dll+0x682ad5]
C  [ucrtbase.dll+0x29333]
C  [KERNEL32.DLL+0x1257d]
C  [ntdll.dll+0x5aa48]


---------------  P R O C E S S  ---------------

Threads class SMR info:
_java_thread_list=0x000002ddfca6f3e0, length=193, elements={
0x000002ddd6a90190, 0x000002ddf1812010, 0x000002ddf1812e80, 0x000002ddf0d442e0,
0x000002ddf0d44e90, 0x000002ddf0d45a40, 0x000002ddf1853260, 0x000002ddf1856700,
0x000002ddf1832100, 0x000002ddf1834a10, 0x000002ddf19b0e50, 0x000002ddf19c35d0,
0x000002ddf42ac300, 0x000002ddf3e11ab0, 0x000002ddf2b24c30, 0x000002ddf48c8b10,
0x000002ddf3cbad10, 0x000002ddf4940d30, 0x000002ddf4abcac0, 0x000002ddf4abdf50,
0x000002ddf1d477c0, 0x000002ddf1d46480, 0x000002ddf1d45ae0, 0x000002ddf1d46950,
0x000002ddf1d45610, 0x000002ddf1d47c90, 0x000002ddf1d44c70, 0x000002ddf1d447a0,
0x000002ddf1d46e20, 0x000002ddf1d472f0, 0x000002ddf1d45140, 0x000002ddf44cac70,
0x000002ddf44c3dc0, 0x000002ddf44c6440, 0x000002ddf44c5aa0, 0x000002ddf44c55d0,
0x000002ddf44ca7a0, 0x000002ddf44c7780, 0x000002ddf44c38f0, 0x000002ddf44c4290,
0x000002ddf44c4c30, 0x000002ddf44c5100, 0x000002ddf44c6de0, 0x000002ddf44c72b0,
0x000002ddf44c8ac0, 0x000002ddf44c5f70, 0x000002ddf44c8f90, 0x000002ddf44c9930,
0x000002ddf44c9e00, 0x000002ddf44ca2d0, 0x000002ddf7757550, 0x000002ddf7755d40,
0x000002ddf7757ef0, 0x000002ddf7754a00, 0x000002ddf77583c0, 0x000002ddf7755870,
0x000002ddf7758890, 0x000002ddf7751040, 0x000002ddf7756210, 0x000002ddf7752850,
0x000002ddf7754060, 0x000002ddf7751510, 0x000002ddf77519e0, 0x000002ddf7751eb0,
0x000002ddf77536c0, 0x000002ddf77566e0, 0x000002ddf7754530, 0x000002ddf7756bb0,
0x000002ddf7752380, 0x000002ddf7752d20, 0x000002ddf7757a20, 0x000002ddf7754ed0,
0x000002ddf77553a0, 0x000002ddf7757080, 0x000002ddf7753b90, 0x000002ddf77531f0,
0x000002ddf4e61f50, 0x000002ddf4e610e0, 0x000002ddf4e615b0, 0x000002ddf4e62420,
0x000002ddf4e5e590, 0x000002ddf4e63c30, 0x000002ddf4e61a80, 0x000002ddf4e64f70,
0x000002ddf4e60270, 0x000002ddf4e5ea60, 0x000002ddf4e64100, 0x000002ddf4e628f0,
0x000002ddf4e62dc0, 0x000002ddf4e63290, 0x000002ddf4e63760, 0x000002ddf4e645d0,
0x000002ddf4e64aa0, 0x000002ddf4e60c10, 0x000002ddf4e60740, 0x000002ddf4e65440,
0x000002ddf4e65910, 0x000002ddf4e5ef30, 0x000002ddf4e65de0, 0x000002ddf4e5f400,
0x000002ddf4e5f8d0, 0x000002ddf4e5fda0, 0x000002ddf8287960, 0x000002ddf8283130,
0x000002ddf8286fc0, 0x000002ddf82857b0, 0x000002ddf82852e0, 0x000002ddf8286620,
0x000002ddf82887d0, 0x000002ddf8287490, 0x000002ddf8285c80, 0x000002ddf8286af0,
0x000002ddf8288300, 0x000002ddf8284940, 0x000002ddf8281450, 0x000002ddf8286150,
0x000002ddf8281920, 0x000002ddf8280f80, 0x000002ddf8281df0, 0x000002ddf8284e10,
0x000002ddf8287e30, 0x000002ddf82822c0, 0x000002ddf8282790, 0x000002ddf8282c60,
0x000002ddf8283600, 0x000002ddf8283ad0, 0x000002ddf8283fa0, 0x000002ddf8284470,
0x000002ddf7057a30, 0x000002ddf7057560, 0x000002ddf7057090, 0x000002ddf70506b0,
0x000002ddf70501e0, 0x000002ddf70536d0, 0x000002ddf7056bc0, 0x000002ddf7051ec0,
0x000002ddf7050b80, 0x000002ddf7052390, 0x000002ddf7052860, 0x000002ddf7051050,
0x000002ddf7051520, 0x000002ddf7054070, 0x000002ddf7052d30, 0x000002ddf7054540,
0x000002ddf70519f0, 0x000002ddf70566f0, 0x000002ddf7053200, 0x000002ddf7053ba0,
0x000002ddf7054a10, 0x000002ddf70553b0, 0x000002ddf7054ee0, 0x000002ddf7055880,
0x000002ddf7055d50, 0x000002ddf7056220, 0x000002ddf4e440d0, 0x000002ddf4e3f8a0,
0x000002ddf4e43730, 0x000002ddf4e44f40, 0x000002ddf4e3e560, 0x000002ddf4e45410,
0x000002ddf4e3ef00, 0x000002ddf4e458e0, 0x000002ddf4e43c00, 0x000002ddf4e40710,
0x000002ddf4e45db0, 0x000002ddf4e3ea30, 0x000002ddf4e43260, 0x000002ddf4e40be0,
0x000002ddf4e40240, 0x000002ddf4e445a0, 0x000002ddf4e3f3d0, 0x000002ddf4e41f20,
0x000002ddf437c900, 0x000002ddf437cdd0, 0x000002ddf437d2a0, 0x000002ddf4380790,
0x000002ddf4380c60, 0x000002ddf437ba90, 0x000002ddf437e110, 0x000002ddf4381130,
0x000002ddf4381600, 0x000002ddf437e5e0, 0x000002ddf4381ad0, 0x000002ddf437a280,
0x000002ddf43802c0, 0x000002ddfac4d0b0, 0x000002ddf273e730, 0x000002ddf273e260,
0x000002ddf273ec00, 0x000002ddfb789f70, 0x000002ddfb7895d0, 0x000002ddfbafc080,
0x000002ddf8b1b0b0
}

Java Threads: ( => current thread )
  0x000002ddd6a90190 JavaThread "main" [_thread_blocked, id=25416, stack(0x000000fd82700000,0x000000fd82800000)]
  0x000002ddf1812010 JavaThread "Reference Handler" daemon [_thread_blocked, id=8048, stack(0x000000fd82e00000,0x000000fd82f00000)]
  0x000002ddf1812e80 JavaThread "Finalizer" daemon [_thread_blocked, id=5008, stack(0x000000fd82f00000,0x000000fd83000000)]
  0x000002ddf0d442e0 JavaThread "Signal Dispatcher" daemon [_thread_blocked, id=7336, stack(0x000000fd83000000,0x000000fd83100000)]
  0x000002ddf0d44e90 JavaThread "Attach Listener" daemon [_thread_blocked, id=7332, stack(0x000000fd83100000,0x000000fd83200000)]
  0x000002ddf0d45a40 JavaThread "Service Thread" daemon [_thread_blocked, id=4720, stack(0x000000fd83200000,0x000000fd83300000)]
  0x000002ddf1853260 JavaThread "Monitor Deflation Thread" daemon [_thread_blocked, id=19400, stack(0x000000fd83300000,0x000000fd83400000)]
=>0x000002ddf1856700 JavaThread "C2 CompilerThread0" daemon [_thread_in_native, id=14424, stack(0x000000fd83400000,0x000000fd83500000)]
  0x000002ddf1832100 JavaThread "C1 CompilerThread0" daemon [_thread_blocked, id=24280, stack(0x000000fd83500000,0x000000fd83600000)]
  0x000002ddf1834a10 JavaThread "Sweeper thread" daemon [_thread_blocked, id=17568, stack(0x000000fd83600000,0x000000fd83700000)]
  0x000002ddf19b0e50 JavaThread "Common-Cleaner" daemon [_thread_blocked, id=15872, stack(0x000000fd83700000,0x000000fd83800000)]
  0x000002ddf19c35d0 JavaThread "Notification Thread" daemon [_thread_blocked, id=17128, stack(0x000000fd83800000,0x000000fd83900000)]
  0x000002ddf42ac300 JavaThread "Daemon health stats" [_thread_blocked, id=1460, stack(0x000000fd84000000,0x000000fd84100000)]
  0x000002ddf3e11ab0 JavaThread "Incoming local TCP Connector on port 51593" [_thread_in_native, id=19524, stack(0x000000fd84100000,0x000000fd84200000)]
  0x000002ddf2b24c30 JavaThread "Daemon periodic checks" [_thread_blocked, id=23872, stack(0x000000fd84200000,0x000000fd84300000)]
  0x000002ddf48c8b10 JavaThread "Daemon" [_thread_blocked, id=24340, stack(0x000000fd84300000,0x000000fd84400000)]
  0x000002ddf3cbad10 JavaThread "Handler for socket connection from /127.0.0.1:51593 to /127.0.0.1:51594" [_thread_in_native, id=14152, stack(0x000000fd84400000,0x000000fd84500000)]
  0x000002ddf4940d30 JavaThread "Cancel handler" [_thread_blocked, id=15012, stack(0x000000fd84500000,0x000000fd84600000)]
  0x000002ddf4abcac0 JavaThread "Daemon worker" [_thread_blocked, id=12840, stack(0x000000fd84600000,0x000000fd84700000)]
  0x000002ddf4abdf50 JavaThread "Asynchronous log dispatcher for DefaultDaemonConnection: socket connection from /127.0.0.1:51593 to /127.0.0.1:51594" [_thread_blocked, id=8228, stack(0x000000fd84700000,0x000000fd84800000)]
  0x000002ddf1d477c0 JavaThread "Stdin handler" [_thread_blocked, id=2884, stack(0x000000fd84800000,0x000000fd84900000)]
  0x000002ddf1d46480 JavaThread "Daemon client event forwarder" [_thread_blocked, id=22728, stack(0x000000fd84900000,0x000000fd84a00000)]
  0x000002ddf1d45ae0 JavaThread "Cache worker for journal cache (D:\Android\.gradle\caches\journal-1)" [_thread_blocked, id=22364, stack(0x000000fd85100000,0x000000fd85200000)]
  0x000002ddf1d46950 JavaThread "File lock request listener" [_thread_in_native, id=9404, stack(0x000000fd85200000,0x000000fd85300000)]
  0x000002ddf1d45610 JavaThread "Cache worker for file hash cache (D:\Android\.gradle\caches\8.0\fileHashes)" [_thread_blocked, id=20564, stack(0x000000fd85300000,0x000000fd85400000)]
  0x000002ddf1d47c90 JavaThread "File watcher server" daemon [_thread_in_native, id=16944, stack(0x000000fd85500000,0x000000fd85600000)]
  0x000002ddf1d44c70 JavaThread "File watcher consumer" daemon [_thread_blocked, id=9100, stack(0x000000fd85600000,0x000000fd85700000)]
  0x000002ddf1d447a0 JavaThread "Cache worker for checksums cache (D:\Android\Projects\.gradle\8.0\checksums)" [_thread_blocked, id=20532, stack(0x000000fd85700000,0x000000fd85800000)]
  0x000002ddf1d46e20 JavaThread "Cache worker for cache directory md-rule (D:\Android\.gradle\caches\8.0\md-rule)" [_thread_blocked, id=23624, stack(0x000000fd85800000,0x000000fd85900000)]
  0x000002ddf1d472f0 JavaThread "Cache worker for file content cache (D:\Android\.gradle\caches\8.0\fileContent)" [_thread_blocked, id=8616, stack(0x000000fd85900000,0x000000fd85a00000)]
  0x000002ddf1d45140 JavaThread "Cache worker for file hash cache (D:\Android\Projects\.gradle\8.0\fileHashes)" [_thread_blocked, id=18964, stack(0x000000fd85a00000,0x000000fd85b00000)]
  0x000002ddf44cac70 JavaThread "Cache worker for cache directory md-supplier (D:\Android\.gradle\caches\8.0\md-supplier)" [_thread_blocked, id=22072, stack(0x000000fd85b00000,0x000000fd85c00000)]
  0x000002ddf44c3dc0 JavaThread "Cache worker for execution history cache (D:\Android\.gradle\caches\8.0\executionHistory)" [_thread_blocked, id=19048, stack(0x000000fd85c00000,0x000000fd85d00000)]
  0x000002ddf44c6440 JavaThread "jar transforms" [_thread_blocked, id=3156, stack(0x000000fd83b00000,0x000000fd83c00000)]
  0x000002ddf44c5aa0 JavaThread "jar transforms Thread 2" [_thread_blocked, id=23576, stack(0x000000fd85d00000,0x000000fd85e00000)]
  0x000002ddf44c55d0 JavaThread "Cache worker for kotlin-dsl (D:\Android\.gradle\caches\8.0\kotlin-dsl)" [_thread_blocked, id=25064, stack(0x000000fd85f00000,0x000000fd86000000)]
  0x000002ddf44ca7a0 JavaThread "jar transforms Thread 3" [_thread_blocked, id=11924, stack(0x000000fd86000000,0x000000fd86100000)]
  0x000002ddf44c7780 JavaThread "jar transforms Thread 4" [_thread_blocked, id=24092, stack(0x000000fd86100000,0x000000fd86200000)]
  0x000002ddf44c38f0 JavaThread "Cache worker for dependencies-accessors (D:\Android\Projects\.gradle\8.0\dependencies-accessors)" [_thread_blocked, id=20592, stack(0x000000fd86200000,0x000000fd86300000)]
  0x000002ddf44c4290 JavaThread "Cache worker for Build Output Cleanup Cache (D:\Android\Projects\.gradle\buildOutputCleanup)" [_thread_blocked, id=20960, stack(0x000000fd86300000,0x000000fd86400000)]
  0x000002ddf44c4c30 JavaThread "jar transforms Thread 5" [_thread_blocked, id=24136, stack(0x000000fd86400000,0x000000fd86500000)]
  0x000002ddf44c5100 JavaThread "Unconstrained build operations" [_thread_blocked, id=3720, stack(0x000000fd86500000,0x000000fd86600000)]
  0x000002ddf44c6de0 JavaThread "Unconstrained build operations Thread 2" [_thread_blocked, id=11412, stack(0x000000fd86600000,0x000000fd86700000)]
  0x000002ddf44c72b0 JavaThread "Unconstrained build operations Thread 3" [_thread_blocked, id=23500, stack(0x000000fd86700000,0x000000fd86800000)]
  0x000002ddf44c8ac0 JavaThread "Unconstrained build operations Thread 4" [_thread_blocked, id=21136, stack(0x000000fd86800000,0x000000fd86900000)]
  0x000002ddf44c5f70 JavaThread "Unconstrained build operations Thread 5" [_thread_blocked, id=18496, stack(0x000000fd86900000,0x000000fd86a00000)]
  0x000002ddf44c8f90 JavaThread "Unconstrained build operations Thread 6" [_thread_blocked, id=19544, stack(0x000000fd86a00000,0x000000fd86b00000)]
  0x000002ddf44c9930 JavaThread "Unconstrained build operations Thread 7" [_thread_blocked, id=18100, stack(0x000000fd86b00000,0x000000fd86c00000)]
  0x000002ddf44c9e00 JavaThread "Unconstrained build operations Thread 8" [_thread_blocked, id=3120, stack(0x000000fd86c00000,0x000000fd86d00000)]
  0x000002ddf44ca2d0 JavaThread "Unconstrained build operations Thread 9" [_thread_blocked, id=24424, stack(0x000000fd86d00000,0x000000fd86e00000)]
  0x000002ddf7757550 JavaThread "Unconstrained build operations Thread 10" [_thread_blocked, id=10400, stack(0x000000fd86e00000,0x000000fd86f00000)]
  0x000002ddf7755d40 JavaThread "Unconstrained build operations Thread 11" [_thread_blocked, id=24372, stack(0x000000fd86f00000,0x000000fd87000000)]
  0x000002ddf7757ef0 JavaThread "Unconstrained build operations Thread 12" [_thread_blocked, id=19044, stack(0x000000fd87000000,0x000000fd87100000)]
  0x000002ddf7754a00 JavaThread "Unconstrained build operations Thread 13" [_thread_blocked, id=6184, stack(0x000000fd87100000,0x000000fd87200000)]
  0x000002ddf77583c0 JavaThread "Unconstrained build operations Thread 14" [_thread_blocked, id=24788, stack(0x000000fd87200000,0x000000fd87300000)]
  0x000002ddf7755870 JavaThread "Unconstrained build operations Thread 15" [_thread_blocked, id=7288, stack(0x000000fd87300000,0x000000fd87400000)]
  0x000002ddf7758890 JavaThread "Unconstrained build operations Thread 16" [_thread_blocked, id=3300, stack(0x000000fd87400000,0x000000fd87500000)]
  0x000002ddf7751040 JavaThread "Unconstrained build operations Thread 17" [_thread_blocked, id=12016, stack(0x000000fd87500000,0x000000fd87600000)]
  0x000002ddf7756210 JavaThread "Unconstrained build operations Thread 18" [_thread_blocked, id=21648, stack(0x000000fd87600000,0x000000fd87700000)]
  0x000002ddf7752850 JavaThread "Unconstrained build operations Thread 19" [_thread_blocked, id=15796, stack(0x000000fd87700000,0x000000fd87800000)]
  0x000002ddf7754060 JavaThread "Unconstrained build operations Thread 20" [_thread_blocked, id=12692, stack(0x000000fd87800000,0x000000fd87900000)]
  0x000002ddf7751510 JavaThread "Unconstrained build operations Thread 21" [_thread_blocked, id=16464, stack(0x000000fd87900000,0x000000fd87a00000)]
  0x000002ddf77519e0 JavaThread "Unconstrained build operations Thread 22" [_thread_blocked, id=19712, stack(0x000000fd87a00000,0x000000fd87b00000)]
  0x000002ddf7751eb0 JavaThread "Unconstrained build operations Thread 23" [_thread_blocked, id=22884, stack(0x000000fd87b00000,0x000000fd87c00000)]
  0x000002ddf77536c0 JavaThread "Unconstrained build operations Thread 24" [_thread_blocked, id=23596, stack(0x000000fd87c00000,0x000000fd87d00000)]
  0x000002ddf77566e0 JavaThread "Unconstrained build operations Thread 25" [_thread_blocked, id=17308, stack(0x000000fd87d00000,0x000000fd87e00000)]
  0x000002ddf7754530 JavaThread "Unconstrained build operations Thread 26" [_thread_blocked, id=19964, stack(0x000000fd87e00000,0x000000fd87f00000)]
  0x000002ddf7756bb0 JavaThread "Unconstrained build operations Thread 27" [_thread_blocked, id=18576, stack(0x000000fd87f00000,0x000000fd88000000)]
  0x000002ddf7752380 JavaThread "Unconstrained build operations Thread 28" [_thread_blocked, id=24188, stack(0x000000fd88000000,0x000000fd88100000)]
  0x000002ddf7752d20 JavaThread "Unconstrained build operations Thread 29" [_thread_blocked, id=11236, stack(0x000000fd88100000,0x000000fd88200000)]
  0x000002ddf7757a20 JavaThread "Unconstrained build operations Thread 30" [_thread_blocked, id=25264, stack(0x000000fd88200000,0x000000fd88300000)]
  0x000002ddf7754ed0 JavaThread "Unconstrained build operations Thread 31" [_thread_blocked, id=13564, stack(0x000000fd88300000,0x000000fd88400000)]
  0x000002ddf77553a0 JavaThread "Unconstrained build operations Thread 32" [_thread_blocked, id=1312, stack(0x000000fd88400000,0x000000fd88500000)]
  0x000002ddf7757080 JavaThread "Unconstrained build operations Thread 33" [_thread_blocked, id=7388, stack(0x000000fd88500000,0x000000fd88600000)]
  0x000002ddf7753b90 JavaThread "Unconstrained build operations Thread 34" [_thread_blocked, id=2976, stack(0x000000fd88600000,0x000000fd88700000)]
  0x000002ddf77531f0 JavaThread "Unconstrained build operations Thread 35" [_thread_blocked, id=5784, stack(0x000000fd88700000,0x000000fd88800000)]
  0x000002ddf4e61f50 JavaThread "Unconstrained build operations Thread 36" [_thread_blocked, id=25220, stack(0x000000fd88800000,0x000000fd88900000)]
  0x000002ddf4e610e0 JavaThread "Unconstrained build operations Thread 37" [_thread_blocked, id=23836, stack(0x000000fd88900000,0x000000fd88a00000)]
  0x000002ddf4e615b0 JavaThread "Unconstrained build operations Thread 38" [_thread_blocked, id=2912, stack(0x000000fd88a00000,0x000000fd88b00000)]
  0x000002ddf4e62420 JavaThread "Unconstrained build operations Thread 39" [_thread_blocked, id=5228, stack(0x000000fd88b00000,0x000000fd88c00000)]
  0x000002ddf4e5e590 JavaThread "Unconstrained build operations Thread 40" [_thread_blocked, id=18972, stack(0x000000fd88c00000,0x000000fd88d00000)]
  0x000002ddf4e63c30 JavaThread "Unconstrained build operations Thread 41" [_thread_blocked, id=4856, stack(0x000000fd88d00000,0x000000fd88e00000)]
  0x000002ddf4e61a80 JavaThread "Unconstrained build operations Thread 42" [_thread_blocked, id=21156, stack(0x000000fd88e00000,0x000000fd88f00000)]
  0x000002ddf4e64f70 JavaThread "Unconstrained build operations Thread 43" [_thread_blocked, id=12716, stack(0x000000fd88f00000,0x000000fd89000000)]
  0x000002ddf4e60270 JavaThread "Unconstrained build operations Thread 44" [_thread_blocked, id=12032, stack(0x000000fd89000000,0x000000fd89100000)]
  0x000002ddf4e5ea60 JavaThread "Unconstrained build operations Thread 45" [_thread_blocked, id=4376, stack(0x000000fd89100000,0x000000fd89200000)]
  0x000002ddf4e64100 JavaThread "Unconstrained build operations Thread 46" [_thread_blocked, id=23972, stack(0x000000fd89200000,0x000000fd89300000)]
  0x000002ddf4e628f0 JavaThread "Unconstrained build operations Thread 47" [_thread_blocked, id=23580, stack(0x000000fd89300000,0x000000fd89400000)]
  0x000002ddf4e62dc0 JavaThread "Unconstrained build operations Thread 48" [_thread_blocked, id=1924, stack(0x000000fd89400000,0x000000fd89500000)]
  0x000002ddf4e63290 JavaThread "Unconstrained build operations Thread 49" [_thread_blocked, id=24200, stack(0x000000fd89500000,0x000000fd89600000)]
  0x000002ddf4e63760 JavaThread "Unconstrained build operations Thread 50" [_thread_blocked, id=10748, stack(0x000000fd89600000,0x000000fd89700000)]
  0x000002ddf4e645d0 JavaThread "Unconstrained build operations Thread 51" [_thread_blocked, id=5968, stack(0x000000fd89700000,0x000000fd89800000)]
  0x000002ddf4e64aa0 JavaThread "Unconstrained build operations Thread 52" [_thread_blocked, id=21448, stack(0x000000fd89800000,0x000000fd89900000)]
  0x000002ddf4e60c10 JavaThread "Unconstrained build operations Thread 53" [_thread_blocked, id=25128, stack(0x000000fd89900000,0x000000fd89a00000)]
  0x000002ddf4e60740 JavaThread "Unconstrained build operations Thread 54" [_thread_blocked, id=2640, stack(0x000000fd89a00000,0x000000fd89b00000)]
  0x000002ddf4e65440 JavaThread "Unconstrained build operations Thread 55" [_thread_blocked, id=23184, stack(0x000000fd89b00000,0x000000fd89c00000)]
  0x000002ddf4e65910 JavaThread "Unconstrained build operations Thread 56" [_thread_blocked, id=24368, stack(0x000000fd89c00000,0x000000fd89d00000)]
  0x000002ddf4e5ef30 JavaThread "Unconstrained build operations Thread 57" [_thread_blocked, id=24040, stack(0x000000fd89d00000,0x000000fd89e00000)]
  0x000002ddf4e65de0 JavaThread "Unconstrained build operations Thread 58" [_thread_blocked, id=21164, stack(0x000000fd89e00000,0x000000fd89f00000)]
  0x000002ddf4e5f400 JavaThread "Unconstrained build operations Thread 59" [_thread_blocked, id=13584, stack(0x000000fd89f00000,0x000000fd8a000000)]
  0x000002ddf4e5f8d0 JavaThread "Unconstrained build operations Thread 60" [_thread_blocked, id=21200, stack(0x000000fd8a000000,0x000000fd8a100000)]
  0x000002ddf4e5fda0 JavaThread "Unconstrained build operations Thread 61" [_thread_blocked, id=21080, stack(0x000000fd8a100000,0x000000fd8a200000)]
  0x000002ddf8287960 JavaThread "Unconstrained build operations Thread 62" [_thread_blocked, id=25148, stack(0x000000fd8a200000,0x000000fd8a300000)]
  0x000002ddf8283130 JavaThread "Unconstrained build operations Thread 63" [_thread_blocked, id=22684, stack(0x000000fd8a300000,0x000000fd8a400000)]
  0x000002ddf8286fc0 JavaThread "Unconstrained build operations Thread 64" [_thread_blocked, id=25204, stack(0x000000fd8a400000,0x000000fd8a500000)]
  0x000002ddf82857b0 JavaThread "Unconstrained build operations Thread 65" [_thread_blocked, id=24572, stack(0x000000fd8a500000,0x000000fd8a600000)]
  0x000002ddf82852e0 JavaThread "Unconstrained build operations Thread 66" [_thread_blocked, id=18040, stack(0x000000fd8a600000,0x000000fd8a700000)]
  0x000002ddf8286620 JavaThread "Unconstrained build operations Thread 67" [_thread_blocked, id=20420, stack(0x000000fd8a700000,0x000000fd8a800000)]
  0x000002ddf82887d0 JavaThread "Unconstrained build operations Thread 68" [_thread_blocked, id=11144, stack(0x000000fd8a800000,0x000000fd8a900000)]
  0x000002ddf8287490 JavaThread "Unconstrained build operations Thread 69" [_thread_blocked, id=10916, stack(0x000000fd8a900000,0x000000fd8aa00000)]
  0x000002ddf8285c80 JavaThread "Unconstrained build operations Thread 70" [_thread_blocked, id=21260, stack(0x000000fd8aa00000,0x000000fd8ab00000)]
  0x000002ddf8286af0 JavaThread "Unconstrained build operations Thread 71" [_thread_blocked, id=14396, stack(0x000000fd8ab00000,0x000000fd8ac00000)]
  0x000002ddf8288300 JavaThread "Unconstrained build operations Thread 72" [_thread_blocked, id=4292, stack(0x000000fd8ac00000,0x000000fd8ad00000)]
  0x000002ddf8284940 JavaThread "Unconstrained build operations Thread 73" [_thread_blocked, id=23368, stack(0x000000fd8ad00000,0x000000fd8ae00000)]
  0x000002ddf8281450 JavaThread "Unconstrained build operations Thread 74" [_thread_blocked, id=25272, stack(0x000000fd8ae00000,0x000000fd8af00000)]
  0x000002ddf8286150 JavaThread "Unconstrained build operations Thread 75" [_thread_blocked, id=19332, stack(0x000000fd8af00000,0x000000fd8b000000)]
  0x000002ddf8281920 JavaThread "Unconstrained build operations Thread 76" [_thread_blocked, id=6800, stack(0x000000fd8b000000,0x000000fd8b100000)]
  0x000002ddf8280f80 JavaThread "Unconstrained build operations Thread 77" [_thread_blocked, id=18684, stack(0x000000fd8b100000,0x000000fd8b200000)]
  0x000002ddf8281df0 JavaThread "Unconstrained build operations Thread 78" [_thread_blocked, id=19092, stack(0x000000fd8b200000,0x000000fd8b300000)]
  0x000002ddf8284e10 JavaThread "Unconstrained build operations Thread 79" [_thread_blocked, id=23724, stack(0x000000fd8b300000,0x000000fd8b400000)]
  0x000002ddf8287e30 JavaThread "Unconstrained build operations Thread 80" [_thread_blocked, id=21288, stack(0x000000fd8b400000,0x000000fd8b500000)]
  0x000002ddf82822c0 JavaThread "Unconstrained build operations Thread 81" [_thread_blocked, id=25176, stack(0x000000fd8b500000,0x000000fd8b600000)]
  0x000002ddf8282790 JavaThread "Unconstrained build operations Thread 82" [_thread_blocked, id=19704, stack(0x000000fd8b600000,0x000000fd8b700000)]
  0x000002ddf8282c60 JavaThread "Unconstrained build operations Thread 83" [_thread_blocked, id=22328, stack(0x000000fd8b700000,0x000000fd8b800000)]
  0x000002ddf8283600 JavaThread "Unconstrained build operations Thread 84" [_thread_blocked, id=12236, stack(0x000000fd8b800000,0x000000fd8b900000)]
  0x000002ddf8283ad0 JavaThread "Unconstrained build operations Thread 85" [_thread_blocked, id=20820, stack(0x000000fd8b900000,0x000000fd8ba00000)]
  0x000002ddf8283fa0 JavaThread "Unconstrained build operations Thread 86" [_thread_blocked, id=11672, stack(0x000000fd8ba00000,0x000000fd8bb00000)]
  0x000002ddf8284470 JavaThread "Unconstrained build operations Thread 87" [_thread_blocked, id=22632, stack(0x000000fd8bb00000,0x000000fd8bc00000)]
  0x000002ddf7057a30 JavaThread "Unconstrained build operations Thread 88" [_thread_blocked, id=18424, stack(0x000000fd8bc00000,0x000000fd8bd00000)]
  0x000002ddf7057560 JavaThread "Unconstrained build operations Thread 89" [_thread_blocked, id=25196, stack(0x000000fd8bd00000,0x000000fd8be00000)]
  0x000002ddf7057090 JavaThread "Unconstrained build operations Thread 90" [_thread_blocked, id=25580, stack(0x000000fd8be00000,0x000000fd8bf00000)]
  0x000002ddf70506b0 JavaThread "Unconstrained build operations Thread 91" [_thread_blocked, id=11828, stack(0x000000fd8bf00000,0x000000fd8c000000)]
  0x000002ddf70501e0 JavaThread "Unconstrained build operations Thread 92" [_thread_blocked, id=23644, stack(0x000000fd8c000000,0x000000fd8c100000)]
  0x000002ddf70536d0 JavaThread "Unconstrained build operations Thread 93" [_thread_blocked, id=18184, stack(0x000000fd8c100000,0x000000fd8c200000)]
  0x000002ddf7056bc0 JavaThread "Unconstrained build operations Thread 94" [_thread_blocked, id=17612, stack(0x000000fd8c200000,0x000000fd8c300000)]
  0x000002ddf7051ec0 JavaThread "Unconstrained build operations Thread 95" [_thread_blocked, id=25012, stack(0x000000fd8c300000,0x000000fd8c400000)]
  0x000002ddf7050b80 JavaThread "Unconstrained build operations Thread 96" [_thread_blocked, id=22852, stack(0x000000fd8c400000,0x000000fd8c500000)]
  0x000002ddf7052390 JavaThread "Unconstrained build operations Thread 97" [_thread_blocked, id=25444, stack(0x000000fd8c500000,0x000000fd8c600000)]
  0x000002ddf7052860 JavaThread "Unconstrained build operations Thread 98" [_thread_blocked, id=12528, stack(0x000000fd8c600000,0x000000fd8c700000)]
  0x000002ddf7051050 JavaThread "Unconstrained build operations Thread 99" [_thread_blocked, id=4732, stack(0x000000fd8c700000,0x000000fd8c800000)]
  0x000002ddf7051520 JavaThread "Unconstrained build operations Thread 100" [_thread_blocked, id=25460, stack(0x000000fd8c800000,0x000000fd8c900000)]
  0x000002ddf7054070 JavaThread "Unconstrained build operations Thread 101" [_thread_blocked, id=9680, stack(0x000000fd8c900000,0x000000fd8ca00000)]
  0x000002ddf7052d30 JavaThread "Unconstrained build operations Thread 102" [_thread_blocked, id=24732, stack(0x000000fd8ca00000,0x000000fd8cb00000)]
  0x000002ddf7054540 JavaThread "Unconstrained build operations Thread 103" [_thread_blocked, id=7908, stack(0x000000fd8cb00000,0x000000fd8cc00000)]
  0x000002ddf70519f0 JavaThread "Unconstrained build operations Thread 104" [_thread_blocked, id=2464, stack(0x000000fd8cc00000,0x000000fd8cd00000)]
  0x000002ddf70566f0 JavaThread "Unconstrained build operations Thread 105" [_thread_blocked, id=15936, stack(0x000000fd8cd00000,0x000000fd8ce00000)]
  0x000002ddf7053200 JavaThread "Unconstrained build operations Thread 106" [_thread_blocked, id=8284, stack(0x000000fd8ce00000,0x000000fd8cf00000)]
  0x000002ddf7053ba0 JavaThread "Unconstrained build operations Thread 107" [_thread_blocked, id=18532, stack(0x000000fd8cf00000,0x000000fd8d000000)]
  0x000002ddf7054a10 JavaThread "Unconstrained build operations Thread 108" [_thread_blocked, id=20040, stack(0x000000fd8d000000,0x000000fd8d100000)]
  0x000002ddf70553b0 JavaThread "Unconstrained build operations Thread 109" [_thread_blocked, id=7768, stack(0x000000fd8d100000,0x000000fd8d200000)]
  0x000002ddf7054ee0 JavaThread "Unconstrained build operations Thread 110" [_thread_blocked, id=22724, stack(0x000000fd8d200000,0x000000fd8d300000)]
  0x000002ddf7055880 JavaThread "Unconstrained build operations Thread 111" [_thread_blocked, id=20588, stack(0x000000fd8d300000,0x000000fd8d400000)]
  0x000002ddf7055d50 JavaThread "Unconstrained build operations Thread 112" [_thread_blocked, id=9540, stack(0x000000fd8d400000,0x000000fd8d500000)]
  0x000002ddf7056220 JavaThread "Unconstrained build operations Thread 113" [_thread_blocked, id=14964, stack(0x000000fd8d500000,0x000000fd8d600000)]
  0x000002ddf4e440d0 JavaThread "Unconstrained build operations Thread 114" [_thread_blocked, id=9916, stack(0x000000fd8d600000,0x000000fd8d700000)]
  0x000002ddf4e3f8a0 JavaThread "Unconstrained build operations Thread 115" [_thread_blocked, id=5256, stack(0x000000fd8d700000,0x000000fd8d800000)]
  0x000002ddf4e43730 JavaThread "Unconstrained build operations Thread 116" [_thread_blocked, id=23556, stack(0x000000fd8d800000,0x000000fd8d900000)]
  0x000002ddf4e44f40 JavaThread "Unconstrained build operations Thread 117" [_thread_blocked, id=23068, stack(0x000000fd8d900000,0x000000fd8da00000)]
  0x000002ddf4e3e560 JavaThread "Unconstrained build operations Thread 118" [_thread_blocked, id=1848, stack(0x000000fd8da00000,0x000000fd8db00000)]
  0x000002ddf4e45410 JavaThread "Unconstrained build operations Thread 119" [_thread_blocked, id=24000, stack(0x000000fd8db00000,0x000000fd8dc00000)]
  0x000002ddf4e3ef00 JavaThread "Unconstrained build operations Thread 120" [_thread_blocked, id=16672, stack(0x000000fd8dc00000,0x000000fd8dd00000)]
  0x000002ddf4e458e0 JavaThread "jar transforms Thread 6" [_thread_blocked, id=24648, stack(0x000000fd8dd00000,0x000000fd8de00000)]
  0x000002ddf4e43c00 JavaThread "jar transforms Thread 7" [_thread_blocked, id=2300, stack(0x000000fd8de00000,0x000000fd8df00000)]
  0x000002ddf4e40710 JavaThread "jar transforms Thread 8" [_thread_blocked, id=3392, stack(0x000000fd8df00000,0x000000fd8e000000)]
  0x000002ddf4e45db0 JavaThread "jar transforms Thread 9" [_thread_blocked, id=9140, stack(0x000000fd8e000000,0x000000fd8e100000)]
  0x000002ddf4e3ea30 JavaThread "jar transforms Thread 10" [_thread_blocked, id=15388, stack(0x000000fd8e100000,0x000000fd8e200000)]
  0x000002ddf4e43260 JavaThread "jar transforms Thread 11" [_thread_blocked, id=25568, stack(0x000000fd8e200000,0x000000fd8e300000)]
  0x000002ddf4e40be0 JavaThread "jar transforms Thread 12" [_thread_blocked, id=11500, stack(0x000000fd8e300000,0x000000fd8e400000)]
  0x000002ddf4e40240 JavaThread "build event listener" [_thread_blocked, id=24936, stack(0x000000fd8e400000,0x000000fd8e500000)]
  0x000002ddf4e445a0 JavaThread "Memory manager" [_thread_blocked, id=19960, stack(0x000000fd8e500000,0x000000fd8e600000)]
  0x000002ddf4e3f3d0 JavaThread "build event listener" [_thread_blocked, id=24124, stack(0x000000fd8e600000,0x000000fd8e700000)]
  0x000002ddf4e41f20 JavaThread "build event listener" [_thread_blocked, id=24892, stack(0x000000fd8e700000,0x000000fd8e800000)]
  0x000002ddf437c900 JavaThread "included builds" [_thread_blocked, id=24736, stack(0x000000fd8e800000,0x000000fd8e900000)]
  0x000002ddf437cdd0 JavaThread "Execution worker" [_thread_blocked, id=23892, stack(0x000000fd8e900000,0x000000fd8ea00000)]
  0x000002ddf437d2a0 JavaThread "Execution worker Thread 2" [_thread_blocked, id=24960, stack(0x000000fd8ea00000,0x000000fd8eb00000)]
  0x000002ddf4380790 JavaThread "Execution worker Thread 3" [_thread_in_native, id=21428, stack(0x000000fd8eb00000,0x000000fd8ec00000)]
  0x000002ddf4380c60 JavaThread "Execution worker Thread 4" [_thread_blocked, id=20012, stack(0x000000fd8ec00000,0x000000fd8ed00000)]
  0x000002ddf437ba90 JavaThread "Execution worker Thread 5" [_thread_blocked, id=18156, stack(0x000000fd8ed00000,0x000000fd8ee00000)]
  0x000002ddf437e110 JavaThread "Execution worker Thread 6" [_thread_blocked, id=25084, stack(0x000000fd8ee00000,0x000000fd8ef00000)]
  0x000002ddf4381130 JavaThread "Execution worker Thread 7" [_thread_blocked, id=25412, stack(0x000000fd8ef00000,0x000000fd8f000000)]
  0x000002ddf4381600 JavaThread "Execution worker Thread 8" [_thread_blocked, id=6520, stack(0x000000fd8f000000,0x000000fd8f100000)]
  0x000002ddf437e5e0 JavaThread "Execution worker Thread 9" [_thread_blocked, id=5648, stack(0x000000fd8f100000,0x000000fd8f200000)]
  0x000002ddf4381ad0 JavaThread "Execution worker Thread 10" [_thread_blocked, id=22240, stack(0x000000fd8f200000,0x000000fd8f300000)]
  0x000002ddf437a280 JavaThread "Execution worker Thread 11" [_thread_blocked, id=3160, stack(0x000000fd8f300000,0x000000fd8f400000)]
  0x000002ddf43802c0 JavaThread "Cache worker for execution history cache (D:\Android\Projects\.gradle\8.0\executionHistory)" [_thread_blocked, id=1324, stack(0x000000fd8f400000,0x000000fd8f500000)]
  0x000002ddfac4d0b0 JavaThread "WorkerExecutor Queue" [_thread_blocked, id=24644, stack(0x000000fd8f500000,0x000000fd8f600000)]
  0x000002ddf273e730 JavaThread "RMI Scheduler(0)" daemon [_thread_blocked, id=2140, stack(0x000000fd83a00000,0x000000fd83b00000)]
  0x000002ddf273e260 JavaThread "RMI RenewClean-[127.0.0.1:17249,org.jetbrains.kotlin.daemon.common.LoopbackNetworkInterface$ClientLoopbackSocketFactory@7bc68bdd]" daemon [_thread_blocked, id=10540, stack(0x000000fd85e00000,0x000000fd85f00000)]
  0x000002ddf273ec00 JavaThread "RMI GC Daemon" daemon [_thread_blocked, id=22996, stack(0x000000fd8f600000,0x000000fd8f700000)]
  0x000002ddfb789f70 JavaThread "RMI TCP Accept-0" daemon [_thread_in_native, id=24228, stack(0x000000fd8f800000,0x000000fd8f900000)]
  0x000002ddfb7895d0 JavaThread "RMI Reaper" [_thread_blocked, id=6708, stack(0x000000fd8f900000,0x000000fd8fa00000)]
  0x000002ddfbafc080 JavaThread "RMI TCP Connection(1)-127.0.0.1" daemon [_thread_in_native, id=15400, stack(0x000000fd8fa00000,0x000000fd8fb00000)]
  0x000002ddf8b1b0b0 JavaThread "C2 CompilerThread1" daemon [_thread_in_native, id=18552, stack(0x000000fd8f700000,0x000000fd8f800000)]

Other Threads:
  0x000002ddf0d2d1c0 VMThread "VM Thread" [stack: 0x000000fd82d00000,0x000000fd82e00000] [id=20368]
  0x000002ddd6b18cc0 WatcherThread [stack: 0x000000fd83900000,0x000000fd83a00000] [id=19040]
  0x000002ddd6aee310 GCTaskThread "GC Thread#0" [stack: 0x000000fd82800000,0x000000fd82900000] [id=7668]
  0x000002ddf293d340 GCTaskThread "GC Thread#1" [stack: 0x000000fd83c00000,0x000000fd83d00000] [id=25376]
  0x000002ddf24b3380 GCTaskThread "GC Thread#2" [stack: 0x000000fd83d00000,0x000000fd83e00000] [id=360]
  0x000002ddf235bca0 GCTaskThread "GC Thread#3" [stack: 0x000000fd83e00000,0x000000fd83f00000] [id=12804]
  0x000002ddf1bacff0 GCTaskThread "GC Thread#4" [stack: 0x000000fd83f00000,0x000000fd84000000] [id=20108]
  0x000002ddf2930de0 GCTaskThread "GC Thread#5" [stack: 0x000000fd84a00000,0x000000fd84b00000] [id=6492]
  0x000002ddf3166a60 GCTaskThread "GC Thread#6" [stack: 0x000000fd84b00000,0x000000fd84c00000] [id=1948]
  0x000002ddf3166d10 GCTaskThread "GC Thread#7" [stack: 0x000000fd84c00000,0x000000fd84d00000] [id=24412]
  0x000002ddf3cd3a50 GCTaskThread "GC Thread#8" [stack: 0x000000fd84d00000,0x000000fd84e00000] [id=25420]
  0x000002ddf4c76810 GCTaskThread "GC Thread#9" [stack: 0x000000fd84e00000,0x000000fd84f00000] [id=21860]
  0x000002ddd6aff250 ConcurrentGCThread "G1 Main Marker" [stack: 0x000000fd82900000,0x000000fd82a00000] [id=3784]
  0x000002ddd6b00400 ConcurrentGCThread "G1 Conc#0" [stack: 0x000000fd82a00000,0x000000fd82b00000] [id=24240]
  0x000002ddf48ab1c0 ConcurrentGCThread "G1 Conc#1" [stack: 0x000000fd84f00000,0x000000fd85000000] [id=7632]
  0x000002ddf48aa700 ConcurrentGCThread "G1 Conc#2" [stack: 0x000000fd85000000,0x000000fd85100000] [id=18588]
  0x000002ddf0b824c0 ConcurrentGCThread "G1 Refine#0" [stack: 0x000000fd82b00000,0x000000fd82c00000] [id=9464]
  0x000002ddf6defc90 ConcurrentGCThread "G1 Refine#1" [stack: 0x000000fd85400000,0x000000fd85500000] [id=2740]
  0x000002ddf0b82ee0 ConcurrentGCThread "G1 Service" [stack: 0x000000fd82c00000,0x000000fd82d00000] [id=15708]

Threads with active compile tasks:
C2 CompilerThread0    16478 12299       4       org.gradle.cache.internal.btree.FreeListBlockStore::read (12 bytes)
C2 CompilerThread1    16478 12298       4       org.gradle.cache.internal.btree.CachingBlockStore::read (56 bytes)

VM state: not at safepoint (normal execution)

VM Mutex/Monitor currently owned by a thread: None

Heap address: 0x0000000080000000, size: 2048 MB, Compressed Oops mode: 32-bit

CDS archive(s) not mapped
Compressed class space mapped at: 0x0000000100000000-0x0000000140000000, reserved size: 1073741824
Narrow klass base: 0x0000000000000000, Narrow klass shift: 3, Narrow klass range: 0x140000000

GC Precious Log:
 CPUs: 12 total, 12 available
 Memory: 7521M
 Large Page Support: Disabled
 NUMA Support: Disabled
 Compressed Oops: Enabled (32-bit)
 Heap Region Size: 1M
 Heap Min Capacity: 8M
 Heap Initial Capacity: 118M
 Heap Max Capacity: 2G
 Pre-touch: Disabled
 Parallel Workers: 10
 Concurrent Workers: 3
 Concurrent Refinement Workers: 10
 Periodic GC: Disabled

Heap:
 garbage-first heap   total 186368K, used 116273K [0x0000000080000000, 0x0000000100000000)
  region size 1024K, 20 young (20480K), 3 survivors (3072K)
 Metaspace       used 101321K, committed 102080K, reserved 1138688K
  class space    used 14015K, committed 14400K, reserved 1048576K

Heap Regions: E=young(eden), S=young(survivor), O=old, HS=humongous(starts), HC=humongous(continues), CS=collection set, F=free, OA=open archive, CA=closed archive, TAMS=top-at-mark-start (previous, next)
|   0|0x0000000080000000, 0x0000000080100000, 0x0000000080100000|100%|HS|  |TAMS 0x0000000080100000, 0x0000000080000000| Complete 
|   1|0x0000000080100000, 0x0000000080200000, 0x0000000080200000|100%|HC|  |TAMS 0x0000000080200000, 0x0000000080100000| Complete 
|   2|0x0000000080200000, 0x0000000080300000, 0x0000000080300000|100%|HC|  |TAMS 0x0000000080300000, 0x0000000080200000| Complete 
|   3|0x0000000080300000, 0x0000000080400000, 0x0000000080400000|100%|HC|  |TAMS 0x0000000080400000, 0x0000000080300000| Complete 
|   4|0x0000000080400000, 0x0000000080500000, 0x0000000080500000|100%| O|  |TAMS 0x0000000080500000, 0x0000000080400000| Untracked 
|   5|0x0000000080500000, 0x0000000080600000, 0x0000000080600000|100%| O|  |TAMS 0x0000000080600000, 0x0000000080500000| Untracked 
|   6|0x0000000080600000, 0x0000000080700000, 0x0000000080700000|100%| O|  |TAMS 0x0000000080700000, 0x0000000080600000| Untracked 
|   7|0x0000000080700000, 0x0000000080800000, 0x0000000080800000|100%| O|  |TAMS 0x0000000080800000, 0x0000000080700000| Untracked 
|   8|0x0000000080800000, 0x0000000080900000, 0x0000000080900000|100%| O|  |TAMS 0x0000000080900000, 0x0000000080800000| Untracked 
|   9|0x0000000080900000, 0x0000000080a00000, 0x0000000080a00000|100%| O|  |TAMS 0x0000000080a00000, 0x0000000080900000| Untracked 
|  10|0x0000000080a00000, 0x0000000080b00000, 0x0000000080b00000|100%| O|  |TAMS 0x0000000080b00000, 0x0000000080a00000| Untracked 
|  11|0x0000000080b00000, 0x0000000080c00000, 0x0000000080c00000|100%| O|  |TAMS 0x0000000080c00000, 0x0000000080b00000| Untracked 
|  12|0x0000000080c00000, 0x0000000080d00000, 0x0000000080d00000|100%| O|  |TAMS 0x0000000080d00000, 0x0000000080c00000| Untracked 
|  13|0x0000000080d00000, 0x0000000080e00000, 0x0000000080e00000|100%| O|  |TAMS 0x0000000080e00000, 0x0000000080d00000| Untracked 
|  14|0x0000000080e00000, 0x0000000080f00000, 0x0000000080f00000|100%| O|  |TAMS 0x0000000080f00000, 0x0000000080e00000| Untracked 
|  15|0x0000000080f00000, 0x0000000081000000, 0x0000000081000000|100%| O|  |TAMS 0x0000000081000000, 0x0000000080f00000| Untracked 
|  16|0x0000000081000000, 0x0000000081100000, 0x0000000081100000|100%| O|  |TAMS 0x0000000081100000, 0x0000000081000000| Untracked 
|  17|0x0000000081100000, 0x0000000081200000, 0x0000000081200000|100%| O|  |TAMS 0x0000000081200000, 0x0000000081100000| Untracked 
|  18|0x0000000081200000, 0x0000000081300000, 0x0000000081300000|100%| O|  |TAMS 0x0000000081300000, 0x0000000081200000| Untracked 
|  19|0x0000000081300000, 0x0000000081400000, 0x0000000081400000|100%| O|  |TAMS 0x0000000081400000, 0x0000000081300000| Untracked 
|  20|0x0000000081400000, 0x0000000081500000, 0x0000000081500000|100%| O|  |TAMS 0x0000000081500000, 0x0000000081400000| Untracked 
|  21|0x0000000081500000, 0x0000000081600000, 0x0000000081600000|100%| O|  |TAMS 0x0000000081600000, 0x0000000081500000| Untracked 
|  22|0x0000000081600000, 0x0000000081700000, 0x0000000081700000|100%| O|  |TAMS 0x0000000081700000, 0x0000000081600000| Untracked 
|  23|0x0000000081700000, 0x0000000081800000, 0x0000000081800000|100%| O|  |TAMS 0x0000000081800000, 0x0000000081700000| Untracked 
|  24|0x0000000081800000, 0x0000000081900000, 0x0000000081900000|100%| O|  |TAMS 0x0000000081900000, 0x0000000081800000| Untracked 
|  25|0x0000000081900000, 0x0000000081a00000, 0x0000000081a00000|100%| O|  |TAMS 0x0000000081a00000, 0x0000000081900000| Untracked 
|  26|0x0000000081a00000, 0x0000000081b00000, 0x0000000081b00000|100%| O|  |TAMS 0x0000000081b00000, 0x0000000081a00000| Untracked 
|  27|0x0000000081b00000, 0x0000000081c00000, 0x0000000081c00000|100%| O|  |TAMS 0x0000000081c00000, 0x0000000081b00000| Untracked 
|  28|0x0000000081c00000, 0x0000000081d00000, 0x0000000081d00000|100%| O|  |TAMS 0x0000000081d00000, 0x0000000081c00000| Untracked 
|  29|0x0000000081d00000, 0x0000000081e00000, 0x0000000081e00000|100%| O|  |TAMS 0x0000000081e00000, 0x0000000081d00000| Untracked 
|  30|0x0000000081e00000, 0x0000000081f00000, 0x0000000081f00000|100%|HS|  |TAMS 0x0000000081f00000, 0x0000000081e00000| Complete 
|  31|0x0000000081f00000, 0x0000000082000000, 0x0000000082000000|100%|HS|  |TAMS 0x0000000082000000, 0x0000000081f00000| Complete 
|  32|0x0000000082000000, 0x0000000082100000, 0x0000000082100000|100%|HS|  |TAMS 0x0000000082100000, 0x0000000082000000| Complete 
|  33|0x0000000082100000, 0x0000000082200000, 0x0000000082200000|100%|HC|  |TAMS 0x0000000082200000, 0x0000000082100000| Complete 
|  34|0x0000000082200000, 0x0000000082300000, 0x0000000082300000|100%|HS|  |TAMS 0x0000000082300000, 0x0000000082200000| Complete 
|  35|0x0000000082300000, 0x0000000082400000, 0x0000000082400000|100%|HS|  |TAMS 0x0000000082400000, 0x0000000082300000| Complete 
|  36|0x0000000082400000, 0x0000000082500000, 0x0000000082500000|100%|HC|  |TAMS 0x0000000082500000, 0x0000000082400000| Complete 
|  37|0x0000000082500000, 0x0000000082600000, 0x0000000082600000|100%|HC|  |TAMS 0x0000000082600000, 0x0000000082500000| Complete 
|  38|0x0000000082600000, 0x0000000082700000, 0x0000000082700000|100%|HC|  |TAMS 0x0000000082700000, 0x0000000082600000| Complete 
|  39|0x0000000082700000, 0x0000000082800000, 0x0000000082800000|100%| O|  |TAMS 0x0000000082800000, 0x0000000082700000| Untracked 
|  40|0x0000000082800000, 0x0000000082900000, 0x0000000082900000|100%| O|  |TAMS 0x0000000082900000, 0x0000000082800000| Untracked 
|  41|0x0000000082900000, 0x0000000082a00000, 0x0000000082a00000|100%| O|  |TAMS 0x0000000082a00000, 0x0000000082900000| Untracked 
|  42|0x0000000082a00000, 0x0000000082b00000, 0x0000000082b00000|100%| O|  |TAMS 0x0000000082b00000, 0x0000000082a00000| Untracked 
|  43|0x0000000082b00000, 0x0000000082b00000, 0x0000000082c00000|  0%| F|  |TAMS 0x0000000082b00000, 0x0000000082b00000| Untracked 
|  44|0x0000000082c00000, 0x0000000082d00000, 0x0000000082d00000|100%| O|  |TAMS 0x0000000082d00000, 0x0000000082c00000| Untracked 
|  45|0x0000000082d00000, 0x0000000082e00000, 0x0000000082e00000|100%| O|  |TAMS 0x0000000082e00000, 0x0000000082d00000| Untracked 
|  46|0x0000000082e00000, 0x0000000082f00000, 0x0000000082f00000|100%| O|  |TAMS 0x0000000082f00000, 0x0000000082e00000| Untracked 
|  47|0x0000000082f00000, 0x0000000083000000, 0x0000000083000000|100%| O|  |TAMS 0x0000000083000000, 0x0000000082f00000| Untracked 
|  48|0x0000000083000000, 0x0000000083100000, 0x0000000083100000|100%| O|  |TAMS 0x0000000083100000, 0x0000000083000000| Untracked 
|  49|0x0000000083100000, 0x0000000083200000, 0x0000000083200000|100%| O|  |TAMS 0x0000000083200000, 0x0000000083100000| Untracked 
|  50|0x0000000083200000, 0x0000000083300000, 0x0000000083300000|100%| O|  |TAMS 0x0000000083300000, 0x0000000083200000| Untracked 
|  51|0x0000000083300000, 0x0000000083400000, 0x0000000083400000|100%| O|  |TAMS 0x0000000083400000, 0x0000000083300000| Untracked 
|  52|0x0000000083400000, 0x0000000083500000, 0x0000000083500000|100%| O|  |TAMS 0x0000000083500000, 0x0000000083400000| Untracked 
|  53|0x0000000083500000, 0x0000000083600000, 0x0000000083600000|100%| O|  |TAMS 0x0000000083600000, 0x0000000083500000| Untracked 
|  54|0x0000000083600000, 0x0000000083700000, 0x0000000083700000|100%| O|  |TAMS 0x0000000083700000, 0x0000000083600000| Untracked 
|  55|0x0000000083700000, 0x0000000083800000, 0x0000000083800000|100%| O|  |TAMS 0x0000000083800000, 0x0000000083700000| Untracked 
|  56|0x0000000083800000, 0x0000000083900000, 0x0000000083900000|100%| O|  |TAMS 0x0000000083900000, 0x0000000083800000| Untracked 
|  57|0x0000000083900000, 0x0000000083a00000, 0x0000000083a00000|100%| O|  |TAMS 0x0000000083a00000, 0x0000000083900000| Untracked 
|  58|0x0000000083a00000, 0x0000000083b00000, 0x0000000083b00000|100%| O|  |TAMS 0x0000000083b00000, 0x0000000083a00000| Untracked 
|  59|0x0000000083b00000, 0x0000000083c00000, 0x0000000083c00000|100%| O|  |TAMS 0x0000000083c00000, 0x0000000083b00000| Untracked 
|  60|0x0000000083c00000, 0x0000000083d00000, 0x0000000083d00000|100%| O|  |TAMS 0x0000000083d00000, 0x0000000083c00000| Untracked 
|  61|0x0000000083d00000, 0x0000000083e00000, 0x0000000083e00000|100%| O|  |TAMS 0x0000000083e00000, 0x0000000083d00000| Untracked 
|  62|0x0000000083e00000, 0x0000000083f00000, 0x0000000083f00000|100%| O|  |TAMS 0x0000000083f00000, 0x0000000083e00000| Untracked 
|  63|0x0000000083f00000, 0x0000000084000000, 0x0000000084000000|100%| O|  |TAMS 0x0000000084000000, 0x0000000083f00000| Untracked 
|  64|0x0000000084000000, 0x0000000084100000, 0x0000000084100000|100%| O|  |TAMS 0x0000000084100000, 0x0000000084000000| Untracked 
|  65|0x0000000084100000, 0x0000000084200000, 0x0000000084200000|100%| O|  |TAMS 0x0000000084200000, 0x0000000084100000| Untracked 
|  66|0x0000000084200000, 0x0000000084300000, 0x0000000084300000|100%| O|  |TAMS 0x0000000084300000, 0x0000000084200000| Untracked 
|  67|0x0000000084300000, 0x0000000084400000, 0x0000000084400000|100%| O|  |TAMS 0x0000000084400000, 0x0000000084300000| Untracked 
|  68|0x0000000084400000, 0x0000000084500000, 0x0000000084500000|100%| O|  |TAMS 0x0000000084500000, 0x0000000084400000| Untracked 
|  69|0x0000000084500000, 0x0000000084600000, 0x0000000084600000|100%| O|  |TAMS 0x0000000084600000, 0x0000000084500000| Untracked 
|  70|0x0000000084600000, 0x0000000084700000, 0x0000000084700000|100%| O|  |TAMS 0x0000000084700000, 0x0000000084600000| Untracked 
|  71|0x0000000084700000, 0x0000000084800000, 0x0000000084800000|100%| O|  |TAMS 0x0000000084800000, 0x0000000084700000| Untracked 
|  72|0x0000000084800000, 0x0000000084900000, 0x0000000084900000|100%| O|  |TAMS 0x0000000084900000, 0x0000000084800000| Untracked 
|  73|0x0000000084900000, 0x0000000084a00000, 0x0000000084a00000|100%| O|  |TAMS 0x0000000084a00000, 0x0000000084900000| Untracked 
|  74|0x0000000084a00000, 0x0000000084b00000, 0x0000000084b00000|100%| O|  |TAMS 0x0000000084b00000, 0x0000000084a00000| Untracked 
|  75|0x0000000084b00000, 0x0000000084c00000, 0x0000000084c00000|100%| O|  |TAMS 0x0000000084c00000, 0x0000000084b00000| Untracked 
|  76|0x0000000084c00000, 0x0000000084d00000, 0x0000000084d00000|100%| O|  |TAMS 0x0000000084d00000, 0x0000000084c00000| Untracked 
|  77|0x0000000084d00000, 0x0000000084e00000, 0x0000000084e00000|100%| O|  |TAMS 0x0000000084e00000, 0x0000000084d00000| Untracked 
|  78|0x0000000084e00000, 0x0000000084f00000, 0x0000000084f00000|100%| O|  |TAMS 0x0000000084f00000, 0x0000000084e00000| Untracked 
|  79|0x0000000084f00000, 0x0000000085000000, 0x0000000085000000|100%| O|  |TAMS 0x0000000085000000, 0x0000000084f00000| Untracked 
|  80|0x0000000085000000, 0x0000000085100000, 0x0000000085100000|100%| O|  |TAMS 0x0000000085100000, 0x0000000085000000| Untracked 
|  81|0x0000000085100000, 0x0000000085200000, 0x0000000085200000|100%| O|  |TAMS 0x0000000085200000, 0x0000000085100000| Untracked 
|  82|0x0000000085200000, 0x0000000085300000, 0x0000000085300000|100%| O|  |TAMS 0x0000000085300000, 0x0000000085200000| Untracked 
|  83|0x0000000085300000, 0x0000000085400000, 0x0000000085400000|100%| O|  |TAMS 0x0000000085400000, 0x0000000085300000| Untracked 
|  84|0x0000000085400000, 0x0000000085500000, 0x0000000085500000|100%| O|  |TAMS 0x0000000085500000, 0x0000000085400000| Untracked 
|  85|0x0000000085500000, 0x0000000085600000, 0x0000000085600000|100%| O|  |TAMS 0x0000000085600000, 0x0000000085500000| Untracked 
|  86|0x0000000085600000, 0x0000000085700000, 0x0000000085700000|100%| O|  |TAMS 0x0000000085700000, 0x0000000085600000| Untracked 
|  87|0x0000000085700000, 0x0000000085800000, 0x0000000085800000|100%| O|  |TAMS 0x0000000085800000, 0x0000000085700000| Untracked 
|  88|0x0000000085800000, 0x0000000085900000, 0x0000000085900000|100%| O|  |TAMS 0x0000000085900000, 0x0000000085800000| Untracked 
|  89|0x0000000085900000, 0x0000000085a00000, 0x0000000085a00000|100%| O|  |TAMS 0x0000000085a00000, 0x0000000085900000| Complete 
|  90|0x0000000085a00000, 0x0000000085b00000, 0x0000000085b00000|100%| O|  |TAMS 0x0000000085b00000, 0x0000000085a00000| Untracked 
|  91|0x0000000085b00000, 0x0000000085c00000, 0x0000000085c00000|100%| O|  |TAMS 0x0000000085c00000, 0x0000000085b00000| Untracked 
|  92|0x0000000085c00000, 0x0000000085d00000, 0x0000000085d00000|100%| O|  |TAMS 0x0000000085d00000, 0x0000000085c00000| Untracked 
|  93|0x0000000085d00000, 0x0000000085e00000, 0x0000000085e00000|100%| O|  |TAMS 0x0000000085e00000, 0x0000000085d00000| Untracked 
|  94|0x0000000085e00000, 0x0000000085f00000, 0x0000000085f00000|100%| O|  |TAMS 0x0000000085f00000, 0x0000000085e00000| Untracked 
|  95|0x0000000085f00000, 0x0000000086000000, 0x0000000086000000|100%| O|  |TAMS 0x0000000086000000, 0x0000000085f00000| Untracked 
|  96|0x0000000086000000, 0x00000000860b0e00, 0x0000000086100000| 69%| O|  |TAMS 0x00000000860b0e00, 0x0000000086000000| Untracked 
|  97|0x0000000086100000, 0x0000000086100000, 0x0000000086200000|  0%| F|  |TAMS 0x0000000086100000, 0x0000000086100000| Untracked 
|  98|0x0000000086200000, 0x0000000086200000, 0x0000000086300000|  0%| F|  |TAMS 0x0000000086200000, 0x0000000086200000| Untracked 
|  99|0x0000000086300000, 0x0000000086300000, 0x0000000086400000|  0%| F|  |TAMS 0x0000000086300000, 0x0000000086300000| Untracked 
| 100|0x0000000086400000, 0x0000000086400000, 0x0000000086500000|  0%| F|  |TAMS 0x0000000086400000, 0x0000000086400000| Untracked 
| 101|0x0000000086500000, 0x0000000086500000, 0x0000000086600000|  0%| F|  |TAMS 0x0000000086500000, 0x0000000086500000| Untracked 
| 102|0x0000000086600000, 0x0000000086600000, 0x0000000086700000|  0%| F|  |TAMS 0x0000000086600000, 0x0000000086600000| Untracked 
| 103|0x0000000086700000, 0x0000000086700000, 0x0000000086800000|  0%| F|  |TAMS 0x0000000086700000, 0x0000000086700000| Untracked 
| 104|0x0000000086800000, 0x0000000086800000, 0x0000000086900000|  0%| F|  |TAMS 0x0000000086800000, 0x0000000086800000| Untracked 
| 105|0x0000000086900000, 0x0000000086900000, 0x0000000086a00000|  0%| F|  |TAMS 0x0000000086900000, 0x0000000086900000| Untracked 
| 106|0x0000000086a00000, 0x0000000086a00000, 0x0000000086b00000|  0%| F|  |TAMS 0x0000000086a00000, 0x0000000086a00000| Untracked 
| 107|0x0000000086b00000, 0x0000000086b00000, 0x0000000086c00000|  0%| F|  |TAMS 0x0000000086b00000, 0x0000000086b00000| Untracked 
| 108|0x0000000086c00000, 0x0000000086c00000, 0x0000000086d00000|  0%| F|  |TAMS 0x0000000086c00000, 0x0000000086c00000| Untracked 
| 109|0x0000000086d00000, 0x0000000086d00000, 0x0000000086e00000|  0%| F|  |TAMS 0x0000000086d00000, 0x0000000086d00000| Untracked 
| 110|0x0000000086e00000, 0x0000000086e00000, 0x0000000086f00000|  0%| F|  |TAMS 0x0000000086e00000, 0x0000000086e00000| Untracked 
| 111|0x0000000086f00000, 0x0000000086f00000, 0x0000000087000000|  0%| F|  |TAMS 0x0000000086f00000, 0x0000000086f00000| Untracked 
| 112|0x0000000087000000, 0x0000000087000000, 0x0000000087100000|  0%| F|  |TAMS 0x0000000087000000, 0x0000000087000000| Untracked 
| 113|0x0000000087100000, 0x0000000087100000, 0x0000000087200000|  0%| F|  |TAMS 0x0000000087100000, 0x0000000087100000| Untracked 
| 114|0x0000000087200000, 0x0000000087200000, 0x0000000087300000|  0%| F|  |TAMS 0x0000000087200000, 0x0000000087200000| Untracked 
| 115|0x0000000087300000, 0x0000000087300000, 0x0000000087400000|  0%| F|  |TAMS 0x0000000087300000, 0x0000000087300000| Untracked 
| 116|0x0000000087400000, 0x0000000087400000, 0x0000000087500000|  0%| F|  |TAMS 0x0000000087400000, 0x0000000087400000| Untracked 
| 117|0x0000000087500000, 0x0000000087500000, 0x0000000087600000|  0%| F|  |TAMS 0x0000000087500000, 0x0000000087500000| Untracked 
| 118|0x0000000087600000, 0x0000000087600000, 0x0000000087700000|  0%| F|  |TAMS 0x0000000087600000, 0x0000000087600000| Untracked 
| 119|0x0000000087700000, 0x0000000087700000, 0x0000000087800000|  0%| F|  |TAMS 0x0000000087700000, 0x0000000087700000| Untracked 
| 120|0x0000000087800000, 0x0000000087800000, 0x0000000087900000|  0%| F|  |TAMS 0x0000000087800000, 0x0000000087800000| Untracked 
| 121|0x0000000087900000, 0x00000000879db8c0, 0x0000000087a00000| 85%| S|CS|TAMS 0x0000000087900000, 0x0000000087900000| Complete 
| 122|0x0000000087a00000, 0x0000000087b00000, 0x0000000087b00000|100%| S|CS|TAMS 0x0000000087a00000, 0x0000000087a00000| Complete 
| 123|0x0000000087b00000, 0x0000000087c00000, 0x0000000087c00000|100%| S|CS|TAMS 0x0000000087b00000, 0x0000000087b00000| Complete 
| 124|0x0000000087c00000, 0x0000000087c00000, 0x0000000087d00000|  0%| F|  |TAMS 0x0000000087c00000, 0x0000000087c00000| Untracked 
| 125|0x0000000087d00000, 0x0000000087d00000, 0x0000000087e00000|  0%| F|  |TAMS 0x0000000087d00000, 0x0000000087d00000| Untracked 
| 126|0x0000000087e00000, 0x0000000087e00000, 0x0000000087f00000|  0%| F|  |TAMS 0x0000000087e00000, 0x0000000087e00000| Untracked 
| 127|0x0000000087f00000, 0x0000000087f00000, 0x0000000088000000|  0%| F|  |TAMS 0x0000000087f00000, 0x0000000087f00000| Untracked 
| 128|0x0000000088000000, 0x0000000088000000, 0x0000000088100000|  0%| F|  |TAMS 0x0000000088000000, 0x0000000088000000| Untracked 
| 129|0x0000000088100000, 0x0000000088100000, 0x0000000088200000|  0%| F|  |TAMS 0x0000000088100000, 0x0000000088100000| Untracked 
| 130|0x0000000088200000, 0x0000000088200000, 0x0000000088300000|  0%| F|  |TAMS 0x0000000088200000, 0x0000000088200000| Untracked 
| 131|0x0000000088300000, 0x0000000088300000, 0x0000000088400000|  0%| F|  |TAMS 0x0000000088300000, 0x0000000088300000| Untracked 
| 132|0x0000000088400000, 0x0000000088400000, 0x0000000088500000|  0%| F|  |TAMS 0x0000000088400000, 0x0000000088400000| Untracked 
| 133|0x0000000088500000, 0x0000000088500000, 0x0000000088600000|  0%| F|  |TAMS 0x0000000088500000, 0x0000000088500000| Untracked 
| 134|0x0000000088600000, 0x0000000088600000, 0x0000000088700000|  0%| F|  |TAMS 0x0000000088600000, 0x0000000088600000| Untracked 
| 135|0x0000000088700000, 0x0000000088700000, 0x0000000088800000|  0%| F|  |TAMS 0x0000000088700000, 0x0000000088700000| Untracked 
| 136|0x0000000088800000, 0x0000000088800000, 0x0000000088900000|  0%| F|  |TAMS 0x0000000088800000, 0x0000000088800000| Untracked 
| 137|0x0000000088900000, 0x0000000088900000, 0x0000000088a00000|  0%| F|  |TAMS 0x0000000088900000, 0x0000000088900000| Untracked 
| 138|0x0000000088a00000, 0x0000000088a00000, 0x0000000088b00000|  0%| F|  |TAMS 0x0000000088a00000, 0x0000000088a00000| Untracked 
| 139|0x0000000088b00000, 0x0000000088b00000, 0x0000000088c00000|  0%| F|  |TAMS 0x0000000088b00000, 0x0000000088b00000| Untracked 
| 140|0x0000000088c00000, 0x0000000088c00000, 0x0000000088d00000|  0%| F|  |TAMS 0x0000000088c00000, 0x0000000088c00000| Untracked 
| 141|0x0000000088d00000, 0x0000000088d00000, 0x0000000088e00000|  0%| F|  |TAMS 0x0000000088d00000, 0x0000000088d00000| Untracked 
| 142|0x0000000088e00000, 0x0000000088e00000, 0x0000000088f00000|  0%| F|  |TAMS 0x0000000088e00000, 0x0000000088e00000| Untracked 
| 143|0x0000000088f00000, 0x0000000088f00000, 0x0000000089000000|  0%| F|  |TAMS 0x0000000088f00000, 0x0000000088f00000| Untracked 
| 144|0x0000000089000000, 0x0000000089000000, 0x0000000089100000|  0%| F|  |TAMS 0x0000000089000000, 0x0000000089000000| Untracked 
| 145|0x0000000089100000, 0x0000000089100000, 0x0000000089200000|  0%| F|  |TAMS 0x0000000089100000, 0x0000000089100000| Untracked 
| 146|0x0000000089200000, 0x0000000089200000, 0x0000000089300000|  0%| F|  |TAMS 0x0000000089200000, 0x0000000089200000| Untracked 
| 147|0x0000000089300000, 0x0000000089300000, 0x0000000089400000|  0%| F|  |TAMS 0x0000000089300000, 0x0000000089300000| Untracked 
| 148|0x0000000089400000, 0x0000000089400000, 0x0000000089500000|  0%| F|  |TAMS 0x0000000089400000, 0x0000000089400000| Untracked 
| 149|0x0000000089500000, 0x0000000089500000, 0x0000000089600000|  0%| F|  |TAMS 0x0000000089500000, 0x0000000089500000| Untracked 
| 150|0x0000000089600000, 0x0000000089600000, 0x0000000089700000|  0%| F|  |TAMS 0x0000000089600000, 0x0000000089600000| Untracked 
| 151|0x0000000089700000, 0x0000000089700000, 0x0000000089800000|  0%| F|  |TAMS 0x0000000089700000, 0x0000000089700000| Untracked 
| 152|0x0000000089800000, 0x0000000089800000, 0x0000000089900000|  0%| F|  |TAMS 0x0000000089800000, 0x0000000089800000| Untracked 
| 153|0x0000000089900000, 0x0000000089900000, 0x0000000089a00000|  0%| F|  |TAMS 0x0000000089900000, 0x0000000089900000| Untracked 
| 154|0x0000000089a00000, 0x0000000089a00000, 0x0000000089b00000|  0%| F|  |TAMS 0x0000000089a00000, 0x0000000089a00000| Untracked 
| 155|0x0000000089b00000, 0x0000000089c00000, 0x0000000089c00000|100%| E|CS|TAMS 0x0000000089b00000, 0x0000000089b00000| Complete 
| 156|0x0000000089c00000, 0x0000000089d00000, 0x0000000089d00000|100%| E|CS|TAMS 0x0000000089c00000, 0x0000000089c00000| Complete 
| 157|0x0000000089d00000, 0x0000000089e00000, 0x0000000089e00000|100%| E|CS|TAMS 0x0000000089d00000, 0x0000000089d00000| Complete 
| 158|0x0000000089e00000, 0x0000000089f00000, 0x0000000089f00000|100%| E|CS|TAMS 0x0000000089e00000, 0x0000000089e00000| Complete 
| 159|0x0000000089f00000, 0x000000008a000000, 0x000000008a000000|100%| E|CS|TAMS 0x0000000089f00000, 0x0000000089f00000| Complete 
| 160|0x000000008a000000, 0x000000008a100000, 0x000000008a100000|100%| E|CS|TAMS 0x000000008a000000, 0x000000008a000000| Complete 
| 161|0x000000008a100000, 0x000000008a200000, 0x000000008a200000|100%| E|CS|TAMS 0x000000008a100000, 0x000000008a100000| Complete 
| 162|0x000000008a200000, 0x000000008a300000, 0x000000008a300000|100%| E|  |TAMS 0x000000008a200000, 0x000000008a200000| Complete 
| 163|0x000000008a300000, 0x000000008a400000, 0x000000008a400000|100%| E|CS|TAMS 0x000000008a300000, 0x000000008a300000| Complete 
| 164|0x000000008a400000, 0x000000008a500000, 0x000000008a500000|100%| E|CS|TAMS 0x000000008a400000, 0x000000008a400000| Complete 
| 165|0x000000008a500000, 0x000000008a500000, 0x000000008a600000|  0%| F|  |TAMS 0x000000008a500000, 0x000000008a500000| Untracked 
| 166|0x000000008a600000, 0x000000008a600000, 0x000000008a700000|  0%| F|  |TAMS 0x000000008a600000, 0x000000008a600000| Untracked 
| 167|0x000000008a700000, 0x000000008a700000, 0x000000008a800000|  0%| F|  |TAMS 0x000000008a700000, 0x000000008a700000| Untracked 
| 168|0x000000008a800000, 0x000000008a800000, 0x000000008a900000|  0%| F|  |TAMS 0x000000008a800000, 0x000000008a800000| Untracked 
| 169|0x000000008a900000, 0x000000008a900000, 0x000000008aa00000|  0%| F|  |TAMS 0x000000008a900000, 0x000000008a900000| Untracked 
| 170|0x000000008aa00000, 0x000000008aa00000, 0x000000008ab00000|  0%| F|  |TAMS 0x000000008aa00000, 0x000000008aa00000| Untracked 
| 171|0x000000008ab00000, 0x000000008ab00000, 0x000000008ac00000|  0%| F|  |TAMS 0x000000008ab00000, 0x000000008ab00000| Untracked 
| 172|0x000000008ac00000, 0x000000008ac00000, 0x000000008ad00000|  0%| F|  |TAMS 0x000000008ac00000, 0x000000008ac00000| Untracked 
| 173|0x000000008ad00000, 0x000000008ad00000, 0x000000008ae00000|  0%| F|  |TAMS 0x000000008ad00000, 0x000000008ad00000| Untracked 
| 174|0x000000008ae00000, 0x000000008ae00000, 0x000000008af00000|  0%| F|  |TAMS 0x000000008ae00000, 0x000000008ae00000| Untracked 
| 175|0x000000008af00000, 0x000000008af68f10, 0x000000008b000000| 40%| E|  |TAMS 0x000000008af00000, 0x000000008af00000| Complete 
| 176|0x000000008b000000, 0x000000008b100000, 0x000000008b100000|100%| E|CS|TAMS 0x000000008b000000, 0x000000008b000000| Complete 
| 177|0x000000008b100000, 0x000000008b200000, 0x000000008b200000|100%| E|CS|TAMS 0x000000008b100000, 0x000000008b100000| Complete 
| 178|0x000000008b200000, 0x000000008b300000, 0x000000008b300000|100%| E|CS|TAMS 0x000000008b200000, 0x000000008b200000| Complete 
| 179|0x000000008b300000, 0x000000008b400000, 0x000000008b400000|100%| E|CS|TAMS 0x000000008b300000, 0x000000008b300000| Complete 
| 180|0x000000008b400000, 0x000000008b500000, 0x000000008b500000|100%| E|CS|TAMS 0x000000008b400000, 0x000000008b400000| Complete 
| 181|0x000000008b500000, 0x000000008b600000, 0x000000008b600000|100%| E|CS|TAMS 0x000000008b500000, 0x000000008b500000| Complete 

Card table byte_map: [0x000002dde98a0000,0x000002dde9ca0000] _byte_map_base: 0x000002dde94a0000

Marking Bits (Prev, Next): (CMBitMap*) 0x000002ddd6aee960, (CMBitMap*) 0x000002ddd6aee920
 Prev Bits: [0x000002ddec0a0000, 0x000002ddee0a0000)
 Next Bits: [0x000002ddea0a0000, 0x000002ddec0a0000)

Polling page: 0x000002ddd4a20000

Metaspace:

Usage:
  Non-class:     85.26 MB used.
      Class:     13.69 MB used.
       Both:     98.95 MB used.

Virtual space:
  Non-class space:       88.00 MB reserved,      85.62 MB ( 97%) committed,  11 nodes.
      Class space:        1.00 GB reserved,      14.06 MB (  1%) committed,  1 nodes.
             Both:        1.09 GB reserved,      99.69 MB (  9%) committed. 

Chunk freelists:
   Non-Class:  2.00 MB
       Class:  1.86 MB
        Both:  3.86 MB

MaxMetaspaceSize: unlimited
CompressedClassSpaceSize: 1.00 GB
Initial GC threshold: 21.00 MB
Current GC threshold: 164.50 MB
CDS: off
MetaspaceReclaimPolicy: balanced
 - commit_granule_bytes: 65536.
 - commit_granule_words: 8192.
 - virtual_space_node_default_size: 1048576.
 - enlarge_chunks_in_place: 1.
 - new_chunks_are_fully_committed: 0.
 - uncommit_free_chunks: 1.
 - use_allocation_guard: 0.
 - handle_deallocations: 1.


Internal statistics:

num_allocs_failed_limit: 9.
num_arena_births: 1238.
num_arena_deaths: 22.
num_vsnodes_births: 12.
num_vsnodes_deaths: 0.
num_space_committed: 1595.
num_space_uncommitted: 0.
num_chunks_returned_to_freelist: 40.
num_chunks_taken_from_freelist: 5081.
num_chunk_merges: 23.
num_chunk_splits: 3324.
num_chunks_enlarged: 2161.
num_purges: 2.
num_inconsistent_stats: 0.

CodeHeap 'non-profiled nmethods': size=120000Kb used=6711Kb max_used=6711Kb free=113288Kb
 bounds [0x000002dde1a20000, 0x000002dde20b0000, 0x000002dde8f50000]
CodeHeap 'profiled nmethods': size=120000Kb used=20962Kb max_used=20962Kb free=99037Kb
 bounds [0x000002ddd9f50000, 0x000002dddb3d0000, 0x000002dde1480000]
CodeHeap 'non-nmethods': size=5760Kb used=2420Kb max_used=2460Kb free=3339Kb
 bounds [0x000002dde1480000, 0x000002dde1700000, 0x000002dde1a20000]
 total_blobs=11740 nmethods=10778 adapters=874
 compilation: enabled
              stopped_count=0, restarted_count=0
 full_count=0

Compilation events (20 events):
Event: 16.338 Thread 0x000002ddf1832100 nmethod 12293 0x000002dddb3bfc10 code [0x000002dddb3bfea0, 0x000002dddb3c0ea8]
Event: 16.340 Thread 0x000002ddf1832100 12294   !   3       java.io.ObjectInputStream::readSerialData (549 bytes)
Event: 16.343 Thread 0x000002ddf1832100 nmethod 12294 0x000002dddb3c1410 code [0x000002dddb3c1980, 0x000002dddb3c4b38]
Event: 16.347 Thread 0x000002ddf1856700 nmethod 12291 0x000002dde20a6490 code [0x000002dde20a6700, 0x000002dde20a7fe0]
Event: 16.348 Thread 0x000002ddf1856700 12295       4       com.google.common.collect.AbstractListMultimap::get (9 bytes)
Event: 16.353 Thread 0x000002ddf1856700 nmethod 12295 0x000002dde20a8f10 code [0x000002dde20a90e0, 0x000002dde20a98b8]
Event: 16.353 Thread 0x000002ddf1856700 12296       4       org.gradle.internal.snapshot.AbstractListChildMap::withReplacedChild (78 bytes)
Event: 16.361 Thread 0x000002ddf1856700 nmethod 12296 0x000002dde20a9d90 code [0x000002dde20a9fa0, 0x000002dde20aac78]
Event: 16.362 Thread 0x000002ddf1856700 12297       4       org.gradle.internal.file.FileHierarchySet$PrefixFileSet::contains (10 bytes)
Event: 16.395 Thread 0x000002ddf1832100 12300   !   3       java.io.FileInputStream::close (69 bytes)
Event: 16.396 Thread 0x000002ddf1832100 nmethod 12300 0x000002dddb3c6210 code [0x000002dddb3c6400, 0x000002dddb3c6938]
Event: 16.406 Thread 0x000002ddf1856700 nmethod 12297 0x000002dde20ab490 code [0x000002dde20ab6a0, 0x000002dde20acb48]
Event: 16.406 Thread 0x000002ddf1856700 12299       4       org.gradle.cache.internal.btree.FreeListBlockStore::read (12 bytes)
Event: 16.406 Thread 0x000002ddf8b1b0b0 12298       4       org.gradle.cache.internal.btree.CachingBlockStore::read (56 bytes)
Event: 16.407 Thread 0x000002ddf1832100 12303       3       java.io.FileInputStream$1::close (11 bytes)
Event: 16.407 Thread 0x000002ddf1832100 nmethod 12303 0x000002dddb3c6b10 code [0x000002dddb3c6ce0, 0x000002dddb3c71d8]
Event: 16.407 Thread 0x000002ddf1832100 12305       3       java.io.FileInputStream::<init> (107 bytes)
Event: 16.408 Thread 0x000002ddf1832100 nmethod 12305 0x000002dddb3c7410 code [0x000002dddb3c7680, 0x000002dddb3c8108]
Event: 16.408 Thread 0x000002ddf1832100 12306       3       java.io.FileInputStream::open (6 bytes)
Event: 16.408 Thread 0x000002ddf1832100 nmethod 12306 0x000002dddb3c8510 code [0x000002dddb3c86a0, 0x000002dddb3c87e8]

GC Heap History (20 events):
Event: 7.628 GC heap before
{Heap before GC invocations=25 (full 0):
 garbage-first heap   total 131072K, used 107527K [0x0000000080000000, 0x0000000100000000)
  region size 1024K, 40 young (40960K), 6 survivors (6144K)
 Metaspace       used 90956K, committed 91584K, reserved 1130496K
  class space    used 12470K, committed 12736K, reserved 1048576K
}
Event: 7.633 GC heap after
{Heap after GC invocations=26 (full 0):
 garbage-first heap   total 131072K, used 75112K [0x0000000080000000, 0x0000000100000000)
  region size 1024K, 3 young (3072K), 3 survivors (3072K)
 Metaspace       used 90956K, committed 91584K, reserved 1130496K
  class space    used 12470K, committed 12736K, reserved 1048576K
}
Event: 7.924 GC heap before
{Heap before GC invocations=26 (full 0):
 garbage-first heap   total 131072K, used 108904K [0x0000000080000000, 0x0000000100000000)
  region size 1024K, 36 young (36864K), 3 survivors (3072K)
 Metaspace       used 93095K, committed 93760K, reserved 1130496K
  class space    used 12770K, committed 13056K, reserved 1048576K
}
Event: 7.930 GC heap after
{Heap after GC invocations=27 (full 0):
 garbage-first heap   total 131072K, used 78150K [0x0000000080000000, 0x0000000100000000)
  region size 1024K, 5 young (5120K), 5 survivors (5120K)
 Metaspace       used 93095K, committed 93760K, reserved 1130496K
  class space    used 12770K, committed 13056K, reserved 1048576K
}
Event: 8.126 GC heap before
{Heap before GC invocations=28 (full 0):
 garbage-first heap   total 140288K, used 108870K [0x0000000080000000, 0x0000000100000000)
  region size 1024K, 35 young (35840K), 5 survivors (5120K)
 Metaspace       used 93414K, committed 94080K, reserved 1130496K
  class space    used 12802K, committed 13120K, reserved 1048576K
}
Event: 8.132 GC heap after
{Heap after GC invocations=29 (full 0):
 garbage-first heap   total 140288K, used 83211K [0x0000000080000000, 0x0000000100000000)
  region size 1024K, 5 young (5120K), 5 survivors (5120K)
 Metaspace       used 93414K, committed 94080K, reserved 1130496K
  class space    used 12802K, committed 13120K, reserved 1048576K
}
Event: 8.413 GC heap before
{Heap before GC invocations=29 (full 0):
 garbage-first heap   total 140288K, used 113931K [0x0000000080000000, 0x0000000100000000)
  region size 1024K, 36 young (36864K), 5 survivors (5120K)
 Metaspace       used 94708K, committed 95424K, reserved 1138688K
  class space    used 13040K, committed 13376K, reserved 1048576K
}
Event: 8.420 GC heap after
{Heap after GC invocations=30 (full 0):
 garbage-first heap   total 168960K, used 88223K [0x0000000080000000, 0x0000000100000000)
  region size 1024K, 5 young (5120K), 5 survivors (5120K)
 Metaspace       used 94708K, committed 95424K, reserved 1138688K
  class space    used 13040K, committed 13376K, reserved 1048576K
}
Event: 8.656 GC heap before
{Heap before GC invocations=31 (full 0):
 garbage-first heap   total 168960K, used 134303K [0x0000000080000000, 0x0000000100000000)
  region size 1024K, 51 young (52224K), 5 survivors (5120K)
 Metaspace       used 95698K, committed 96384K, reserved 1138688K
  class space    used 13269K, committed 13568K, reserved 1048576K
}
Event: 8.661 GC heap after
{Heap after GC invocations=32 (full 0):
 garbage-first heap   total 168960K, used 91494K [0x0000000080000000, 0x0000000100000000)
  region size 1024K, 4 young (4096K), 4 survivors (4096K)
 Metaspace       used 95698K, committed 96384K, reserved 1138688K
  class space    used 13269K, committed 13568K, reserved 1048576K
}
Event: 8.671 GC heap before
{Heap before GC invocations=32 (full 0):
 garbage-first heap   total 168960K, used 94566K [0x0000000080000000, 0x0000000100000000)
  region size 1024K, 8 young (8192K), 4 survivors (4096K)
 Metaspace       used 95720K, committed 96448K, reserved 1138688K
  class space    used 13269K, committed 13568K, reserved 1048576K
}
Event: 8.675 GC heap after
{Heap after GC invocations=33 (full 0):
 garbage-first heap   total 168960K, used 91841K [0x0000000080000000, 0x0000000100000000)
  region size 1024K, 1 young (1024K), 1 survivors (1024K)
 Metaspace       used 95720K, committed 96448K, reserved 1138688K
  class space    used 13269K, committed 13568K, reserved 1048576K
}
Event: 8.898 GC heap before
{Heap before GC invocations=33 (full 0):
 garbage-first heap   total 168960K, used 135873K [0x0000000080000000, 0x0000000100000000)
  region size 1024K, 45 young (46080K), 1 survivors (1024K)
 Metaspace       used 96219K, committed 96896K, reserved 1138688K
  class space    used 13316K, committed 13632K, reserved 1048576K
}
Event: 8.902 GC heap after
{Heap after GC invocations=34 (full 0):
 garbage-first heap   total 168960K, used 94592K [0x0000000080000000, 0x0000000100000000)
  region size 1024K, 4 young (4096K), 4 survivors (4096K)
 Metaspace       used 96219K, committed 96896K, reserved 1138688K
  class space    used 13316K, committed 13632K, reserved 1048576K
}
Event: 9.426 GC heap before
{Heap before GC invocations=35 (full 0):
 garbage-first heap   total 168960K, used 137600K [0x0000000080000000, 0x0000000100000000)
  region size 1024K, 47 young (48128K), 4 survivors (4096K)
 Metaspace       used 98606K, committed 99328K, reserved 1138688K
  class space    used 13616K, committed 13952K, reserved 1048576K
}
Event: 9.431 GC heap after
{Heap after GC invocations=36 (full 0):
 garbage-first heap   total 168960K, used 98488K [0x0000000080000000, 0x0000000100000000)
  region size 1024K, 4 young (4096K), 4 survivors (4096K)
 Metaspace       used 98606K, committed 99328K, reserved 1138688K
  class space    used 13616K, committed 13952K, reserved 1048576K
}
Event: 9.486 GC heap before
{Heap before GC invocations=36 (full 0):
 garbage-first heap   total 168960K, used 101560K [0x0000000080000000, 0x0000000100000000)
  region size 1024K, 8 young (8192K), 4 survivors (4096K)
 Metaspace       used 98995K, committed 99648K, reserved 1138688K
  class space    used 13664K, committed 13952K, reserved 1048576K
}
Event: 9.490 GC heap after
{Heap after GC invocations=37 (full 0):
 garbage-first heap   total 168960K, used 98971K [0x0000000080000000, 0x0000000100000000)
  region size 1024K, 1 young (1024K), 1 survivors (1024K)
 Metaspace       used 98995K, committed 99648K, reserved 1138688K
  class space    used 13664K, committed 13952K, reserved 1048576K
}
Event: 9.624 GC heap before
{Heap before GC invocations=37 (full 0):
 garbage-first heap   total 168960K, used 138907K [0x0000000080000000, 0x0000000100000000)
  region size 1024K, 41 young (41984K), 1 survivors (1024K)
 Metaspace       used 100177K, committed 100928K, reserved 1138688K
  class space    used 13819K, committed 14144K, reserved 1048576K
}
Event: 9.629 GC heap after
{Heap after GC invocations=38 (full 0):
 garbage-first heap   total 168960K, used 100913K [0x0000000080000000, 0x0000000100000000)
  region size 1024K, 3 young (3072K), 3 survivors (3072K)
 Metaspace       used 100177K, committed 100928K, reserved 1138688K
  class space    used 13819K, committed 14144K, reserved 1048576K
}

Dll operation events (2 events):
Event: 0.006 Loaded shared library D:\Android\Android Studio\jbr\bin\java.dll
Event: 0.251 Loaded shared library D:\Android\Android Studio\jbr\bin\verify.dll

Deoptimization events (20 events):
Event: 16.347 Thread 0x000002ddfac4d0b0 Uncommon trap: trap_request=0xffffffc6 fr.pc=0x000002dde1f04604 relative=0x0000000000000904
Event: 16.347 Thread 0x000002ddfac4d0b0 Uncommon trap: reason=bimorphic_or_optimized_type_check action=maybe_recompile pc=0x000002dde1f04604 method=com.google.common.collect.AbstractMapBasedMultimap$WrappedCollection.refreshIfEmpty()V @ 59 c2
Event: 16.347 Thread 0x000002ddfac4d0b0 DEOPT PACKING pc=0x000002dde1f04604 sp=0x000000fd8f5fe030
Event: 16.347 Thread 0x000002ddfac4d0b0 DEOPT UNPACKING pc=0x000002dde14d69a3 sp=0x000000fd8f5fdfd8 mode 2
Event: 16.347 Thread 0x000002ddfac4d0b0 Uncommon trap: trap_request=0xffffffde fr.pc=0x000002dde1ecf538 relative=0x0000000000000778
Event: 16.347 Thread 0x000002ddfac4d0b0 Uncommon trap: reason=class_check action=maybe_recompile pc=0x000002dde1ecf538 method=org.gradle.tooling.internal.provider.runner.ClientBuildEventGenerator.finished(Lorg/gradle/internal/operations/BuildOperationDescriptor;Lorg/gradle/internal/operations/O
Event: 16.347 Thread 0x000002ddfac4d0b0 DEOPT PACKING pc=0x000002dde1ecf538 sp=0x000000fd8f5fe2a0
Event: 16.347 Thread 0x000002ddfac4d0b0 DEOPT UNPACKING pc=0x000002dde14d69a3 sp=0x000000fd8f5fe1e0 mode 2
Event: 16.347 Thread 0x000002ddfac4d0b0 Uncommon trap: trap_request=0xffffffde fr.pc=0x000002dde1ecf538 relative=0x0000000000000778
Event: 16.347 Thread 0x000002ddfac4d0b0 Uncommon trap: reason=class_check action=maybe_recompile pc=0x000002dde1ecf538 method=org.gradle.tooling.internal.provider.runner.ClientBuildEventGenerator.finished(Lorg/gradle/internal/operations/BuildOperationDescriptor;Lorg/gradle/internal/operations/O
Event: 16.347 Thread 0x000002ddfac4d0b0 DEOPT PACKING pc=0x000002dde1ecf538 sp=0x000000fd8f5fe2a0
Event: 16.347 Thread 0x000002ddfac4d0b0 DEOPT UNPACKING pc=0x000002dde14d69a3 sp=0x000000fd8f5fe1e0 mode 2
Event: 16.347 Thread 0x000002ddfac4d0b0 Uncommon trap: trap_request=0xffffffde fr.pc=0x000002dde1ecf538 relative=0x0000000000000778
Event: 16.347 Thread 0x000002ddfac4d0b0 Uncommon trap: reason=class_check action=maybe_recompile pc=0x000002dde1ecf538 method=org.gradle.tooling.internal.provider.runner.ClientBuildEventGenerator.finished(Lorg/gradle/internal/operations/BuildOperationDescriptor;Lorg/gradle/internal/operations/O
Event: 16.347 Thread 0x000002ddfac4d0b0 DEOPT PACKING pc=0x000002dde1ecf538 sp=0x000000fd8f5fe2a0
Event: 16.347 Thread 0x000002ddfac4d0b0 DEOPT UNPACKING pc=0x000002dde14d69a3 sp=0x000000fd8f5fe1e0 mode 2
Event: 16.347 Thread 0x000002ddfac4d0b0 Uncommon trap: trap_request=0xffffffde fr.pc=0x000002dde1ecf538 relative=0x0000000000000778
Event: 16.347 Thread 0x000002ddfac4d0b0 Uncommon trap: reason=class_check action=maybe_recompile pc=0x000002dde1ecf538 method=org.gradle.tooling.internal.provider.runner.ClientBuildEventGenerator.finished(Lorg/gradle/internal/operations/BuildOperationDescriptor;Lorg/gradle/internal/operations/O
Event: 16.347 Thread 0x000002ddfac4d0b0 DEOPT PACKING pc=0x000002dde1ecf538 sp=0x000000fd8f5fe2a0
Event: 16.347 Thread 0x000002ddfac4d0b0 DEOPT UNPACKING pc=0x000002dde14d69a3 sp=0x000000fd8f5fe1e0 mode 2

Classes unloaded (11 events):
Event: 8.956 Thread 0x000002ddf0d2d1c0 Unloading class 0x0000000100d1ec00 'java/lang/invoke/LambdaForm$DMH+0x0000000100d1ec00'
Event: 8.956 Thread 0x000002ddf0d2d1c0 Unloading class 0x0000000100d1e800 'java/lang/invoke/LambdaForm$DMH+0x0000000100d1e800'
Event: 8.956 Thread 0x000002ddf0d2d1c0 Unloading class 0x0000000100d1e400 'java/lang/invoke/LambdaForm$DMH+0x0000000100d1e400'
Event: 8.956 Thread 0x000002ddf0d2d1c0 Unloading class 0x0000000100d1e000 'java/lang/invoke/LambdaForm$DMH+0x0000000100d1e000'
Event: 8.956 Thread 0x000002ddf0d2d1c0 Unloading class 0x0000000100d1d800 'java/lang/invoke/LambdaForm$DMH+0x0000000100d1d800'
Event: 8.956 Thread 0x000002ddf0d2d1c0 Unloading class 0x0000000100d1dc00 'java/lang/invoke/LambdaForm$DMH+0x0000000100d1dc00'
Event: 8.956 Thread 0x000002ddf0d2d1c0 Unloading class 0x0000000100d1d400 'java/lang/invoke/LambdaForm$DMH+0x0000000100d1d400'
Event: 8.956 Thread 0x000002ddf0d2d1c0 Unloading class 0x0000000100d1d000 'java/lang/invoke/LambdaForm$DMH+0x0000000100d1d000'
Event: 8.956 Thread 0x000002ddf0d2d1c0 Unloading class 0x0000000100d1c800 'java/lang/invoke/LambdaForm$DMH+0x0000000100d1c800'
Event: 8.956 Thread 0x000002ddf0d2d1c0 Unloading class 0x0000000100d1c000 'java/lang/invoke/LambdaForm$DMH+0x0000000100d1c000'
Event: 8.956 Thread 0x000002ddf0d2d1c0 Unloading class 0x0000000100d1cc00 'java/lang/invoke/LambdaForm$DMH+0x0000000100d1cc00'

Classes redefined (0 events):
No events

Internal exceptions (20 events):
Event: 9.736 Thread 0x000002ddfac4d0b0 Exception <a 'java/lang/NoSuchMethodError'{0x0000000089b6e6d0}: 'java.lang.Object java.lang.invoke.DirectMethodHandle$Holder.newInvokeSpecial(java.lang.Object, long)'> (0x0000000089b6e6d0) 
thrown [s\src\hotspot\share\interpreter\linkResolver.cpp, line 771]
Event: 9.738 Thread 0x000002ddfac4d0b0 Exception <a 'java/lang/NoSuchMethodError'{0x0000000089b755d0}: 'java.lang.Object java.lang.invoke.DirectMethodHandle$Holder.invokeStatic(java.lang.Object, java.lang.Object, long, java.lang.Object)'> (0x0000000089b755d0) 
thrown [s\src\hotspot\share\interpreter\linkResolver.cpp, line 771]
Event: 9.738 Thread 0x000002ddfac4d0b0 Exception <a 'java/lang/NoSuchMethodError'{0x0000000089b79050}: 'java.lang.Object java.lang.invoke.DirectMethodHandle$Holder.invokeStaticInit(java.lang.Object, java.lang.Object, long, java.lang.Object)'> (0x0000000089b79050) 
thrown [s\src\hotspot\share\interpreter\linkResolver.cpp, line 771]
Event: 10.192 Thread 0x000002ddfac4d0b0 Exception <a 'java/net/ConnectException'{0x0000000089bc8df0}: Connection refused: connect> (0x0000000089bc8df0) 
thrown [s\src\hotspot\share\prims\jni.cpp, line 536]
Event: 10.192 Thread 0x000002ddfac4d0b0 Exception <a 'java/net/SocketException'{0x0000000089bc9678}: Socket is not connected: shutdown> (0x0000000089bc9678) 
thrown [s\src\hotspot\share\prims\jni.cpp, line 536]
Event: 10.214 Thread 0x000002ddfac4d0b0 Exception <a 'java/net/ConnectException'{0x0000000089bca3f8}: Connection refused: connect> (0x0000000089bca3f8) 
thrown [s\src\hotspot\share\prims\jni.cpp, line 536]
Event: 10.214 Thread 0x000002ddfac4d0b0 Exception <a 'java/net/SocketException'{0x0000000089bcac80}: Socket is not connected: shutdown> (0x0000000089bcac80) 
thrown [s\src\hotspot\share\prims\jni.cpp, line 536]
Event: 10.230 Thread 0x000002ddfac4d0b0 Exception <a 'java/net/ConnectException'{0x0000000089bcba00}: Connection refused: connect> (0x0000000089bcba00) 
thrown [s\src\hotspot\share\prims\jni.cpp, line 536]
Event: 10.230 Thread 0x000002ddfac4d0b0 Exception <a 'java/net/SocketException'{0x0000000089bcc288}: Socket is not connected: shutdown> (0x0000000089bcc288) 
thrown [s\src\hotspot\share\prims\jni.cpp, line 536]
Event: 10.262 Thread 0x000002ddfac4d0b0 Exception <a 'java/lang/NoSuchMethodError'{0x000000008b560d28}: static Lorg/jetbrains/kotlin/daemon/common/LoopbackNetworkInterface$AbstractClientLoopbackSocketFactory;.<clinit>()V> (0x000000008b560d28) 
thrown [s\src\hotspot\share\prims\jni.cpp, line 1108]
Event: 10.263 Thread 0x000002ddfac4d0b0 Exception <a 'java/lang/NoSuchMethodError'{0x000000008b56c488}: static Lorg/jetbrains/kotlin/daemon/common/LoopbackNetworkInterface$ClientLoopbackSocketFactory;.<clinit>()V> (0x000000008b56c488) 
thrown [s\src\hotspot\share\prims\jni.cpp, line 1108]
Event: 10.271 Thread 0x000002ddfac4d0b0 Exception <a 'java/lang/NoSuchMethodError'{0x000000008b5be650}: static [Ljava/rmi/server/ObjID;.<clinit>()V> (0x000000008b5be650) 
thrown [s\src\hotspot\share\prims\jni.cpp, line 1108]
Event: 10.272 Thread 0x000002ddfac4d0b0 Exception <a 'java/lang/NoSuchMethodError'{0x000000008b5e0f58}: static [B.<clinit>()V> (0x000000008b5e0f58) 
thrown [s\src\hotspot\share\prims\jni.cpp, line 1108]
Event: 10.278 Thread 0x000002ddf273e260 Exception <a 'java/lang/InterruptedException'{0x000000008b5ebd10}> (0x000000008b5ebd10) 
thrown [s\src\hotspot\share\runtime\objectMonitor.cpp, line 1648]
Event: 10.279 Thread 0x000002ddf273e260 Exception <a 'java/lang/NoSuchMethodError'{0x000000008b5fcb08}: 'java.lang.Object java.lang.invoke.DirectMethodHandle$Holder.newInvokeSpecial(java.lang.Object, java.lang.Object, int, java.lang.Object, long)'> (0x000000008b5fcb08) 
thrown [s\src\hotspot\share\interpreter\linkResolver.cpp, line 771]
Event: 10.291 Thread 0x000002ddfac4d0b0 Exception <a 'java/lang/NoSuchMethodError'{0x000000008b4275f8}: static Lorg/jetbrains/kotlin/daemon/common/CompileService$CallResult;.<clinit>()V> (0x000000008b4275f8) 
thrown [s\src\hotspot\share\prims\jni.cpp, line 1108]
Event: 10.291 Thread 0x000002ddfac4d0b0 Exception <a 'java/lang/NoSuchMethodError'{0x000000008b4332a8}: static Lorg/jetbrains/kotlin/daemon/common/CompileService$CallResult$Good;.<clinit>()V> (0x000000008b4332a8) 
thrown [s\src\hotspot\share\prims\jni.cpp, line 1108]
Event: 10.292 Thread 0x000002ddfac4d0b0 Exception <a 'java/lang/NoSuchMethodError'{0x000000008b440168}: static Lorg/jetbrains/kotlin/daemon/common/DaemonJVMOptions;.<clinit>()V> (0x000000008b440168) 
thrown [s\src\hotspot\share\prims\jni.cpp, line 1108]
Event: 10.296 Thread 0x000002ddfac4d0b0 Exception <a 'java/lang/NoSuchMethodError'{0x000000008b456cb0}: static Lorg/jetbrains/kotlin/daemon/common/CompileService$CallResult$Ok;.<clinit>()V> (0x000000008b456cb0) 
thrown [s\src\hotspot\share\prims\jni.cpp, line 1108]
Event: 10.313 Thread 0x000002ddfac4d0b0 Exception <a 'java/lang/NoSuchMethodError'{0x000000008b3560a8}: static [Ljava/lang/Integer;.<clinit>()V> (0x000000008b3560a8) 
thrown [s\src\hotspot\share\prims\jni.cpp, line 1108]

VM Operations (20 events):
Event: 9.688 Executing VM operation: G1Concurrent
Event: 9.693 Executing VM operation: G1Concurrent done
Event: 9.710 Executing VM operation: G1Concurrent
Event: 9.710 Executing VM operation: G1Concurrent done
Event: 9.739 Executing VM operation: HandshakeAllThreads
Event: 9.740 Executing VM operation: HandshakeAllThreads done
Event: 9.888 Executing VM operation: HandshakeAllThreads
Event: 9.888 Executing VM operation: HandshakeAllThreads done
Event: 10.238 Executing VM operation: HandshakeAllThreads
Event: 10.238 Executing VM operation: HandshakeAllThreads done
Event: 10.284 Executing VM operation: HandshakeAllThreads
Event: 10.284 Executing VM operation: HandshakeAllThreads done
Event: 11.192 Executing VM operation: HandshakeAllThreads
Event: 11.192 Executing VM operation: HandshakeAllThreads done
Event: 11.192 Executing VM operation: Cleanup
Event: 11.192 Executing VM operation: Cleanup done
Event: 15.194 Executing VM operation: Cleanup
Event: 15.194 Executing VM operation: Cleanup done
Event: 16.195 Executing VM operation: Cleanup
Event: 16.195 Executing VM operation: Cleanup done

Events (20 events):
Event: 10.319 loading class sun/rmi/transport/DGCAckHandler done
Event: 10.321 loading class sun/rmi/transport/DGCAckHandler$1
Event: 10.321 loading class sun/rmi/transport/DGCAckHandler$1 done
Event: 10.351 loading class sun/rmi/transport/tcp/TCPTransport$ConnectionHandler
Event: 10.351 loading class sun/rmi/transport/tcp/TCPTransport$ConnectionHandler done
Event: 10.351 Thread 0x000002ddfbafc080 Thread added: 0x000002ddfbafc080
Event: 10.355 loading class sun/rmi/transport/Transport$1
Event: 10.355 loading class sun/rmi/transport/Transport$1 done
Event: 10.356 loading class sun/rmi/transport/DGCImpl$LeaseInfo
Event: 10.356 loading class sun/rmi/transport/DGCImpl$LeaseInfo done
Event: 10.356 loading class sun/rmi/transport/DGCImpl$1
Event: 10.356 loading class sun/rmi/transport/DGCImpl$1 done
Event: 10.356 loading class sun/rmi/transport/SequenceEntry
Event: 10.356 loading class sun/rmi/transport/SequenceEntry done
Event: 10.948 Thread 0x000002ddf8b1e350 Thread exited: 0x000002ddf8b1e350
Event: 11.180 loading class java/util/concurrent/LinkedBlockingDeque$Itr
Event: 11.181 loading class java/util/concurrent/LinkedBlockingDeque$AbstractItr
Event: 11.181 loading class java/util/concurrent/LinkedBlockingDeque$AbstractItr done
Event: 11.181 loading class java/util/concurrent/LinkedBlockingDeque$Itr done
Event: 16.406 Thread 0x000002ddf8b1b0b0 Thread added: 0x000002ddf8b1b0b0


Dynamic libraries:
0x00007ff6a9440000 - 0x00007ff6a944a000 	D:\Android\Android Studio\jbr\bin\java.exe
0x00007ff8543d0000 - 0x00007ff8545e6000 	C:\WINDOWS\SYSTEM32\ntdll.dll
0x00007ff852cb0000 - 0x00007ff852d74000 	C:\WINDOWS\System32\KERNEL32.DLL
0x00007ff851af0000 - 0x00007ff851e97000 	C:\WINDOWS\System32\KERNELBASE.dll
0x00007ff851860000 - 0x00007ff851971000 	C:\WINDOWS\System32\ucrtbase.dll
0x00007ff8327f0000 - 0x00007ff832807000 	D:\Android\Android Studio\jbr\bin\jli.dll
0x00007ff8162d0000 - 0x00007ff8162eb000 	D:\Android\Android Studio\jbr\bin\VCRUNTIME140.dll
0x00007ff853ea0000 - 0x00007ff85404e000 	C:\WINDOWS\System32\USER32.dll
0x00007ff8520d0000 - 0x00007ff8520f6000 	C:\WINDOWS\System32\win32u.dll
0x00007ff836140000 - 0x00007ff8363d3000 	C:\WINDOWS\WinSxS\amd64_microsoft.windows.common-controls_6595b64144ccf1df_6.0.22621.3235_none_270f74e173860f98\COMCTL32.dll
0x00007ff852c80000 - 0x00007ff852ca9000 	C:\WINDOWS\System32\GDI32.dll
0x00007ff852190000 - 0x00007ff852237000 	C:\WINDOWS\System32\msvcrt.dll
0x00007ff851ea0000 - 0x00007ff851fb9000 	C:\WINDOWS\System32\gdi32full.dll
0x00007ff852030000 - 0x00007ff8520ca000 	C:\WINDOWS\System32\msvcp_win.dll
0x00007ff853e60000 - 0x00007ff853e91000 	C:\WINDOWS\System32\IMM32.DLL
0x00007ff81d130000 - 0x00007ff81d13c000 	D:\Android\Android Studio\jbr\bin\vcruntime140_1.dll
0x00007ff800460000 - 0x00007ff8004ed000 	D:\Android\Android Studio\jbr\bin\msvcp140.dll
0x00007fff83b40000 - 0x00007fff847ae000 	D:\Android\Android Studio\jbr\bin\server\jvm.dll
0x00007ff853890000 - 0x00007ff853942000 	C:\WINDOWS\System32\ADVAPI32.dll
0x00007ff852780000 - 0x00007ff852828000 	C:\WINDOWS\System32\sechost.dll
0x00007ff851830000 - 0x00007ff851858000 	C:\WINDOWS\System32\bcrypt.dll
0x00007ff852f00000 - 0x00007ff853015000 	C:\WINDOWS\System32\RPCRT4.dll
0x00007ff849080000 - 0x00007ff8490b4000 	C:\WINDOWS\SYSTEM32\WINMM.dll
0x00007ff847c00000 - 0x00007ff847c0a000 	C:\WINDOWS\SYSTEM32\VERSION.dll
0x00007ff828c80000 - 0x00007ff828c89000 	C:\WINDOWS\SYSTEM32\WSOCK32.dll
0x00007ff852110000 - 0x00007ff852181000 	C:\WINDOWS\System32\WS2_32.dll
0x00007ff850700000 - 0x00007ff850718000 	C:\WINDOWS\SYSTEM32\kernel.appcore.dll
0x00007ff84cb40000 - 0x00007ff84cb4a000 	D:\Android\Android Studio\jbr\bin\jimage.dll
0x00007ff83ef90000 - 0x00007ff83f1c3000 	C:\WINDOWS\SYSTEM32\DBGHELP.DLL
0x00007ff852340000 - 0x00007ff8526c8000 	C:\WINDOWS\System32\combase.dll
0x00007ff852830000 - 0x00007ff852907000 	C:\WINDOWS\System32\OLEAUT32.dll
0x00007ff833a00000 - 0x00007ff833a32000 	C:\WINDOWS\SYSTEM32\dbgcore.DLL
0x00007ff8516f0000 - 0x00007ff851769000 	C:\WINDOWS\System32\bcryptPrimitives.dll
0x00007ff8109d0000 - 0x00007ff8109f5000 	D:\Android\Android Studio\jbr\bin\java.dll
0x00007ff84cb20000 - 0x00007ff84cb38000 	D:\Android\Android Studio\jbr\bin\zip.dll
0x00007ff853030000 - 0x00007ff85388c000 	C:\WINDOWS\System32\SHELL32.dll
0x00007ff84f620000 - 0x00007ff84ff19000 	C:\WINDOWS\SYSTEM32\windows.storage.dll
0x00007ff84f4e0000 - 0x00007ff84f61e000 	C:\WINDOWS\SYSTEM32\wintypes.dll
0x00007ff852240000 - 0x00007ff852333000 	C:\WINDOWS\System32\SHCORE.dll
0x00007ff8542e0000 - 0x00007ff85433e000 	C:\WINDOWS\System32\shlwapi.dll
0x00007ff851620000 - 0x00007ff851641000 	C:\WINDOWS\SYSTEM32\profapi.dll
0x00007ff834c00000 - 0x00007ff834c19000 	D:\Android\Android Studio\jbr\bin\net.dll
0x00007ff849e80000 - 0x00007ff849fb6000 	C:\WINDOWS\SYSTEM32\WINHTTP.dll
0x00007ff850b70000 - 0x00007ff850bd9000 	C:\WINDOWS\system32\mswsock.dll
0x00007ff832e30000 - 0x00007ff832e46000 	D:\Android\Android Studio\jbr\bin\nio.dll
0x00007ff836bd0000 - 0x00007ff836be0000 	D:\Android\Android Studio\jbr\bin\verify.dll
0x00007fffff380000 - 0x00007fffff3a7000 	D:\Android\.gradle\native\68d5fa5c4cc2d200863cafc0d521ce42e7d3e7ee720ec0a83991735586a16f82\windows-amd64\native-platform.dll
0x00007ff800310000 - 0x00007ff800454000 	D:\Android\.gradle\native\e376f236ea51e6404a007f0833ffe2c6e607c4080706a723a18a27aeea778392\windows-amd64\native-platform-file-events.dll
0x00007ff816480000 - 0x00007ff816489000 	D:\Android\Android Studio\jbr\bin\management.dll
0x00007ff816470000 - 0x00007ff81647b000 	D:\Android\Android Studio\jbr\bin\management_ext.dll
0x00007ff852100000 - 0x00007ff852108000 	C:\WINDOWS\System32\PSAPI.DLL
0x00007ff850d90000 - 0x00007ff850dab000 	C:\WINDOWS\SYSTEM32\CRYPTSP.dll
0x00007ff850660000 - 0x00007ff850695000 	C:\WINDOWS\system32\rsaenh.dll
0x00007ff850c30000 - 0x00007ff850c58000 	C:\WINDOWS\SYSTEM32\USERENV.dll
0x00007ff850db0000 - 0x00007ff850dbc000 	C:\WINDOWS\SYSTEM32\CRYPTBASE.dll
0x00007ff8501c0000 - 0x00007ff8501ed000 	C:\WINDOWS\SYSTEM32\IPHLPAPI.DLL
0x00007ff853020000 - 0x00007ff853029000 	C:\WINDOWS\System32\NSI.dll
0x00007ff8496a0000 - 0x00007ff8496b9000 	C:\WINDOWS\SYSTEM32\dhcpcsvc6.DLL
0x00007ff849680000 - 0x00007ff84969f000 	C:\WINDOWS\SYSTEM32\dhcpcsvc.DLL
0x00007ff8501f0000 - 0x00007ff8502e9000 	C:\WINDOWS\SYSTEM32\DNSAPI.dll
0x00007ff835b80000 - 0x00007ff835b88000 	C:\WINDOWS\system32\wshunix.dll
0x00007ff8289a0000 - 0x00007ff8289b7000 	C:\WINDOWS\system32\napinsp.dll
0x00007ff8263b0000 - 0x00007ff8263cb000 	C:\WINDOWS\system32\pnrpnsp.dll
0x00007ff826390000 - 0x00007ff8263a1000 	C:\WINDOWS\System32\winrnr.dll
0x00007ff848ca0000 - 0x00007ff848cb5000 	C:\WINDOWS\system32\wshbth.dll
0x00007ff826360000 - 0x00007ff826381000 	C:\WINDOWS\system32\nlansp_c.dll
0x00007ff847950000 - 0x00007ff84795a000 	C:\Windows\System32\rasadhlp.dll
0x00007ff848ab0000 - 0x00007ff848b33000 	C:\WINDOWS\System32\fwpuclnt.dll
0x00007ff80f790000 - 0x00007ff80f7ae000 	C:\Users\smk62\AppData\Local\Temp\native-platform6021611449764089169dir\native-platform.dll
0x00007ff813b60000 - 0x00007ff813b67000 	D:\Android\Android Studio\jbr\bin\rmi.dll

dbghelp: loaded successfully - version: 4.0.5 - missing functions: none
symbol engine: initialized successfully - sym options: 0x614 - pdb path: .;D:\Android\Android Studio\jbr\bin;C:\WINDOWS\SYSTEM32;C:\WINDOWS\WinSxS\amd64_microsoft.windows.common-controls_6595b64144ccf1df_6.0.22621.3235_none_270f74e173860f98;D:\Android\Android Studio\jbr\bin\server;D:\Android\.gradle\native\68d5fa5c4cc2d200863cafc0d521ce42e7d3e7ee720ec0a83991735586a16f82\windows-amd64;D:\Android\.gradle\native\e376f236ea51e6404a007f0833ffe2c6e607c4080706a723a18a27aeea778392\windows-amd64;C:\Users\smk62\AppData\Local\Temp\native-platform6021611449764089169dir

VM Arguments:
jvm_args: --add-opens=java.base/java.util=ALL-UNNAMED --add-opens=java.base/java.lang=ALL-UNNAMED --add-opens=java.base/java.lang.invoke=ALL-UNNAMED --add-opens=java.prefs/java.util.prefs=ALL-UNNAMED --add-opens=java.base/java.nio.charset=ALL-UNNAMED --add-opens=java.base/java.net=ALL-UNNAMED --add-opens=java.base/java.util.concurrent.atomic=ALL-UNNAMED -Xmx2048m -Dfile.encoding=UTF-8 -Duser.country=IN -Duser.language=en -Duser.variant 
java_command: org.gradle.launcher.daemon.bootstrap.GradleDaemon 8.0
java_class_path (initial): D:\Android\.gradle\wrapper\dists\gradle-8.0-bin\ca5e32bp14vu59qr306oxotwh\gradle-8.0\lib\gradle-launcher-8.0.jar
Launcher Type: SUN_STANDARD

[Global flags]
     intx CICompilerCount                          = 4                                         {product} {ergonomic}
     uint ConcGCThreads                            = 3                                         {product} {ergonomic}
     uint G1ConcRefinementThreads                  = 10                                        {product} {ergonomic}
   size_t G1HeapRegionSize                         = 1048576                                   {product} {ergonomic}
    uintx GCDrainStackTargetSize                   = 64                                        {product} {ergonomic}
   size_t InitialHeapSize                          = 123731968                                 {product} {ergonomic}
   size_t MarkStackSize                            = 4194304                                   {product} {ergonomic}
   size_t MaxHeapSize                              = 2147483648                                {product} {command line}
   size_t MaxNewSize                               = 1287651328                                {product} {ergonomic}
   size_t MinHeapDeltaBytes                        = 1048576                                   {product} {ergonomic}
   size_t MinHeapSize                              = 8388608                                   {product} {ergonomic}
    uintx NonNMethodCodeHeapSize                   = 5839372                                {pd product} {ergonomic}
    uintx NonProfiledCodeHeapSize                  = 122909434                              {pd product} {ergonomic}
    uintx ProfiledCodeHeapSize                     = 122909434                              {pd product} {ergonomic}
    uintx ReservedCodeCacheSize                    = 251658240                              {pd product} {ergonomic}
     bool SegmentedCodeCache                       = true                                      {product} {ergonomic}
   size_t SoftMaxHeapSize                          = 2147483648                             {manageable} {ergonomic}
     bool UseCompressedClassPointers               = true                           {product lp64_product} {ergonomic}
     bool UseCompressedOops                        = true                           {product lp64_product} {ergonomic}
     bool UseG1GC                                  = true                                      {product} {ergonomic}
     bool UseLargePagesIndividualAllocation        = false                                  {pd product} {ergonomic}

Logging:
Log output configuration:
 #0: stdout all=warning uptime,level,tags
 #1: stderr all=off uptime,level,tags

Environment Variables:
JAVA_HOME=C:\Program Files\Java\jdk1.8.0_202
PATH=C:\Program Files (x86)\VMware\VMware Player\bin\;C:\Program Files\Common Files\Oracle\Java\javapath;C:\Program Files (x86)\Common Files\Oracle\Java\javapath;C:\Program Files (x86)\Common Files\Intel\Shared Libraries\redist\intel64\compiler;C:\windows\system32;C:\windows;C:\windows\System32\Wbem;C:\windows\System32\WindowsPowerShell\v1.0\;C:\windows\System32\OpenSSH\;C:\Program Files (x86)\NVIDIA Corporation\PhysX\Common;C:\Program Files\NVIDIA Corporation\NVIDIA NvDLISR;D:\apache-maven-3.8.6-bin\apache-maven-3.8.6\bin;C:\WINDOWS\system32;C:\WINDOWS;C:\WINDOWS\System32\Wbem;C:\WINDOWS\System32\WindowsPowerShell\v1.0\;C:\WINDOWS\System32\OpenSSH\;C:\Program Files\dotnet\;C:\Program Files\nodejs\;C:\Program Files\Docker\Docker\resources\bin;C:\Program Files\Git\cmd;C:\Program Files\Java\jdk1.8.0_202\bin;C:\Program Files\MySQL\MySQL Shell 8.2\bin\;C:\Users\smk62\.console-ninja\.bin;C:\Users\smk62\AppData\Local\Microsoft\WindowsApps;C:\Users\smk62\AppData\Local\Programs\Microsoft VS Code\bin;C:\Users\smk62\Downloads\MinGW\bin;C:\Program Files\heroku\bin;C:\Users\smk62\AppData\Roaming\npm;D:\IntelliJ IDEA Community Edition 2023.3\bin;;C:\Program Files\Java\jdk1.8.0_202\bin;
USERNAME=smk62
OS=Windows_NT
PROCESSOR_IDENTIFIER=AMD64 Family 25 Model 80 Stepping 0, AuthenticAMD
TMP=C:\Users\smk62\AppData\Local\Temp
TEMP=C:\Users\smk62\AppData\Local\Temp


JNI global refs:
JNI global refs: 27, weak refs: 3

JNI global refs memory usage: 843, weak refs: 841


---------------  S Y S T E M  ---------------

OS:
 Windows 11 , 64 bit Build 22621 (10.0.22621.3374)
OS uptime: 0 days 3:05 hours
Hyper-V role detected

CPU: total 12 (initial active 12) (12 cores per cpu, 2 threads per core) family 25 model 80 stepping 0 microcode 0x0, cx8, cmov, fxsr, ht, mmx, 3dnowpref, sse, sse2, sse3, ssse3, sse4a, sse4.1, sse4.2, popcnt, lzcnt, tsc, tscinvbit, avx, avx2, aes, erms, clmul, bmi1, bmi2, adx, sha, fma, vzeroupper, clflush, clflushopt, hv

Memory: 4k page, system-wide physical 7521M (508M free)
TotalPageFile size 18326M (AvailPageFile size 3M)
current process WorkingSet (physical memory assigned to process): 444M, peak: 457M
current process commit charge ("private bytes"): 496M, peak: 514M

vm_info: OpenJDK 64-Bit Server VM (17.0.6+0-b2043.56-10027231) for windows-amd64 JRE (17.0.6+0-b2043.56-10027231), built on Apr 28 2023 00:43:19 by "androidbuild" with MS VC++ 16.10 / 16.11 (VS2019)

END.
