#
# There is insufficient memory for the Java Runtime Environment to continue.
# Native memory allocation (mmap) failed to map 8388608 bytes for G1 virtual space
# Possible reasons:
#   The system is out of physical RAM or swap space
#   The process is running with CompressedOops enabled, and the Java Heap may be blocking the growth of the native heap
# Possible solutions:
#   Reduce memory load on the system
#   Increase physical memory or swap space
#   Check if swap backing store is full
#   Decrease Java heap size (-Xmx/-Xms)
#   Decrease number of Java threads
#   Decrease Java thread stack sizes (-Xss)
#   Set larger code cache with -XX:ReservedCodeCacheSize=
#   JVM is running with Unscaled Compressed Oops mode in which the Java heap is
#     placed in the first 4GB address space. The Java Heap base address is the
#     maximum limit for the native heap growth. Please use -XX:HeapBaseMinAddress
#     to set the Java Heap base and to place the Java Heap above 4GB virtual address.
# This output file may be truncated or incomplete.
#
#  Out of Memory Error (os_windows.cpp:3769), pid=23920, tid=7072
#
# JRE version: OpenJDK Runtime Environment (17.0.6) (build 17.0.6+0-b2043.56-10027231)
# Java VM: OpenJDK 64-Bit Server VM (17.0.6+0-b2043.56-10027231, mixed mode, tiered, compressed oops, compressed class ptrs, g1 gc, windows-amd64)
# No core dump will be written. Minidumps are not enabled by default on client versions of Windows
#

---------------  S U M M A R Y ------------

Command Line: --add-opens=java.base/java.util=ALL-UNNAMED --add-opens=java.base/java.lang=ALL-UNNAMED --add-opens=java.base/java.lang.invoke=ALL-UNNAMED --add-opens=java.prefs/java.util.prefs=ALL-UNNAMED --add-opens=java.base/java.nio.charset=ALL-UNNAMED --add-opens=java.base/java.net=ALL-UNNAMED --add-opens=java.base/java.util.concurrent.atomic=ALL-UNNAMED -Xmx2048m -Dfile.encoding=UTF-8 -Duser.country=IN -Duser.language=en -Duser.variant org.gradle.launcher.daemon.bootstrap.GradleDaemon 8.0

Host: AMD Ryzen 5 5600H with Radeon Graphics         , 12 cores, 7G,  Windows 11 , 64 bit Build 22621 (10.0.22621.3374)
Time: Thu Mar 28 15:35:55 2024 India Standard Time elapsed time: 15.272884 seconds (0d 0h 0m 15s)

---------------  T H R E A D  ---------------

Current thread (0x0000020bb66bd7f0):  VMThread "VM Thread" [stack: 0x0000009c36400000,0x0000009c36500000] [id=7072]

Stack: [0x0000009c36400000,0x0000009c36500000]
Native frames: (J=compiled Java code, j=interpreted, Vv=VM code, C=native code)
V  [jvm.dll+0x683c9a]
V  [jvm.dll+0x8427a4]
V  [jvm.dll+0x843f9e]
V  [jvm.dll+0x844603]
V  [jvm.dll+0x249b75]
V  [jvm.dll+0x680b69]
V  [jvm.dll+0x67505a]
V  [jvm.dll+0x309acb]
V  [jvm.dll+0x310f86]
V  [jvm.dll+0x3608ee]
V  [jvm.dll+0x360b1f]
V  [jvm.dll+0x2dfbf8]
V  [jvm.dll+0x2ddec4]
V  [jvm.dll+0x2dd4cc]
V  [jvm.dll+0x321f3b]
V  [jvm.dll+0x848ccb]
V  [jvm.dll+0x849a04]
V  [jvm.dll+0x849f1d]
V  [jvm.dll+0x84a2f4]
V  [jvm.dll+0x84a3c0]
V  [jvm.dll+0x7f274a]
V  [jvm.dll+0x682ad5]
C  [ucrtbase.dll+0x29333]
C  [KERNEL32.DLL+0x1257d]
C  [ntdll.dll+0x5aa48]

VM_Operation (0x0000009c37cf5900): G1CollectForAllocation, mode: safepoint, requested by thread 0x0000020bb99d6e80


---------------  P R O C E S S  ---------------

Threads class SMR info:
_java_thread_list=0x0000020bc0f83ab0, length=173, elements={
0x0000020b9c4102e0, 0x0000020bb7012250, 0x0000020bb7012f50, 0x0000020bb66d5930,
0x0000020bb7033210, 0x0000020bb70339d0, 0x0000020bb703a0b0, 0x0000020bb703a9a0,
0x0000020bb7047570, 0x0000020bb7059b60, 0x0000020bb71b0c30, 0x0000020bb71b3110,
0x0000020bb8952020, 0x0000020bb864d300, 0x0000020bb98388e0, 0x0000020bb9b0e750,
0x0000020bb9b773d0, 0x0000020bb94414b0, 0x0000020bb99d6e80, 0x0000020bb7dff4e0,
0x0000020bb7dff9b0, 0x0000020bb7dffe80, 0x0000020bba197a90, 0x0000020bba199c40,
0x0000020bba19b920, 0x0000020bba19cc60, 0x0000020bba19dad0, 0x0000020bba197f60,
0x0000020bba19aab0, 0x0000020bba19a5e0, 0x0000020bba199770, 0x0000020bba19af80,
0x0000020bba19d130, 0x0000020bba19b450, 0x0000020bbc857390, 0x0000020bba198430,
0x0000020bba5fbc70, 0x0000020bba19dfa0, 0x0000020bba19e470, 0x0000020bba19e940,
0x0000020bba198900, 0x0000020bb9682760, 0x0000020bb967f270, 0x0000020bb9684910,
0x0000020bb967eda0, 0x0000020bb9682c30, 0x0000020bb967f740, 0x0000020bb96818f0,
0x0000020bb96835d0, 0x0000020bb9680a80, 0x0000020bb967e400, 0x0000020bb967e8d0,
0x0000020bb9682290, 0x0000020bb967d0c0, 0x0000020bb967d590, 0x0000020bb96800e0,
0x0000020bb96805b0, 0x0000020bb9683100, 0x0000020bb967da60, 0x0000020bb9680f50,
0x0000020bb967df30, 0x0000020bb9683aa0, 0x0000020bb9681dc0, 0x0000020bb9683f70,
0x0000020bbee189d0, 0x0000020bbee1a6b0, 0x0000020bbee1c860, 0x0000020bbee17b60,
0x0000020bbee18030, 0x0000020bbee1b520, 0x0000020bbee1a1e0, 0x0000020bbee1d200,
0x0000020bbee18500, 0x0000020bbee17690, 0x0000020bbee1d6d0, 0x0000020bbee171c0,
0x0000020bbee18ea0, 0x0000020bbee19d10, 0x0000020bbee19370, 0x0000020bbee1c390,
0x0000020bbee1ab80, 0x0000020bbee19840, 0x0000020bbee1bec0, 0x0000020bbee1dba0,
0x0000020bbee1cd30, 0x0000020bbee1b050, 0x0000020bbee1b9f0, 0x0000020bbee16350,
0x0000020bbee16820, 0x0000020bbee16cf0, 0x0000020bc0ec2ef0, 0x0000020bc0ebe1f0,
0x0000020bc0ebd850, 0x0000020bc0ec3d60, 0x0000020bc0ec03a0, 0x0000020bc0ec3890,
0x0000020bc0ec4230, 0x0000020bc0ec4700, 0x0000020bc0ec2a20, 0x0000020bc0ec4bd0,
0x0000020bc0ec0870, 0x0000020bc0ec33c0, 0x0000020bc0ec1210, 0x0000020bc0ec1bb0,
0x0000020bc0ec50a0, 0x0000020bc0ebdd20, 0x0000020bc0ebe6c0, 0x0000020bc0ec0d40,
0x0000020bc0ebeb90, 0x0000020bc0ec16e0, 0x0000020bc0ebf060, 0x0000020bc0ec2080,
0x0000020bc0ebf530, 0x0000020bc0ebfed0, 0x0000020bc0ec2550, 0x0000020bc0ebfa00,
0x0000020bc0e4d240, 0x0000020bc0e540f0, 0x0000020bc0e50c00, 0x0000020bc0e52410,
0x0000020bc0e51a70, 0x0000020bc0e4cd70, 0x0000020bc0e4d710, 0x0000020bc0e4ea50,
0x0000020bc0e53750, 0x0000020bc0e4dbe0, 0x0000020bc0e51f40, 0x0000020bc0e4e0b0,
0x0000020bc0e510d0, 0x0000020bc0e528e0, 0x0000020bc0e4ef20, 0x0000020bc0e4e580,
0x0000020bc0e4f8c0, 0x0000020bc0e53280, 0x0000020bc0e53c20, 0x0000020bc0e515a0,
0x0000020bc0e50260, 0x0000020bc0e545c0, 0x0000020bc0e50730, 0x0000020bc0e4f3f0,
0x0000020bc0e52db0, 0x0000020bc0e4fd90, 0x0000020bbf319260, 0x0000020bbf3170b0,
0x0000020bbf3183f0, 0x0000020bbf3153d0, 0x0000020bbf319730, 0x0000020bbf314f00,
0x0000020bbf319c00, 0x0000020bbf314560, 0x0000020bbf31a5a0, 0x0000020bbf31aa70,
0x0000020bbf313220, 0x0000020bbf315d70, 0x0000020bbf317f20, 0x0000020bbf31a0d0,
0x0000020bbf316240, 0x0000020bbf3136f0, 0x0000020bbf316710, 0x0000020bbf313bc0,
0x0000020bbf316be0, 0x0000020bbf3158a0, 0x0000020bbf314090, 0x0000020bbf314a30,
0x0000020bbf317580, 0x0000020bbf317a50, 0x0000020bbf3188c0, 0x0000020bbf318d90,
0x0000020bbf1f4610, 0x0000020bbf1fa180, 0x0000020bbf1fb990, 0x0000020bbf1f7160,
0x0000020bbf1faff0
}

Java Threads: ( => current thread )
  0x0000020b9c4102e0 JavaThread "main" [_thread_blocked, id=4876, stack(0x0000009c35e00000,0x0000009c35f00000)]
  0x0000020bb7012250 JavaThread "Reference Handler" daemon [_thread_blocked, id=19192, stack(0x0000009c36500000,0x0000009c36600000)]
  0x0000020bb7012f50 JavaThread "Finalizer" daemon [_thread_blocked, id=8888, stack(0x0000009c36600000,0x0000009c36700000)]
  0x0000020bb66d5930 JavaThread "Signal Dispatcher" daemon [_thread_blocked, id=25208, stack(0x0000009c36700000,0x0000009c36800000)]
  0x0000020bb7033210 JavaThread "Attach Listener" daemon [_thread_blocked, id=22644, stack(0x0000009c36800000,0x0000009c36900000)]
  0x0000020bb70339d0 JavaThread "Service Thread" daemon [_thread_blocked, id=24868, stack(0x0000009c36900000,0x0000009c36a00000)]
  0x0000020bb703a0b0 JavaThread "Monitor Deflation Thread" daemon [_thread_blocked, id=24068, stack(0x0000009c36a00000,0x0000009c36b00000)]
  0x0000020bb703a9a0 JavaThread "C2 CompilerThread0" daemon [_thread_blocked, id=18188, stack(0x0000009c36b00000,0x0000009c36c00000)]
  0x0000020bb7047570 JavaThread "C1 CompilerThread0" daemon [_thread_blocked, id=23488, stack(0x0000009c36c00000,0x0000009c36d00000)]
  0x0000020bb7059b60 JavaThread "Sweeper thread" daemon [_thread_blocked, id=15684, stack(0x0000009c36d00000,0x0000009c36e00000)]
  0x0000020bb71b0c30 JavaThread "Common-Cleaner" daemon [_thread_blocked, id=25000, stack(0x0000009c36e00000,0x0000009c36f00000)]
  0x0000020bb71b3110 JavaThread "Notification Thread" daemon [_thread_blocked, id=25544, stack(0x0000009c36f00000,0x0000009c37000000)]
  0x0000020bb8952020 JavaThread "Daemon health stats" [_thread_blocked, id=3188, stack(0x0000009c37200000,0x0000009c37300000)]
  0x0000020bb864d300 JavaThread "Incoming local TCP Connector on port 51644" [_thread_in_native, id=24244, stack(0x0000009c37100000,0x0000009c37200000)]
  0x0000020bb98388e0 JavaThread "Daemon periodic checks" [_thread_blocked, id=24216, stack(0x0000009c37700000,0x0000009c37800000)]
  0x0000020bb9b0e750 JavaThread "Daemon" [_thread_blocked, id=22696, stack(0x0000009c37900000,0x0000009c37a00000)]
  0x0000020bb9b773d0 JavaThread "Handler for socket connection from /127.0.0.1:51644 to /127.0.0.1:51645" [_thread_in_native, id=15296, stack(0x0000009c37a00000,0x0000009c37b00000)]
  0x0000020bb94414b0 JavaThread "Cancel handler" [_thread_blocked, id=14996, stack(0x0000009c37b00000,0x0000009c37c00000)]
  0x0000020bb99d6e80 JavaThread "Daemon worker" [_thread_blocked, id=20212, stack(0x0000009c37c00000,0x0000009c37d00000)]
  0x0000020bb7dff4e0 JavaThread "Asynchronous log dispatcher for DefaultDaemonConnection: socket connection from /127.0.0.1:51644 to /127.0.0.1:51645" [_thread_blocked, id=11304, stack(0x0000009c37d00000,0x0000009c37e00000)]
  0x0000020bb7dff9b0 JavaThread "Stdin handler" [_thread_blocked, id=20112, stack(0x0000009c37e00000,0x0000009c37f00000)]
  0x0000020bb7dffe80 JavaThread "Daemon client event forwarder" [_thread_blocked, id=5136, stack(0x0000009c37f00000,0x0000009c38000000)]
  0x0000020bba197a90 JavaThread "Cache worker for journal cache (D:\Android\.gradle\caches\journal-1)" [_thread_blocked, id=7048, stack(0x0000009c38700000,0x0000009c38800000)]
  0x0000020bba199c40 JavaThread "File lock request listener" [_thread_in_native, id=5500, stack(0x0000009c38800000,0x0000009c38900000)]
  0x0000020bba19b920 JavaThread "Cache worker for file hash cache (D:\Android\.gradle\caches\8.0\fileHashes)" [_thread_blocked, id=11520, stack(0x0000009c38900000,0x0000009c38a00000)]
  0x0000020bba19cc60 JavaThread "File watcher server" daemon [_thread_in_native, id=8104, stack(0x0000009c38b00000,0x0000009c38c00000)]
  0x0000020bba19dad0 JavaThread "File watcher consumer" daemon [_thread_blocked, id=13644, stack(0x0000009c38c00000,0x0000009c38d00000)]
  0x0000020bba197f60 JavaThread "Cache worker for checksums cache (D:\Android\Projects\.gradle\8.0\checksums)" [_thread_blocked, id=14876, stack(0x0000009c38d00000,0x0000009c38e00000)]
  0x0000020bba19aab0 JavaThread "Cache worker for cache directory md-rule (D:\Android\.gradle\caches\8.0\md-rule)" [_thread_blocked, id=6984, stack(0x0000009c38e00000,0x0000009c38f00000)]
  0x0000020bba19a5e0 JavaThread "Cache worker for file content cache (D:\Android\.gradle\caches\8.0\fileContent)" [_thread_blocked, id=18476, stack(0x0000009c38f00000,0x0000009c39000000)]
  0x0000020bba199770 JavaThread "Cache worker for file hash cache (D:\Android\Projects\.gradle\8.0\fileHashes)" [_thread_blocked, id=23864, stack(0x0000009c39000000,0x0000009c39100000)]
  0x0000020bba19af80 JavaThread "Cache worker for cache directory md-supplier (D:\Android\.gradle\caches\8.0\md-supplier)" [_thread_blocked, id=25192, stack(0x0000009c39100000,0x0000009c39200000)]
  0x0000020bba19d130 JavaThread "Cache worker for execution history cache (D:\Android\.gradle\caches\8.0\executionHistory)" [_thread_blocked, id=3236, stack(0x0000009c37800000,0x0000009c37900000)]
  0x0000020bba19b450 JavaThread "jar transforms" [_thread_blocked, id=20108, stack(0x0000009c38a00000,0x0000009c38b00000)]
  0x0000020bbc857390 JavaThread "C2 CompilerThread1" daemon [_thread_in_native, id=12804, stack(0x0000009c39200000,0x0000009c39300000)]
  0x0000020bba198430 JavaThread "jar transforms Thread 2" [_thread_blocked, id=360, stack(0x0000009c39300000,0x0000009c39400000)]
  0x0000020bba5fbc70 JavaThread "C2 CompilerThread2" daemon [_thread_blocked, id=10164, stack(0x0000009c39400000,0x0000009c39500000)]
  0x0000020bba19dfa0 JavaThread "Cache worker for kotlin-dsl (D:\Android\.gradle\caches\8.0\kotlin-dsl)" [_thread_blocked, id=18960, stack(0x0000009c39500000,0x0000009c39600000)]
  0x0000020bba19e470 JavaThread "jar transforms Thread 3" [_thread_blocked, id=18508, stack(0x0000009c39600000,0x0000009c39700000)]
  0x0000020bba19e940 JavaThread "jar transforms Thread 4" [_thread_blocked, id=24952, stack(0x0000009c39700000,0x0000009c39800000)]
  0x0000020bba198900 JavaThread "Cache worker for dependencies-accessors (D:\Android\Projects\.gradle\8.0\dependencies-accessors)" [_thread_blocked, id=10084, stack(0x0000009c39800000,0x0000009c39900000)]
  0x0000020bb9682760 JavaThread "Cache worker for Build Output Cleanup Cache (D:\Android\Projects\.gradle\buildOutputCleanup)" [_thread_blocked, id=19048, stack(0x0000009c39900000,0x0000009c39a00000)]
  0x0000020bb967f270 JavaThread "jar transforms Thread 5" [_thread_blocked, id=2140, stack(0x0000009c39a00000,0x0000009c39b00000)]
  0x0000020bb9684910 JavaThread "Unconstrained build operations" [_thread_blocked, id=25148, stack(0x0000009c39b00000,0x0000009c39c00000)]
  0x0000020bb967eda0 JavaThread "Unconstrained build operations Thread 2" [_thread_blocked, id=22684, stack(0x0000009c39c00000,0x0000009c39d00000)]
  0x0000020bb9682c30 JavaThread "Unconstrained build operations Thread 3" [_thread_blocked, id=25204, stack(0x0000009c39d00000,0x0000009c39e00000)]
  0x0000020bb967f740 JavaThread "Unconstrained build operations Thread 4" [_thread_blocked, id=24572, stack(0x0000009c39e00000,0x0000009c39f00000)]
  0x0000020bb96818f0 JavaThread "Unconstrained build operations Thread 5" [_thread_blocked, id=18040, stack(0x0000009c39f00000,0x0000009c3a000000)]
  0x0000020bb96835d0 JavaThread "Unconstrained build operations Thread 6" [_thread_blocked, id=20420, stack(0x0000009c3a000000,0x0000009c3a100000)]
  0x0000020bb9680a80 JavaThread "Unconstrained build operations Thread 7" [_thread_blocked, id=11144, stack(0x0000009c3a100000,0x0000009c3a200000)]
  0x0000020bb967e400 JavaThread "Unconstrained build operations Thread 8" [_thread_blocked, id=10916, stack(0x0000009c3a200000,0x0000009c3a300000)]
  0x0000020bb967e8d0 JavaThread "Unconstrained build operations Thread 9" [_thread_blocked, id=21260, stack(0x0000009c3a300000,0x0000009c3a400000)]
  0x0000020bb9682290 JavaThread "Unconstrained build operations Thread 10" [_thread_blocked, id=14396, stack(0x0000009c3a400000,0x0000009c3a500000)]
  0x0000020bb967d0c0 JavaThread "Unconstrained build operations Thread 11" [_thread_blocked, id=4292, stack(0x0000009c3a500000,0x0000009c3a600000)]
  0x0000020bb967d590 JavaThread "Unconstrained build operations Thread 12" [_thread_blocked, id=23368, stack(0x0000009c3a600000,0x0000009c3a700000)]
  0x0000020bb96800e0 JavaThread "Unconstrained build operations Thread 13" [_thread_blocked, id=25272, stack(0x0000009c3a700000,0x0000009c3a800000)]
  0x0000020bb96805b0 JavaThread "Unconstrained build operations Thread 14" [_thread_blocked, id=19332, stack(0x0000009c3a800000,0x0000009c3a900000)]
  0x0000020bb9683100 JavaThread "Unconstrained build operations Thread 15" [_thread_blocked, id=6800, stack(0x0000009c3a900000,0x0000009c3aa00000)]
  0x0000020bb967da60 JavaThread "Unconstrained build operations Thread 16" [_thread_blocked, id=18684, stack(0x0000009c3aa00000,0x0000009c3ab00000)]
  0x0000020bb9680f50 JavaThread "Unconstrained build operations Thread 17" [_thread_blocked, id=19092, stack(0x0000009c3ab00000,0x0000009c3ac00000)]
  0x0000020bb967df30 JavaThread "Unconstrained build operations Thread 18" [_thread_blocked, id=23724, stack(0x0000009c3ac00000,0x0000009c3ad00000)]
  0x0000020bb9683aa0 JavaThread "Unconstrained build operations Thread 19" [_thread_blocked, id=21288, stack(0x0000009c3ad00000,0x0000009c3ae00000)]
  0x0000020bb9681dc0 JavaThread "Unconstrained build operations Thread 20" [_thread_blocked, id=25176, stack(0x0000009c3ae00000,0x0000009c3af00000)]
  0x0000020bb9683f70 JavaThread "Unconstrained build operations Thread 21" [_thread_blocked, id=19704, stack(0x0000009c3af00000,0x0000009c3b000000)]
  0x0000020bbee189d0 JavaThread "Unconstrained build operations Thread 22" [_thread_blocked, id=22328, stack(0x0000009c3b000000,0x0000009c3b100000)]
  0x0000020bbee1a6b0 JavaThread "Unconstrained build operations Thread 23" [_thread_blocked, id=12236, stack(0x0000009c3b100000,0x0000009c3b200000)]
  0x0000020bbee1c860 JavaThread "Unconstrained build operations Thread 24" [_thread_blocked, id=20820, stack(0x0000009c3b200000,0x0000009c3b300000)]
  0x0000020bbee17b60 JavaThread "Unconstrained build operations Thread 25" [_thread_blocked, id=11672, stack(0x0000009c3b300000,0x0000009c3b400000)]
  0x0000020bbee18030 JavaThread "Unconstrained build operations Thread 26" [_thread_blocked, id=22632, stack(0x0000009c3b400000,0x0000009c3b500000)]
  0x0000020bbee1b520 JavaThread "Unconstrained build operations Thread 27" [_thread_blocked, id=18424, stack(0x0000009c3b500000,0x0000009c3b600000)]
  0x0000020bbee1a1e0 JavaThread "Unconstrained build operations Thread 28" [_thread_blocked, id=25196, stack(0x0000009c3b600000,0x0000009c3b700000)]
  0x0000020bbee1d200 JavaThread "Unconstrained build operations Thread 29" [_thread_blocked, id=25580, stack(0x0000009c3b700000,0x0000009c3b800000)]
  0x0000020bbee18500 JavaThread "Unconstrained build operations Thread 30" [_thread_blocked, id=11828, stack(0x0000009c3b800000,0x0000009c3b900000)]
  0x0000020bbee17690 JavaThread "Unconstrained build operations Thread 31" [_thread_blocked, id=23644, stack(0x0000009c3b900000,0x0000009c3ba00000)]
  0x0000020bbee1d6d0 JavaThread "Unconstrained build operations Thread 32" [_thread_blocked, id=18184, stack(0x0000009c3ba00000,0x0000009c3bb00000)]
  0x0000020bbee171c0 JavaThread "Unconstrained build operations Thread 33" [_thread_blocked, id=17612, stack(0x0000009c3bb00000,0x0000009c3bc00000)]
  0x0000020bbee18ea0 JavaThread "Unconstrained build operations Thread 34" [_thread_blocked, id=25012, stack(0x0000009c3bc00000,0x0000009c3bd00000)]
  0x0000020bbee19d10 JavaThread "Unconstrained build operations Thread 35" [_thread_blocked, id=22852, stack(0x0000009c3bd00000,0x0000009c3be00000)]
  0x0000020bbee19370 JavaThread "Unconstrained build operations Thread 36" [_thread_blocked, id=25444, stack(0x0000009c3be00000,0x0000009c3bf00000)]
  0x0000020bbee1c390 JavaThread "Unconstrained build operations Thread 37" [_thread_blocked, id=12528, stack(0x0000009c3bf00000,0x0000009c3c000000)]
  0x0000020bbee1ab80 JavaThread "Unconstrained build operations Thread 38" [_thread_blocked, id=4732, stack(0x0000009c3c000000,0x0000009c3c100000)]
  0x0000020bbee19840 JavaThread "Unconstrained build operations Thread 39" [_thread_blocked, id=25460, stack(0x0000009c3c100000,0x0000009c3c200000)]
  0x0000020bbee1bec0 JavaThread "Unconstrained build operations Thread 40" [_thread_blocked, id=9680, stack(0x0000009c3c200000,0x0000009c3c300000)]
  0x0000020bbee1dba0 JavaThread "Unconstrained build operations Thread 41" [_thread_blocked, id=24732, stack(0x0000009c3c300000,0x0000009c3c400000)]
  0x0000020bbee1cd30 JavaThread "Unconstrained build operations Thread 42" [_thread_blocked, id=7908, stack(0x0000009c3c400000,0x0000009c3c500000)]
  0x0000020bbee1b050 JavaThread "Unconstrained build operations Thread 43" [_thread_blocked, id=2464, stack(0x0000009c3c500000,0x0000009c3c600000)]
  0x0000020bbee1b9f0 JavaThread "Unconstrained build operations Thread 44" [_thread_blocked, id=15936, stack(0x0000009c3c600000,0x0000009c3c700000)]
  0x0000020bbee16350 JavaThread "Unconstrained build operations Thread 45" [_thread_blocked, id=8284, stack(0x0000009c3c700000,0x0000009c3c800000)]
  0x0000020bbee16820 JavaThread "Unconstrained build operations Thread 46" [_thread_blocked, id=18532, stack(0x0000009c3c800000,0x0000009c3c900000)]
  0x0000020bbee16cf0 JavaThread "Unconstrained build operations Thread 47" [_thread_blocked, id=20040, stack(0x0000009c3c900000,0x0000009c3ca00000)]
  0x0000020bc0ec2ef0 JavaThread "Unconstrained build operations Thread 48" [_thread_blocked, id=7768, stack(0x0000009c3ca00000,0x0000009c3cb00000)]
  0x0000020bc0ebe1f0 JavaThread "Unconstrained build operations Thread 49" [_thread_blocked, id=22724, stack(0x0000009c3cb00000,0x0000009c3cc00000)]
  0x0000020bc0ebd850 JavaThread "Unconstrained build operations Thread 50" [_thread_blocked, id=20588, stack(0x0000009c3cc00000,0x0000009c3cd00000)]
  0x0000020bc0ec3d60 JavaThread "Unconstrained build operations Thread 51" [_thread_blocked, id=9540, stack(0x0000009c3cd00000,0x0000009c3ce00000)]
  0x0000020bc0ec03a0 JavaThread "Unconstrained build operations Thread 52" [_thread_blocked, id=14964, stack(0x0000009c3ce00000,0x0000009c3cf00000)]
  0x0000020bc0ec3890 JavaThread "Unconstrained build operations Thread 53" [_thread_blocked, id=9916, stack(0x0000009c3cf00000,0x0000009c3d000000)]
  0x0000020bc0ec4230 JavaThread "Unconstrained build operations Thread 54" [_thread_blocked, id=5256, stack(0x0000009c3d000000,0x0000009c3d100000)]
  0x0000020bc0ec4700 JavaThread "Unconstrained build operations Thread 55" [_thread_blocked, id=23556, stack(0x0000009c3d100000,0x0000009c3d200000)]
  0x0000020bc0ec2a20 JavaThread "Unconstrained build operations Thread 56" [_thread_blocked, id=23068, stack(0x0000009c3d200000,0x0000009c3d300000)]
  0x0000020bc0ec4bd0 JavaThread "Unconstrained build operations Thread 57" [_thread_blocked, id=1848, stack(0x0000009c3d300000,0x0000009c3d400000)]
  0x0000020bc0ec0870 JavaThread "Unconstrained build operations Thread 58" [_thread_blocked, id=24000, stack(0x0000009c3d400000,0x0000009c3d500000)]
  0x0000020bc0ec33c0 JavaThread "Unconstrained build operations Thread 59" [_thread_blocked, id=16672, stack(0x0000009c3d500000,0x0000009c3d600000)]
  0x0000020bc0ec1210 JavaThread "Unconstrained build operations Thread 60" [_thread_blocked, id=24648, stack(0x0000009c3d600000,0x0000009c3d700000)]
  0x0000020bc0ec1bb0 JavaThread "Unconstrained build operations Thread 61" [_thread_blocked, id=2300, stack(0x0000009c3d700000,0x0000009c3d800000)]
  0x0000020bc0ec50a0 JavaThread "Unconstrained build operations Thread 62" [_thread_blocked, id=3392, stack(0x0000009c3d800000,0x0000009c3d900000)]
  0x0000020bc0ebdd20 JavaThread "Unconstrained build operations Thread 63" [_thread_blocked, id=9140, stack(0x0000009c3d900000,0x0000009c3da00000)]
  0x0000020bc0ebe6c0 JavaThread "Unconstrained build operations Thread 64" [_thread_blocked, id=15388, stack(0x0000009c3da00000,0x0000009c3db00000)]
  0x0000020bc0ec0d40 JavaThread "Unconstrained build operations Thread 65" [_thread_blocked, id=25568, stack(0x0000009c3db00000,0x0000009c3dc00000)]
  0x0000020bc0ebeb90 JavaThread "Unconstrained build operations Thread 66" [_thread_blocked, id=11500, stack(0x0000009c3dc00000,0x0000009c3dd00000)]
  0x0000020bc0ec16e0 JavaThread "Unconstrained build operations Thread 67" [_thread_blocked, id=24936, stack(0x0000009c3dd00000,0x0000009c3de00000)]
  0x0000020bc0ebf060 JavaThread "Unconstrained build operations Thread 68" [_thread_blocked, id=19960, stack(0x0000009c3de00000,0x0000009c3df00000)]
  0x0000020bc0ec2080 JavaThread "Unconstrained build operations Thread 69" [_thread_blocked, id=24124, stack(0x0000009c3df00000,0x0000009c3e000000)]
  0x0000020bc0ebf530 JavaThread "Unconstrained build operations Thread 70" [_thread_blocked, id=24892, stack(0x0000009c3e000000,0x0000009c3e100000)]
  0x0000020bc0ebfed0 JavaThread "Unconstrained build operations Thread 71" [_thread_blocked, id=3160, stack(0x0000009c3e100000,0x0000009c3e200000)]
  0x0000020bc0ec2550 JavaThread "Unconstrained build operations Thread 72" [_thread_blocked, id=12840, stack(0x0000009c3e200000,0x0000009c3e300000)]
  0x0000020bc0ebfa00 JavaThread "Unconstrained build operations Thread 73" [_thread_blocked, id=24736, stack(0x0000009c3e300000,0x0000009c3e400000)]
  0x0000020bc0e4d240 JavaThread "Unconstrained build operations Thread 74" [_thread_blocked, id=23892, stack(0x0000009c3e400000,0x0000009c3e500000)]
  0x0000020bc0e540f0 JavaThread "Unconstrained build operations Thread 75" [_thread_blocked, id=24960, stack(0x0000009c3e500000,0x0000009c3e600000)]
  0x0000020bc0e50c00 JavaThread "Unconstrained build operations Thread 76" [_thread_blocked, id=21428, stack(0x0000009c3e600000,0x0000009c3e700000)]
  0x0000020bc0e52410 JavaThread "Unconstrained build operations Thread 77" [_thread_blocked, id=20012, stack(0x0000009c3e700000,0x0000009c3e800000)]
  0x0000020bc0e51a70 JavaThread "Unconstrained build operations Thread 78" [_thread_blocked, id=18156, stack(0x0000009c3e800000,0x0000009c3e900000)]
  0x0000020bc0e4cd70 JavaThread "Unconstrained build operations Thread 79" [_thread_blocked, id=25084, stack(0x0000009c3e900000,0x0000009c3ea00000)]
  0x0000020bc0e4d710 JavaThread "Unconstrained build operations Thread 80" [_thread_blocked, id=25412, stack(0x0000009c3ea00000,0x0000009c3eb00000)]
  0x0000020bc0e4ea50 JavaThread "Unconstrained build operations Thread 81" [_thread_blocked, id=6520, stack(0x0000009c3eb00000,0x0000009c3ec00000)]
  0x0000020bc0e53750 JavaThread "Unconstrained build operations Thread 82" [_thread_blocked, id=5648, stack(0x0000009c3ec00000,0x0000009c3ed00000)]
  0x0000020bc0e4dbe0 JavaThread "Unconstrained build operations Thread 83" [_thread_blocked, id=22240, stack(0x0000009c3ed00000,0x0000009c3ee00000)]
  0x0000020bc0e51f40 JavaThread "Unconstrained build operations Thread 84" [_thread_blocked, id=1324, stack(0x0000009c3ee00000,0x0000009c3ef00000)]
  0x0000020bc0e4e0b0 JavaThread "Unconstrained build operations Thread 85" [_thread_blocked, id=6708, stack(0x0000009c3ef00000,0x0000009c3f000000)]
  0x0000020bc0e510d0 JavaThread "Unconstrained build operations Thread 86" [_thread_blocked, id=24228, stack(0x0000009c3f000000,0x0000009c3f100000)]
  0x0000020bc0e528e0 JavaThread "Unconstrained build operations Thread 87" [_thread_blocked, id=15400, stack(0x0000009c3f100000,0x0000009c3f200000)]
  0x0000020bc0e4ef20 JavaThread "Unconstrained build operations Thread 88" [_thread_blocked, id=10540, stack(0x0000009c3f200000,0x0000009c3f300000)]
  0x0000020bc0e4e580 JavaThread "Unconstrained build operations Thread 89" [_thread_blocked, id=22996, stack(0x0000009c3f300000,0x0000009c3f400000)]
  0x0000020bc0e4f8c0 JavaThread "Unconstrained build operations Thread 90" [_thread_blocked, id=24644, stack(0x0000009c3f400000,0x0000009c3f500000)]
  0x0000020bc0e53280 JavaThread "Unconstrained build operations Thread 91" [_thread_blocked, id=18552, stack(0x0000009c3f500000,0x0000009c3f600000)]
  0x0000020bc0e53c20 JavaThread "Unconstrained build operations Thread 92" [_thread_blocked, id=24584, stack(0x0000009c3f600000,0x0000009c3f700000)]
  0x0000020bc0e515a0 JavaThread "Unconstrained build operations Thread 93" [_thread_blocked, id=24956, stack(0x0000009c3f700000,0x0000009c3f800000)]
  0x0000020bc0e50260 JavaThread "Unconstrained build operations Thread 94" [_thread_blocked, id=14424, stack(0x0000009c3f800000,0x0000009c3f900000)]
  0x0000020bc0e545c0 JavaThread "Unconstrained build operations Thread 95" [_thread_blocked, id=10980, stack(0x0000009c3f900000,0x0000009c3fa00000)]
  0x0000020bc0e50730 JavaThread "Unconstrained build operations Thread 96" [_thread_blocked, id=22332, stack(0x0000009c3fa00000,0x0000009c3fb00000)]
  0x0000020bc0e4f3f0 JavaThread "Unconstrained build operations Thread 97" [_thread_blocked, id=8044, stack(0x0000009c3fb00000,0x0000009c3fc00000)]
  0x0000020bc0e52db0 JavaThread "Unconstrained build operations Thread 98" [_thread_blocked, id=7240, stack(0x0000009c3fc00000,0x0000009c3fd00000)]
  0x0000020bc0e4fd90 JavaThread "Unconstrained build operations Thread 99" [_thread_blocked, id=25180, stack(0x0000009c3fd00000,0x0000009c3fe00000)]
  0x0000020bbf319260 JavaThread "Unconstrained build operations Thread 100" [_thread_blocked, id=25064, stack(0x0000009c3fe00000,0x0000009c3ff00000)]
  0x0000020bbf3170b0 JavaThread "Unconstrained build operations Thread 101" [_thread_blocked, id=11180, stack(0x0000009c3ff00000,0x0000009c40000000)]
  0x0000020bbf3183f0 JavaThread "Unconstrained build operations Thread 102" [_thread_blocked, id=10948, stack(0x0000009c40000000,0x0000009c40100000)]
  0x0000020bbf3153d0 JavaThread "Unconstrained build operations Thread 103" [_thread_blocked, id=2180, stack(0x0000009c40100000,0x0000009c40200000)]
  0x0000020bbf319730 JavaThread "Unconstrained build operations Thread 104" [_thread_blocked, id=17528, stack(0x0000009c40200000,0x0000009c40300000)]
  0x0000020bbf314f00 JavaThread "Unconstrained build operations Thread 105" [_thread_blocked, id=12992, stack(0x0000009c40300000,0x0000009c40400000)]
  0x0000020bbf319c00 JavaThread "Unconstrained build operations Thread 106" [_thread_blocked, id=24792, stack(0x0000009c40400000,0x0000009c40500000)]
  0x0000020bbf314560 JavaThread "Unconstrained build operations Thread 107" [_thread_blocked, id=17552, stack(0x0000009c40500000,0x0000009c40600000)]
  0x0000020bbf31a5a0 JavaThread "Unconstrained build operations Thread 108" [_thread_blocked, id=23852, stack(0x0000009c40600000,0x0000009c40700000)]
  0x0000020bbf31aa70 JavaThread "Unconstrained build operations Thread 109" [_thread_blocked, id=3020, stack(0x0000009c40700000,0x0000009c40800000)]
  0x0000020bbf313220 JavaThread "Unconstrained build operations Thread 110" [_thread_blocked, id=19280, stack(0x0000009c40800000,0x0000009c40900000)]
  0x0000020bbf315d70 JavaThread "Unconstrained build operations Thread 111" [_thread_blocked, id=3612, stack(0x0000009c40900000,0x0000009c40a00000)]
  0x0000020bbf317f20 JavaThread "Unconstrained build operations Thread 112" [_thread_blocked, id=21048, stack(0x0000009c40a00000,0x0000009c40b00000)]
  0x0000020bbf31a0d0 JavaThread "Unconstrained build operations Thread 113" [_thread_blocked, id=17292, stack(0x0000009c40b00000,0x0000009c40c00000)]
  0x0000020bbf316240 JavaThread "Unconstrained build operations Thread 114" [_thread_blocked, id=11924, stack(0x0000009c40c00000,0x0000009c40d00000)]
  0x0000020bbf3136f0 JavaThread "Unconstrained build operations Thread 115" [_thread_blocked, id=24092, stack(0x0000009c40d00000,0x0000009c40e00000)]
  0x0000020bbf316710 JavaThread "Unconstrained build operations Thread 116" [_thread_blocked, id=16944, stack(0x0000009c40e00000,0x0000009c40f00000)]
  0x0000020bbf313bc0 JavaThread "Unconstrained build operations Thread 117" [_thread_blocked, id=25592, stack(0x0000009c40f00000,0x0000009c41000000)]
  0x0000020bbf316be0 JavaThread "Unconstrained build operations Thread 118" [_thread_blocked, id=7336, stack(0x0000009c41000000,0x0000009c41100000)]
  0x0000020bbf3158a0 JavaThread "Unconstrained build operations Thread 119" [_thread_blocked, id=5468, stack(0x0000009c41100000,0x0000009c41200000)]
  0x0000020bbf314090 JavaThread "Unconstrained build operations Thread 120" [_thread_blocked, id=23564, stack(0x0000009c41200000,0x0000009c41300000)]
  0x0000020bbf314a30 JavaThread "jar transforms Thread 6" [_thread_blocked, id=20368, stack(0x0000009c41300000,0x0000009c41400000)]
  0x0000020bbf317580 JavaThread "jar transforms Thread 7" [_thread_blocked, id=23912, stack(0x0000009c41400000,0x0000009c41500000)]
  0x0000020bbf317a50 JavaThread "jar transforms Thread 8" [_thread_blocked, id=24064, stack(0x0000009c41500000,0x0000009c41600000)]
  0x0000020bbf3188c0 JavaThread "jar transforms Thread 9" [_thread_blocked, id=1396, stack(0x0000009c41600000,0x0000009c41700000)]
  0x0000020bbf318d90 JavaThread "jar transforms Thread 10" [_thread_blocked, id=22420, stack(0x0000009c41700000,0x0000009c41800000)]
  0x0000020bbf1f4610 JavaThread "jar transforms Thread 11" [_thread_blocked, id=5380, stack(0x0000009c41800000,0x0000009c41900000)]
  0x0000020bbf1fa180 JavaThread "jar transforms Thread 12" [_thread_blocked, id=12692, stack(0x0000009c41900000,0x0000009c41a00000)]
  0x0000020bbf1fb990 JavaThread "build event listener" [_thread_blocked, id=25260, stack(0x0000009c41c00000,0x0000009c41d00000)]
  0x0000020bbf1f7160 JavaThread "Memory manager" [_thread_blocked, id=24456, stack(0x0000009c41d00000,0x0000009c41e00000)]
  0x0000020bbf1faff0 JavaThread "build event listener" [_thread_blocked, id=6408, stack(0x0000009c41e00000,0x0000009c41f00000)]

Other Threads:
=>0x0000020bb66bd7f0 VMThread "VM Thread" [stack: 0x0000009c36400000,0x0000009c36500000] [id=7072]
  0x0000020b9c498d80 WatcherThread [stack: 0x0000009c37000000,0x0000009c37100000] [id=18204]
  0x0000020b9c46b7a0 GCTaskThread "GC Thread#0" [stack: 0x0000009c35f00000,0x0000009c36000000] [id=24552]
  0x0000020bb89724e0 GCTaskThread "GC Thread#1" [stack: 0x0000009c37300000,0x0000009c37400000] [id=23512]
  0x0000020bb800a020 GCTaskThread "GC Thread#2" [stack: 0x0000009c37400000,0x0000009c37500000] [id=25172]
  0x0000020bb7f7aa80 GCTaskThread "GC Thread#3" [stack: 0x0000009c37500000,0x0000009c37600000] [id=18612]
  0x0000020bb8549240 GCTaskThread "GC Thread#4" [stack: 0x0000009c37600000,0x0000009c37700000] [id=2100]
  0x0000020bb76e0730 GCTaskThread "GC Thread#5" [stack: 0x0000009c38000000,0x0000009c38100000] [id=12744]
  0x0000020bb9df8ed0 GCTaskThread "GC Thread#6" [stack: 0x0000009c38100000,0x0000009c38200000] [id=12968]
  0x0000020bb9df8970 GCTaskThread "GC Thread#7" [stack: 0x0000009c38200000,0x0000009c38300000] [id=24760]
  0x0000020bb9df9990 GCTaskThread "GC Thread#8" [stack: 0x0000009c38300000,0x0000009c38400000] [id=23856]
  0x0000020bb9df96e0 GCTaskThread "GC Thread#9" [stack: 0x0000009c38400000,0x0000009c38500000] [id=5652]
  0x0000020b9c47c6e0 ConcurrentGCThread "G1 Main Marker" [stack: 0x0000009c36000000,0x0000009c36100000] [id=23444]
  0x0000020b9c47d890 ConcurrentGCThread "G1 Conc#0" [stack: 0x0000009c36100000,0x0000009c36200000] [id=23196]
  0x0000020bb9df8160 ConcurrentGCThread "G1 Conc#1" [stack: 0x0000009c38500000,0x0000009c38600000] [id=10312]
  0x0000020bb9df86c0 ConcurrentGCThread "G1 Conc#2" [stack: 0x0000009c38600000,0x0000009c38700000] [id=10412]
  0x0000020b9c4cdba0 ConcurrentGCThread "G1 Refine#0" [stack: 0x0000009c36200000,0x0000009c36300000] [id=8108]
  0x0000020bbc4b2830 ConcurrentGCThread "G1 Refine#1" [stack: 0x0000009c41a00000,0x0000009c41b00000] [id=22884]
  0x0000020bbc4b1f90 ConcurrentGCThread "G1 Refine#2" [stack: 0x0000009c41b00000,0x0000009c41c00000] [id=3120]
  0x0000020b9c4ce1d0 ConcurrentGCThread "G1 Service" [stack: 0x0000009c36300000,0x0000009c36400000] [id=22536]

Threads with active compile tasks:
C2 CompilerThread0    15298 6868       4       java.util.jar.JarFile::getManifest (5 bytes)
C2 CompilerThread1    15298 6738 %     4       org.gradle.internal.instantiation.generator.AbstractClassGenerator::inspectType @ 107 (560 bytes)
C2 CompilerThread2    15298 6866   !   4       java.util.jar.JarFile::getManifestFromReference (197 bytes)

VM state: at safepoint (normal execution)

VM Mutex/Monitor currently owned by a thread:  ([mutex/lock_event])
[0x0000020b9c40ac10] Threads_lock - owner thread: 0x0000020bb66bd7f0
[0x0000020b9c40b510] Heap_lock - owner thread: 0x0000020bb99d6e80

Heap address: 0x0000000080000000, size: 2048 MB, Compressed Oops mode: 32-bit

CDS archive(s) not mapped
Compressed class space mapped at: 0x0000000100000000-0x0000000140000000, reserved size: 1073741824
Narrow klass base: 0x0000000000000000, Narrow klass shift: 3, Narrow klass range: 0x140000000

GC Precious Log:
 CPUs: 12 total, 12 available
 Memory: 7521M
 Large Page Support: Disabled
 NUMA Support: Disabled
 Compressed Oops: Enabled (32-bit)
 Heap Region Size: 1M
 Heap Min Capacity: 8M
 Heap Initial Capacity: 118M
 Heap Max Capacity: 2G
 Pre-touch: Disabled
 Parallel Workers: 10
 Concurrent Workers: 3
 Concurrent Refinement Workers: 10
 Periodic GC: Disabled

Heap:
 garbage-first heap   total 112640K, used 59587K [0x0000000080000000, 0x0000000100000000)
  region size 1024K, 4 young (4096K), 4 survivors (4096K)
 Metaspace       used 68465K, committed 68992K, reserved 1114112K
  class space    used 9123K, committed 9408K, reserved 1048576K

Heap Regions: E=young(eden), S=young(survivor), O=old, HS=humongous(starts), HC=humongous(continues), CS=collection set, F=free, OA=open archive, CA=closed archive, TAMS=top-at-mark-start (previous, next)
|   0|0x0000000080000000, 0x0000000080100000, 0x0000000080100000|100%|HS|  |TAMS 0x0000000080100000, 0x0000000080100000| Complete 
|   1|0x0000000080100000, 0x0000000080200000, 0x0000000080200000|100%|HC|  |TAMS 0x0000000080200000, 0x0000000080200000| Complete 
|   2|0x0000000080200000, 0x0000000080300000, 0x0000000080300000|100%|HC|  |TAMS 0x0000000080300000, 0x0000000080300000| Complete 
|   3|0x0000000080300000, 0x0000000080400000, 0x0000000080400000|100%|HC|  |TAMS 0x0000000080400000, 0x0000000080400000| Complete 
|   4|0x0000000080400000, 0x0000000080500000, 0x0000000080500000|100%| O|  |TAMS 0x0000000080500000, 0x0000000080500000| Untracked 
|   5|0x0000000080500000, 0x0000000080600000, 0x0000000080600000|100%| O|  |TAMS 0x0000000080600000, 0x0000000080600000| Untracked 
|   6|0x0000000080600000, 0x0000000080700000, 0x0000000080700000|100%| O|  |TAMS 0x0000000080700000, 0x0000000080700000| Untracked 
|   7|0x0000000080700000, 0x0000000080800000, 0x0000000080800000|100%| O|  |TAMS 0x0000000080800000, 0x0000000080800000| Untracked 
|   8|0x0000000080800000, 0x0000000080900000, 0x0000000080900000|100%| O|  |TAMS 0x0000000080900000, 0x0000000080900000| Untracked 
|   9|0x0000000080900000, 0x0000000080a00000, 0x0000000080a00000|100%| O|  |TAMS 0x0000000080a00000, 0x0000000080a00000| Untracked 
|  10|0x0000000080a00000, 0x0000000080b00000, 0x0000000080b00000|100%| O|  |TAMS 0x0000000080b00000, 0x0000000080b00000| Untracked 
|  11|0x0000000080b00000, 0x0000000080c00000, 0x0000000080c00000|100%| O|  |TAMS 0x0000000080c00000, 0x0000000080c00000| Untracked 
|  12|0x0000000080c00000, 0x0000000080d00000, 0x0000000080d00000|100%| O|  |TAMS 0x0000000080d00000, 0x0000000080d00000| Untracked 
|  13|0x0000000080d00000, 0x0000000080e00000, 0x0000000080e00000|100%| O|  |TAMS 0x0000000080e00000, 0x0000000080e00000| Untracked 
|  14|0x0000000080e00000, 0x0000000080f00000, 0x0000000080f00000|100%| O|  |TAMS 0x0000000080f00000, 0x0000000080f00000| Untracked 
|  15|0x0000000080f00000, 0x0000000081000000, 0x0000000081000000|100%| O|  |TAMS 0x0000000081000000, 0x0000000081000000| Untracked 
|  16|0x0000000081000000, 0x0000000081100000, 0x0000000081100000|100%| O|  |TAMS 0x0000000081100000, 0x0000000081100000| Untracked 
|  17|0x0000000081100000, 0x0000000081200000, 0x0000000081200000|100%| O|  |TAMS 0x0000000081200000, 0x0000000081200000| Untracked 
|  18|0x0000000081200000, 0x0000000081300000, 0x0000000081300000|100%| O|  |TAMS 0x0000000081300000, 0x0000000081300000| Untracked 
|  19|0x0000000081300000, 0x0000000081400000, 0x0000000081400000|100%| O|  |TAMS 0x0000000081400000, 0x0000000081400000| Untracked 
|  20|0x0000000081400000, 0x0000000081500000, 0x0000000081500000|100%| O|  |TAMS 0x0000000081500000, 0x0000000081500000| Untracked 
|  21|0x0000000081500000, 0x0000000081600000, 0x0000000081600000|100%| O|  |TAMS 0x0000000081600000, 0x0000000081600000| Untracked 
|  22|0x0000000081600000, 0x0000000081700000, 0x0000000081700000|100%| O|  |TAMS 0x0000000081700000, 0x0000000081700000| Untracked 
|  23|0x0000000081700000, 0x0000000081800000, 0x0000000081800000|100%| O|  |TAMS 0x0000000081800000, 0x0000000081800000| Untracked 
|  24|0x0000000081800000, 0x0000000081900000, 0x0000000081900000|100%| O|  |TAMS 0x0000000081900000, 0x0000000081900000| Untracked 
|  25|0x0000000081900000, 0x0000000081a00000, 0x0000000081a00000|100%|HS|  |TAMS 0x0000000081a00000, 0x0000000081a00000| Complete 
|  26|0x0000000081a00000, 0x0000000081b00000, 0x0000000081b00000|100%| O|  |TAMS 0x0000000081b00000, 0x0000000081b00000| Untracked 
|  27|0x0000000081b00000, 0x0000000081c00000, 0x0000000081c00000|100%| O|  |TAMS 0x0000000081c00000, 0x0000000081c00000| Untracked 
|  28|0x0000000081c00000, 0x0000000081d00000, 0x0000000081d00000|100%| O|  |TAMS 0x0000000081d00000, 0x0000000081d00000| Untracked 
|  29|0x0000000081d00000, 0x0000000081e00000, 0x0000000081e00000|100%|HS|  |TAMS 0x0000000081e00000, 0x0000000081e00000| Complete 
|  30|0x0000000081e00000, 0x0000000081f00000, 0x0000000081f00000|100%|HS|  |TAMS 0x0000000081f00000, 0x0000000081f00000| Complete 
|  31|0x0000000081f00000, 0x0000000082000000, 0x0000000082000000|100%|HC|  |TAMS 0x0000000082000000, 0x0000000082000000| Complete 
|  32|0x0000000082000000, 0x0000000082100000, 0x0000000082100000|100%|HS|  |TAMS 0x0000000082100000, 0x0000000082100000| Complete 
|  33|0x0000000082100000, 0x0000000082200000, 0x0000000082200000|100%|HS|  |TAMS 0x0000000082200000, 0x0000000082200000| Complete 
|  34|0x0000000082200000, 0x0000000082300000, 0x0000000082300000|100%|HC|  |TAMS 0x0000000082300000, 0x0000000082300000| Complete 
|  35|0x0000000082300000, 0x0000000082400000, 0x0000000082400000|100%|HC|  |TAMS 0x0000000082400000, 0x0000000082400000| Complete 
|  36|0x0000000082400000, 0x0000000082500000, 0x0000000082500000|100%|HC|  |TAMS 0x0000000082500000, 0x0000000082500000| Complete 
|  37|0x0000000082500000, 0x0000000082600000, 0x0000000082600000|100%| O|  |TAMS 0x0000000082600000, 0x0000000082600000| Untracked 
|  38|0x0000000082600000, 0x0000000082700000, 0x0000000082700000|100%| O|  |TAMS 0x0000000082700000, 0x0000000082700000| Untracked 
|  39|0x0000000082700000, 0x0000000082800000, 0x0000000082800000|100%| O|  |TAMS 0x0000000082800000, 0x0000000082800000| Untracked 
|  40|0x0000000082800000, 0x0000000082900000, 0x0000000082900000|100%| O|  |TAMS 0x0000000082900000, 0x0000000082900000| Untracked 
|  41|0x0000000082900000, 0x0000000082a00000, 0x0000000082a00000|100%| O|  |TAMS 0x0000000082a00000, 0x0000000082a00000| Untracked 
|  42|0x0000000082a00000, 0x0000000082b00000, 0x0000000082b00000|100%| O|  |TAMS 0x0000000082b00000, 0x0000000082b00000| Untracked 
|  43|0x0000000082b00000, 0x0000000082c00000, 0x0000000082c00000|100%| O|  |TAMS 0x0000000082c00000, 0x0000000082c00000| Untracked 
|  44|0x0000000082c00000, 0x0000000082d00000, 0x0000000082d00000|100%| O|  |TAMS 0x0000000082d00000, 0x0000000082d00000| Untracked 
|  45|0x0000000082d00000, 0x0000000082e00000, 0x0000000082e00000|100%| O|  |TAMS 0x0000000082e00000, 0x0000000082e00000| Untracked 
|  46|0x0000000082e00000, 0x0000000082f00000, 0x0000000082f00000|100%| O|  |TAMS 0x0000000082f00000, 0x0000000082f00000| Untracked 
|  47|0x0000000082f00000, 0x0000000083000000, 0x0000000083000000|100%| O|  |TAMS 0x0000000083000000, 0x0000000083000000| Untracked 
|  48|0x0000000083000000, 0x0000000083100000, 0x0000000083100000|100%| O|  |TAMS 0x0000000083100000, 0x0000000083100000| Untracked 
|  49|0x0000000083100000, 0x0000000083200000, 0x0000000083200000|100%| O|  |TAMS 0x0000000083200000, 0x0000000083200000| Untracked 
|  50|0x0000000083200000, 0x0000000083300000, 0x0000000083300000|100%| O|  |TAMS 0x000000008328ee00, 0x0000000083300000| Untracked 
|  51|0x0000000083300000, 0x0000000083300000, 0x0000000083400000|  0%| F|  |TAMS 0x0000000083300000, 0x0000000083300000| Untracked 
|  52|0x0000000083400000, 0x0000000083400000, 0x0000000083500000|  0%| F|  |TAMS 0x0000000083400000, 0x0000000083400000| Untracked 
|  53|0x0000000083500000, 0x0000000083500000, 0x0000000083600000|  0%| F|  |TAMS 0x0000000083500000, 0x0000000083500000| Untracked 
|  54|0x0000000083600000, 0x0000000083600000, 0x0000000083700000|  0%| F|  |TAMS 0x0000000083600000, 0x0000000083600000| Untracked 
|  55|0x0000000083700000, 0x0000000083800000, 0x0000000083800000|100%| O|  |TAMS 0x0000000083700000, 0x0000000083800000| Untracked 
|  56|0x0000000083800000, 0x0000000083900000, 0x0000000083900000|100%| O|  |TAMS 0x0000000083800000, 0x0000000083900000| Untracked 
|  57|0x0000000083900000, 0x0000000083900000, 0x0000000083a00000|  0%| F|  |TAMS 0x0000000083900000, 0x0000000083900000| Untracked 
|  58|0x0000000083a00000, 0x0000000083b00000, 0x0000000083b00000|100%| O|  |TAMS 0x0000000083a00000, 0x0000000083b00000| Untracked 
|  59|0x0000000083b00000, 0x0000000083b72600, 0x0000000083c00000| 44%| O|  |TAMS 0x0000000083b00000, 0x0000000083b72600| Untracked 
|  60|0x0000000083c00000, 0x0000000083c00000, 0x0000000083d00000|  0%| F|  |TAMS 0x0000000083c00000, 0x0000000083c00000| Untracked 
|  61|0x0000000083d00000, 0x0000000083d00000, 0x0000000083e00000|  0%| F|  |TAMS 0x0000000083d00000, 0x0000000083d00000| Untracked 
|  62|0x0000000083e00000, 0x0000000083e00000, 0x0000000083f00000|  0%| F|  |TAMS 0x0000000083e00000, 0x0000000083e00000| Untracked 
|  63|0x0000000083f00000, 0x0000000083f00000, 0x0000000084000000|  0%| F|  |TAMS 0x0000000083f00000, 0x0000000083f00000| Untracked 
|  64|0x0000000084000000, 0x0000000084000000, 0x0000000084100000|  0%| F|  |TAMS 0x0000000084000000, 0x0000000084000000| Untracked 
|  65|0x0000000084100000, 0x0000000084100000, 0x0000000084200000|  0%| F|  |TAMS 0x0000000084100000, 0x0000000084100000| Untracked 
|  66|0x0000000084200000, 0x0000000084200000, 0x0000000084300000|  0%| F|  |TAMS 0x0000000084200000, 0x0000000084200000| Untracked 
|  67|0x0000000084300000, 0x0000000084300000, 0x0000000084400000|  0%| F|  |TAMS 0x0000000084300000, 0x0000000084300000| Untracked 
|  68|0x0000000084400000, 0x0000000084400000, 0x0000000084500000|  0%| F|  |TAMS 0x0000000084400000, 0x0000000084400000| Untracked 
|  69|0x0000000084500000, 0x0000000084500000, 0x0000000084600000|  0%| F|  |TAMS 0x0000000084500000, 0x0000000084500000| Untracked 
|  70|0x0000000084600000, 0x0000000084600000, 0x0000000084700000|  0%| F|  |TAMS 0x0000000084600000, 0x0000000084600000| Untracked 
|  71|0x0000000084700000, 0x0000000084700000, 0x0000000084800000|  0%| F|  |TAMS 0x0000000084700000, 0x0000000084700000| Untracked 
|  72|0x0000000084800000, 0x0000000084800000, 0x0000000084900000|  0%| F|  |TAMS 0x0000000084800000, 0x0000000084800000| Untracked 
|  73|0x0000000084900000, 0x0000000084900000, 0x0000000084a00000|  0%| F|  |TAMS 0x0000000084900000, 0x0000000084900000| Untracked 
|  74|0x0000000084a00000, 0x0000000084a00000, 0x0000000084b00000|  0%| F|  |TAMS 0x0000000084a00000, 0x0000000084a00000| Untracked 
|  75|0x0000000084b00000, 0x0000000084b00000, 0x0000000084c00000|  0%| F|  |TAMS 0x0000000084b00000, 0x0000000084b00000| Untracked 
|  76|0x0000000084c00000, 0x0000000084c00000, 0x0000000084d00000|  0%| F|  |TAMS 0x0000000084c00000, 0x0000000084c00000| Untracked 
|  77|0x0000000084d00000, 0x0000000084d00000, 0x0000000084e00000|  0%| F|  |TAMS 0x0000000084d00000, 0x0000000084d00000| Untracked 
|  78|0x0000000084e00000, 0x0000000084e00000, 0x0000000084f00000|  0%| F|  |TAMS 0x0000000084e00000, 0x0000000084e00000| Untracked 
|  79|0x0000000084f00000, 0x0000000084fbe690, 0x0000000085000000| 74%| S|CS|TAMS 0x0000000084f00000, 0x0000000084f00000| Complete 
|  80|0x0000000085000000, 0x0000000085100000, 0x0000000085100000|100%| S|CS|TAMS 0x0000000085000000, 0x0000000085000000| Complete 
|  81|0x0000000085100000, 0x0000000085200000, 0x0000000085200000|100%| S|CS|TAMS 0x0000000085100000, 0x0000000085100000| Complete 
|  82|0x0000000085200000, 0x0000000085200000, 0x0000000085300000|  0%| F|  |TAMS 0x0000000085200000, 0x0000000085200000| Untracked 
|  83|0x0000000085300000, 0x0000000085300000, 0x0000000085400000|  0%| F|  |TAMS 0x0000000085300000, 0x0000000085300000| Untracked 
|  84|0x0000000085400000, 0x0000000085500000, 0x0000000085500000|100%| S|CS|TAMS 0x0000000085400000, 0x0000000085400000| Complete 
|  85|0x0000000085500000, 0x0000000085500000, 0x0000000085600000|  0%| F|  |TAMS 0x0000000085500000, 0x0000000085500000| Untracked 
|  86|0x0000000085600000, 0x0000000085600000, 0x0000000085700000|  0%| F|  |TAMS 0x0000000085600000, 0x0000000085600000| Untracked 
|  87|0x0000000085700000, 0x0000000085700000, 0x0000000085800000|  0%| F|  |TAMS 0x0000000085700000, 0x0000000085700000| Untracked 
|  88|0x0000000085800000, 0x0000000085800000, 0x0000000085900000|  0%| F|  |TAMS 0x0000000085800000, 0x0000000085800000| Untracked 
|  89|0x0000000085900000, 0x0000000085900000, 0x0000000085a00000|  0%| F|  |TAMS 0x0000000085900000, 0x0000000085900000| Untracked 
|  90|0x0000000085a00000, 0x0000000085a00000, 0x0000000085b00000|  0%| F|  |TAMS 0x0000000085a00000, 0x0000000085a00000| Untracked 
|  91|0x0000000085b00000, 0x0000000085b00000, 0x0000000085c00000|  0%| F|  |TAMS 0x0000000085b00000, 0x0000000085b00000| Untracked 
|  92|0x0000000085c00000, 0x0000000085c00000, 0x0000000085d00000|  0%| F|  |TAMS 0x0000000085c00000, 0x0000000085c00000| Untracked 
|  93|0x0000000085d00000, 0x0000000085d00000, 0x0000000085e00000|  0%| F|  |TAMS 0x0000000085d00000, 0x0000000085d00000| Untracked 
|  94|0x0000000085e00000, 0x0000000085e00000, 0x0000000085f00000|  0%| F|  |TAMS 0x0000000085e00000, 0x0000000085e00000| Untracked 
|  95|0x0000000085f00000, 0x0000000085f00000, 0x0000000086000000|  0%| F|  |TAMS 0x0000000085f00000, 0x0000000085f00000| Untracked 
|  96|0x0000000086000000, 0x0000000086000000, 0x0000000086100000|  0%| F|  |TAMS 0x0000000086000000, 0x0000000086000000| Untracked 
|  97|0x0000000086100000, 0x0000000086100000, 0x0000000086200000|  0%| F|  |TAMS 0x0000000086100000, 0x0000000086100000| Untracked 
|  98|0x0000000086200000, 0x0000000086200000, 0x0000000086300000|  0%| F|  |TAMS 0x0000000086200000, 0x0000000086200000| Untracked 
|  99|0x0000000086300000, 0x0000000086300000, 0x0000000086400000|  0%| F|  |TAMS 0x0000000086300000, 0x0000000086300000| Untracked 
| 100|0x0000000086400000, 0x0000000086400000, 0x0000000086500000|  0%| F|  |TAMS 0x0000000086400000, 0x0000000086400000| Untracked 
| 101|0x0000000086500000, 0x0000000086500000, 0x0000000086600000|  0%| F|  |TAMS 0x0000000086500000, 0x0000000086500000| Untracked 
| 102|0x0000000086600000, 0x0000000086600000, 0x0000000086700000|  0%| F|  |TAMS 0x0000000086600000, 0x0000000086600000| Untracked 
| 103|0x0000000086700000, 0x0000000086700000, 0x0000000086800000|  0%| F|  |TAMS 0x0000000086700000, 0x0000000086700000| Untracked 
| 104|0x0000000086800000, 0x0000000086800000, 0x0000000086900000|  0%| F|  |TAMS 0x0000000086800000, 0x0000000086800000| Untracked 
| 105|0x0000000086900000, 0x0000000086900000, 0x0000000086a00000|  0%| F|  |TAMS 0x0000000086900000, 0x0000000086900000| Untracked 
| 106|0x0000000086a00000, 0x0000000086a00000, 0x0000000086b00000|  0%| F|  |TAMS 0x0000000086a00000, 0x0000000086a00000| Untracked 
| 107|0x0000000086b00000, 0x0000000086b00000, 0x0000000086c00000|  0%| F|  |TAMS 0x0000000086b00000, 0x0000000086b00000| Untracked 
| 108|0x0000000086c00000, 0x0000000086c00000, 0x0000000086d00000|  0%| F|  |TAMS 0x0000000086c00000, 0x0000000086c00000| Untracked 
| 117|0x0000000087500000, 0x0000000087500000, 0x0000000087600000|  0%| F|  |TAMS 0x0000000087500000, 0x0000000087500000| Untracked 

Card table byte_map: [0x0000020baf220000,0x0000020baf620000] _byte_map_base: 0x0000020baee20000

Marking Bits (Prev, Next): (CMBitMap*) 0x0000020b9c46bdf0, (CMBitMap*) 0x0000020b9c46bdb0
 Prev Bits: [0x0000020bb1a20000, 0x0000020bb3a20000)
 Next Bits: [0x0000020bafa20000, 0x0000020bb1a20000)

Polling page: 0x0000020b9a1e0000

Metaspace:

Usage:
  Non-class:     57.95 MB used.
      Class:      8.91 MB used.
       Both:     66.86 MB used.

Virtual space:
  Non-class space:       64.00 MB reserved,      58.19 MB ( 91%) committed,  8 nodes.
      Class space:        1.00 GB reserved,       9.19 MB ( <1%) committed,  1 nodes.
             Both:        1.06 GB reserved,      67.38 MB (  6%) committed. 

Chunk freelists:
   Non-Class:  1.31 MB
       Class:  2.64 MB
        Both:  3.95 MB

MaxMetaspaceSize: unlimited
CompressedClassSpaceSize: 1.00 GB
Initial GC threshold: 21.00 MB
Current GC threshold: 105.12 MB
CDS: off
MetaspaceReclaimPolicy: balanced
 - commit_granule_bytes: 65536.
 - commit_granule_words: 8192.
 - virtual_space_node_default_size: 1048576.
 - enlarge_chunks_in_place: 1.
 - new_chunks_are_fully_committed: 0.
 - uncommit_free_chunks: 1.
 - use_allocation_guard: 0.
 - handle_deallocations: 1.


Internal statistics:

num_allocs_failed_limit: 9.
num_arena_births: 726.
num_arena_deaths: 0.
num_vsnodes_births: 9.
num_vsnodes_deaths: 0.
num_space_committed: 1078.
num_space_uncommitted: 0.
num_chunks_returned_to_freelist: 9.
num_chunks_taken_from_freelist: 2984.
num_chunk_merges: 9.
num_chunk_splits: 2009.
num_chunks_enlarged: 1379.
num_purges: 0.
num_inconsistent_stats: 0.

CodeHeap 'non-profiled nmethods': size=120000Kb used=3601Kb max_used=3601Kb free=116398Kb
 bounds [0x0000020ba73a0000, 0x0000020ba7730000, 0x0000020bae8d0000]
CodeHeap 'profiled nmethods': size=120000Kb used=11206Kb max_used=11206Kb free=108794Kb
 bounds [0x0000020b9f8d0000, 0x0000020ba03d0000, 0x0000020ba6e00000]
CodeHeap 'non-nmethods': size=5760Kb used=2355Kb max_used=2418Kb free=3404Kb
 bounds [0x0000020ba6e00000, 0x0000020ba7070000, 0x0000020ba73a0000]
 total_blobs=6957 nmethods=6076 adapters=793
 compilation: enabled
              stopped_count=0, restarted_count=0
 full_count=0

Compilation events (20 events):
Event: 15.232 Thread 0x0000020bb7047570 nmethod 6908 0x0000020ba03ba410 code [0x0000020ba03ba5a0, 0x0000020ba03ba7d8]
Event: 15.232 Thread 0x0000020bb7047570 6906       3       org.codehaus.groovy.util.SingleKeyHashMap::<init> (5 bytes)
Event: 15.232 Thread 0x0000020bba5fbc70 6870       4       org.codehaus.groovy.reflection.CachedMethod::compareTo (25 bytes)
Event: 15.232 Thread 0x0000020bb7047570 nmethod 6906 0x0000020ba03ba890 code [0x0000020ba03baa40, 0x0000020ba03badd8]
Event: 15.243 Thread 0x0000020bb7047570 6909   !   2       jdk.internal.loader.Resource::getBytes (244 bytes)
Event: 15.244 Thread 0x0000020bb7047570 nmethod 6909 0x0000020ba03baf10 code [0x0000020ba03bb180, 0x0000020ba03bbb48]
Event: 15.246 Thread 0x0000020bba5fbc70 nmethod 6870 0x0000020ba771dd90 code [0x0000020ba771e000, 0x0000020ba771f128]
Event: 15.246 Thread 0x0000020bba5fbc70 6866   !   4       java.util.jar.JarFile::getManifestFromReference (197 bytes)
Event: 15.246 Thread 0x0000020bb7047570 6910   !   3       com.sun.jmx.mbeanserver.Introspector::descriptorForAnnotations (242 bytes)
Event: 15.248 Thread 0x0000020bb7047570 nmethod 6910 0x0000020ba03bc290 code [0x0000020ba03bc720, 0x0000020ba03bea08]
Event: 15.248 Thread 0x0000020bb7047570 6912       3       org.objectweb.asm.Label::resolve (219 bytes)
Event: 15.249 Thread 0x0000020bb7047570 nmethod 6912 0x0000020ba03bfa10 code [0x0000020ba03bfbe0, 0x0000020ba03c0118]
Event: 15.249 Thread 0x0000020bb7047570 6911       3       org.objectweb.asm.MethodWriter::visitLabel (328 bytes)
Event: 15.249 Thread 0x0000020bb7047570 nmethod 6911 0x0000020ba03c0410 code [0x0000020ba03c0680, 0x0000020ba03c13e8]
Event: 15.250 Thread 0x0000020bb703a9a0 nmethod 6865 0x0000020ba771fd10 code [0x0000020ba77200e0, 0x0000020ba7722878]
Event: 15.250 Thread 0x0000020bb703a9a0 6868       4       java.util.jar.JarFile::getManifest (5 bytes)
Event: 15.256 Thread 0x0000020bb7047570 6913       3       kotlin.jvm.internal.Lambda::<init> (10 bytes)
Event: 15.256 Thread 0x0000020bb7047570 nmethod 6913 0x0000020ba03c1690 code [0x0000020ba03c1820, 0x0000020ba03c1998]
Event: 15.259 Thread 0x0000020bb7047570 6914       3       kotlin.reflect.jvm.internal.ReflectProperties$Val::<init> (5 bytes)
Event: 15.259 Thread 0x0000020bb7047570 nmethod 6914 0x0000020ba03c1a90 code [0x0000020ba03c1c20, 0x0000020ba03c1d78]

GC Heap History (20 events):
Event: 12.266 GC heap after
{Heap after GC invocations=11 (full 0):
 garbage-first heap   total 68608K, used 27478K [0x0000000080000000, 0x0000000100000000)
  region size 1024K, 4 young (4096K), 4 survivors (4096K)
 Metaspace       used 40363K, committed 40704K, reserved 1089536K
  class space    used 5358K, committed 5504K, reserved 1048576K
}
Event: 12.557 GC heap before
{Heap before GC invocations=11 (full 0):
 garbage-first heap   total 68608K, used 52054K [0x0000000080000000, 0x0000000100000000)
  region size 1024K, 26 young (26624K), 4 survivors (4096K)
 Metaspace       used 42742K, committed 43136K, reserved 1089536K
  class space    used 5611K, committed 5760K, reserved 1048576K
}
Event: 12.561 GC heap after
{Heap after GC invocations=12 (full 0):
 garbage-first heap   total 99328K, used 28703K [0x0000000080000000, 0x0000000100000000)
  region size 1024K, 3 young (3072K), 3 survivors (3072K)
 Metaspace       used 42742K, committed 43136K, reserved 1089536K
  class space    used 5611K, committed 5760K, reserved 1048576K
}
Event: 13.050 GC heap before
{Heap before GC invocations=12 (full 0):
 garbage-first heap   total 99328K, used 70687K [0x0000000080000000, 0x0000000100000000)
  region size 1024K, 44 young (45056K), 3 survivors (3072K)
 Metaspace       used 47366K, committed 47808K, reserved 1097728K
  class space    used 6262K, committed 6464K, reserved 1048576K
}
Event: 13.052 GC heap after
{Heap after GC invocations=13 (full 0):
 garbage-first heap   total 99328K, used 31000K [0x0000000080000000, 0x0000000100000000)
  region size 1024K, 5 young (5120K), 5 survivors (5120K)
 Metaspace       used 47366K, committed 47808K, reserved 1097728K
  class space    used 6262K, committed 6464K, reserved 1048576K
}
Event: 13.663 GC heap before
{Heap before GC invocations=13 (full 0):
 garbage-first heap   total 99328K, used 74008K [0x0000000080000000, 0x0000000100000000)
  region size 1024K, 47 young (48128K), 5 survivors (5120K)
 Metaspace       used 52517K, committed 52992K, reserved 1097728K
  class space    used 7038K, committed 7232K, reserved 1048576K
}
Event: 13.668 GC heap after
{Heap after GC invocations=14 (full 0):
 garbage-first heap   total 99328K, used 34369K [0x0000000080000000, 0x0000000100000000)
  region size 1024K, 6 young (6144K), 6 survivors (6144K)
 Metaspace       used 52517K, committed 52992K, reserved 1097728K
  class space    used 7038K, committed 7232K, reserved 1048576K
}
Event: 13.977 GC heap before
{Heap before GC invocations=14 (full 0):
 garbage-first heap   total 99328K, used 84545K [0x0000000080000000, 0x0000000100000000)
  region size 1024K, 46 young (47104K), 6 survivors (6144K)
 Metaspace       used 53480K, committed 53952K, reserved 1097728K
  class space    used 7150K, committed 7360K, reserved 1048576K
}
Event: 13.981 GC heap after
{Heap after GC invocations=15 (full 0):
 garbage-first heap   total 99328K, used 49787K [0x0000000080000000, 0x0000000100000000)
  region size 1024K, 6 young (6144K), 6 survivors (6144K)
 Metaspace       used 53480K, committed 53952K, reserved 1097728K
  class space    used 7150K, committed 7360K, reserved 1048576K
}
Event: 14.240 GC heap before
{Heap before GC invocations=15 (full 0):
 garbage-first heap   total 99328K, used 75387K [0x0000000080000000, 0x0000000100000000)
  region size 1024K, 31 young (31744K), 6 survivors (6144K)
 Metaspace       used 56870K, committed 57344K, reserved 1105920K
  class space    used 7619K, committed 7808K, reserved 1048576K
}
Event: 14.243 GC heap after
{Heap after GC invocations=16 (full 0):
 garbage-first heap   total 99328K, used 52122K [0x0000000080000000, 0x0000000100000000)
  region size 1024K, 2 young (2048K), 2 survivors (2048K)
 Metaspace       used 56870K, committed 57344K, reserved 1105920K
  class space    used 7619K, committed 7808K, reserved 1048576K
}
Event: 14.430 GC heap before
{Heap before GC invocations=16 (full 0):
 garbage-first heap   total 99328K, used 67482K [0x0000000080000000, 0x0000000100000000)
  region size 1024K, 18 young (18432K), 2 survivors (2048K)
 Metaspace       used 59667K, committed 60160K, reserved 1105920K
  class space    used 7924K, committed 8192K, reserved 1048576K
}
Event: 14.432 GC heap after
{Heap after GC invocations=17 (full 0):
 garbage-first heap   total 99328K, used 52423K [0x0000000080000000, 0x0000000100000000)
  region size 1024K, 3 young (3072K), 3 survivors (3072K)
 Metaspace       used 59667K, committed 60160K, reserved 1105920K
  class space    used 7924K, committed 8192K, reserved 1048576K
}
Event: 14.745 GC heap before
{Heap before GC invocations=18 (full 0):
 garbage-first heap   total 99328K, used 74951K [0x0000000080000000, 0x0000000100000000)
  region size 1024K, 26 young (26624K), 3 survivors (3072K)
 Metaspace       used 63958K, committed 64576K, reserved 1105920K
  class space    used 8512K, committed 8768K, reserved 1048576K
}
Event: 14.748 GC heap after
{Heap after GC invocations=19 (full 0):
 garbage-first heap   total 99328K, used 54668K [0x0000000080000000, 0x0000000100000000)
  region size 1024K, 3 young (3072K), 3 survivors (3072K)
 Metaspace       used 63958K, committed 64576K, reserved 1105920K
  class space    used 8512K, committed 8768K, reserved 1048576K
}
Event: 14.776 GC heap before
{Heap before GC invocations=20 (full 0):
 garbage-first heap   total 112640K, used 66956K [0x0000000080000000, 0x0000000100000000)
  region size 1024K, 12 young (12288K), 3 survivors (3072K)
 Metaspace       used 63962K, committed 64576K, reserved 1105920K
  class space    used 8512K, committed 8768K, reserved 1048576K
}
Event: 14.779 GC heap after
{Heap after GC invocations=21 (full 0):
 garbage-first heap   total 112640K, used 60643K [0x0000000080000000, 0x0000000100000000)
  region size 1024K, 4 young (4096K), 4 survivors (4096K)
 Metaspace       used 63962K, committed 64576K, reserved 1105920K
  class space    used 8512K, committed 8768K, reserved 1048576K
}
Event: 15.021 GC heap before
{Heap before GC invocations=22 (full 0):
 garbage-first heap   total 112640K, used 85219K [0x0000000080000000, 0x0000000100000000)
  region size 1024K, 26 young (26624K), 4 survivors (4096K)
 Metaspace       used 66003K, committed 66560K, reserved 1114112K
  class space    used 8785K, committed 9024K, reserved 1048576K
}
Event: 15.023 GC heap after
{Heap after GC invocations=23 (full 0):
 garbage-first heap   total 112640K, used 57794K [0x0000000080000000, 0x0000000100000000)
  region size 1024K, 2 young (2048K), 2 survivors (2048K)
 Metaspace       used 66003K, committed 66560K, reserved 1114112K
  class space    used 8785K, committed 9024K, reserved 1048576K
}
Event: 15.268 GC heap before
{Heap before GC invocations=23 (full 0):
 garbage-first heap   total 112640K, used 83394K [0x0000000080000000, 0x0000000100000000)
  region size 1024K, 27 young (27648K), 2 survivors (2048K)
 Metaspace       used 68465K, committed 68992K, reserved 1114112K
  class space    used 9123K, committed 9408K, reserved 1048576K
}

Dll operation events (2 events):
Event: 0.059 Loaded shared library D:\Android\Android Studio\jbr\bin\java.dll
Event: 2.425 Loaded shared library D:\Android\Android Studio\jbr\bin\verify.dll

Deoptimization events (20 events):
Event: 15.159 Thread 0x0000020bb99d6e80 Uncommon trap: trap_request=0xffffff45 fr.pc=0x0000020ba760bd18 relative=0x00000000000001f8
Event: 15.159 Thread 0x0000020bb99d6e80 Uncommon trap: reason=unstable_if action=reinterpret pc=0x0000020ba760bd18 method=org.objectweb.asm.Label.resolve([BI)Z @ 80 c2
Event: 15.159 Thread 0x0000020bb99d6e80 DEOPT PACKING pc=0x0000020ba760bd18 sp=0x0000009c37cf5770
Event: 15.159 Thread 0x0000020bb99d6e80 DEOPT UNPACKING pc=0x0000020ba6e569a3 sp=0x0000009c37cf56f0 mode 2
Event: 15.159 Thread 0x0000020bb99d6e80 Uncommon trap: trap_request=0xffffff45 fr.pc=0x0000020ba742348c relative=0x000000000000112c
Event: 15.159 Thread 0x0000020bb99d6e80 Uncommon trap: reason=unstable_if action=reinterpret pc=0x0000020ba742348c method=org.objectweb.asm.MethodWriter.<init>(Lorg/objectweb/asm/SymbolTable;ILjava/lang/String;Ljava/lang/String;Ljava/lang/String;[Ljava/lang/String;I)V @ 94 c2
Event: 15.159 Thread 0x0000020bb99d6e80 DEOPT PACKING pc=0x0000020ba742348c sp=0x0000009c37cf58b0
Event: 15.159 Thread 0x0000020bb99d6e80 DEOPT UNPACKING pc=0x0000020ba6e569a3 sp=0x0000009c37cf57e0 mode 2
Event: 15.160 Thread 0x0000020bb99d6e80 Uncommon trap: trap_request=0xffffff45 fr.pc=0x0000020ba770b888 relative=0x0000000000001a68
Event: 15.160 Thread 0x0000020bb99d6e80 Uncommon trap: reason=unstable_if action=reinterpret pc=0x0000020ba770b888 method=org.objectweb.asm.MethodWriter.putMethodInfo(Lorg/objectweb/asm/ByteVector;)V @ 108 c2
Event: 15.160 Thread 0x0000020bb99d6e80 DEOPT PACKING pc=0x0000020ba770b888 sp=0x0000009c37cf5b00
Event: 15.160 Thread 0x0000020bb99d6e80 DEOPT UNPACKING pc=0x0000020ba6e569a3 sp=0x0000009c37cf5ab8 mode 2
Event: 15.165 Thread 0x0000020bb99d6e80 Uncommon trap: trap_request=0xffffff45 fr.pc=0x0000020ba73cd0b0 relative=0x0000000000000770
Event: 15.165 Thread 0x0000020bb99d6e80 Uncommon trap: reason=unstable_if action=reinterpret pc=0x0000020ba73cd0b0 method=java.util.concurrent.ConcurrentHashMap.addCount(JI)V @ 110 c2
Event: 15.165 Thread 0x0000020bb99d6e80 DEOPT PACKING pc=0x0000020ba73cd0b0 sp=0x0000009c37cf69a0
Event: 15.165 Thread 0x0000020bb99d6e80 DEOPT UNPACKING pc=0x0000020ba6e569a3 sp=0x0000009c37cf6868 mode 2
Event: 15.165 Thread 0x0000020bb99d6e80 Uncommon trap: trap_request=0xffffff45 fr.pc=0x0000020ba758a634 relative=0x00000000000000f4
Event: 15.165 Thread 0x0000020bb99d6e80 Uncommon trap: reason=unstable_if action=reinterpret pc=0x0000020ba758a634 method=java.util.concurrent.ConcurrentHashMap.addCount(JI)V @ 110 c2
Event: 15.165 Thread 0x0000020bb99d6e80 DEOPT PACKING pc=0x0000020ba758a634 sp=0x0000009c37cf68f0
Event: 15.165 Thread 0x0000020bb99d6e80 DEOPT UNPACKING pc=0x0000020ba6e569a3 sp=0x0000009c37cf6848 mode 2

Classes unloaded (0 events):
No events

Classes redefined (0 events):
No events

Internal exceptions (20 events):
Event: 13.857 Thread 0x0000020bb7dffe80 Exception <a 'java/lang/NoSuchMethodError'{0x0000000084621bf8}: static Lorg/gradle/internal/build/event/types/DefaultBinaryPluginIdentifier;.<clinit>()V> (0x0000000084621bf8) 
thrown [s\src\hotspot\share\prims\jni.cpp, line 1108]
Event: 13.859 Thread 0x0000020bb7dffe80 Exception <a 'java/lang/NoSuchMethodError'{0x0000000084640fa8}: static Lorg/gradle/internal/build/event/types/DefaultScriptPluginIdentifier;.<clinit>()V> (0x0000000084640fa8) 
thrown [s\src\hotspot\share\prims\jni.cpp, line 1108]
Event: 13.926 Thread 0x0000020bb99d6e80 Implicit null exception at 0x0000020ba7691f8f to 0x0000020ba7692694
Event: 13.926 Thread 0x0000020bb99d6e80 Implicit null exception at 0x0000020ba7699994 to 0x0000020ba769a068
Event: 13.985 Thread 0x0000020bb99d6e80 Exception <a 'java/lang/ClassNotFoundException'{0x0000000085f0c8c0}: org/gradle/api/internal/plugins/DefaultObjectConfigurationActionBeanInfo> (0x0000000085f0c8c0) 
thrown [s\src\hotspot\share\classfile\systemDictionary.cpp, line 256]
Event: 13.986 Thread 0x0000020bb99d6e80 Exception <a 'java/lang/ClassNotFoundException'{0x0000000085f20648}: org/gradle/api/internal/plugins/DefaultObjectConfigurationActionCustomizer> (0x0000000085f20648) 
thrown [s\src\hotspot\share\classfile\systemDictionary.cpp, line 256]
Event: 14.082 Thread 0x0000020bb99d6e80 Exception <a 'java/lang/NoSuchMethodError'{0x00000000855e0190}: 'java.lang.Object java.lang.invoke.DirectMethodHandle$Holder.newInvokeSpecial(java.lang.Object, java.lang.Object, java.lang.Object, java.lang.Object, int)'> (0x00000000855e0190) 
thrown [s\src\hotspot\share\interpreter\linkResolver.cpp, line 771]
Event: 14.083 Thread 0x0000020bb99d6e80 Exception <a 'java/lang/NoSuchMethodError'{0x00000000855e55d8}: 'java.lang.Object java.lang.invoke.DirectMethodHandle$Holder.invokeSpecial(java.lang.Object, java.lang.Object, java.lang.Object, java.lang.Object, java.lang.Object, int)'> (0x00000000855e55d8) 
thrown [s\src\hotspot\share\interpreter\linkResolver.cpp, line 771]
Event: 14.083 Thread 0x0000020bb99d6e80 Exception <a 'java/lang/NoSuchMethodError'{0x00000000855ea358}: 'java.lang.Object java.lang.invoke.Invokers$Holder.linkToTargetMethod(java.lang.Object, java.lang.Object, java.lang.Object, int, java.lang.Object)'> (0x00000000855ea358) 
thrown [s\src\hotspot\share\interpreter\linkResolver.cpp, line 771]
Event: 14.233 Thread 0x0000020bb99d6e80 Exception <a 'java/lang/NoSuchMethodError'{0x00000000848969f8}: 'int java.lang.invoke.DirectMethodHandle$Holder.invokeInterface(java.lang.Object, java.lang.Object, java.lang.Object, java.lang.Object)'> (0x00000000848969f8) 
thrown [s\src\hotspot\share\interpreter\linkResolver.cpp, line 771]
Event: 14.572 Thread 0x0000020bb99d6e80 Exception <a 'java/lang/IncompatibleClassChangeError'{0x00000000857825a8}: Found class java.lang.Object, but interface was expected> (0x00000000857825a8) 
thrown [s\src\hotspot\share\interpreter\linkResolver.cpp, line 838]
Event: 14.606 Thread 0x0000020bb99d6e80 Implicit null exception at 0x0000020ba74e69d4 to 0x0000020ba74e6b7c
Event: 14.606 Thread 0x0000020bb99d6e80 Implicit null exception at 0x0000020ba769f179 to 0x0000020ba769f8ac
Event: 14.706 Thread 0x0000020bb99d6e80 Implicit null exception at 0x0000020ba7559b8c to 0x0000020ba7559cbe
Event: 14.811 Thread 0x0000020bb99d6e80 Exception <a 'sun/nio/fs/WindowsException'{0x000000008661c260}> (0x000000008661c260) 
thrown [s\src\hotspot\share\prims\jni.cpp, line 517]
Event: 15.159 Thread 0x0000020bb99d6e80 Implicit null exception at 0x0000020ba7451648 to 0x0000020ba7451708
Event: 15.219 Thread 0x0000020bb99d6e80 Exception <a 'java/lang/ClassNotFoundException'{0x000000008597e680}: org/gradle/api/internal/project/DefaultProject_DecoratedBeanInfo> (0x000000008597e680) 
thrown [s\src\hotspot\share\classfile\systemDictionary.cpp, line 256]
Event: 15.219 Thread 0x0000020bb99d6e80 Exception <a 'java/lang/ClassNotFoundException'{0x0000000085992520}: org/gradle/api/internal/project/DefaultProjectBeanInfo> (0x0000000085992520) 
thrown [s\src\hotspot\share\classfile\systemDictionary.cpp, line 256]
Event: 15.220 Thread 0x0000020bb99d6e80 Exception <a 'java/lang/ClassNotFoundException'{0x00000000859a6468}: org/gradle/api/internal/project/DefaultProjectCustomizer> (0x00000000859a6468) 
thrown [s\src\hotspot\share\classfile\systemDictionary.cpp, line 256]
Event: 15.225 Thread 0x0000020bb99d6e80 Exception <a 'java/lang/ClassNotFoundException'{0x0000000085856db0}: org/gradle/api/internal/project/DefaultProject_DecoratedCustomizer> (0x0000000085856db0) 
thrown [s\src\hotspot\share\classfile\systemDictionary.cpp, line 256]

VM Operations (20 events):
Event: 14.711 Executing VM operation: HandshakeAllThreads done
Event: 14.745 Executing VM operation: G1TryInitiateConcMark
Event: 14.748 Executing VM operation: G1TryInitiateConcMark done
Event: 14.765 Executing VM operation: G1Concurrent
Event: 14.767 Executing VM operation: G1Concurrent done
Event: 14.774 Executing VM operation: G1Concurrent
Event: 14.774 Executing VM operation: G1Concurrent done
Event: 14.776 Executing VM operation: G1TryInitiateConcMark
Event: 14.779 Executing VM operation: G1TryInitiateConcMark done
Event: 14.799 Executing VM operation: G1Concurrent
Event: 14.801 Executing VM operation: G1Concurrent done
Event: 14.808 Executing VM operation: G1Concurrent
Event: 14.808 Executing VM operation: G1Concurrent done
Event: 15.020 Executing VM operation: G1CollectForAllocation
Event: 15.023 Executing VM operation: G1CollectForAllocation done
Event: 15.197 Executing VM operation: ICBufferFull
Event: 15.197 Executing VM operation: ICBufferFull done
Event: 15.202 Executing VM operation: HandshakeAllThreads
Event: 15.202 Executing VM operation: HandshakeAllThreads done
Event: 15.268 Executing VM operation: G1CollectForAllocation

Events (20 events):
Event: 15.132 loading class javax/xml/stream/XMLStreamException done
Event: 15.144 loading class sun/reflect/annotation/AnnotationInvocationHandler$1
Event: 15.144 loading class sun/reflect/annotation/AnnotationInvocationHandler$1 done
Event: 15.201 loading class java/net/SocketTimeoutException
Event: 15.201 loading class java/net/SocketTimeoutException done
Event: 15.221 loading class sun/reflect/generics/tree/BooleanSignature
Event: 15.221 loading class sun/reflect/generics/tree/BooleanSignature done
Event: 15.227 loading class org/xml/sax/Locator
Event: 15.227 loading class org/xml/sax/Locator done
Event: 15.228 loading class org/xml/sax/SAXParseException
Event: 15.228 loading class org/xml/sax/SAXParseException done
Event: 15.228 loading class org/xml/sax/Attributes
Event: 15.228 loading class org/xml/sax/Attributes done
Event: 15.235 loading class java/time/format/DateTimeFormatterBuilder$WeekBasedFieldPrinterParser
Event: 15.235 loading class java/time/format/DateTimeFormatterBuilder$WeekBasedFieldPrinterParser done
Event: 15.244 loading class com/sun/jmx/mbeanserver/StandardMBeanSupport
Event: 15.244 loading class com/sun/jmx/mbeanserver/StandardMBeanSupport done
Event: 15.244 loading class com/sun/jmx/mbeanserver/StandardMBeanIntrospector
Event: 15.245 loading class com/sun/jmx/mbeanserver/StandardMBeanIntrospector done
Event: 15.249 Thread 0x0000020bbf1faff0 Thread added: 0x0000020bbf1faff0


Dynamic libraries:
0x00007ff6a9440000 - 0x00007ff6a944a000 	D:\Android\Android Studio\jbr\bin\java.exe
0x00007ff8543d0000 - 0x00007ff8545e6000 	C:\WINDOWS\SYSTEM32\ntdll.dll
0x00007ff852cb0000 - 0x00007ff852d74000 	C:\WINDOWS\System32\KERNEL32.DLL
0x00007ff851af0000 - 0x00007ff851e97000 	C:\WINDOWS\System32\KERNELBASE.dll
0x00007ff851860000 - 0x00007ff851971000 	C:\WINDOWS\System32\ucrtbase.dll
0x00007ff8327f0000 - 0x00007ff832807000 	D:\Android\Android Studio\jbr\bin\jli.dll
0x00007ff8162d0000 - 0x00007ff8162eb000 	D:\Android\Android Studio\jbr\bin\VCRUNTIME140.dll
0x00007ff853ea0000 - 0x00007ff85404e000 	C:\WINDOWS\System32\USER32.dll
0x00007ff8520d0000 - 0x00007ff8520f6000 	C:\WINDOWS\System32\win32u.dll
0x00007ff836140000 - 0x00007ff8363d3000 	C:\WINDOWS\WinSxS\amd64_microsoft.windows.common-controls_6595b64144ccf1df_6.0.22621.3235_none_270f74e173860f98\COMCTL32.dll
0x00007ff852c80000 - 0x00007ff852ca9000 	C:\WINDOWS\System32\GDI32.dll
0x00007ff852190000 - 0x00007ff852237000 	C:\WINDOWS\System32\msvcrt.dll
0x00007ff851ea0000 - 0x00007ff851fb9000 	C:\WINDOWS\System32\gdi32full.dll
0x00007ff852030000 - 0x00007ff8520ca000 	C:\WINDOWS\System32\msvcp_win.dll
0x00007ff853e60000 - 0x00007ff853e91000 	C:\WINDOWS\System32\IMM32.DLL
0x00007ff81d130000 - 0x00007ff81d13c000 	D:\Android\Android Studio\jbr\bin\vcruntime140_1.dll
0x00007ff800460000 - 0x00007ff8004ed000 	D:\Android\Android Studio\jbr\bin\msvcp140.dll
0x00007fff83b40000 - 0x00007fff847ae000 	D:\Android\Android Studio\jbr\bin\server\jvm.dll
0x00007ff853890000 - 0x00007ff853942000 	C:\WINDOWS\System32\ADVAPI32.dll
0x00007ff852780000 - 0x00007ff852828000 	C:\WINDOWS\System32\sechost.dll
0x00007ff851830000 - 0x00007ff851858000 	C:\WINDOWS\System32\bcrypt.dll
0x00007ff852f00000 - 0x00007ff853015000 	C:\WINDOWS\System32\RPCRT4.dll
0x00007ff828c80000 - 0x00007ff828c89000 	C:\WINDOWS\SYSTEM32\WSOCK32.dll
0x00007ff847c00000 - 0x00007ff847c0a000 	C:\WINDOWS\SYSTEM32\VERSION.dll
0x00007ff849080000 - 0x00007ff8490b4000 	C:\WINDOWS\SYSTEM32\WINMM.dll
0x00007ff852110000 - 0x00007ff852181000 	C:\WINDOWS\System32\WS2_32.dll
0x00007ff850700000 - 0x00007ff850718000 	C:\WINDOWS\SYSTEM32\kernel.appcore.dll
0x00007ff84cb40000 - 0x00007ff84cb4a000 	D:\Android\Android Studio\jbr\bin\jimage.dll
0x00007ff83ef90000 - 0x00007ff83f1c3000 	C:\WINDOWS\SYSTEM32\DBGHELP.DLL
0x00007ff852340000 - 0x00007ff8526c8000 	C:\WINDOWS\System32\combase.dll
0x00007ff852830000 - 0x00007ff852907000 	C:\WINDOWS\System32\OLEAUT32.dll
0x00007ff833a00000 - 0x00007ff833a32000 	C:\WINDOWS\SYSTEM32\dbgcore.DLL
0x00007ff8516f0000 - 0x00007ff851769000 	C:\WINDOWS\System32\bcryptPrimitives.dll
0x00007ff8109d0000 - 0x00007ff8109f5000 	D:\Android\Android Studio\jbr\bin\java.dll
0x00007ff84cb20000 - 0x00007ff84cb38000 	D:\Android\Android Studio\jbr\bin\zip.dll
0x00007ff853030000 - 0x00007ff85388c000 	C:\WINDOWS\System32\SHELL32.dll
0x00007ff84f620000 - 0x00007ff84ff19000 	C:\WINDOWS\SYSTEM32\windows.storage.dll
0x00007ff84f4e0000 - 0x00007ff84f61e000 	C:\WINDOWS\SYSTEM32\wintypes.dll
0x00007ff852240000 - 0x00007ff852333000 	C:\WINDOWS\System32\SHCORE.dll
0x00007ff8542e0000 - 0x00007ff85433e000 	C:\WINDOWS\System32\shlwapi.dll
0x00007ff851620000 - 0x00007ff851641000 	C:\WINDOWS\SYSTEM32\profapi.dll
0x00007ff834c00000 - 0x00007ff834c19000 	D:\Android\Android Studio\jbr\bin\net.dll
0x00007ff849e80000 - 0x00007ff849fb6000 	C:\WINDOWS\SYSTEM32\WINHTTP.dll
0x00007ff850b70000 - 0x00007ff850bd9000 	C:\WINDOWS\system32\mswsock.dll
0x00007ff832e30000 - 0x00007ff832e46000 	D:\Android\Android Studio\jbr\bin\nio.dll
0x00007ff836bd0000 - 0x00007ff836be0000 	D:\Android\Android Studio\jbr\bin\verify.dll
0x00007fffff380000 - 0x00007fffff3a7000 	D:\Android\.gradle\native\68d5fa5c4cc2d200863cafc0d521ce42e7d3e7ee720ec0a83991735586a16f82\windows-amd64\native-platform.dll
0x00007ffffbd30000 - 0x00007ffffbe74000 	D:\Android\.gradle\native\e376f236ea51e6404a007f0833ffe2c6e607c4080706a723a18a27aeea778392\windows-amd64\native-platform-file-events.dll
0x00007ff816480000 - 0x00007ff816489000 	D:\Android\Android Studio\jbr\bin\management.dll
0x00007ff816470000 - 0x00007ff81647b000 	D:\Android\Android Studio\jbr\bin\management_ext.dll
0x00007ff852100000 - 0x00007ff852108000 	C:\WINDOWS\System32\PSAPI.DLL
0x00007ff850d90000 - 0x00007ff850dab000 	C:\WINDOWS\SYSTEM32\CRYPTSP.dll
0x00007ff850660000 - 0x00007ff850695000 	C:\WINDOWS\system32\rsaenh.dll
0x00007ff850c30000 - 0x00007ff850c58000 	C:\WINDOWS\SYSTEM32\USERENV.dll
0x00007ff850db0000 - 0x00007ff850dbc000 	C:\WINDOWS\SYSTEM32\CRYPTBASE.dll
0x00007ff8501c0000 - 0x00007ff8501ed000 	C:\WINDOWS\SYSTEM32\IPHLPAPI.DLL
0x00007ff853020000 - 0x00007ff853029000 	C:\WINDOWS\System32\NSI.dll
0x00007ff8496a0000 - 0x00007ff8496b9000 	C:\WINDOWS\SYSTEM32\dhcpcsvc6.DLL
0x00007ff849680000 - 0x00007ff84969f000 	C:\WINDOWS\SYSTEM32\dhcpcsvc.DLL
0x00007ff8501f0000 - 0x00007ff8502e9000 	C:\WINDOWS\SYSTEM32\DNSAPI.dll
0x00007ff835b80000 - 0x00007ff835b88000 	C:\WINDOWS\system32\wshunix.dll

dbghelp: loaded successfully - version: 4.0.5 - missing functions: none
symbol engine: initialized successfully - sym options: 0x614 - pdb path: .;D:\Android\Android Studio\jbr\bin;C:\WINDOWS\SYSTEM32;C:\WINDOWS\WinSxS\amd64_microsoft.windows.common-controls_6595b64144ccf1df_6.0.22621.3235_none_270f74e173860f98;D:\Android\Android Studio\jbr\bin\server;D:\Android\.gradle\native\68d5fa5c4cc2d200863cafc0d521ce42e7d3e7ee720ec0a83991735586a16f82\windows-amd64;D:\Android\.gradle\native\e376f236ea51e6404a007f0833ffe2c6e607c4080706a723a18a27aeea778392\windows-amd64

VM Arguments:
jvm_args: --add-opens=java.base/java.util=ALL-UNNAMED --add-opens=java.base/java.lang=ALL-UNNAMED --add-opens=java.base/java.lang.invoke=ALL-UNNAMED --add-opens=java.prefs/java.util.prefs=ALL-UNNAMED --add-opens=java.base/java.nio.charset=ALL-UNNAMED --add-opens=java.base/java.net=ALL-UNNAMED --add-opens=java.base/java.util.concurrent.atomic=ALL-UNNAMED -Xmx2048m -Dfile.encoding=UTF-8 -Duser.country=IN -Duser.language=en -Duser.variant 
java_command: org.gradle.launcher.daemon.bootstrap.GradleDaemon 8.0
java_class_path (initial): D:\Android\.gradle\wrapper\dists\gradle-8.0-bin\ca5e32bp14vu59qr306oxotwh\gradle-8.0\lib\gradle-launcher-8.0.jar
Launcher Type: SUN_STANDARD

[Global flags]
     intx CICompilerCount                          = 4                                         {product} {ergonomic}
     uint ConcGCThreads                            = 3                                         {product} {ergonomic}
     uint G1ConcRefinementThreads                  = 10                                        {product} {ergonomic}
   size_t G1HeapRegionSize                         = 1048576                                   {product} {ergonomic}
    uintx GCDrainStackTargetSize                   = 64                                        {product} {ergonomic}
   size_t InitialHeapSize                          = 123731968                                 {product} {ergonomic}
   size_t MarkStackSize                            = 4194304                                   {product} {ergonomic}
   size_t MaxHeapSize                              = 2147483648                                {product} {command line}
   size_t MaxNewSize                               = 1287651328                                {product} {ergonomic}
   size_t MinHeapDeltaBytes                        = 1048576                                   {product} {ergonomic}
   size_t MinHeapSize                              = 8388608                                   {product} {ergonomic}
    uintx NonNMethodCodeHeapSize                   = 5839372                                {pd product} {ergonomic}
    uintx NonProfiledCodeHeapSize                  = 122909434                              {pd product} {ergonomic}
    uintx ProfiledCodeHeapSize                     = 122909434                              {pd product} {ergonomic}
    uintx ReservedCodeCacheSize                    = 251658240                              {pd product} {ergonomic}
     bool SegmentedCodeCache                       = true                                      {product} {ergonomic}
   size_t SoftMaxHeapSize                          = 2147483648                             {manageable} {ergonomic}
     bool UseCompressedClassPointers               = true                           {product lp64_product} {ergonomic}
     bool UseCompressedOops                        = true                           {product lp64_product} {ergonomic}
     bool UseG1GC                                  = true                                      {product} {ergonomic}
     bool UseLargePagesIndividualAllocation        = false                                  {pd product} {ergonomic}

Logging:
Log output configuration:
 #0: stdout all=warning uptime,level,tags
 #1: stderr all=off uptime,level,tags

Environment Variables:
JAVA_HOME=C:\Program Files\Java\jdk1.8.0_202
PATH=C:\Program Files (x86)\VMware\VMware Player\bin\;C:\Program Files\Common Files\Oracle\Java\javapath;C:\Program Files (x86)\Common Files\Oracle\Java\javapath;C:\Program Files (x86)\Common Files\Intel\Shared Libraries\redist\intel64\compiler;C:\windows\system32;C:\windows;C:\windows\System32\Wbem;C:\windows\System32\WindowsPowerShell\v1.0\;C:\windows\System32\OpenSSH\;C:\Program Files (x86)\NVIDIA Corporation\PhysX\Common;C:\Program Files\NVIDIA Corporation\NVIDIA NvDLISR;D:\apache-maven-3.8.6-bin\apache-maven-3.8.6\bin;C:\WINDOWS\system32;C:\WINDOWS;C:\WINDOWS\System32\Wbem;C:\WINDOWS\System32\WindowsPowerShell\v1.0\;C:\WINDOWS\System32\OpenSSH\;C:\Program Files\dotnet\;C:\Program Files\nodejs\;C:\Program Files\Docker\Docker\resources\bin;C:\Program Files\Git\cmd;C:\Program Files\Java\jdk1.8.0_202\bin;C:\Program Files\MySQL\MySQL Shell 8.2\bin\;C:\Users\smk62\.console-ninja\.bin;C:\Users\smk62\AppData\Local\Microsoft\WindowsApps;C:\Users\smk62\AppData\Local\Programs\Microsoft VS Code\bin;C:\Users\smk62\Downloads\MinGW\bin;C:\Program Files\heroku\bin;C:\Users\smk62\AppData\Roaming\npm;D:\IntelliJ IDEA Community Edition 2023.3\bin;;C:\Program Files\Java\jdk1.8.0_202\bin;
USERNAME=smk62
OS=Windows_NT
PROCESSOR_IDENTIFIER=AMD64 Family 25 Model 80 Stepping 0, AuthenticAMD
TMP=C:\Users\smk62\AppData\Local\Temp
TEMP=C:\Users\smk62\AppData\Local\Temp


JNI global refs:
JNI global refs: 25, weak refs: 0

JNI global refs memory usage: 843, weak refs: 841


---------------  S Y S T E M  ---------------

OS:
 Windows 11 , 64 bit Build 22621 (10.0.22621.3374)
OS uptime: 0 days 3:07 hours
Hyper-V role detected

CPU: total 12 (initial active 12) (12 cores per cpu, 2 threads per core) family 25 model 80 stepping 0 microcode 0x0, cx8, cmov, fxsr, ht, mmx, 3dnowpref, sse, sse2, sse3, ssse3, sse4a, sse4.1, sse4.2, popcnt, lzcnt, tsc, tscinvbit, avx, avx2, aes, erms, clmul, bmi1, bmi2, adx, sha, fma, vzeroupper, clflush, clflushopt, hv

Memory: 4k page, system-wide physical 7521M (496M free)
TotalPageFile size 18326M (AvailPageFile size 6M)
current process WorkingSet (physical memory assigned to process): 351M, peak: 351M
current process commit charge ("private bytes"): 389M, peak: 397M

vm_info: OpenJDK 64-Bit Server VM (17.0.6+0-b2043.56-10027231) for windows-amd64 JRE (17.0.6+0-b2043.56-10027231), built on Apr 28 2023 00:43:19 by "androidbuild" with MS VC++ 16.10 / 16.11 (VS2019)

END.
