#
# There is insufficient memory for the Java Runtime Environment to continue.
# Native memory allocation (mmap) failed to map 157286400 bytes for G1 virtual space
# Possible reasons:
#   The system is out of physical RAM or swap space
#   The process is running with CompressedOops enabled, and the Java Heap may be blocking the growth of the native heap
# Possible solutions:
#   Reduce memory load on the system
#   Increase physical memory or swap space
#   Check if swap backing store is full
#   Decrease Java heap size (-Xmx/-Xms)
#   Decrease number of Java threads
#   Decrease Java thread stack sizes (-Xss)
#   Set larger code cache with -XX:ReservedCodeCacheSize=
#   JVM is running with Unscaled Compressed Oops mode in which the Java heap is
#     placed in the first 4GB address space. The Java Heap base address is the
#     maximum limit for the native heap growth. Please use -XX:HeapBaseMinAddress
#     to set the Java Heap base and to place the Java Heap above 4GB virtual address.
# This output file may be truncated or incomplete.
#
#  Out of Memory Error (os_windows.cpp:3769), pid=5468, tid=2036
#
# JRE version: OpenJDK Runtime Environment (17.0.6) (build 17.0.6+0-b2043.56-10027231)
# Java VM: OpenJDK 64-Bit Server VM (17.0.6+0-b2043.56-10027231, mixed mode, tiered, compressed oops, compressed class ptrs, g1 gc, windows-amd64)
# No core dump will be written. Minidumps are not enabled by default on client versions of Windows
#

---------------  S U M M A R Y ------------

Command Line: --add-opens=java.base/java.util=ALL-UNNAMED --add-opens=java.base/java.lang=ALL-UNNAMED --add-opens=java.base/java.lang.invoke=ALL-UNNAMED --add-opens=java.prefs/java.util.prefs=ALL-UNNAMED --add-opens=java.base/java.nio.charset=ALL-UNNAMED --add-opens=java.base/java.net=ALL-UNNAMED --add-opens=java.base/java.util.concurrent.atomic=ALL-UNNAMED -Xmx2048m -Dfile.encoding=UTF-8 -Duser.country=IN -Duser.language=en -Duser.variant org.gradle.launcher.daemon.bootstrap.GradleDaemon 8.0

Host: AMD Ryzen 5 5600H with Radeon Graphics         , 12 cores, 7G,  Windows 11 , 64 bit Build 22621 (10.0.22621.3374)
Time: Thu Mar 28 15:34:37 2024 India Standard Time elapsed time: 9.332731 seconds (0d 0h 0m 9s)

---------------  T H R E A D  ---------------

Current thread (0x0000023930ec8bd0):  VMThread "VM Thread" [stack: 0x000000e529500000,0x000000e529600000] [id=2036]

Stack: [0x000000e529500000,0x000000e529600000]
Native frames: (J=compiled Java code, j=interpreted, Vv=VM code, C=native code)
V  [jvm.dll+0x683c9a]
V  [jvm.dll+0x8427a4]
V  [jvm.dll+0x843f9e]
V  [jvm.dll+0x844603]
V  [jvm.dll+0x249b75]
V  [jvm.dll+0x680b69]
V  [jvm.dll+0x67505a]
V  [jvm.dll+0x309acb]
V  [jvm.dll+0x310f86]
V  [jvm.dll+0x3608ee]
V  [jvm.dll+0x360b1f]
V  [jvm.dll+0x2dfbf8]
V  [jvm.dll+0x2ddec4]
V  [jvm.dll+0x2dd4cc]
V  [jvm.dll+0x321f3b]
V  [jvm.dll+0x848ccb]
V  [jvm.dll+0x849a04]
V  [jvm.dll+0x849f1d]
V  [jvm.dll+0x84a2f4]
V  [jvm.dll+0x84a3c0]
V  [jvm.dll+0x7f274a]
V  [jvm.dll+0x682ad5]
C  [ucrtbase.dll+0x29333]
C  [KERNEL32.DLL+0x1257d]
C  [ntdll.dll+0x5aa48]

VM_Operation (0x000000e5358f9e30): G1CollectForAllocation, mode: safepoint, requested by thread 0x0000023937014e60


---------------  P R O C E S S  ---------------

Threads class SMR info:
_java_thread_list=0x000002393c6a1280, length=185, elements={
0x0000023914c90ad0, 0x0000023931812250, 0x0000023931813860, 0x0000023930ee1eb0,
0x0000023930ee2a60, 0x00000239318336f0, 0x0000023931836850, 0x0000023931837d80,
0x000002393183dc70, 0x0000023931840e10, 0x00000239319c6350, 0x00000239319ca830,
0x00000239330ebae0, 0x000002393309f110, 0x0000023932f87a90, 0x0000023932f7e420,
0x00000239323e1940, 0x0000023932521c50, 0x0000023932523e00, 0x0000023932522f90,
0x0000023932520440, 0x00000239325225f0, 0x0000023932523460, 0x0000023932520910,
0x0000023932520de0, 0x0000023932521780, 0x0000023932523930, 0x0000023937661b30,
0x0000023937663ce0, 0x00000239376659c0, 0x00000239376671d0, 0x0000023937665e90,
0x00000239376676a0, 0x00000239376641b0, 0x0000023937663340, 0x0000023937668510,
0x0000023937669380, 0x00000239376689e0, 0x0000023937662e70, 0x0000023937665020,
0x0000023937663810, 0x00000239376624d0, 0x0000023937668eb0, 0x00000239376629a0,
0x00000239376654f0, 0x0000023937666360, 0x0000023937666d00, 0x0000023938516050,
0x0000023938511820, 0x0000023938512b60, 0x0000023938514d10, 0x00000239385104e0,
0x0000023938514840, 0x0000023938513500, 0x0000023938514370, 0x0000023938516520,
0x00000239385139d0, 0x000002393850f670, 0x00000239385169f0, 0x0000023938513030,
0x0000023938513ea0, 0x000002393850f1a0, 0x000002393850fb40, 0x00000239385151e0,
0x00000239385156b0, 0x00000239385109b0, 0x00000239385121c0, 0x0000023938510e80,
0x0000023938512690, 0x0000023938515b80, 0x0000023938510010, 0x0000023938511350,
0x0000023938511cf0, 0x00000239388a21a0, 0x000002393889cb00, 0x000002393889e7e0,
0x00000239388a0990, 0x000002393889fb20, 0x000002393889a950, 0x000002393889ae20,
0x000002393889c630, 0x000002393889f650, 0x000002393889cfd0, 0x000002393889c160,
0x000002393889b2f0, 0x000002393889d970, 0x00000239388a0e60, 0x000002393889de40,
0x000002393889d4a0, 0x000002393889bc90, 0x000002393889fff0, 0x00000239388a04c0,
0x00000239388a1330, 0x000002393889e310, 0x000002393889ecb0, 0x00000239388a1800,
0x00000239388a1cd0, 0x000002393889b7c0, 0x000002393889f180, 0x000002393748c890,
0x000002393748d230, 0x000002393748ea40, 0x000002393748abb0, 0x0000023937488060,
0x0000023937488530, 0x000002393748ef10, 0x000002393748f3e0, 0x000002393748d700,
0x000002393748a210, 0x000002393748a6e0, 0x000002393748b550, 0x000002393748f8b0,
0x000002393748cd60, 0x000002393748dbd0, 0x000002393748e0a0, 0x000002393748ba20,
0x0000023937488a00, 0x000002393748b080, 0x0000023937488ed0, 0x000002393748e570,
0x00000239374893a0, 0x0000023937489870, 0x0000023937489d40, 0x000002393748bef0,
0x000002393748c3c0, 0x000002393884e020, 0x000002393884be70, 0x00000239388536c0,
0x00000239388519e0, 0x0000023938852380, 0x0000023938852d20, 0x00000239388501d0,
0x0000023938852850, 0x00000239388506a0, 0x000002393884fd00, 0x000002393884e4f0,
0x000002393884c810, 0x0000023938851510, 0x0000023938851040, 0x000002393884f360,
0x000002393884d1b0, 0x0000023938851eb0, 0x0000023938850b70, 0x000002393884c340,
0x00000239388531f0, 0x000002393884d680, 0x000002393884f830, 0x000002393884cce0,
0x000002393884db50, 0x000002393884ee90, 0x00000239373fceb0, 0x00000239373fc040,
0x00000239373fc510, 0x00000239373fc9e0, 0x00000239373fd850, 0x00000239373fb6a0,
0x00000239373ff060, 0x00000239373fa360, 0x00000239373fb1d0, 0x00000239373f7810,
0x00000239373fbb70, 0x00000239373f8680, 0x00000239373fa830, 0x00000239373fad00,
0x00000239373f9020, 0x00000239373fd380, 0x00000239373f94f0, 0x00000239373fdd20,
0x00000239373f7ce0, 0x00000239373fe1f0, 0x00000239373f99c0, 0x00000239373feb90,
0x0000023934a282d0, 0x0000023934a287a0, 0x0000023934a28c70, 0x0000023934a27930,
0x0000023934a27e00, 0x00000239373f8b50, 0x0000023937014e60, 0x0000023937014990,
0x0000023937012310, 0x0000023937017010, 0x0000023937010160, 0x0000023937016670,
0x0000023937013650
}

Java Threads: ( => current thread )
  0x0000023914c90ad0 JavaThread "main" [_thread_blocked, id=22588, stack(0x000000e528f00000,0x000000e529000000)]
  0x0000023931812250 JavaThread "Reference Handler" daemon [_thread_blocked, id=22156, stack(0x000000e529600000,0x000000e529700000)]
  0x0000023931813860 JavaThread "Finalizer" daemon [_thread_blocked, id=17184, stack(0x000000e529700000,0x000000e529800000)]
  0x0000023930ee1eb0 JavaThread "Signal Dispatcher" daemon [_thread_blocked, id=21768, stack(0x000000e529800000,0x000000e529900000)]
  0x0000023930ee2a60 JavaThread "Attach Listener" daemon [_thread_blocked, id=11860, stack(0x000000e529900000,0x000000e529a00000)]
  0x00000239318336f0 JavaThread "Service Thread" daemon [_thread_blocked, id=23152, stack(0x000000e529a00000,0x000000e529b00000)]
  0x0000023931836850 JavaThread "Monitor Deflation Thread" daemon [_thread_blocked, id=25188, stack(0x000000e529b00000,0x000000e529c00000)]
  0x0000023931837d80 JavaThread "C2 CompilerThread0" daemon [_thread_blocked, id=21740, stack(0x000000e529c00000,0x000000e529d00000)]
  0x000002393183dc70 JavaThread "C1 CompilerThread0" daemon [_thread_blocked, id=25252, stack(0x000000e529d00000,0x000000e529e00000)]
  0x0000023931840e10 JavaThread "Sweeper thread" daemon [_thread_blocked, id=22844, stack(0x000000e529e00000,0x000000e529f00000)]
  0x00000239319c6350 JavaThread "Common-Cleaner" daemon [_thread_blocked, id=23324, stack(0x000000e529f00000,0x000000e52a000000)]
  0x00000239319ca830 JavaThread "Notification Thread" daemon [_thread_blocked, id=18988, stack(0x000000e52a000000,0x000000e52a100000)]
  0x00000239330ebae0 JavaThread "Daemon health stats" [_thread_blocked, id=19972, stack(0x000000e52a800000,0x000000e52a900000)]
  0x000002393309f110 JavaThread "Incoming local TCP Connector on port 51609" [_thread_in_native, id=1276, stack(0x000000e52a900000,0x000000e52aa00000)]
  0x0000023932f87a90 JavaThread "Daemon periodic checks" [_thread_blocked, id=1828, stack(0x000000e52aa00000,0x000000e52ab00000)]
  0x0000023932f7e420 JavaThread "Daemon" [_thread_blocked, id=5356, stack(0x000000e52ab00000,0x000000e52ac00000)]
  0x00000239323e1940 JavaThread "Handler for socket connection from /127.0.0.1:51609 to /127.0.0.1:51610" [_thread_in_native, id=2476, stack(0x000000e52ac00000,0x000000e52ad00000)]
  0x0000023932521c50 JavaThread "Cancel handler" [_thread_blocked, id=25472, stack(0x000000e52ad00000,0x000000e52ae00000)]
  0x0000023932523e00 JavaThread "Daemon worker" [_thread_blocked, id=10420, stack(0x000000e52ae00000,0x000000e52af00000)]
  0x0000023932522f90 JavaThread "Asynchronous log dispatcher for DefaultDaemonConnection: socket connection from /127.0.0.1:51609 to /127.0.0.1:51610" [_thread_blocked, id=21988, stack(0x000000e52af00000,0x000000e52b000000)]
  0x0000023932520440 JavaThread "Stdin handler" [_thread_blocked, id=8604, stack(0x000000e52b000000,0x000000e52b100000)]
  0x00000239325225f0 JavaThread "Daemon client event forwarder" [_thread_blocked, id=24952, stack(0x000000e52b100000,0x000000e52b200000)]
  0x0000023932523460 JavaThread "Cache worker for journal cache (D:\Android\.gradle\caches\journal-1)" [_thread_blocked, id=25292, stack(0x000000e52b800000,0x000000e52b900000)]
  0x0000023932520910 JavaThread "File lock request listener" [_thread_in_native, id=24388, stack(0x000000e52b900000,0x000000e52ba00000)]
  0x0000023932520de0 JavaThread "Cache worker for file hash cache (D:\Android\.gradle\caches\8.0\fileHashes)" [_thread_blocked, id=24148, stack(0x000000e52ba00000,0x000000e52bb00000)]
  0x0000023932521780 JavaThread "File watcher server" daemon [_thread_blocked, id=10276, stack(0x000000e52bc00000,0x000000e52bd00000)]
  0x0000023932523930 JavaThread "File watcher consumer" daemon [_thread_blocked, id=18936, stack(0x000000e52bd00000,0x000000e52be00000)]
  0x0000023937661b30 JavaThread "Cache worker for checksums cache (D:\Android\Projects\.gradle\8.0\checksums)" [_thread_blocked, id=3988, stack(0x000000e52be00000,0x000000e52bf00000)]
  0x0000023937663ce0 JavaThread "Cache worker for cache directory md-rule (D:\Android\.gradle\caches\8.0\md-rule)" [_thread_blocked, id=6596, stack(0x000000e52bf00000,0x000000e52c000000)]
  0x00000239376659c0 JavaThread "Cache worker for file content cache (D:\Android\.gradle\caches\8.0\fileContent)" [_thread_blocked, id=2452, stack(0x000000e52c000000,0x000000e52c100000)]
  0x00000239376671d0 JavaThread "Cache worker for file hash cache (D:\Android\Projects\.gradle\8.0\fileHashes)" [_thread_blocked, id=2836, stack(0x000000e52c100000,0x000000e52c200000)]
  0x0000023937665e90 JavaThread "Cache worker for cache directory md-supplier (D:\Android\.gradle\caches\8.0\md-supplier)" [_thread_blocked, id=3296, stack(0x000000e52c200000,0x000000e52c300000)]
  0x00000239376676a0 JavaThread "Cache worker for execution history cache (D:\Android\.gradle\caches\8.0\executionHistory)" [_thread_blocked, id=23260, stack(0x000000e52c300000,0x000000e52c400000)]
  0x00000239376641b0 JavaThread "jar transforms" [_thread_blocked, id=24568, stack(0x000000e52c400000,0x000000e52c500000)]
  0x0000023937663340 JavaThread "jar transforms Thread 2" [_thread_blocked, id=24004, stack(0x000000e52c500000,0x000000e52c600000)]
  0x0000023937668510 JavaThread "Cache worker for kotlin-dsl (D:\Android\.gradle\caches\8.0\kotlin-dsl)" [_thread_blocked, id=8892, stack(0x000000e52c600000,0x000000e52c700000)]
  0x0000023937669380 JavaThread "jar transforms Thread 3" [_thread_blocked, id=25504, stack(0x000000e52c700000,0x000000e52c800000)]
  0x00000239376689e0 JavaThread "jar transforms Thread 4" [_thread_blocked, id=11448, stack(0x000000e52c800000,0x000000e52c900000)]
  0x0000023937662e70 JavaThread "Cache worker for dependencies-accessors (D:\Android\Projects\.gradle\8.0\dependencies-accessors)" [_thread_blocked, id=23716, stack(0x000000e52c900000,0x000000e52ca00000)]
  0x0000023937665020 JavaThread "Cache worker for Build Output Cleanup Cache (D:\Android\Projects\.gradle\buildOutputCleanup)" [_thread_blocked, id=25216, stack(0x000000e52ca00000,0x000000e52cb00000)]
  0x0000023937663810 JavaThread "jar transforms Thread 5" [_thread_blocked, id=23148, stack(0x000000e52cb00000,0x000000e52cc00000)]
  0x00000239376624d0 JavaThread "Unconstrained build operations" [_thread_blocked, id=24020, stack(0x000000e52cc00000,0x000000e52cd00000)]
  0x0000023937668eb0 JavaThread "Unconstrained build operations Thread 2" [_thread_blocked, id=14548, stack(0x000000e52cd00000,0x000000e52ce00000)]
  0x00000239376629a0 JavaThread "Unconstrained build operations Thread 3" [_thread_blocked, id=13672, stack(0x000000e52ce00000,0x000000e52cf00000)]
  0x00000239376654f0 JavaThread "Unconstrained build operations Thread 4" [_thread_blocked, id=25048, stack(0x000000e52cf00000,0x000000e52d000000)]
  0x0000023937666360 JavaThread "Unconstrained build operations Thread 5" [_thread_blocked, id=25168, stack(0x000000e52d000000,0x000000e52d100000)]
  0x0000023937666d00 JavaThread "Unconstrained build operations Thread 6" [_thread_blocked, id=25368, stack(0x000000e52d100000,0x000000e52d200000)]
  0x0000023938516050 JavaThread "Unconstrained build operations Thread 7" [_thread_blocked, id=5140, stack(0x000000e52d200000,0x000000e52d300000)]
  0x0000023938511820 JavaThread "Unconstrained build operations Thread 8" [_thread_blocked, id=19036, stack(0x000000e52d300000,0x000000e52d400000)]
  0x0000023938512b60 JavaThread "Unconstrained build operations Thread 9" [_thread_blocked, id=25004, stack(0x000000e52d400000,0x000000e52d500000)]
  0x0000023938514d10 JavaThread "Unconstrained build operations Thread 10" [_thread_blocked, id=7012, stack(0x000000e52d500000,0x000000e52d600000)]
  0x00000239385104e0 JavaThread "Unconstrained build operations Thread 11" [_thread_blocked, id=4348, stack(0x000000e52d600000,0x000000e52d700000)]
  0x0000023938514840 JavaThread "Unconstrained build operations Thread 12" [_thread_blocked, id=10084, stack(0x000000e52d700000,0x000000e52d800000)]
  0x0000023938513500 JavaThread "Unconstrained build operations Thread 13" [_thread_blocked, id=4736, stack(0x000000e52d800000,0x000000e52d900000)]
  0x0000023938514370 JavaThread "Unconstrained build operations Thread 14" [_thread_blocked, id=9864, stack(0x000000e52d900000,0x000000e52da00000)]
  0x0000023938516520 JavaThread "Unconstrained build operations Thread 15" [_thread_blocked, id=25276, stack(0x000000e52da00000,0x000000e52db00000)]
  0x00000239385139d0 JavaThread "Unconstrained build operations Thread 16" [_thread_blocked, id=23588, stack(0x000000e52db00000,0x000000e52dc00000)]
  0x000002393850f670 JavaThread "Unconstrained build operations Thread 17" [_thread_blocked, id=352, stack(0x000000e52dc00000,0x000000e52dd00000)]
  0x00000239385169f0 JavaThread "Unconstrained build operations Thread 18" [_thread_blocked, id=11372, stack(0x000000e52dd00000,0x000000e52de00000)]
  0x0000023938513030 JavaThread "Unconstrained build operations Thread 19" [_thread_blocked, id=22780, stack(0x000000e52de00000,0x000000e52df00000)]
  0x0000023938513ea0 JavaThread "Unconstrained build operations Thread 20" [_thread_blocked, id=1072, stack(0x000000e52df00000,0x000000e52e000000)]
  0x000002393850f1a0 JavaThread "Unconstrained build operations Thread 21" [_thread_blocked, id=23920, stack(0x000000e52e000000,0x000000e52e100000)]
  0x000002393850fb40 JavaThread "Unconstrained build operations Thread 22" [_thread_blocked, id=25068, stack(0x000000e52e100000,0x000000e52e200000)]
  0x00000239385151e0 JavaThread "Unconstrained build operations Thread 23" [_thread_blocked, id=10580, stack(0x000000e52e200000,0x000000e52e300000)]
  0x00000239385156b0 JavaThread "Unconstrained build operations Thread 24" [_thread_blocked, id=12104, stack(0x000000e52e300000,0x000000e52e400000)]
  0x00000239385109b0 JavaThread "Unconstrained build operations Thread 25" [_thread_blocked, id=12740, stack(0x000000e52e400000,0x000000e52e500000)]
  0x00000239385121c0 JavaThread "Unconstrained build operations Thread 26" [_thread_blocked, id=3376, stack(0x000000e52e500000,0x000000e52e600000)]
  0x0000023938510e80 JavaThread "Unconstrained build operations Thread 27" [_thread_blocked, id=12672, stack(0x000000e52e600000,0x000000e52e700000)]
  0x0000023938512690 JavaThread "Unconstrained build operations Thread 28" [_thread_blocked, id=18572, stack(0x000000e52e700000,0x000000e52e800000)]
  0x0000023938515b80 JavaThread "Unconstrained build operations Thread 29" [_thread_blocked, id=21596, stack(0x000000e52e800000,0x000000e52e900000)]
  0x0000023938510010 JavaThread "Unconstrained build operations Thread 30" [_thread_blocked, id=1840, stack(0x000000e52e900000,0x000000e52ea00000)]
  0x0000023938511350 JavaThread "Unconstrained build operations Thread 31" [_thread_blocked, id=4328, stack(0x000000e52ea00000,0x000000e52eb00000)]
  0x0000023938511cf0 JavaThread "Unconstrained build operations Thread 32" [_thread_blocked, id=2584, stack(0x000000e52eb00000,0x000000e52ec00000)]
  0x00000239388a21a0 JavaThread "Unconstrained build operations Thread 33" [_thread_blocked, id=10416, stack(0x000000e52ec00000,0x000000e52ed00000)]
  0x000002393889cb00 JavaThread "Unconstrained build operations Thread 34" [_thread_blocked, id=11456, stack(0x000000e52ed00000,0x000000e52ee00000)]
  0x000002393889e7e0 JavaThread "Unconstrained build operations Thread 35" [_thread_blocked, id=4740, stack(0x000000e52ee00000,0x000000e52ef00000)]
  0x00000239388a0990 JavaThread "Unconstrained build operations Thread 36" [_thread_blocked, id=13576, stack(0x000000e52ef00000,0x000000e52f000000)]
  0x000002393889fb20 JavaThread "Unconstrained build operations Thread 37" [_thread_blocked, id=23948, stack(0x000000e52f000000,0x000000e52f100000)]
  0x000002393889a950 JavaThread "Unconstrained build operations Thread 38" [_thread_blocked, id=24084, stack(0x000000e52f100000,0x000000e52f200000)]
  0x000002393889ae20 JavaThread "Unconstrained build operations Thread 39" [_thread_blocked, id=24548, stack(0x000000e52f200000,0x000000e52f300000)]
  0x000002393889c630 JavaThread "Unconstrained build operations Thread 40" [_thread_blocked, id=19284, stack(0x000000e52f300000,0x000000e52f400000)]
  0x000002393889f650 JavaThread "Unconstrained build operations Thread 41" [_thread_blocked, id=9944, stack(0x000000e52f400000,0x000000e52f500000)]
  0x000002393889cfd0 JavaThread "Unconstrained build operations Thread 42" [_thread_blocked, id=16468, stack(0x000000e52f500000,0x000000e52f600000)]
  0x000002393889c160 JavaThread "Unconstrained build operations Thread 43" [_thread_blocked, id=24504, stack(0x000000e52f600000,0x000000e52f700000)]
  0x000002393889b2f0 JavaThread "Unconstrained build operations Thread 44" [_thread_blocked, id=23412, stack(0x000000e52f700000,0x000000e52f800000)]
  0x000002393889d970 JavaThread "Unconstrained build operations Thread 45" [_thread_blocked, id=8144, stack(0x000000e52f800000,0x000000e52f900000)]
  0x00000239388a0e60 JavaThread "Unconstrained build operations Thread 46" [_thread_blocked, id=22720, stack(0x000000e52f900000,0x000000e52fa00000)]
  0x000002393889de40 JavaThread "Unconstrained build operations Thread 47" [_thread_blocked, id=11260, stack(0x000000e52fa00000,0x000000e52fb00000)]
  0x000002393889d4a0 JavaThread "Unconstrained build operations Thread 48" [_thread_blocked, id=16116, stack(0x000000e52fb00000,0x000000e52fc00000)]
  0x000002393889bc90 JavaThread "Unconstrained build operations Thread 49" [_thread_blocked, id=2920, stack(0x000000e52fc00000,0x000000e52fd00000)]
  0x000002393889fff0 JavaThread "Unconstrained build operations Thread 50" [_thread_blocked, id=24556, stack(0x000000e52fd00000,0x000000e52fe00000)]
  0x00000239388a04c0 JavaThread "Unconstrained build operations Thread 51" [_thread_blocked, id=3740, stack(0x000000e52fe00000,0x000000e52ff00000)]
  0x00000239388a1330 JavaThread "Unconstrained build operations Thread 52" [_thread_blocked, id=8612, stack(0x000000e52ff00000,0x000000e530000000)]
  0x000002393889e310 JavaThread "Unconstrained build operations Thread 53" [_thread_blocked, id=4876, stack(0x000000e530000000,0x000000e530100000)]
  0x000002393889ecb0 JavaThread "Unconstrained build operations Thread 54" [_thread_blocked, id=20500, stack(0x000000e530100000,0x000000e530200000)]
  0x00000239388a1800 JavaThread "Unconstrained build operations Thread 55" [_thread_blocked, id=15272, stack(0x000000e530200000,0x000000e530300000)]
  0x00000239388a1cd0 JavaThread "Unconstrained build operations Thread 56" [_thread_blocked, id=4280, stack(0x000000e530300000,0x000000e530400000)]
  0x000002393889b7c0 JavaThread "Unconstrained build operations Thread 57" [_thread_blocked, id=24980, stack(0x000000e530400000,0x000000e530500000)]
  0x000002393889f180 JavaThread "Unconstrained build operations Thread 58" [_thread_blocked, id=5504, stack(0x000000e530500000,0x000000e530600000)]
  0x000002393748c890 JavaThread "Unconstrained build operations Thread 59" [_thread_blocked, id=22704, stack(0x000000e530600000,0x000000e530700000)]
  0x000002393748d230 JavaThread "Unconstrained build operations Thread 60" [_thread_blocked, id=24552, stack(0x000000e530700000,0x000000e530800000)]
  0x000002393748ea40 JavaThread "Unconstrained build operations Thread 61" [_thread_blocked, id=23444, stack(0x000000e530800000,0x000000e530900000)]
  0x000002393748abb0 JavaThread "Unconstrained build operations Thread 62" [_thread_blocked, id=23196, stack(0x000000e530900000,0x000000e530a00000)]
  0x0000023937488060 JavaThread "Unconstrained build operations Thread 63" [_thread_blocked, id=8108, stack(0x000000e530a00000,0x000000e530b00000)]
  0x0000023937488530 JavaThread "Unconstrained build operations Thread 64" [_thread_blocked, id=22536, stack(0x000000e530b00000,0x000000e530c00000)]
  0x000002393748ef10 JavaThread "Unconstrained build operations Thread 65" [_thread_blocked, id=15040, stack(0x000000e530c00000,0x000000e530d00000)]
  0x000002393748f3e0 JavaThread "Unconstrained build operations Thread 66" [_thread_blocked, id=7248, stack(0x000000e530d00000,0x000000e530e00000)]
  0x000002393748d700 JavaThread "Unconstrained build operations Thread 67" [_thread_blocked, id=7072, stack(0x000000e530e00000,0x000000e530f00000)]
  0x000002393748a210 JavaThread "Unconstrained build operations Thread 68" [_thread_blocked, id=11640, stack(0x000000e530f00000,0x000000e531000000)]
  0x000002393748a6e0 JavaThread "Unconstrained build operations Thread 69" [_thread_blocked, id=19192, stack(0x000000e531000000,0x000000e531100000)]
  0x000002393748b550 JavaThread "Unconstrained build operations Thread 70" [_thread_blocked, id=8888, stack(0x000000e531100000,0x000000e531200000)]
  0x000002393748f8b0 JavaThread "Unconstrained build operations Thread 71" [_thread_blocked, id=25208, stack(0x000000e531200000,0x000000e531300000)]
  0x000002393748cd60 JavaThread "Unconstrained build operations Thread 72" [_thread_blocked, id=22644, stack(0x000000e531300000,0x000000e531400000)]
  0x000002393748dbd0 JavaThread "Unconstrained build operations Thread 73" [_thread_blocked, id=24868, stack(0x000000e531400000,0x000000e531500000)]
  0x000002393748e0a0 JavaThread "Unconstrained build operations Thread 74" [_thread_blocked, id=24068, stack(0x000000e531500000,0x000000e531600000)]
  0x000002393748ba20 JavaThread "Unconstrained build operations Thread 75" [_thread_blocked, id=18188, stack(0x000000e531600000,0x000000e531700000)]
  0x0000023937488a00 JavaThread "Unconstrained build operations Thread 76" [_thread_blocked, id=23488, stack(0x000000e531700000,0x000000e531800000)]
  0x000002393748b080 JavaThread "Unconstrained build operations Thread 77" [_thread_blocked, id=15684, stack(0x000000e531800000,0x000000e531900000)]
  0x0000023937488ed0 JavaThread "Unconstrained build operations Thread 78" [_thread_blocked, id=25000, stack(0x000000e531900000,0x000000e531a00000)]
  0x000002393748e570 JavaThread "Unconstrained build operations Thread 79" [_thread_blocked, id=25544, stack(0x000000e531a00000,0x000000e531b00000)]
  0x00000239374893a0 JavaThread "Unconstrained build operations Thread 80" [_thread_blocked, id=18204, stack(0x000000e531b00000,0x000000e531c00000)]
  0x0000023937489870 JavaThread "Unconstrained build operations Thread 81" [_thread_blocked, id=21336, stack(0x000000e531c00000,0x000000e531d00000)]
  0x0000023937489d40 JavaThread "Unconstrained build operations Thread 82" [_thread_blocked, id=23620, stack(0x000000e531d00000,0x000000e531e00000)]
  0x000002393748bef0 JavaThread "Unconstrained build operations Thread 83" [_thread_blocked, id=22636, stack(0x000000e531e00000,0x000000e531f00000)]
  0x000002393748c3c0 JavaThread "Unconstrained build operations Thread 84" [_thread_blocked, id=8432, stack(0x000000e531f00000,0x000000e532000000)]
  0x000002393884e020 JavaThread "Unconstrained build operations Thread 85" [_thread_blocked, id=23660, stack(0x000000e532000000,0x000000e532100000)]
  0x000002393884be70 JavaThread "Unconstrained build operations Thread 86" [_thread_blocked, id=24920, stack(0x000000e532100000,0x000000e532200000)]
  0x00000239388536c0 JavaThread "Unconstrained build operations Thread 87" [_thread_blocked, id=19588, stack(0x000000e532200000,0x000000e532300000)]
  0x00000239388519e0 JavaThread "Unconstrained build operations Thread 88" [_thread_blocked, id=6796, stack(0x000000e532300000,0x000000e532400000)]
  0x0000023938852380 JavaThread "Unconstrained build operations Thread 89" [_thread_blocked, id=25372, stack(0x000000e532400000,0x000000e532500000)]
  0x0000023938852d20 JavaThread "Unconstrained build operations Thread 90" [_thread_blocked, id=21904, stack(0x000000e532500000,0x000000e532600000)]
  0x00000239388501d0 JavaThread "Unconstrained build operations Thread 91" [_thread_blocked, id=21696, stack(0x000000e532600000,0x000000e532700000)]
  0x0000023938852850 JavaThread "Unconstrained build operations Thread 92" [_thread_blocked, id=20932, stack(0x000000e532700000,0x000000e532800000)]
  0x00000239388506a0 JavaThread "Unconstrained build operations Thread 93" [_thread_blocked, id=23952, stack(0x000000e532800000,0x000000e532900000)]
  0x000002393884fd00 JavaThread "Unconstrained build operations Thread 94" [_thread_blocked, id=4052, stack(0x000000e532900000,0x000000e532a00000)]
  0x000002393884e4f0 JavaThread "Unconstrained build operations Thread 95" [_thread_blocked, id=25440, stack(0x000000e532a00000,0x000000e532b00000)]
  0x000002393884c810 JavaThread "Unconstrained build operations Thread 96" [_thread_blocked, id=21992, stack(0x000000e532b00000,0x000000e532c00000)]
  0x0000023938851510 JavaThread "Unconstrained build operations Thread 97" [_thread_blocked, id=23372, stack(0x000000e532c00000,0x000000e532d00000)]
  0x0000023938851040 JavaThread "Unconstrained build operations Thread 98" [_thread_blocked, id=25488, stack(0x000000e532d00000,0x000000e532e00000)]
  0x000002393884f360 JavaThread "Unconstrained build operations Thread 99" [_thread_blocked, id=10736, stack(0x000000e532e00000,0x000000e532f00000)]
  0x000002393884d1b0 JavaThread "Unconstrained build operations Thread 100" [_thread_blocked, id=2660, stack(0x000000e532f00000,0x000000e533000000)]
  0x0000023938851eb0 JavaThread "Unconstrained build operations Thread 101" [_thread_blocked, id=18396, stack(0x000000e533000000,0x000000e533100000)]
  0x0000023938850b70 JavaThread "Unconstrained build operations Thread 102" [_thread_blocked, id=22140, stack(0x000000e533100000,0x000000e533200000)]
  0x000002393884c340 JavaThread "Unconstrained build operations Thread 103" [_thread_blocked, id=24304, stack(0x000000e533200000,0x000000e533300000)]
  0x00000239388531f0 JavaThread "Unconstrained build operations Thread 104" [_thread_blocked, id=23388, stack(0x000000e533300000,0x000000e533400000)]
  0x000002393884d680 JavaThread "Unconstrained build operations Thread 105" [_thread_blocked, id=21744, stack(0x000000e533400000,0x000000e533500000)]
  0x000002393884f830 JavaThread "Unconstrained build operations Thread 106" [_thread_blocked, id=20280, stack(0x000000e533500000,0x000000e533600000)]
  0x000002393884cce0 JavaThread "Unconstrained build operations Thread 107" [_thread_blocked, id=12824, stack(0x000000e533600000,0x000000e533700000)]
  0x000002393884db50 JavaThread "Unconstrained build operations Thread 108" [_thread_blocked, id=3968, stack(0x000000e533700000,0x000000e533800000)]
  0x000002393884ee90 JavaThread "Unconstrained build operations Thread 109" [_thread_blocked, id=2252, stack(0x000000e533800000,0x000000e533900000)]
  0x00000239373fceb0 JavaThread "Unconstrained build operations Thread 110" [_thread_blocked, id=12700, stack(0x000000e533900000,0x000000e533a00000)]
  0x00000239373fc040 JavaThread "Unconstrained build operations Thread 111" [_thread_blocked, id=13320, stack(0x000000e533a00000,0x000000e533b00000)]
  0x00000239373fc510 JavaThread "Unconstrained build operations Thread 112" [_thread_blocked, id=20332, stack(0x000000e533b00000,0x000000e533c00000)]
  0x00000239373fc9e0 JavaThread "Unconstrained build operations Thread 113" [_thread_blocked, id=18468, stack(0x000000e533c00000,0x000000e533d00000)]
  0x00000239373fd850 JavaThread "Unconstrained build operations Thread 114" [_thread_blocked, id=6260, stack(0x000000e533d00000,0x000000e533e00000)]
  0x00000239373fb6a0 JavaThread "Unconstrained build operations Thread 115" [_thread_blocked, id=16948, stack(0x000000e533e00000,0x000000e533f00000)]
  0x00000239373ff060 JavaThread "Unconstrained build operations Thread 116" [_thread_blocked, id=23512, stack(0x000000e533f00000,0x000000e534000000)]
  0x00000239373fa360 JavaThread "Unconstrained build operations Thread 117" [_thread_blocked, id=25172, stack(0x000000e534000000,0x000000e534100000)]
  0x00000239373fb1d0 JavaThread "Unconstrained build operations Thread 118" [_thread_blocked, id=18612, stack(0x000000e534100000,0x000000e534200000)]
  0x00000239373f7810 JavaThread "Unconstrained build operations Thread 119" [_thread_blocked, id=5252, stack(0x000000e534200000,0x000000e534300000)]
  0x00000239373fbb70 JavaThread "Unconstrained build operations Thread 120" [_thread_blocked, id=3600, stack(0x000000e534300000,0x000000e534400000)]
  0x00000239373f8680 JavaThread "jar transforms Thread 6" [_thread_blocked, id=23348, stack(0x000000e534400000,0x000000e534500000)]
  0x00000239373fa830 JavaThread "jar transforms Thread 7" [_thread_blocked, id=11912, stack(0x000000e534500000,0x000000e534600000)]
  0x00000239373fad00 JavaThread "jar transforms Thread 8" [_thread_blocked, id=20376, stack(0x000000e534600000,0x000000e534700000)]
  0x00000239373f9020 JavaThread "jar transforms Thread 9" [_thread_blocked, id=25236, stack(0x000000e534700000,0x000000e534800000)]
  0x00000239373fd380 JavaThread "jar transforms Thread 10" [_thread_blocked, id=2100, stack(0x000000e534800000,0x000000e534900000)]
  0x00000239373f94f0 JavaThread "jar transforms Thread 11" [_thread_blocked, id=20552, stack(0x000000e534900000,0x000000e534a00000)]
  0x00000239373fdd20 JavaThread "jar transforms Thread 12" [_thread_blocked, id=3188, stack(0x000000e534a00000,0x000000e534b00000)]
  0x00000239373f7ce0 JavaThread "build event listener" [_thread_blocked, id=11004, stack(0x000000e534d00000,0x000000e534e00000)]
  0x00000239373fe1f0 JavaThread "Memory manager" [_thread_blocked, id=19576, stack(0x000000e534e00000,0x000000e534f00000)]
  0x00000239373f99c0 JavaThread "build event listener" [_thread_blocked, id=12044, stack(0x000000e534f00000,0x000000e535000000)]
  0x00000239373feb90 JavaThread "build event listener" [_thread_blocked, id=24164, stack(0x000000e535000000,0x000000e535100000)]
  0x0000023934a282d0 JavaThread "included builds" [_thread_blocked, id=20496, stack(0x000000e535100000,0x000000e535200000)]
  0x0000023934a287a0 JavaThread "Execution worker" [_thread_blocked, id=23164, stack(0x000000e535200000,0x000000e535300000)]
  0x0000023934a28c70 JavaThread "Execution worker Thread 2" [_thread_blocked, id=3204, stack(0x000000e535300000,0x000000e535400000)]
  0x0000023934a27930 JavaThread "Execution worker Thread 3" [_thread_blocked, id=24408, stack(0x000000e535400000,0x000000e535500000)]
  0x0000023934a27e00 JavaThread "Execution worker Thread 4" [_thread_blocked, id=5792, stack(0x000000e535500000,0x000000e535600000)]
  0x00000239373f8b50 JavaThread "Execution worker Thread 5" [_thread_blocked, id=24272, stack(0x000000e535600000,0x000000e535700000)]
  0x0000023937014e60 JavaThread "Execution worker Thread 6" [_thread_blocked, id=8384, stack(0x000000e535800000,0x000000e535900000)]
  0x0000023937014990 JavaThread "Execution worker Thread 7" [_thread_blocked, id=24260, stack(0x000000e535900000,0x000000e535a00000)]
  0x0000023937012310 JavaThread "Execution worker Thread 8" [_thread_blocked, id=24256, stack(0x000000e535a00000,0x000000e535b00000)]
  0x0000023937017010 JavaThread "Execution worker Thread 9" [_thread_blocked, id=24244, stack(0x000000e535b00000,0x000000e535c00000)]
  0x0000023937010160 JavaThread "Execution worker Thread 10" [_thread_blocked, id=24248, stack(0x000000e535c00000,0x000000e535d00000)]
  0x0000023937016670 JavaThread "Execution worker Thread 11" [_thread_blocked, id=24216, stack(0x000000e535d00000,0x000000e535e00000)]
  0x0000023937013650 JavaThread "Cache worker for execution history cache (D:\Android\Projects\.gradle\8.0\executionHistory)" [_thread_blocked, id=15128, stack(0x000000e535e00000,0x000000e535f00000)]

Other Threads:
=>0x0000023930ec8bd0 VMThread "VM Thread" [stack: 0x000000e529500000,0x000000e529600000] [id=2036]
  0x00000239319c4020 WatcherThread [stack: 0x000000e52a100000,0x000000e52a200000] [id=24392]
  0x0000023914cec060 GCTaskThread "GC Thread#0" [stack: 0x000000e529000000,0x000000e529100000] [id=296]
  0x000002393266f090 GCTaskThread "GC Thread#1" [stack: 0x000000e52a400000,0x000000e52a500000] [id=22708]
  0x000002393288d070 GCTaskThread "GC Thread#2" [stack: 0x000000e52a500000,0x000000e52a600000] [id=24604]
  0x00000239324bfea0 GCTaskThread "GC Thread#3" [stack: 0x000000e52a600000,0x000000e52a700000] [id=5448]
  0x0000023931a9ee80 GCTaskThread "GC Thread#4" [stack: 0x000000e52a700000,0x000000e52a800000] [id=24396]
  0x000002393459a400 GCTaskThread "GC Thread#5" [stack: 0x000000e52a300000,0x000000e52a400000] [id=24112]
  0x000002393333aee0 GCTaskThread "GC Thread#6" [stack: 0x000000e52b200000,0x000000e52b300000] [id=19264]
  0x0000023933d40850 GCTaskThread "GC Thread#7" [stack: 0x000000e52b300000,0x000000e52b400000] [id=24212]
  0x0000023932ba1960 GCTaskThread "GC Thread#8" [stack: 0x000000e52b400000,0x000000e52b500000] [id=24144]
  0x0000023934591490 GCTaskThread "GC Thread#9" [stack: 0x000000e52b500000,0x000000e52b600000] [id=24140]
  0x0000023914cfcfa0 ConcurrentGCThread "G1 Main Marker" [stack: 0x000000e529100000,0x000000e529200000] [id=12304]
  0x0000023914cfe150 ConcurrentGCThread "G1 Conc#0" [stack: 0x000000e529200000,0x000000e529300000] [id=2604]
  0x00000239326dbc10 ConcurrentGCThread "G1 Conc#1" [stack: 0x000000e52b600000,0x000000e52b700000] [id=24108]
  0x00000239331e4050 ConcurrentGCThread "G1 Conc#2" [stack: 0x000000e52b700000,0x000000e52b800000] [id=6096]
  0x0000023930d220c0 ConcurrentGCThread "G1 Refine#0" [stack: 0x000000e529300000,0x000000e529400000] [id=18672]
  0x000002393740d2d0 ConcurrentGCThread "G1 Refine#1" [stack: 0x000000e534b00000,0x000000e534c00000] [id=20228]
  0x000002393740e130 ConcurrentGCThread "G1 Refine#2" [stack: 0x000000e534c00000,0x000000e534d00000] [id=25564]
  0x000002393740beb0 ConcurrentGCThread "G1 Refine#3" [stack: 0x000000e535700000,0x000000e535800000] [id=24232]
  0x0000023930d22ae0 ConcurrentGCThread "G1 Service" [stack: 0x000000e529400000,0x000000e529500000] [id=316]

Threads with active compile tasks:
C2 CompilerThread0     9550 11249   !   4       java.util.concurrent.ConcurrentHashMap::putVal (432 bytes)

VM state: at safepoint (normal execution)

VM Mutex/Monitor currently owned by a thread:  ([mutex/lock_event])
[0x0000023914c8a3f0] Threads_lock - owner thread: 0x0000023930ec8bd0
[0x0000023914c8ab40] Heap_lock - owner thread: 0x0000023937014e60

Heap address: 0x0000000080000000, size: 2048 MB, Compressed Oops mode: 32-bit

CDS archive(s) not mapped
Compressed class space mapped at: 0x0000000100000000-0x0000000140000000, reserved size: 1073741824
Narrow klass base: 0x0000000000000000, Narrow klass shift: 3, Narrow klass range: 0x140000000

GC Precious Log:
 CPUs: 12 total, 12 available
 Memory: 7521M
 Large Page Support: Disabled
 NUMA Support: Disabled
 Compressed Oops: Enabled (32-bit)
 Heap Region Size: 1M
 Heap Min Capacity: 8M
 Heap Initial Capacity: 118M
 Heap Max Capacity: 2G
 Pre-touch: Disabled
 Parallel Workers: 10
 Concurrent Workers: 3
 Concurrent Refinement Workers: 10
 Periodic GC: Disabled

Heap:
 garbage-first heap   total 171008K, used 95380K [0x0000000080000000, 0x0000000100000000)
  region size 1024K, 4 young (4096K), 4 survivors (4096K)
 Metaspace       used 97052K, committed 97728K, reserved 1138688K
  class space    used 13466K, committed 13760K, reserved 1048576K

Heap Regions: E=young(eden), S=young(survivor), O=old, HS=humongous(starts), HC=humongous(continues), CS=collection set, F=free, OA=open archive, CA=closed archive, TAMS=top-at-mark-start (previous, next)
|   0|0x0000000080000000, 0x0000000080100000, 0x0000000080100000|100%|HS|  |TAMS 0x0000000080100000, 0x0000000080100000| Complete 
|   1|0x0000000080100000, 0x0000000080200000, 0x0000000080200000|100%|HC|  |TAMS 0x0000000080200000, 0x0000000080200000| Complete 
|   2|0x0000000080200000, 0x0000000080300000, 0x0000000080300000|100%|HC|  |TAMS 0x0000000080300000, 0x0000000080300000| Complete 
|   3|0x0000000080300000, 0x0000000080400000, 0x0000000080400000|100%|HC|  |TAMS 0x0000000080400000, 0x0000000080400000| Complete 
|   4|0x0000000080400000, 0x0000000080500000, 0x0000000080500000|100%| O|  |TAMS 0x0000000080500000, 0x0000000080500000| Untracked 
|   5|0x0000000080500000, 0x0000000080600000, 0x0000000080600000|100%| O|  |TAMS 0x0000000080600000, 0x0000000080600000| Untracked 
|   6|0x0000000080600000, 0x0000000080700000, 0x0000000080700000|100%| O|  |TAMS 0x0000000080700000, 0x0000000080700000| Untracked 
|   7|0x0000000080700000, 0x0000000080800000, 0x0000000080800000|100%| O|  |TAMS 0x0000000080800000, 0x0000000080800000| Untracked 
|   8|0x0000000080800000, 0x0000000080900000, 0x0000000080900000|100%| O|  |TAMS 0x0000000080900000, 0x0000000080900000| Untracked 
|   9|0x0000000080900000, 0x0000000080a00000, 0x0000000080a00000|100%| O|  |TAMS 0x0000000080a00000, 0x0000000080a00000| Untracked 
|  10|0x0000000080a00000, 0x0000000080b00000, 0x0000000080b00000|100%| O|  |TAMS 0x0000000080b00000, 0x0000000080b00000| Untracked 
|  11|0x0000000080b00000, 0x0000000080c00000, 0x0000000080c00000|100%|HS|  |TAMS 0x0000000080c00000, 0x0000000080c00000| Complete 
|  12|0x0000000080c00000, 0x0000000080d00000, 0x0000000080d00000|100%| O|  |TAMS 0x0000000080d00000, 0x0000000080d00000| Untracked 
|  13|0x0000000080d00000, 0x0000000080e00000, 0x0000000080e00000|100%| O|  |TAMS 0x0000000080e00000, 0x0000000080e00000| Untracked 
|  14|0x0000000080e00000, 0x0000000080f00000, 0x0000000080f00000|100%| O|  |TAMS 0x0000000080f00000, 0x0000000080f00000| Untracked 
|  15|0x0000000080f00000, 0x0000000081000000, 0x0000000081000000|100%| O|  |TAMS 0x0000000081000000, 0x0000000081000000| Untracked 
|  16|0x0000000081000000, 0x0000000081100000, 0x0000000081100000|100%| O|  |TAMS 0x0000000081100000, 0x0000000081100000| Untracked 
|  17|0x0000000081100000, 0x0000000081200000, 0x0000000081200000|100%| O|  |TAMS 0x0000000081200000, 0x0000000081200000| Untracked 
|  18|0x0000000081200000, 0x0000000081300000, 0x0000000081300000|100%| O|  |TAMS 0x0000000081300000, 0x0000000081300000| Untracked 
|  19|0x0000000081300000, 0x0000000081400000, 0x0000000081400000|100%| O|  |TAMS 0x0000000081400000, 0x0000000081400000| Untracked 
|  20|0x0000000081400000, 0x0000000081400000, 0x0000000081500000|  0%| F|  |TAMS 0x0000000081400000, 0x0000000081400000| Untracked 
|  21|0x0000000081500000, 0x0000000081600000, 0x0000000081600000|100%| O|  |TAMS 0x0000000081600000, 0x0000000081600000| Untracked 
|  22|0x0000000081600000, 0x0000000081700000, 0x0000000081700000|100%| O|  |TAMS 0x0000000081700000, 0x0000000081700000| Untracked 
|  23|0x0000000081700000, 0x0000000081800000, 0x0000000081800000|100%| O|  |TAMS 0x0000000081800000, 0x0000000081800000| Untracked 
|  24|0x0000000081800000, 0x0000000081900000, 0x0000000081900000|100%| O|  |TAMS 0x0000000081900000, 0x0000000081900000| Untracked 
|  25|0x0000000081900000, 0x0000000081a00000, 0x0000000081a00000|100%| O|  |TAMS 0x0000000081a00000, 0x0000000081a00000| Untracked 
|  26|0x0000000081a00000, 0x0000000081b00000, 0x0000000081b00000|100%| O|  |TAMS 0x0000000081b00000, 0x0000000081b00000| Untracked 
|  27|0x0000000081b00000, 0x0000000081c00000, 0x0000000081c00000|100%| O|  |TAMS 0x0000000081c00000, 0x0000000081c00000| Untracked 
|  28|0x0000000081c00000, 0x0000000081d00000, 0x0000000081d00000|100%| O|  |TAMS 0x0000000081d00000, 0x0000000081d00000| Untracked 
|  29|0x0000000081d00000, 0x0000000081e00000, 0x0000000081e00000|100%|HS|  |TAMS 0x0000000081e00000, 0x0000000081e00000| Complete 
|  30|0x0000000081e00000, 0x0000000081f00000, 0x0000000081f00000|100%|HS|  |TAMS 0x0000000081f00000, 0x0000000081f00000| Complete 
|  31|0x0000000081f00000, 0x0000000082000000, 0x0000000082000000|100%|HC|  |TAMS 0x0000000082000000, 0x0000000082000000| Complete 
|  32|0x0000000082000000, 0x0000000082100000, 0x0000000082100000|100%|HS|  |TAMS 0x0000000082100000, 0x0000000082100000| Complete 
|  33|0x0000000082100000, 0x0000000082200000, 0x0000000082200000|100%|HS|  |TAMS 0x0000000082200000, 0x0000000082200000| Complete 
|  34|0x0000000082200000, 0x0000000082300000, 0x0000000082300000|100%|HC|  |TAMS 0x0000000082300000, 0x0000000082300000| Complete 
|  35|0x0000000082300000, 0x0000000082400000, 0x0000000082400000|100%|HC|  |TAMS 0x0000000082400000, 0x0000000082400000| Complete 
|  36|0x0000000082400000, 0x0000000082500000, 0x0000000082500000|100%|HC|  |TAMS 0x0000000082500000, 0x0000000082500000| Complete 
|  37|0x0000000082500000, 0x0000000082600000, 0x0000000082600000|100%| O|  |TAMS 0x0000000082600000, 0x0000000082600000| Untracked 
|  38|0x0000000082600000, 0x0000000082700000, 0x0000000082700000|100%| O|  |TAMS 0x0000000082700000, 0x0000000082700000| Untracked 
|  39|0x0000000082700000, 0x0000000082800000, 0x0000000082800000|100%| O|  |TAMS 0x0000000082800000, 0x0000000082800000| Untracked 
|  40|0x0000000082800000, 0x0000000082900000, 0x0000000082900000|100%| O|  |TAMS 0x0000000082900000, 0x0000000082900000| Untracked 
|  41|0x0000000082900000, 0x0000000082a00000, 0x0000000082a00000|100%| O|  |TAMS 0x0000000082a00000, 0x0000000082a00000| Untracked 
|  42|0x0000000082a00000, 0x0000000082b00000, 0x0000000082b00000|100%| O|  |TAMS 0x0000000082b00000, 0x0000000082b00000| Untracked 
|  43|0x0000000082b00000, 0x0000000082c00000, 0x0000000082c00000|100%| O|  |TAMS 0x0000000082c00000, 0x0000000082c00000| Untracked 
|  44|0x0000000082c00000, 0x0000000082d00000, 0x0000000082d00000|100%| O|  |TAMS 0x0000000082d00000, 0x0000000082d00000| Untracked 
|  45|0x0000000082d00000, 0x0000000082e00000, 0x0000000082e00000|100%| O|  |TAMS 0x0000000082e00000, 0x0000000082e00000| Untracked 
|  46|0x0000000082e00000, 0x0000000082f00000, 0x0000000082f00000|100%| O|  |TAMS 0x0000000082f00000, 0x0000000082f00000| Untracked 
|  47|0x0000000082f00000, 0x0000000083000000, 0x0000000083000000|100%| O|  |TAMS 0x0000000083000000, 0x0000000083000000| Untracked 
|  48|0x0000000083000000, 0x0000000083100000, 0x0000000083100000|100%| O|  |TAMS 0x0000000083100000, 0x0000000083100000| Untracked 
|  49|0x0000000083100000, 0x0000000083200000, 0x0000000083200000|100%| O|  |TAMS 0x0000000083200000, 0x0000000083200000| Untracked 
|  50|0x0000000083200000, 0x0000000083300000, 0x0000000083300000|100%| O|  |TAMS 0x0000000083300000, 0x0000000083300000| Untracked 
|  51|0x0000000083300000, 0x0000000083400000, 0x0000000083400000|100%| O|  |TAMS 0x0000000083300000, 0x0000000083400000| Untracked 
|  52|0x0000000083400000, 0x0000000083500000, 0x0000000083500000|100%| O|  |TAMS 0x0000000083500000, 0x0000000083500000| Untracked 
|  53|0x0000000083500000, 0x0000000083600000, 0x0000000083600000|100%| O|  |TAMS 0x0000000083600000, 0x0000000083600000| Untracked 
|  54|0x0000000083600000, 0x0000000083700000, 0x0000000083700000|100%| O|  |TAMS 0x0000000083700000, 0x0000000083700000| Untracked 
|  55|0x0000000083700000, 0x0000000083800000, 0x0000000083800000|100%| O|  |TAMS 0x0000000083800000, 0x0000000083800000| Untracked 
|  56|0x0000000083800000, 0x0000000083900000, 0x0000000083900000|100%| O|  |TAMS 0x0000000083900000, 0x0000000083900000| Untracked 
|  57|0x0000000083900000, 0x0000000083a00000, 0x0000000083a00000|100%| O|  |TAMS 0x0000000083a00000, 0x0000000083a00000| Untracked 
|  58|0x0000000083a00000, 0x0000000083b00000, 0x0000000083b00000|100%| O|  |TAMS 0x0000000083b00000, 0x0000000083b00000| Untracked 
|  59|0x0000000083b00000, 0x0000000083c00000, 0x0000000083c00000|100%| O|  |TAMS 0x0000000083c00000, 0x0000000083c00000| Untracked 
|  60|0x0000000083c00000, 0x0000000083d00000, 0x0000000083d00000|100%| O|  |TAMS 0x0000000083d00000, 0x0000000083d00000| Untracked 
|  61|0x0000000083d00000, 0x0000000083e00000, 0x0000000083e00000|100%| O|  |TAMS 0x0000000083e00000, 0x0000000083e00000| Untracked 
|  62|0x0000000083e00000, 0x0000000083f00000, 0x0000000083f00000|100%| O|  |TAMS 0x0000000083f00000, 0x0000000083f00000| Untracked 
|  63|0x0000000083f00000, 0x0000000084000000, 0x0000000084000000|100%| O|  |TAMS 0x0000000084000000, 0x0000000084000000| Untracked 
|  64|0x0000000084000000, 0x0000000084100000, 0x0000000084100000|100%| O|  |TAMS 0x0000000084100000, 0x0000000084100000| Untracked 
|  65|0x0000000084100000, 0x0000000084200000, 0x0000000084200000|100%| O|  |TAMS 0x0000000084200000, 0x0000000084200000| Untracked 
|  66|0x0000000084200000, 0x0000000084300000, 0x0000000084300000|100%| O|  |TAMS 0x0000000084300000, 0x0000000084300000| Untracked 
|  67|0x0000000084300000, 0x0000000084400000, 0x0000000084400000|100%| O|  |TAMS 0x0000000084400000, 0x0000000084400000| Untracked 
|  68|0x0000000084400000, 0x0000000084500000, 0x0000000084500000|100%| O|  |TAMS 0x0000000084500000, 0x0000000084500000| Untracked 
|  69|0x0000000084500000, 0x0000000084600000, 0x0000000084600000|100%| O|  |TAMS 0x0000000084600000, 0x0000000084600000| Untracked 
|  70|0x0000000084600000, 0x0000000084700000, 0x0000000084700000|100%| O|  |TAMS 0x0000000084700000, 0x0000000084700000| Untracked 
|  71|0x0000000084700000, 0x0000000084800000, 0x0000000084800000|100%| O|  |TAMS 0x0000000084800000, 0x0000000084800000| Untracked 
|  72|0x0000000084800000, 0x0000000084900000, 0x0000000084900000|100%| O|  |TAMS 0x0000000084900000, 0x0000000084900000| Untracked 
|  73|0x0000000084900000, 0x0000000084a00000, 0x0000000084a00000|100%| O|  |TAMS 0x0000000084a00000, 0x0000000084a00000| Untracked 
|  74|0x0000000084a00000, 0x0000000084b00000, 0x0000000084b00000|100%| O|  |TAMS 0x0000000084b00000, 0x0000000084b00000| Untracked 
|  75|0x0000000084b00000, 0x0000000084c00000, 0x0000000084c00000|100%| O|  |TAMS 0x0000000084c00000, 0x0000000084c00000| Untracked 
|  76|0x0000000084c00000, 0x0000000084d00000, 0x0000000084d00000|100%| O|  |TAMS 0x0000000084d00000, 0x0000000084d00000| Untracked 
|  77|0x0000000084d00000, 0x0000000084e00000, 0x0000000084e00000|100%| O|  |TAMS 0x0000000084e00000, 0x0000000084e00000| Untracked 
|  78|0x0000000084e00000, 0x0000000084f00000, 0x0000000084f00000|100%| O|  |TAMS 0x0000000084f00000, 0x0000000084f00000| Untracked 
|  79|0x0000000084f00000, 0x0000000085000000, 0x0000000085000000|100%| O|  |TAMS 0x0000000085000000, 0x0000000085000000| Untracked 
|  80|0x0000000085000000, 0x0000000085100000, 0x0000000085100000|100%| O|  |TAMS 0x0000000085100000, 0x0000000085100000| Untracked 
|  81|0x0000000085100000, 0x0000000085200000, 0x0000000085200000|100%| O|  |TAMS 0x0000000085200000, 0x0000000085200000| Untracked 
|  82|0x0000000085200000, 0x0000000085300000, 0x0000000085300000|100%| O|  |TAMS 0x0000000085300000, 0x0000000085300000| Untracked 
|  83|0x0000000085300000, 0x0000000085400000, 0x0000000085400000|100%| O|  |TAMS 0x0000000085400000, 0x0000000085400000| Untracked 
|  84|0x0000000085400000, 0x0000000085500000, 0x0000000085500000|100%| O|  |TAMS 0x00000000854a9000, 0x0000000085500000| Untracked 
|  85|0x0000000085500000, 0x0000000085600000, 0x0000000085600000|100%| O|  |TAMS 0x0000000085500000, 0x0000000085600000| Untracked 
|  86|0x0000000085600000, 0x0000000085700000, 0x0000000085700000|100%| O|  |TAMS 0x0000000085600000, 0x0000000085700000| Untracked 
|  87|0x0000000085700000, 0x0000000085800000, 0x0000000085800000|100%| O|  |TAMS 0x0000000085700000, 0x0000000085800000| Untracked 
|  88|0x0000000085800000, 0x0000000085900000, 0x0000000085900000|100%| O|  |TAMS 0x0000000085800000, 0x0000000085900000| Untracked 
|  89|0x0000000085900000, 0x0000000085a00000, 0x0000000085a00000|100%| O|  |TAMS 0x0000000085900000, 0x0000000085a00000| Untracked 
|  90|0x0000000085a00000, 0x0000000085a9ae00, 0x0000000085b00000| 60%| O|  |TAMS 0x0000000085a00000, 0x0000000085a9ae00| Untracked 
|  91|0x0000000085b00000, 0x0000000085b00000, 0x0000000085c00000|  0%| F|  |TAMS 0x0000000085b00000, 0x0000000085b00000| Untracked 
|  92|0x0000000085c00000, 0x0000000085c00000, 0x0000000085d00000|  0%| F|  |TAMS 0x0000000085c00000, 0x0000000085c00000| Untracked 
|  93|0x0000000085d00000, 0x0000000085d00000, 0x0000000085e00000|  0%| F|  |TAMS 0x0000000085d00000, 0x0000000085d00000| Untracked 
|  94|0x0000000085e00000, 0x0000000085e00000, 0x0000000085f00000|  0%| F|  |TAMS 0x0000000085e00000, 0x0000000085e00000| Untracked 
|  95|0x0000000085f00000, 0x0000000085f00000, 0x0000000086000000|  0%| F|  |TAMS 0x0000000085f00000, 0x0000000085f00000| Untracked 
|  96|0x0000000086000000, 0x0000000086000000, 0x0000000086100000|  0%| F|  |TAMS 0x0000000086000000, 0x0000000086000000| Untracked 
|  97|0x0000000086100000, 0x0000000086100000, 0x0000000086200000|  0%| F|  |TAMS 0x0000000086100000, 0x0000000086100000| Untracked 
|  98|0x0000000086200000, 0x0000000086200000, 0x0000000086300000|  0%| F|  |TAMS 0x0000000086200000, 0x0000000086200000| Untracked 
|  99|0x0000000086300000, 0x0000000086300000, 0x0000000086400000|  0%| F|  |TAMS 0x0000000086300000, 0x0000000086300000| Untracked 
| 100|0x0000000086400000, 0x0000000086400000, 0x0000000086500000|  0%| F|  |TAMS 0x0000000086400000, 0x0000000086400000| Untracked 
| 101|0x0000000086500000, 0x0000000086500000, 0x0000000086600000|  0%| F|  |TAMS 0x0000000086500000, 0x0000000086500000| Untracked 
| 102|0x0000000086600000, 0x0000000086600000, 0x0000000086700000|  0%| F|  |TAMS 0x0000000086600000, 0x0000000086600000| Untracked 
| 103|0x0000000086700000, 0x0000000086700000, 0x0000000086800000|  0%| F|  |TAMS 0x0000000086700000, 0x0000000086700000| Untracked 
| 104|0x0000000086800000, 0x0000000086800000, 0x0000000086900000|  0%| F|  |TAMS 0x0000000086800000, 0x0000000086800000| Untracked 
| 105|0x0000000086900000, 0x0000000086900000, 0x0000000086a00000|  0%| F|  |TAMS 0x0000000086900000, 0x0000000086900000| Untracked 
| 106|0x0000000086a00000, 0x0000000086a00000, 0x0000000086b00000|  0%| F|  |TAMS 0x0000000086a00000, 0x0000000086a00000| Untracked 
| 107|0x0000000086b00000, 0x0000000086b00000, 0x0000000086c00000|  0%| F|  |TAMS 0x0000000086b00000, 0x0000000086b00000| Untracked 
| 108|0x0000000086c00000, 0x0000000086c00000, 0x0000000086d00000|  0%| F|  |TAMS 0x0000000086c00000, 0x0000000086c00000| Untracked 
| 109|0x0000000086d00000, 0x0000000086d00000, 0x0000000086e00000|  0%| F|  |TAMS 0x0000000086d00000, 0x0000000086d00000| Untracked 
| 110|0x0000000086e00000, 0x0000000086e00000, 0x0000000086f00000|  0%| F|  |TAMS 0x0000000086e00000, 0x0000000086e00000| Untracked 
| 111|0x0000000086f00000, 0x0000000086f00000, 0x0000000087000000|  0%| F|  |TAMS 0x0000000086f00000, 0x0000000086f00000| Untracked 
| 112|0x0000000087000000, 0x0000000087000000, 0x0000000087100000|  0%| F|  |TAMS 0x0000000087000000, 0x0000000087000000| Untracked 
| 113|0x0000000087100000, 0x0000000087100000, 0x0000000087200000|  0%| F|  |TAMS 0x0000000087100000, 0x0000000087100000| Untracked 
| 114|0x0000000087200000, 0x0000000087200000, 0x0000000087300000|  0%| F|  |TAMS 0x0000000087200000, 0x0000000087200000| Untracked 
| 115|0x0000000087300000, 0x000000008738a2f8, 0x0000000087400000| 53%| S|CS|TAMS 0x0000000087300000, 0x0000000087300000| Complete 
| 116|0x0000000087400000, 0x0000000087500000, 0x0000000087500000|100%| S|CS|TAMS 0x0000000087400000, 0x0000000087400000| Complete 
| 117|0x0000000087500000, 0x0000000087600000, 0x0000000087600000|100%| S|CS|TAMS 0x0000000087500000, 0x0000000087500000| Complete 
| 118|0x0000000087600000, 0x0000000087700000, 0x0000000087700000|100%| S|CS|TAMS 0x0000000087600000, 0x0000000087600000| Complete 
| 119|0x0000000087700000, 0x0000000087700000, 0x0000000087800000|  0%| F|  |TAMS 0x0000000087700000, 0x0000000087700000| Untracked 
| 120|0x0000000087800000, 0x0000000087800000, 0x0000000087900000|  0%| F|  |TAMS 0x0000000087800000, 0x0000000087800000| Untracked 
| 121|0x0000000087900000, 0x0000000087900000, 0x0000000087a00000|  0%| F|  |TAMS 0x0000000087900000, 0x0000000087900000| Untracked 
| 122|0x0000000087a00000, 0x0000000087a00000, 0x0000000087b00000|  0%| F|  |TAMS 0x0000000087a00000, 0x0000000087a00000| Untracked 
| 123|0x0000000087b00000, 0x0000000087b00000, 0x0000000087c00000|  0%| F|  |TAMS 0x0000000087b00000, 0x0000000087b00000| Untracked 
| 124|0x0000000087c00000, 0x0000000087c00000, 0x0000000087d00000|  0%| F|  |TAMS 0x0000000087c00000, 0x0000000087c00000| Untracked 
| 125|0x0000000087d00000, 0x0000000087d00000, 0x0000000087e00000|  0%| F|  |TAMS 0x0000000087d00000, 0x0000000087d00000| Untracked 
| 126|0x0000000087e00000, 0x0000000087e00000, 0x0000000087f00000|  0%| F|  |TAMS 0x0000000087e00000, 0x0000000087e00000| Untracked 
| 127|0x0000000087f00000, 0x0000000087f00000, 0x0000000088000000|  0%| F|  |TAMS 0x0000000087f00000, 0x0000000087f00000| Untracked 
| 128|0x0000000088000000, 0x0000000088000000, 0x0000000088100000|  0%| F|  |TAMS 0x0000000088000000, 0x0000000088000000| Untracked 
| 129|0x0000000088100000, 0x0000000088100000, 0x0000000088200000|  0%| F|  |TAMS 0x0000000088100000, 0x0000000088100000| Untracked 
| 130|0x0000000088200000, 0x0000000088200000, 0x0000000088300000|  0%| F|  |TAMS 0x0000000088200000, 0x0000000088200000| Untracked 
| 131|0x0000000088300000, 0x0000000088300000, 0x0000000088400000|  0%| F|  |TAMS 0x0000000088300000, 0x0000000088300000| Untracked 
| 132|0x0000000088400000, 0x0000000088400000, 0x0000000088500000|  0%| F|  |TAMS 0x0000000088400000, 0x0000000088400000| Untracked 
| 133|0x0000000088500000, 0x0000000088500000, 0x0000000088600000|  0%| F|  |TAMS 0x0000000088500000, 0x0000000088500000| Untracked 
| 134|0x0000000088600000, 0x0000000088600000, 0x0000000088700000|  0%| F|  |TAMS 0x0000000088600000, 0x0000000088600000| Untracked 
| 135|0x0000000088700000, 0x0000000088700000, 0x0000000088800000|  0%| F|  |TAMS 0x0000000088700000, 0x0000000088700000| Untracked 
| 136|0x0000000088800000, 0x0000000088800000, 0x0000000088900000|  0%| F|  |TAMS 0x0000000088800000, 0x0000000088800000| Untracked 
| 137|0x0000000088900000, 0x0000000088900000, 0x0000000088a00000|  0%| F|  |TAMS 0x0000000088900000, 0x0000000088900000| Untracked 
| 138|0x0000000088a00000, 0x0000000088a00000, 0x0000000088b00000|  0%| F|  |TAMS 0x0000000088a00000, 0x0000000088a00000| Untracked 
| 139|0x0000000088b00000, 0x0000000088b00000, 0x0000000088c00000|  0%| F|  |TAMS 0x0000000088b00000, 0x0000000088b00000| Untracked 
| 140|0x0000000088c00000, 0x0000000088c00000, 0x0000000088d00000|  0%| F|  |TAMS 0x0000000088c00000, 0x0000000088c00000| Untracked 
| 141|0x0000000088d00000, 0x0000000088d00000, 0x0000000088e00000|  0%| F|  |TAMS 0x0000000088d00000, 0x0000000088d00000| Untracked 
| 142|0x0000000088e00000, 0x0000000088e00000, 0x0000000088f00000|  0%| F|  |TAMS 0x0000000088e00000, 0x0000000088e00000| Untracked 
| 143|0x0000000088f00000, 0x0000000088f00000, 0x0000000089000000|  0%| F|  |TAMS 0x0000000088f00000, 0x0000000088f00000| Untracked 
| 144|0x0000000089000000, 0x0000000089000000, 0x0000000089100000|  0%| F|  |TAMS 0x0000000089000000, 0x0000000089000000| Untracked 
| 145|0x0000000089100000, 0x0000000089100000, 0x0000000089200000|  0%| F|  |TAMS 0x0000000089100000, 0x0000000089100000| Untracked 
| 146|0x0000000089200000, 0x0000000089200000, 0x0000000089300000|  0%| F|  |TAMS 0x0000000089200000, 0x0000000089200000| Untracked 
| 147|0x0000000089300000, 0x0000000089300000, 0x0000000089400000|  0%| F|  |TAMS 0x0000000089300000, 0x0000000089300000| Untracked 
| 148|0x0000000089400000, 0x0000000089400000, 0x0000000089500000|  0%| F|  |TAMS 0x0000000089400000, 0x0000000089400000| Untracked 
| 149|0x0000000089500000, 0x0000000089500000, 0x0000000089600000|  0%| F|  |TAMS 0x0000000089500000, 0x0000000089500000| Untracked 
| 150|0x0000000089600000, 0x0000000089600000, 0x0000000089700000|  0%| F|  |TAMS 0x0000000089600000, 0x0000000089600000| Untracked 
| 151|0x0000000089700000, 0x0000000089700000, 0x0000000089800000|  0%| F|  |TAMS 0x0000000089700000, 0x0000000089700000| Untracked 
| 152|0x0000000089800000, 0x0000000089800000, 0x0000000089900000|  0%| F|  |TAMS 0x0000000089800000, 0x0000000089800000| Untracked 
| 153|0x0000000089900000, 0x0000000089900000, 0x0000000089a00000|  0%| F|  |TAMS 0x0000000089900000, 0x0000000089900000| Untracked 
| 154|0x0000000089a00000, 0x0000000089a00000, 0x0000000089b00000|  0%| F|  |TAMS 0x0000000089a00000, 0x0000000089a00000| Untracked 
| 155|0x0000000089b00000, 0x0000000089b00000, 0x0000000089c00000|  0%| F|  |TAMS 0x0000000089b00000, 0x0000000089b00000| Untracked 
| 156|0x0000000089c00000, 0x0000000089c00000, 0x0000000089d00000|  0%| F|  |TAMS 0x0000000089c00000, 0x0000000089c00000| Untracked 
| 157|0x0000000089d00000, 0x0000000089d00000, 0x0000000089e00000|  0%| F|  |TAMS 0x0000000089d00000, 0x0000000089d00000| Untracked 
| 158|0x0000000089e00000, 0x0000000089e00000, 0x0000000089f00000|  0%| F|  |TAMS 0x0000000089e00000, 0x0000000089e00000| Untracked 
| 159|0x0000000089f00000, 0x0000000089f00000, 0x000000008a000000|  0%| F|  |TAMS 0x0000000089f00000, 0x0000000089f00000| Untracked 
| 160|0x000000008a000000, 0x000000008a000000, 0x000000008a100000|  0%| F|  |TAMS 0x000000008a000000, 0x000000008a000000| Untracked 
| 161|0x000000008a100000, 0x000000008a100000, 0x000000008a200000|  0%| F|  |TAMS 0x000000008a100000, 0x000000008a100000| Untracked 
| 162|0x000000008a200000, 0x000000008a200000, 0x000000008a300000|  0%| F|  |TAMS 0x000000008a200000, 0x000000008a200000| Untracked 
| 163|0x000000008a300000, 0x000000008a300000, 0x000000008a400000|  0%| F|  |TAMS 0x000000008a300000, 0x000000008a300000| Untracked 
| 164|0x000000008a400000, 0x000000008a400000, 0x000000008a500000|  0%| F|  |TAMS 0x000000008a400000, 0x000000008a400000| Untracked 
| 165|0x000000008a500000, 0x000000008a500000, 0x000000008a600000|  0%| F|  |TAMS 0x000000008a500000, 0x000000008a500000| Untracked 
| 166|0x000000008a600000, 0x000000008a600000, 0x000000008a700000|  0%| F|  |TAMS 0x000000008a600000, 0x000000008a600000| Untracked 

Card table byte_map: [0x00000239299c0000,0x0000023929dc0000] _byte_map_base: 0x00000239295c0000

Marking Bits (Prev, Next): (CMBitMap*) 0x0000023914cec6b0, (CMBitMap*) 0x0000023914cec670
 Prev Bits: [0x000002392c1c0000, 0x000002392e1c0000)
 Next Bits: [0x000002392a1c0000, 0x000002392c1c0000)

Polling page: 0x0000023914d50000

Metaspace:

Usage:
  Non-class:     81.63 MB used.
      Class:     13.15 MB used.
       Both:     94.78 MB used.

Virtual space:
  Non-class space:       88.00 MB reserved,      82.00 MB ( 93%) committed,  11 nodes.
      Class space:        1.00 GB reserved,      13.44 MB (  1%) committed,  1 nodes.
             Both:        1.09 GB reserved,      95.44 MB (  9%) committed. 

Chunk freelists:
   Non-Class:  2.00 MB
       Class:  2.56 MB
        Both:  4.56 MB

MaxMetaspaceSize: unlimited
CompressedClassSpaceSize: 1.00 GB
Initial GC threshold: 21.00 MB
Current GC threshold: 156.81 MB
CDS: off
MetaspaceReclaimPolicy: balanced
 - commit_granule_bytes: 65536.
 - commit_granule_words: 8192.
 - virtual_space_node_default_size: 1048576.
 - enlarge_chunks_in_place: 1.
 - new_chunks_are_fully_committed: 0.
 - uncommit_free_chunks: 1.
 - use_allocation_guard: 0.
 - handle_deallocations: 1.


Internal statistics:

num_allocs_failed_limit: 9.
num_arena_births: 1066.
num_arena_deaths: 0.
num_vsnodes_births: 12.
num_vsnodes_deaths: 0.
num_space_committed: 1527.
num_space_uncommitted: 0.
num_chunks_returned_to_freelist: 9.
num_chunks_taken_from_freelist: 4732.
num_chunk_merges: 9.
num_chunk_splits: 3100.
num_chunks_enlarged: 2043.
num_purges: 0.
num_inconsistent_stats: 0.

CodeHeap 'non-profiled nmethods': size=120000Kb used=5879Kb max_used=5879Kb free=114120Kb
 bounds [0x00000239213f0000, 0x00000239219b0000, 0x0000023928920000]
CodeHeap 'profiled nmethods': size=120000Kb used=18355Kb max_used=18355Kb free=101644Kb
 bounds [0x0000023919920000, 0x000002391ab10000, 0x0000023920e50000]
CodeHeap 'non-nmethods': size=5760Kb used=2395Kb max_used=2469Kb free=3365Kb
 bounds [0x0000023920e50000, 0x00000239210d0000, 0x00000239213f0000]
 total_blobs=10645 nmethods=9718 adapters=839
 compilation: enabled
              stopped_count=0, restarted_count=0
 full_count=0

Compilation events (20 events):
Event: 9.262 Thread 0x000002393183dc70 11252       3       org.gradle.api.internal.artifacts.transform.DefaultTransformedVariantFactory::locateOrCreate (150 bytes)
Event: 9.268 Thread 0x000002393183dc70 nmethod 11252 0x000002391ab06590 code [0x000002391ab06800, 0x000002391ab074c8]
Event: 9.268 Thread 0x000002393183dc70 11255       3       org.gradle.api.internal.artifacts.transform.TransformingAsyncArtifactListener$TransformedArtifact::prepareForVisitingIfNotAlready (40 bytes)
Event: 9.271 Thread 0x000002393183dc70 nmethod 11255 0x000002391ab07910 code [0x000002391ab07b40, 0x000002391ab082b8]
Event: 9.271 Thread 0x000002393183dc70 11256       3       org.gradle.api.internal.artifacts.transform.AbstractTransformedArtifactSet::visit (104 bytes)
Event: 9.277 Thread 0x000002393183dc70 nmethod 11256 0x000002391ab08590 code [0x000002391ab08860, 0x000002391ab09828]
Event: 9.277 Thread 0x000002393183dc70 11257       3       org.gradle.api.internal.artifacts.transform.TransformingAsyncArtifactListener$TransformedArtifact::startFinalization (15 bytes)
Event: 9.279 Thread 0x000002393183dc70 nmethod 11257 0x000002391ab09d10 code [0x000002391ab09ec0, 0x000002391ab0a0d8]
Event: 9.279 Thread 0x000002393183dc70 11258   !   3       org.gradle.api.internal.artifacts.transform.TransformingAsyncArtifactListener$TransformedArtifact::prepareInvocation (164 bytes)
Event: 9.285 Thread 0x000002393183dc70 nmethod 11258 0x000002391ab0a210 code [0x000002391ab0a560, 0x000002391ab0bc18]
Event: 9.285 Thread 0x000002393183dc70 11259       3       org.gradle.api.internal.artifacts.ivyservice.resolveengine.artifact.EndCollection::<init> (10 bytes)
Event: 9.286 Thread 0x000002393183dc70 nmethod 11259 0x000002391ab0c590 code [0x000002391ab0c720, 0x000002391ab0c8d8]
Event: 9.286 Thread 0x000002393183dc70 11260       3       org.gradle.api.internal.artifacts.ivyservice.resolveengine.artifact.EndCollection::startFinalization (1 bytes)
Event: 9.286 Thread 0x000002393183dc70 nmethod 11260 0x000002391ab0c990 code [0x000002391ab0cb20, 0x000002391ab0cc38]
Event: 9.286 Thread 0x000002393183dc70 11253       3       org.gradle.api.internal.artifacts.transform.DefaultTransformedVariantFactory$VariantKey::<init> (15 bytes)
Event: 9.287 Thread 0x000002393183dc70 nmethod 11253 0x000002391ab0cd10 code [0x000002391ab0cec0, 0x000002391ab0d0d8]
Event: 9.287 Thread 0x000002393183dc70 11261       1       org.gradle.api.internal.artifacts.ivyservice.ResolvedArtifactCollectingVisitor::requireArtifactFiles (2 bytes)
Event: 9.288 Thread 0x000002393183dc70 nmethod 11261 0x00000239219ada10 code [0x00000239219adba0, 0x00000239219adc78]
Event: 9.298 Thread 0x000002393183dc70 11262       3       org.gradle.api.internal.file.collections.DefaultConfigurableFileCollection$UnresolvedItemsCollector::visitContents (58 bytes)
Event: 9.300 Thread 0x000002393183dc70 nmethod 11262 0x000002391ab0d190 code [0x000002391ab0d380, 0x000002391ab0d868]

GC Heap History (20 events):
Event: 5.895 GC heap after
{Heap after GC invocations=19 (full 0):
 garbage-first heap   total 132096K, used 67985K [0x0000000080000000, 0x0000000100000000)
  region size 1024K, 4 young (4096K), 4 survivors (4096K)
 Metaspace       used 77684K, committed 78336K, reserved 1122304K
  class space    used 10406K, committed 10688K, reserved 1048576K
}
Event: 6.284 GC heap before
{Heap before GC invocations=20 (full 0):
 garbage-first heap   total 132096K, used 106897K [0x0000000080000000, 0x0000000100000000)
  region size 1024K, 41 young (41984K), 4 survivors (4096K)
 Metaspace       used 82112K, committed 82624K, reserved 1122304K
  class space    used 11210K, committed 11456K, reserved 1048576K
}
Event: 6.288 GC heap after
{Heap after GC invocations=21 (full 0):
 garbage-first heap   total 132096K, used 69442K [0x0000000080000000, 0x0000000100000000)
  region size 1024K, 5 young (5120K), 5 survivors (5120K)
 Metaspace       used 82112K, committed 82624K, reserved 1122304K
  class space    used 11210K, committed 11456K, reserved 1048576K
}
Event: 6.678 GC heap before
{Heap before GC invocations=21 (full 0):
 garbage-first heap   total 132096K, used 107330K [0x0000000080000000, 0x0000000100000000)
  region size 1024K, 42 young (43008K), 5 survivors (5120K)
 Metaspace       used 85801K, committed 86400K, reserved 1130496K
  class space    used 11749K, committed 12032K, reserved 1048576K
}
Event: 6.683 GC heap after
{Heap after GC invocations=22 (full 0):
 garbage-first heap   total 132096K, used 72982K [0x0000000080000000, 0x0000000100000000)
  region size 1024K, 6 young (6144K), 6 survivors (6144K)
 Metaspace       used 85801K, committed 86400K, reserved 1130496K
  class space    used 11749K, committed 12032K, reserved 1048576K
}
Event: 7.060 GC heap before
{Heap before GC invocations=23 (full 0):
 garbage-first heap   total 132096K, used 108822K [0x0000000080000000, 0x0000000100000000)
  region size 1024K, 41 young (41984K), 6 survivors (6144K)
 Metaspace       used 90696K, committed 91328K, reserved 1130496K
  class space    used 12462K, committed 12736K, reserved 1048576K
}
Event: 7.065 GC heap after
{Heap after GC invocations=24 (full 0):
 garbage-first heap   total 132096K, used 75320K [0x0000000080000000, 0x0000000100000000)
  region size 1024K, 3 young (3072K), 3 survivors (3072K)
 Metaspace       used 90696K, committed 91328K, reserved 1130496K
  class space    used 12462K, committed 12736K, reserved 1048576K
}
Event: 7.339 GC heap before
{Heap before GC invocations=24 (full 0):
 garbage-first heap   total 132096K, used 109112K [0x0000000080000000, 0x0000000100000000)
  region size 1024K, 36 young (36864K), 3 survivors (3072K)
 Metaspace       used 93052K, committed 93696K, reserved 1130496K
  class space    used 12782K, committed 13056K, reserved 1048576K
}
Event: 7.344 GC heap after
{Heap after GC invocations=25 (full 0):
 garbage-first heap   total 158720K, used 78281K [0x0000000080000000, 0x0000000100000000)
  region size 1024K, 5 young (5120K), 5 survivors (5120K)
 Metaspace       used 93052K, committed 93696K, reserved 1130496K
  class space    used 12782K, committed 13056K, reserved 1048576K
}
Event: 7.624 GC heap before
{Heap before GC invocations=26 (full 0):
 garbage-first heap   total 158720K, used 129481K [0x0000000080000000, 0x0000000100000000)
  region size 1024K, 55 young (56320K), 5 survivors (5120K)
 Metaspace       used 93627K, committed 94272K, reserved 1130496K
  class space    used 12852K, committed 13120K, reserved 1048576K
}
Event: 7.633 GC heap after
{Heap after GC invocations=27 (full 0):
 garbage-first heap   total 158720K, used 85719K [0x0000000080000000, 0x0000000100000000)
  region size 1024K, 7 young (7168K), 7 survivors (7168K)
 Metaspace       used 93627K, committed 94272K, reserved 1130496K
  class space    used 12852K, committed 13120K, reserved 1048576K
}
Event: 7.649 GC heap before
{Heap before GC invocations=27 (full 0):
 garbage-first heap   total 158720K, used 86743K [0x0000000080000000, 0x0000000100000000)
  region size 1024K, 8 young (8192K), 7 survivors (7168K)
 Metaspace       used 93818K, committed 94464K, reserved 1130496K
  class space    used 12893K, committed 13184K, reserved 1048576K
}
Event: 7.653 GC heap after
{Heap after GC invocations=28 (full 0):
 garbage-first heap   total 158720K, used 86617K [0x0000000080000000, 0x0000000100000000)
  region size 1024K, 1 young (1024K), 1 survivors (1024K)
 Metaspace       used 93818K, committed 94464K, reserved 1130496K
  class space    used 12893K, committed 13184K, reserved 1048576K
}
Event: 7.899 GC heap before
{Heap before GC invocations=28 (full 0):
 garbage-first heap   total 158720K, used 127577K [0x0000000080000000, 0x0000000100000000)
  region size 1024K, 42 young (43008K), 1 survivors (1024K)
 Metaspace       used 95574K, committed 96192K, reserved 1138688K
  class space    used 13275K, committed 13568K, reserved 1048576K
}
Event: 7.903 GC heap after
{Heap after GC invocations=29 (full 0):
 garbage-first heap   total 158720K, used 89204K [0x0000000080000000, 0x0000000100000000)
  region size 1024K, 4 young (4096K), 4 survivors (4096K)
 Metaspace       used 95574K, committed 96192K, reserved 1138688K
  class space    used 13275K, committed 13568K, reserved 1048576K
}
Event: 8.120 GC heap before
{Heap before GC invocations=30 (full 0):
 garbage-first heap   total 171008K, used 128116K [0x0000000080000000, 0x0000000100000000)
  region size 1024K, 43 young (44032K), 4 survivors (4096K)
 Metaspace       used 95977K, committed 96640K, reserved 1138688K
  class space    used 13314K, committed 13632K, reserved 1048576K
}
Event: 8.124 GC heap after
{Heap after GC invocations=31 (full 0):
 garbage-first heap   total 171008K, used 92102K [0x0000000080000000, 0x0000000100000000)
  region size 1024K, 3 young (3072K), 3 survivors (3072K)
 Metaspace       used 95977K, committed 96640K, reserved 1138688K
  class space    used 13314K, committed 13632K, reserved 1048576K
}
Event: 8.160 GC heap before
{Heap before GC invocations=31 (full 0):
 garbage-first heap   total 171008K, used 96198K [0x0000000080000000, 0x0000000100000000)
  region size 1024K, 8 young (8192K), 3 survivors (3072K)
 Metaspace       used 96013K, committed 96704K, reserved 1138688K
  class space    used 13316K, committed 13632K, reserved 1048576K
}
Event: 8.163 GC heap after
{Heap after GC invocations=32 (full 0):
 garbage-first heap   total 171008K, used 92768K [0x0000000080000000, 0x0000000100000000)
  region size 1024K, 1 young (1024K), 1 survivors (1024K)
 Metaspace       used 96013K, committed 96704K, reserved 1138688K
  class space    used 13316K, committed 13632K, reserved 1048576K
}
Event: 9.302 GC heap before
{Heap before GC invocations=32 (full 0):
 garbage-first heap   total 171008K, used 139872K [0x0000000080000000, 0x0000000100000000)
  region size 1024K, 48 young (49152K), 1 survivors (1024K)
 Metaspace       used 97052K, committed 97728K, reserved 1138688K
  class space    used 13466K, committed 13760K, reserved 1048576K
}

Dll operation events (2 events):
Event: 0.005 Loaded shared library D:\Android\Android Studio\jbr\bin\java.dll
Event: 0.250 Loaded shared library D:\Android\Android Studio\jbr\bin\verify.dll

Deoptimization events (20 events):
Event: 8.600 Thread 0x0000023937014e60 Uncommon trap: trap_request=0xffffffc6 fr.pc=0x00000239218b6e94 relative=0x0000000000000914
Event: 8.600 Thread 0x0000023937014e60 Uncommon trap: reason=bimorphic_or_optimized_type_check action=maybe_recompile pc=0x00000239218b6e94 method=com.google.common.collect.AbstractMapBasedMultimap$WrappedCollection.refreshIfEmpty()V @ 59 c2
Event: 8.600 Thread 0x0000023937014e60 DEOPT PACKING pc=0x00000239218b6e94 sp=0x000000e5358fc910
Event: 8.601 Thread 0x0000023937014e60 DEOPT UNPACKING pc=0x0000023920ea69a3 sp=0x000000e5358fc8b8 mode 2
Event: 8.601 Thread 0x0000023937014e60 Uncommon trap: trap_request=0xffffffc6 fr.pc=0x0000023921588480 relative=0x0000000000000340
Event: 8.601 Thread 0x0000023937014e60 Uncommon trap: reason=bimorphic_or_optimized_type_check action=maybe_recompile pc=0x0000023921588480 method=java.util.ArrayList$ArrayListSpliterator.tryAdvance(Ljava/util/function/Consumer;)Z @ 48 c2
Event: 8.601 Thread 0x0000023937014e60 DEOPT PACKING pc=0x0000023921588480 sp=0x000000e5358fc7c0
Event: 8.601 Thread 0x0000023937014e60 DEOPT UNPACKING pc=0x0000023920ea69a3 sp=0x000000e5358fc750 mode 2
Event: 8.604 Thread 0x0000023937014e60 Uncommon trap: trap_request=0xffffffc6 fr.pc=0x00000239218b6e94 relative=0x0000000000000914
Event: 8.604 Thread 0x0000023937014e60 Uncommon trap: reason=bimorphic_or_optimized_type_check action=maybe_recompile pc=0x00000239218b6e94 method=com.google.common.collect.AbstractMapBasedMultimap$WrappedCollection.refreshIfEmpty()V @ 59 c2
Event: 8.604 Thread 0x0000023937014e60 DEOPT PACKING pc=0x00000239218b6e94 sp=0x000000e5358fc910
Event: 8.604 Thread 0x0000023937014e60 DEOPT UNPACKING pc=0x0000023920ea69a3 sp=0x000000e5358fc8b8 mode 2
Event: 8.604 Thread 0x0000023937014e60 Uncommon trap: trap_request=0xffffffc6 fr.pc=0x00000239218b6e94 relative=0x0000000000000914
Event: 8.604 Thread 0x0000023937014e60 Uncommon trap: reason=bimorphic_or_optimized_type_check action=maybe_recompile pc=0x00000239218b6e94 method=com.google.common.collect.AbstractMapBasedMultimap$WrappedCollection.refreshIfEmpty()V @ 59 c2
Event: 8.604 Thread 0x0000023937014e60 DEOPT PACKING pc=0x00000239218b6e94 sp=0x000000e5358fc910
Event: 8.604 Thread 0x0000023937014e60 DEOPT UNPACKING pc=0x0000023920ea69a3 sp=0x000000e5358fc8b8 mode 2
Event: 8.608 Thread 0x0000023937014e60 Uncommon trap: trap_request=0xffffffc6 fr.pc=0x0000023921588480 relative=0x0000000000000340
Event: 8.608 Thread 0x0000023937014e60 Uncommon trap: reason=bimorphic_or_optimized_type_check action=maybe_recompile pc=0x0000023921588480 method=java.util.ArrayList$ArrayListSpliterator.tryAdvance(Ljava/util/function/Consumer;)Z @ 48 c2
Event: 8.608 Thread 0x0000023937014e60 DEOPT PACKING pc=0x0000023921588480 sp=0x000000e5358fc7c0
Event: 8.608 Thread 0x0000023937014e60 DEOPT UNPACKING pc=0x0000023920ea69a3 sp=0x000000e5358fc750 mode 2

Classes unloaded (0 events):
No events

Classes redefined (0 events):
No events

Internal exceptions (20 events):
Event: 7.829 Thread 0x0000023937666d00 Exception <a 'java/lang/NoSuchMethodError'{0x00000000887b6918}: 'java.lang.Object java.lang.invoke.DirectMethodHandle$Holder.invokeSpecialIFC(java.lang.Object, java.lang.Object, java.lang.Object)'> (0x00000000887b6918) 
thrown [s\src\hotspot\share\interpreter\linkResolver.cpp, line 771]
Event: 7.829 Thread 0x0000023938511820 Exception <a 'java/lang/NoSuchMethodError'{0x00000000887eef00}: 'java.lang.Object java.lang.invoke.DirectMethodHandle$Holder.invokeSpecialIFC(java.lang.Object, java.lang.Object, java.lang.Object)'> (0x00000000887eef00) 
thrown [s\src\hotspot\share\interpreter\linkResolver.cpp, line 771]
Event: 7.829 Thread 0x00000239373fc9e0 Exception <a 'java/lang/NoSuchMethodError'{0x0000000088794f00}: 'java.lang.Object java.lang.invoke.DirectMethodHandle$Holder.invokeSpecialIFC(java.lang.Object, java.lang.Object, java.lang.Object)'> (0x0000000088794f00) 
thrown [s\src\hotspot\share\interpreter\linkResolver.cpp, line 771]
Event: 7.829 Thread 0x00000239373fb1d0 Exception <a 'java/lang/NoSuchMethodError'{0x00000000887aa400}: 'java.lang.Object java.lang.invoke.DirectMethodHandle$Holder.invokeSpecialIFC(java.lang.Object, java.lang.Object, java.lang.Object)'> (0x00000000887aa400) 
thrown [s\src\hotspot\share\interpreter\linkResolver.cpp, line 771]
Event: 7.829 Thread 0x00000239373fa360 Exception <a 'java/lang/NoSuchMethodError'{0x000000008878a128}: 'java.lang.Object java.lang.invoke.DirectMethodHandle$Holder.invokeSpecialIFC(java.lang.Object, java.lang.Object, java.lang.Object)'> (0x000000008878a128) 
thrown [s\src\hotspot\share\interpreter\linkResolver.cpp, line 771]
Event: 7.829 Thread 0x0000023934a27930 Exception <a 'java/lang/NoSuchMethodError'{0x000000008876a828}: 'java.lang.Object java.lang.invoke.DirectMethodHandle$Holder.invokeSpecialIFC(java.lang.Object, java.lang.Object, java.lang.Object)'> (0x000000008876a828) 
thrown [s\src\hotspot\share\interpreter\linkResolver.cpp, line 771]
Event: 7.829 Thread 0x00000239373f7810 Exception <a 'java/lang/NoSuchMethodError'{0x00000000887d6ff8}: 'java.lang.Object java.lang.invoke.DirectMethodHandle$Holder.invokeSpecialIFC(java.lang.Object, java.lang.Object, java.lang.Object)'> (0x00000000887d6ff8) 
thrown [s\src\hotspot\share\interpreter\linkResolver.cpp, line 771]
Event: 7.829 Thread 0x00000239373ff060 Exception <a 'java/lang/NoSuchMethodError'{0x000000008879f188}: 'java.lang.Object java.lang.invoke.DirectMethodHandle$Holder.invokeSpecialIFC(java.lang.Object, java.lang.Object, java.lang.Object)'> (0x000000008879f188) 
thrown [s\src\hotspot\share\interpreter\linkResolver.cpp, line 771]
Event: 7.829 Thread 0x00000239373fd850 Exception <a 'java/lang/NoSuchMethodError'{0x0000000088600898}: 'java.lang.Object java.lang.invoke.DirectMethodHandle$Holder.invokeSpecialIFC(java.lang.Object, java.lang.Object, java.lang.Object)'> (0x0000000088600898) 
thrown [s\src\hotspot\share\interpreter\linkResolver.cpp, line 771]
Event: 7.829 Thread 0x00000239373fb6a0 Exception <a 'java/lang/NoSuchMethodError'{0x00000000887c1ea0}: 'java.lang.Object java.lang.invoke.DirectMethodHandle$Holder.invokeSpecialIFC(java.lang.Object, java.lang.Object, java.lang.Object)'> (0x00000000887c1ea0) 
thrown [s\src\hotspot\share\interpreter\linkResolver.cpp, line 771]
Event: 7.829 Thread 0x00000239373fc510 Exception <a 'java/lang/NoSuchMethodError'{0x00000000887e2768}: 'java.lang.Object java.lang.invoke.DirectMethodHandle$Holder.invokeSpecialIFC(java.lang.Object, java.lang.Object, java.lang.Object)'> (0x00000000887e2768) 
thrown [s\src\hotspot\share\interpreter\linkResolver.cpp, line 771]
Event: 7.878 Thread 0x00000239373feb90 Exception <a 'java/lang/NoSuchMethodError'{0x0000000087955b88}: static Lorg/jetbrains/kotlin/gradle/plugin/statistics/MetricContainer;.<clinit>()V> (0x0000000087955b88) 
thrown [s\src\hotspot\share\prims\jni.cpp, line 1108]
Event: 7.934 Thread 0x00000239388a0990 Exception <a 'java/lang/NoSuchMethodError'{0x0000000089974350}: 'void java.lang.invoke.DirectMethodHandle$Holder.invokeVirtual(java.lang.Object, java.lang.Object)'> (0x0000000089974350) 
thrown [s\src\hotspot\share\interpreter\linkResolver.cpp, line 771]
Event: 8.168 Thread 0x0000023934a287a0 Exception <a 'java/lang/NoSuchMethodError'{0x000000008a698f90}: static Lcom/android/build/gradle/internal/scope/InternalArtifactType;.<clinit>()V> (0x000000008a698f90) 
thrown [s\src\hotspot\share\prims\jni.cpp, line 1108]
Event: 8.168 Thread 0x0000023934a287a0 Exception <a 'java/lang/NoSuchMethodError'{0x000000008a69a6d0}: static Lcom/android/build/gradle/internal/scope/InternalArtifactType;.<clinit>()V> (0x000000008a69a6d0) 
thrown [s\src\hotspot\share\prims\jni.cpp, line 1108]
Event: 8.168 Thread 0x0000023934a287a0 Exception <a 'java/lang/NoSuchMethodError'{0x000000008a69dab8}: static Lcom/android/build/api/artifact/Artifact$Single;.<clinit>()V> (0x000000008a69dab8) 
thrown [s\src\hotspot\share\prims\jni.cpp, line 1108]
Event: 8.168 Thread 0x0000023934a287a0 Exception <a 'java/lang/NoSuchMethodError'{0x000000008a6a0048}: static Ljava/lang/Object;.<clinit>()V> (0x000000008a6a0048) 
thrown [s\src\hotspot\share\prims\jni.cpp, line 1108]
Event: 8.169 Thread 0x0000023934a287a0 Exception <a 'java/lang/NoSuchMethodError'{0x000000008a6b6da0}: static Lcom/android/build/api/artifact/ArtifactKind;.<clinit>()V> (0x000000008a6b6da0) 
thrown [s\src\hotspot\share\prims\jni.cpp, line 1108]
Event: 8.169 Thread 0x0000023934a287a0 Exception <a 'java/lang/NoSuchMethodError'{0x000000008a6b7f60}: static Lcom/android/build/api/artifact/ArtifactKind;.<clinit>()V> (0x000000008a6b7f60) 
thrown [s\src\hotspot\share\prims\jni.cpp, line 1108]
Event: 8.310 Thread 0x0000023937014e60 Exception <a 'java/lang/NoSuchMethodError'{0x0000000088994108}: 'int java.lang.invoke.DirectMethodHandle$Holder.invokeSpecial(java.lang.Object, java.lang.Object, java.lang.Object, java.lang.Object, java.lang.Object)'> (0x0000000088994108) 
thrown [s\src\hotspot\share\interpreter\linkResolver.cpp, line 771]

VM Operations (20 events):
Event: 8.180 Executing VM operation: HandshakeAllThreads done
Event: 8.275 Executing VM operation: HandshakeAllThreads
Event: 8.275 Executing VM operation: HandshakeAllThreads done
Event: 8.283 Executing VM operation: ICBufferFull
Event: 8.284 Executing VM operation: ICBufferFull done
Event: 8.306 Executing VM operation: HandshakeAllThreads
Event: 8.306 Executing VM operation: HandshakeAllThreads done
Event: 8.308 Executing VM operation: HandshakeAllThreads
Event: 8.308 Executing VM operation: HandshakeAllThreads done
Event: 8.309 Executing VM operation: HandshakeAllThreads
Event: 8.309 Executing VM operation: HandshakeAllThreads done
Event: 8.380 Executing VM operation: ICBufferFull
Event: 8.381 Executing VM operation: ICBufferFull done
Event: 8.520 Executing VM operation: HandshakeAllThreads
Event: 8.521 Executing VM operation: HandshakeAllThreads done
Event: 8.526 Executing VM operation: HandshakeAllThreads
Event: 8.527 Executing VM operation: HandshakeAllThreads done
Event: 8.541 Executing VM operation: HandshakeAllThreads
Event: 8.542 Executing VM operation: HandshakeAllThreads done
Event: 9.301 Executing VM operation: G1CollectForAllocation

Events (20 events):
Event: 7.634 Thread 0x0000023937016670 Thread added: 0x0000023937016670
Event: 7.658 Thread 0x0000023937013650 Thread added: 0x0000023937013650
Event: 7.676 loading class java/util/TreeMap$KeySpliterator
Event: 7.677 loading class java/util/TreeMap$TreeMapSpliterator
Event: 7.677 loading class java/util/TreeMap$TreeMapSpliterator done
Event: 7.677 loading class java/util/TreeMap$KeySpliterator done
Event: 7.725 loading class java/io/ObjectStreamClass$ExceptionInfo
Event: 7.725 loading class java/io/ObjectStreamClass$ExceptionInfo done
Event: 7.880 loading class java/util/HashMap$UnsafeHolder
Event: 7.880 loading class java/util/HashMap$UnsafeHolder done
Event: 8.046 loading class java/util/Comparators$NaturalOrderComparator
Event: 8.046 loading class java/util/Comparators$NaturalOrderComparator done
Event: 8.046 loading class java/util/stream/SortedOps$SizedRefSortingSink
Event: 8.046 loading class java/util/stream/SortedOps$SizedRefSortingSink done
Event: 8.660 loading class java/util/PriorityQueue
Event: 8.663 loading class java/util/PriorityQueue done
Event: 9.121 loading class java/nio/file/FileTreeWalker$1
Event: 9.121 loading class java/nio/file/FileTreeWalker$1 done
Event: 9.257 Thread 0x0000023934819660 Thread exited: 0x0000023934819660
Event: 9.258 Thread 0x0000023931a954a0 Thread exited: 0x0000023931a954a0


Dynamic libraries:
0x00007ff6a9440000 - 0x00007ff6a944a000 	D:\Android\Android Studio\jbr\bin\java.exe
0x00007ff8543d0000 - 0x00007ff8545e6000 	C:\WINDOWS\SYSTEM32\ntdll.dll
0x00007ff852cb0000 - 0x00007ff852d74000 	C:\WINDOWS\System32\KERNEL32.DLL
0x00007ff851af0000 - 0x00007ff851e97000 	C:\WINDOWS\System32\KERNELBASE.dll
0x00007ff851860000 - 0x00007ff851971000 	C:\WINDOWS\System32\ucrtbase.dll
0x00007ff8327f0000 - 0x00007ff832807000 	D:\Android\Android Studio\jbr\bin\jli.dll
0x00007ff8162d0000 - 0x00007ff8162eb000 	D:\Android\Android Studio\jbr\bin\VCRUNTIME140.dll
0x00007ff853ea0000 - 0x00007ff85404e000 	C:\WINDOWS\System32\USER32.dll
0x00007ff8520d0000 - 0x00007ff8520f6000 	C:\WINDOWS\System32\win32u.dll
0x00007ff836140000 - 0x00007ff8363d3000 	C:\WINDOWS\WinSxS\amd64_microsoft.windows.common-controls_6595b64144ccf1df_6.0.22621.3235_none_270f74e173860f98\COMCTL32.dll
0x00007ff852c80000 - 0x00007ff852ca9000 	C:\WINDOWS\System32\GDI32.dll
0x00007ff852190000 - 0x00007ff852237000 	C:\WINDOWS\System32\msvcrt.dll
0x00007ff851ea0000 - 0x00007ff851fb9000 	C:\WINDOWS\System32\gdi32full.dll
0x00007ff852030000 - 0x00007ff8520ca000 	C:\WINDOWS\System32\msvcp_win.dll
0x00007ff853e60000 - 0x00007ff853e91000 	C:\WINDOWS\System32\IMM32.DLL
0x00007ff81d130000 - 0x00007ff81d13c000 	D:\Android\Android Studio\jbr\bin\vcruntime140_1.dll
0x00007ff800460000 - 0x00007ff8004ed000 	D:\Android\Android Studio\jbr\bin\msvcp140.dll
0x00007fff83b40000 - 0x00007fff847ae000 	D:\Android\Android Studio\jbr\bin\server\jvm.dll
0x00007ff853890000 - 0x00007ff853942000 	C:\WINDOWS\System32\ADVAPI32.dll
0x00007ff852780000 - 0x00007ff852828000 	C:\WINDOWS\System32\sechost.dll
0x00007ff851830000 - 0x00007ff851858000 	C:\WINDOWS\System32\bcrypt.dll
0x00007ff852f00000 - 0x00007ff853015000 	C:\WINDOWS\System32\RPCRT4.dll
0x00007ff849080000 - 0x00007ff8490b4000 	C:\WINDOWS\SYSTEM32\WINMM.dll
0x00007ff828c80000 - 0x00007ff828c89000 	C:\WINDOWS\SYSTEM32\WSOCK32.dll
0x00007ff847c00000 - 0x00007ff847c0a000 	C:\WINDOWS\SYSTEM32\VERSION.dll
0x00007ff852110000 - 0x00007ff852181000 	C:\WINDOWS\System32\WS2_32.dll
0x00007ff850700000 - 0x00007ff850718000 	C:\WINDOWS\SYSTEM32\kernel.appcore.dll
0x00007ff84cb40000 - 0x00007ff84cb4a000 	D:\Android\Android Studio\jbr\bin\jimage.dll
0x00007ff83ef90000 - 0x00007ff83f1c3000 	C:\WINDOWS\SYSTEM32\DBGHELP.DLL
0x00007ff852340000 - 0x00007ff8526c8000 	C:\WINDOWS\System32\combase.dll
0x00007ff852830000 - 0x00007ff852907000 	C:\WINDOWS\System32\OLEAUT32.dll
0x00007ff833a00000 - 0x00007ff833a32000 	C:\WINDOWS\SYSTEM32\dbgcore.DLL
0x00007ff8516f0000 - 0x00007ff851769000 	C:\WINDOWS\System32\bcryptPrimitives.dll
0x00007ff8109d0000 - 0x00007ff8109f5000 	D:\Android\Android Studio\jbr\bin\java.dll
0x00007ff84cb20000 - 0x00007ff84cb38000 	D:\Android\Android Studio\jbr\bin\zip.dll
0x00007ff853030000 - 0x00007ff85388c000 	C:\WINDOWS\System32\SHELL32.dll
0x00007ff84f620000 - 0x00007ff84ff19000 	C:\WINDOWS\SYSTEM32\windows.storage.dll
0x00007ff84f4e0000 - 0x00007ff84f61e000 	C:\WINDOWS\SYSTEM32\wintypes.dll
0x00007ff852240000 - 0x00007ff852333000 	C:\WINDOWS\System32\SHCORE.dll
0x00007ff8542e0000 - 0x00007ff85433e000 	C:\WINDOWS\System32\shlwapi.dll
0x00007ff851620000 - 0x00007ff851641000 	C:\WINDOWS\SYSTEM32\profapi.dll
0x00007ff834c00000 - 0x00007ff834c19000 	D:\Android\Android Studio\jbr\bin\net.dll
0x00007ff849e80000 - 0x00007ff849fb6000 	C:\WINDOWS\SYSTEM32\WINHTTP.dll
0x00007ff850b70000 - 0x00007ff850bd9000 	C:\WINDOWS\system32\mswsock.dll
0x00007ff832e30000 - 0x00007ff832e46000 	D:\Android\Android Studio\jbr\bin\nio.dll
0x00007ff836bd0000 - 0x00007ff836be0000 	D:\Android\Android Studio\jbr\bin\verify.dll
0x00007fffff380000 - 0x00007fffff3a7000 	D:\Android\.gradle\native\68d5fa5c4cc2d200863cafc0d521ce42e7d3e7ee720ec0a83991735586a16f82\windows-amd64\native-platform.dll
0x00007ff800310000 - 0x00007ff800454000 	D:\Android\.gradle\native\e376f236ea51e6404a007f0833ffe2c6e607c4080706a723a18a27aeea778392\windows-amd64\native-platform-file-events.dll
0x00007ff816480000 - 0x00007ff816489000 	D:\Android\Android Studio\jbr\bin\management.dll
0x00007ff816470000 - 0x00007ff81647b000 	D:\Android\Android Studio\jbr\bin\management_ext.dll
0x00007ff852100000 - 0x00007ff852108000 	C:\WINDOWS\System32\PSAPI.DLL
0x00007ff850d90000 - 0x00007ff850dab000 	C:\WINDOWS\SYSTEM32\CRYPTSP.dll
0x00007ff850660000 - 0x00007ff850695000 	C:\WINDOWS\system32\rsaenh.dll
0x00007ff850c30000 - 0x00007ff850c58000 	C:\WINDOWS\SYSTEM32\USERENV.dll
0x00007ff850db0000 - 0x00007ff850dbc000 	C:\WINDOWS\SYSTEM32\CRYPTBASE.dll
0x00007ff8501c0000 - 0x00007ff8501ed000 	C:\WINDOWS\SYSTEM32\IPHLPAPI.DLL
0x00007ff853020000 - 0x00007ff853029000 	C:\WINDOWS\System32\NSI.dll
0x00007ff8496a0000 - 0x00007ff8496b9000 	C:\WINDOWS\SYSTEM32\dhcpcsvc6.DLL
0x00007ff849680000 - 0x00007ff84969f000 	C:\WINDOWS\SYSTEM32\dhcpcsvc.DLL
0x00007ff8501f0000 - 0x00007ff8502e9000 	C:\WINDOWS\SYSTEM32\DNSAPI.dll
0x00007ff835b80000 - 0x00007ff835b88000 	C:\WINDOWS\system32\wshunix.dll
0x00007ff8289a0000 - 0x00007ff8289b7000 	C:\WINDOWS\system32\napinsp.dll
0x00007ff8263b0000 - 0x00007ff8263cb000 	C:\WINDOWS\system32\pnrpnsp.dll
0x00007ff826390000 - 0x00007ff8263a1000 	C:\WINDOWS\System32\winrnr.dll
0x00007ff848ca0000 - 0x00007ff848cb5000 	C:\WINDOWS\system32\wshbth.dll
0x00007ff826360000 - 0x00007ff826381000 	C:\WINDOWS\system32\nlansp_c.dll
0x00007ff847950000 - 0x00007ff84795a000 	C:\Windows\System32\rasadhlp.dll
0x00007ff848ab0000 - 0x00007ff848b33000 	C:\WINDOWS\System32\fwpuclnt.dll

dbghelp: loaded successfully - version: 4.0.5 - missing functions: none
symbol engine: initialized successfully - sym options: 0x614 - pdb path: .;D:\Android\Android Studio\jbr\bin;C:\WINDOWS\SYSTEM32;C:\WINDOWS\WinSxS\amd64_microsoft.windows.common-controls_6595b64144ccf1df_6.0.22621.3235_none_270f74e173860f98;D:\Android\Android Studio\jbr\bin\server;D:\Android\.gradle\native\68d5fa5c4cc2d200863cafc0d521ce42e7d3e7ee720ec0a83991735586a16f82\windows-amd64;D:\Android\.gradle\native\e376f236ea51e6404a007f0833ffe2c6e607c4080706a723a18a27aeea778392\windows-amd64

VM Arguments:
jvm_args: --add-opens=java.base/java.util=ALL-UNNAMED --add-opens=java.base/java.lang=ALL-UNNAMED --add-opens=java.base/java.lang.invoke=ALL-UNNAMED --add-opens=java.prefs/java.util.prefs=ALL-UNNAMED --add-opens=java.base/java.nio.charset=ALL-UNNAMED --add-opens=java.base/java.net=ALL-UNNAMED --add-opens=java.base/java.util.concurrent.atomic=ALL-UNNAMED -Xmx2048m -Dfile.encoding=UTF-8 -Duser.country=IN -Duser.language=en -Duser.variant 
java_command: org.gradle.launcher.daemon.bootstrap.GradleDaemon 8.0
java_class_path (initial): D:\Android\.gradle\wrapper\dists\gradle-8.0-bin\ca5e32bp14vu59qr306oxotwh\gradle-8.0\lib\gradle-launcher-8.0.jar
Launcher Type: SUN_STANDARD

[Global flags]
     intx CICompilerCount                          = 4                                         {product} {ergonomic}
     uint ConcGCThreads                            = 3                                         {product} {ergonomic}
     uint G1ConcRefinementThreads                  = 10                                        {product} {ergonomic}
   size_t G1HeapRegionSize                         = 1048576                                   {product} {ergonomic}
    uintx GCDrainStackTargetSize                   = 64                                        {product} {ergonomic}
   size_t InitialHeapSize                          = 123731968                                 {product} {ergonomic}
   size_t MarkStackSize                            = 4194304                                   {product} {ergonomic}
   size_t MaxHeapSize                              = 2147483648                                {product} {command line}
   size_t MaxNewSize                               = 1287651328                                {product} {ergonomic}
   size_t MinHeapDeltaBytes                        = 1048576                                   {product} {ergonomic}
   size_t MinHeapSize                              = 8388608                                   {product} {ergonomic}
    uintx NonNMethodCodeHeapSize                   = 5839372                                {pd product} {ergonomic}
    uintx NonProfiledCodeHeapSize                  = 122909434                              {pd product} {ergonomic}
    uintx ProfiledCodeHeapSize                     = 122909434                              {pd product} {ergonomic}
    uintx ReservedCodeCacheSize                    = 251658240                              {pd product} {ergonomic}
     bool SegmentedCodeCache                       = true                                      {product} {ergonomic}
   size_t SoftMaxHeapSize                          = 2147483648                             {manageable} {ergonomic}
     bool UseCompressedClassPointers               = true                           {product lp64_product} {ergonomic}
     bool UseCompressedOops                        = true                           {product lp64_product} {ergonomic}
     bool UseG1GC                                  = true                                      {product} {ergonomic}
     bool UseLargePagesIndividualAllocation        = false                                  {pd product} {ergonomic}

Logging:
Log output configuration:
 #0: stdout all=warning uptime,level,tags
 #1: stderr all=off uptime,level,tags

Environment Variables:
JAVA_HOME=C:\Program Files\Java\jdk1.8.0_202
PATH=C:\Program Files (x86)\VMware\VMware Player\bin\;C:\Program Files\Common Files\Oracle\Java\javapath;C:\Program Files (x86)\Common Files\Oracle\Java\javapath;C:\Program Files (x86)\Common Files\Intel\Shared Libraries\redist\intel64\compiler;C:\windows\system32;C:\windows;C:\windows\System32\Wbem;C:\windows\System32\WindowsPowerShell\v1.0\;C:\windows\System32\OpenSSH\;C:\Program Files (x86)\NVIDIA Corporation\PhysX\Common;C:\Program Files\NVIDIA Corporation\NVIDIA NvDLISR;D:\apache-maven-3.8.6-bin\apache-maven-3.8.6\bin;C:\WINDOWS\system32;C:\WINDOWS;C:\WINDOWS\System32\Wbem;C:\WINDOWS\System32\WindowsPowerShell\v1.0\;C:\WINDOWS\System32\OpenSSH\;C:\Program Files\dotnet\;C:\Program Files\nodejs\;C:\Program Files\Docker\Docker\resources\bin;C:\Program Files\Git\cmd;C:\Program Files\Java\jdk1.8.0_202\bin;C:\Program Files\MySQL\MySQL Shell 8.2\bin\;C:\Users\smk62\.console-ninja\.bin;C:\Users\smk62\AppData\Local\Microsoft\WindowsApps;C:\Users\smk62\AppData\Local\Programs\Microsoft VS Code\bin;C:\Users\smk62\Downloads\MinGW\bin;C:\Program Files\heroku\bin;C:\Users\smk62\AppData\Roaming\npm;D:\IntelliJ IDEA Community Edition 2023.3\bin;;C:\Program Files\Java\jdk1.8.0_202\bin;
USERNAME=smk62
OS=Windows_NT
PROCESSOR_IDENTIFIER=AMD64 Family 25 Model 80 Stepping 0, AuthenticAMD
TMP=C:\Users\smk62\AppData\Local\Temp
TEMP=C:\Users\smk62\AppData\Local\Temp


JNI global refs:
JNI global refs: 25, weak refs: 1

JNI global refs memory usage: 843, weak refs: 841


---------------  S Y S T E M  ---------------

OS:
 Windows 11 , 64 bit Build 22621 (10.0.22621.3374)
OS uptime: 0 days 3:06 hours
Hyper-V role detected

CPU: total 12 (initial active 12) (12 cores per cpu, 2 threads per core) family 25 model 80 stepping 0 microcode 0x0, cx8, cmov, fxsr, ht, mmx, 3dnowpref, sse, sse2, sse3, ssse3, sse4a, sse4.1, sse4.2, popcnt, lzcnt, tsc, tscinvbit, avx, avx2, aes, erms, clmul, bmi1, bmi2, adx, sha, fma, vzeroupper, clflush, clflushopt, hv

Memory: 4k page, system-wide physical 7521M (525M free)
TotalPageFile size 18326M (AvailPageFile size 14M)
current process WorkingSet (physical memory assigned to process): 449M, peak: 450M
current process commit charge ("private bytes"): 488M, peak: 638M

vm_info: OpenJDK 64-Bit Server VM (17.0.6+0-b2043.56-10027231) for windows-amd64 JRE (17.0.6+0-b2043.56-10027231), built on Apr 28 2023 00:43:19 by "androidbuild" with MS VC++ 16.10 / 16.11 (VS2019)

END.
