#
# There is insufficient memory for the Java Runtime Environment to continue.
# Native memory allocation (malloc) failed to allocate 1234896 bytes for Chunk::new
# Possible reasons:
#   The system is out of physical RAM or swap space
#   The process is running with CompressedOops enabled, and the Java Heap may be blocking the growth of the native heap
# Possible solutions:
#   Reduce memory load on the system
#   Increase physical memory or swap space
#   Check if swap backing store is full
#   Decrease Java heap size (-Xmx/-Xms)
#   Decrease number of Java threads
#   Decrease Java thread stack sizes (-Xss)
#   Set larger code cache with -XX:ReservedCodeCacheSize=
#   JVM is running with Unscaled Compressed Oops mode in which the Java heap is
#     placed in the first 4GB address space. The Java Heap base address is the
#     maximum limit for the native heap growth. Please use -XX:HeapBaseMinAddress
#     to set the Java Heap base and to place the Java Heap above 4GB virtual address.
# This output file may be truncated or incomplete.
#
#  Out of Memory Error (arena.cpp:189), pid=1848, tid=23596
#
# JRE version: OpenJDK Runtime Environment (17.0.6) (build 17.0.6+0-b2043.56-10027231)
# Java VM: OpenJDK 64-Bit Server VM (17.0.6+0-b2043.56-10027231, mixed mode, tiered, compressed oops, compressed class ptrs, g1 gc, windows-amd64)
# No core dump will be written. Minidumps are not enabled by default on client versions of Windows
#

---------------  S U M M A R Y ------------

Command Line: --add-opens=java.base/java.util=ALL-UNNAMED --add-opens=java.base/java.lang=ALL-UNNAMED --add-opens=java.base/java.lang.invoke=ALL-UNNAMED --add-opens=java.prefs/java.util.prefs=ALL-UNNAMED --add-opens=java.base/java.nio.charset=ALL-UNNAMED --add-opens=java.base/java.net=ALL-UNNAMED --add-opens=java.base/java.util.concurrent.atomic=ALL-UNNAMED -Xmx2048m -Dfile.encoding=UTF-8 -Duser.country=IN -Duser.language=en -Duser.variant org.gradle.launcher.daemon.bootstrap.GradleDaemon 8.0

Host: AMD Ryzen 5 5600H with Radeon Graphics         , 12 cores, 7G,  Windows 11 , 64 bit Build 22621 (10.0.22621.3374)
Time: Thu Mar 28 15:29:28 2024 India Standard Time elapsed time: 4.968353 seconds (0d 0h 0m 4s)

---------------  T H R E A D  ---------------

Current thread (0x000002285183e9a0):  JavaThread "C2 CompilerThread0" daemon [_thread_in_native, id=23596, stack(0x0000002bfb100000,0x0000002bfb200000)]


Current CompileTask:
C2:   4968 5287  s!   4       jdk.internal.loader.URLClassPath::getLoader (194 bytes)

Stack: [0x0000002bfb100000,0x0000002bfb200000]
Native frames: (J=compiled Java code, j=interpreted, Vv=VM code, C=native code)
V  [jvm.dll+0x683c9a]
V  [jvm.dll+0x8427a4]
V  [jvm.dll+0x843f9e]
V  [jvm.dll+0x844603]
V  [jvm.dll+0x249b75]
V  [jvm.dll+0xabcac]
V  [jvm.dll+0xac27c]
V  [jvm.dll+0x368802]
V  [jvm.dll+0x332f31]
V  [jvm.dll+0x3323da]
V  [jvm.dll+0x21c201]
V  [jvm.dll+0x21b621]
V  [jvm.dll+0x1a4fdd]
V  [jvm.dll+0x22b098]
V  [jvm.dll+0x229159]
V  [jvm.dll+0x7f81ec]
V  [jvm.dll+0x7f274a]
V  [jvm.dll+0x682ad5]
C  [ucrtbase.dll+0x29333]
C  [KERNEL32.DLL+0x1257d]
C  [ntdll.dll+0x5aa48]


---------------  P R O C E S S  ---------------

Threads class SMR info:
_java_thread_list=0x0000022856571b20, length=41, elements={
0x0000022836be0a60, 0x0000022851812250, 0x00000228518130c0, 0x0000022850e93620,
0x00000228518371a0, 0x0000022851837d50, 0x000002285183a710, 0x000002285183e9a0,
0x0000022851849290, 0x0000022851854460, 0x00000228519d3020, 0x00000228519d9ed0,
0x0000022853c23ae0, 0x0000022853d52a50, 0x0000022852544980, 0x0000022854300050,
0x00000228531ae360, 0x0000022851cf3590, 0x0000022851cf2bf0, 0x0000022851cf2250,
0x0000022851cf2720, 0x00000228533bccc0, 0x00000228533bd190, 0x00000228533bd660,
0x00000228533bf810, 0x00000228533b8960, 0x00000228533bf340, 0x00000228533bbe50,
0x00000228533ba170, 0x00000228533be9a0, 0x00000228533bdb30, 0x00000228533b97d0,
0x00000228533bfce0, 0x00000228533bc7f0, 0x00000228533be4d0, 0x00000228533b9ca0,
0x00000228533b9300, 0x00000228533bab10, 0x00000228533bafe0, 0x00000228533bb4b0,
0x00000228533bb980
}

Java Threads: ( => current thread )
  0x0000022836be0a60 JavaThread "main" [_thread_blocked, id=20588, stack(0x0000002bfa400000,0x0000002bfa500000)]
  0x0000022851812250 JavaThread "Reference Handler" daemon [_thread_blocked, id=16468, stack(0x0000002bfab00000,0x0000002bfac00000)]
  0x00000228518130c0 JavaThread "Finalizer" daemon [_thread_blocked, id=1832, stack(0x0000002bfac00000,0x0000002bfad00000)]
  0x0000022850e93620 JavaThread "Signal Dispatcher" daemon [_thread_blocked, id=7908, stack(0x0000002bfad00000,0x0000002bfae00000)]
  0x00000228518371a0 JavaThread "Attach Listener" daemon [_thread_blocked, id=8144, stack(0x0000002bfae00000,0x0000002bfaf00000)]
  0x0000022851837d50 JavaThread "Service Thread" daemon [_thread_blocked, id=2840, stack(0x0000002bfaf00000,0x0000002bfb000000)]
  0x000002285183a710 JavaThread "Monitor Deflation Thread" daemon [_thread_blocked, id=16040, stack(0x0000002bfb000000,0x0000002bfb100000)]
=>0x000002285183e9a0 JavaThread "C2 CompilerThread0" daemon [_thread_in_native, id=23596, stack(0x0000002bfb100000,0x0000002bfb200000)]
  0x0000022851849290 JavaThread "C1 CompilerThread0" daemon [_thread_blocked, id=9864, stack(0x0000002bfb200000,0x0000002bfb300000)]
  0x0000022851854460 JavaThread "Sweeper thread" daemon [_thread_blocked, id=22140, stack(0x0000002bfb300000,0x0000002bfb400000)]
  0x00000228519d3020 JavaThread "Common-Cleaner" daemon [_thread_blocked, id=21008, stack(0x0000002bfb400000,0x0000002bfb500000)]
  0x00000228519d9ed0 JavaThread "Notification Thread" daemon [_thread_blocked, id=4508, stack(0x0000002bfb500000,0x0000002bfb600000)]
  0x0000022853c23ae0 JavaThread "Daemon health stats" [_thread_blocked, id=18564, stack(0x0000002bfbb00000,0x0000002bfbc00000)]
  0x0000022853d52a50 JavaThread "Incoming local TCP Connector on port 51354" [_thread_in_native, id=16116, stack(0x0000002bfbc00000,0x0000002bfbd00000)]
  0x0000022852544980 JavaThread "Daemon periodic checks" [_thread_blocked, id=8104, stack(0x0000002bfbd00000,0x0000002bfbe00000)]
  0x0000022854300050 JavaThread "Daemon" [_thread_blocked, id=18348, stack(0x0000002bfbe00000,0x0000002bfbf00000)]
  0x00000228531ae360 JavaThread "Handler for socket connection from /127.0.0.1:51354 to /127.0.0.1:51355" [_thread_in_native, id=14256, stack(0x0000002bfbf00000,0x0000002bfc000000)]
  0x0000022851cf3590 JavaThread "Cancel handler" [_thread_blocked, id=4292, stack(0x0000002bfc000000,0x0000002bfc100000)]
  0x0000022851cf2bf0 JavaThread "Daemon worker" [_thread_in_Java, id=18832, stack(0x0000002bfc100000,0x0000002bfc200000)]
  0x0000022851cf2250 JavaThread "Asynchronous log dispatcher for DefaultDaemonConnection: socket connection from /127.0.0.1:51354 to /127.0.0.1:51355" [_thread_blocked, id=5504, stack(0x0000002bfc200000,0x0000002bfc300000)]
  0x0000022851cf2720 JavaThread "Stdin handler" [_thread_blocked, id=13564, stack(0x0000002bfc300000,0x0000002bfc400000)]
  0x00000228533bccc0 JavaThread "Daemon client event forwarder" [_thread_blocked, id=22912, stack(0x0000002bfc400000,0x0000002bfc500000)]
  0x00000228533bd190 JavaThread "Cache worker for journal cache (D:\Android\.gradle\caches\journal-1)" [_thread_blocked, id=18944, stack(0x0000002bfcc00000,0x0000002bfcd00000)]
  0x00000228533bd660 JavaThread "File lock request listener" [_thread_in_native, id=1840, stack(0x0000002bfcd00000,0x0000002bfce00000)]
  0x00000228533bf810 JavaThread "Cache worker for file hash cache (D:\Android\.gradle\caches\8.0\fileHashes)" [_thread_blocked, id=13200, stack(0x0000002bfce00000,0x0000002bfcf00000)]
  0x00000228533b8960 JavaThread "File watcher server" daemon [_thread_in_native, id=2652, stack(0x0000002bfcf00000,0x0000002bfd000000)]
  0x00000228533bf340 JavaThread "File watcher consumer" daemon [_thread_blocked, id=6004, stack(0x0000002bfd000000,0x0000002bfd100000)]
  0x00000228533bbe50 JavaThread "Cache worker for checksums cache (D:\Android\Projects\.gradle\8.0\checksums)" [_thread_blocked, id=4132, stack(0x0000002bfd100000,0x0000002bfd200000)]
  0x00000228533ba170 JavaThread "Cache worker for cache directory md-rule (D:\Android\.gradle\caches\8.0\md-rule)" [_thread_blocked, id=5440, stack(0x0000002bfd200000,0x0000002bfd300000)]
  0x00000228533be9a0 JavaThread "Cache worker for file content cache (D:\Android\.gradle\caches\8.0\fileContent)" [_thread_blocked, id=20508, stack(0x0000002bfd300000,0x0000002bfd400000)]
  0x00000228533bdb30 JavaThread "Cache worker for file hash cache (D:\Android\Projects\.gradle\8.0\fileHashes)" [_thread_blocked, id=24360, stack(0x0000002bfd400000,0x0000002bfd500000)]
  0x00000228533b97d0 JavaThread "Cache worker for cache directory md-supplier (D:\Android\.gradle\caches\8.0\md-supplier)" [_thread_blocked, id=24916, stack(0x0000002bfd500000,0x0000002bfd600000)]
  0x00000228533bfce0 JavaThread "Cache worker for execution history cache (D:\Android\.gradle\caches\8.0\executionHistory)" [_thread_blocked, id=24920, stack(0x0000002bfd600000,0x0000002bfd700000)]
  0x00000228533bc7f0 JavaThread "jar transforms" [_thread_blocked, id=15868, stack(0x0000002bfd700000,0x0000002bfd800000)]
  0x00000228533be4d0 JavaThread "jar transforms Thread 2" [_thread_blocked, id=6260, stack(0x0000002bfd800000,0x0000002bfd900000)]
  0x00000228533b9ca0 JavaThread "Cache worker for kotlin-dsl (D:\Android\.gradle\caches\8.0\kotlin-dsl)" [_thread_blocked, id=10036, stack(0x0000002bfd900000,0x0000002bfda00000)]
  0x00000228533b9300 JavaThread "jar transforms Thread 3" [_thread_blocked, id=23624, stack(0x0000002bfda00000,0x0000002bfdb00000)]
  0x00000228533bab10 JavaThread "jar transforms Thread 4" [_thread_blocked, id=24212, stack(0x0000002bfdb00000,0x0000002bfdc00000)]
  0x00000228533bafe0 JavaThread "Cache worker for dependencies-accessors (D:\Android\Projects\.gradle\8.0\dependencies-accessors)" [_thread_blocked, id=14284, stack(0x0000002bfdc00000,0x0000002bfdd00000)]
  0x00000228533bb4b0 JavaThread "Cache worker for Build Output Cleanup Cache (D:\Android\Projects\.gradle\buildOutputCleanup)" [_thread_blocked, id=24964, stack(0x0000002bfdd00000,0x0000002bfde00000)]
  0x00000228533bb980 JavaThread "jar transforms Thread 5" [_thread_blocked, id=11500, stack(0x0000002bfde00000,0x0000002bfdf00000)]

Other Threads:
  0x0000022850e79be0 VMThread "VM Thread" [stack: 0x0000002bfaa00000,0x0000002bfab00000] [id=13000]
  0x00000228519dc3b0 WatcherThread [stack: 0x0000002bfb600000,0x0000002bfb700000] [id=144]
  0x0000022836c3c000 GCTaskThread "GC Thread#0" [stack: 0x0000002bfa500000,0x0000002bfa600000] [id=20016]
  0x0000022852f52010 GCTaskThread "GC Thread#1" [stack: 0x0000002bfb700000,0x0000002bfb800000] [id=3280]
  0x0000022852643c00 GCTaskThread "GC Thread#2" [stack: 0x0000002bfb800000,0x0000002bfb900000] [id=3400]
  0x0000022852518470 GCTaskThread "GC Thread#3" [stack: 0x0000002bfb900000,0x0000002bfba00000] [id=19848]
  0x0000022852e67d80 GCTaskThread "GC Thread#4" [stack: 0x0000002bfba00000,0x0000002bfbb00000] [id=20500]
  0x0000022853ff0810 GCTaskThread "GC Thread#5" [stack: 0x0000002bfc500000,0x0000002bfc600000] [id=19448]
  0x0000022853ff0ac0 GCTaskThread "GC Thread#6" [stack: 0x0000002bfc600000,0x0000002bfc700000] [id=9908]
  0x0000022854a27040 GCTaskThread "GC Thread#7" [stack: 0x0000002bfc700000,0x0000002bfc800000] [id=23068]
  0x0000022854a272f0 GCTaskThread "GC Thread#8" [stack: 0x0000002bfc800000,0x0000002bfc900000] [id=11744]
  0x0000022854a279b0 GCTaskThread "GC Thread#9" [stack: 0x0000002bfc900000,0x0000002bfca00000] [id=4544]
  0x0000022836c4cf40 ConcurrentGCThread "G1 Main Marker" [stack: 0x0000002bfa600000,0x0000002bfa700000] [id=2640]
  0x0000022836c4e0f0 ConcurrentGCThread "G1 Conc#0" [stack: 0x0000002bfa700000,0x0000002bfa800000] [id=13576]
  0x0000022854a27c60 ConcurrentGCThread "G1 Conc#1" [stack: 0x0000002bfca00000,0x0000002bfcb00000] [id=12932]
  0x0000022853f4ee40 ConcurrentGCThread "G1 Conc#2" [stack: 0x0000002bfcb00000,0x0000002bfcc00000] [id=13260]
  0x0000022850cd20c0 ConcurrentGCThread "G1 Refine#0" [stack: 0x0000002bfa800000,0x0000002bfa900000] [id=22072]
  0x0000022850cd2ae0 ConcurrentGCThread "G1 Service" [stack: 0x0000002bfa900000,0x0000002bfaa00000] [id=6976]

Threads with active compile tasks:
C2 CompilerThread0     4989 5287  s!   4       jdk.internal.loader.URLClassPath::getLoader (194 bytes)

VM state: not at safepoint (normal execution)

VM Mutex/Monitor currently owned by a thread: None

Heap address: 0x0000000080000000, size: 2048 MB, Compressed Oops mode: 32-bit

CDS archive(s) not mapped
Compressed class space mapped at: 0x0000000100000000-0x0000000140000000, reserved size: 1073741824
Narrow klass base: 0x0000000000000000, Narrow klass shift: 3, Narrow klass range: 0x140000000

GC Precious Log:
 CPUs: 12 total, 12 available
 Memory: 7521M
 Large Page Support: Disabled
 NUMA Support: Disabled
 Compressed Oops: Enabled (32-bit)
 Heap Region Size: 1M
 Heap Min Capacity: 8M
 Heap Initial Capacity: 118M
 Heap Max Capacity: 2G
 Pre-touch: Disabled
 Parallel Workers: 10
 Concurrent Workers: 3
 Concurrent Refinement Workers: 10
 Periodic GC: Disabled

Heap:
 garbage-first heap   total 105472K, used 61322K [0x0000000080000000, 0x0000000100000000)
  region size 1024K, 31 young (31744K), 3 survivors (3072K)
 Metaspace       used 56734K, committed 57152K, reserved 1105920K
  class space    used 7541K, committed 7744K, reserved 1048576K

Heap Regions: E=young(eden), S=young(survivor), O=old, HS=humongous(starts), HC=humongous(continues), CS=collection set, F=free, OA=open archive, CA=closed archive, TAMS=top-at-mark-start (previous, next)
|   0|0x0000000080000000, 0x0000000080100000, 0x0000000080100000|100%|HS|  |TAMS 0x0000000080100000, 0x0000000080000000| Complete 
|   1|0x0000000080100000, 0x0000000080200000, 0x0000000080200000|100%|HC|  |TAMS 0x0000000080200000, 0x0000000080100000| Complete 
|   2|0x0000000080200000, 0x0000000080300000, 0x0000000080300000|100%|HC|  |TAMS 0x0000000080300000, 0x0000000080200000| Complete 
|   3|0x0000000080300000, 0x0000000080400000, 0x0000000080400000|100%|HC|  |TAMS 0x0000000080400000, 0x0000000080300000| Complete 
|   4|0x0000000080400000, 0x0000000080500000, 0x0000000080500000|100%| O|  |TAMS 0x0000000080500000, 0x0000000080400000| Untracked 
|   5|0x0000000080500000, 0x0000000080600000, 0x0000000080600000|100%| O|  |TAMS 0x0000000080600000, 0x0000000080500000| Untracked 
|   6|0x0000000080600000, 0x0000000080700000, 0x0000000080700000|100%| O|  |TAMS 0x0000000080700000, 0x0000000080600000| Untracked 
|   7|0x0000000080700000, 0x0000000080800000, 0x0000000080800000|100%| O|  |TAMS 0x0000000080800000, 0x0000000080700000| Untracked 
|   8|0x0000000080800000, 0x0000000080900000, 0x0000000080900000|100%| O|  |TAMS 0x0000000080900000, 0x0000000080800000| Untracked 
|   9|0x0000000080900000, 0x0000000080a00000, 0x0000000080a00000|100%| O|  |TAMS 0x0000000080a00000, 0x0000000080900000| Untracked 
|  10|0x0000000080a00000, 0x0000000080b00000, 0x0000000080b00000|100%| O|  |TAMS 0x0000000080b00000, 0x0000000080a00000| Untracked 
|  11|0x0000000080b00000, 0x0000000080c00000, 0x0000000080c00000|100%| O|  |TAMS 0x0000000080c00000, 0x0000000080b00000| Untracked 
|  12|0x0000000080c00000, 0x0000000080d00000, 0x0000000080d00000|100%| O|  |TAMS 0x0000000080d00000, 0x0000000080c00000| Untracked 
|  13|0x0000000080d00000, 0x0000000080e00000, 0x0000000080e00000|100%| O|  |TAMS 0x0000000080e00000, 0x0000000080d00000| Untracked 
|  14|0x0000000080e00000, 0x0000000080f00000, 0x0000000080f00000|100%| O|  |TAMS 0x0000000080f00000, 0x0000000080e00000| Untracked 
|  15|0x0000000080f00000, 0x0000000081000000, 0x0000000081000000|100%| O|  |TAMS 0x0000000081000000, 0x0000000080f00000| Untracked 
|  16|0x0000000081000000, 0x0000000081100000, 0x0000000081100000|100%| O|  |TAMS 0x0000000081100000, 0x0000000081000000| Untracked 
|  17|0x0000000081100000, 0x0000000081200000, 0x0000000081200000|100%| O|  |TAMS 0x0000000081200000, 0x0000000081100000| Untracked 
|  18|0x0000000081200000, 0x0000000081300000, 0x0000000081300000|100%| O|  |TAMS 0x0000000081300000, 0x0000000081200000| Untracked 
|  19|0x0000000081300000, 0x0000000081400000, 0x0000000081400000|100%| O|  |TAMS 0x0000000081300000, 0x0000000081300000| Untracked 
|  20|0x0000000081400000, 0x0000000081500000, 0x0000000081500000|100%| O|  |TAMS 0x0000000081400000, 0x0000000081400000| Untracked 
|  21|0x0000000081500000, 0x0000000081600000, 0x0000000081600000|100%| O|  |TAMS 0x0000000081500000, 0x0000000081500000| Untracked 
|  22|0x0000000081600000, 0x0000000081700000, 0x0000000081700000|100%| O|  |TAMS 0x0000000081600000, 0x0000000081600000| Untracked 
|  23|0x0000000081700000, 0x0000000081800000, 0x0000000081800000|100%| O|  |TAMS 0x0000000081700000, 0x0000000081700000| Untracked 
|  24|0x0000000081800000, 0x0000000081900000, 0x0000000081900000|100%| O|  |TAMS 0x0000000081800000, 0x0000000081800000| Untracked 
|  25|0x0000000081900000, 0x0000000081a00000, 0x0000000081a00000|100%| O|  |TAMS 0x0000000081900000, 0x0000000081900000| Untracked 
|  26|0x0000000081a00000, 0x0000000081b00000, 0x0000000081b00000|100%| O|  |TAMS 0x0000000081a00000, 0x0000000081a00000| Untracked 
|  27|0x0000000081b00000, 0x0000000081c00000, 0x0000000081c00000|100%| O|  |TAMS 0x0000000081b00000, 0x0000000081b00000| Untracked 
|  28|0x0000000081c00000, 0x0000000081d00000, 0x0000000081d00000|100%| O|  |TAMS 0x0000000081c00000, 0x0000000081c00000| Untracked 
|  29|0x0000000081d00000, 0x0000000081e00000, 0x0000000081e00000|100%| O|  |TAMS 0x0000000081d00000, 0x0000000081d00000| Untracked 
|  30|0x0000000081e00000, 0x0000000081e79200, 0x0000000081f00000| 47%| O|  |TAMS 0x0000000081e00000, 0x0000000081e00000| Untracked 
|  31|0x0000000081f00000, 0x0000000081f00000, 0x0000000082000000|  0%| F|  |TAMS 0x0000000081f00000, 0x0000000081f00000| Untracked 
|  32|0x0000000082000000, 0x0000000082000000, 0x0000000082100000|  0%| F|  |TAMS 0x0000000082000000, 0x0000000082000000| Untracked 
|  33|0x0000000082100000, 0x0000000082100000, 0x0000000082200000|  0%| F|  |TAMS 0x0000000082100000, 0x0000000082100000| Untracked 
|  34|0x0000000082200000, 0x0000000082200000, 0x0000000082300000|  0%| F|  |TAMS 0x0000000082200000, 0x0000000082200000| Untracked 
|  35|0x0000000082300000, 0x0000000082300000, 0x0000000082400000|  0%| F|  |TAMS 0x0000000082300000, 0x0000000082300000| Untracked 
|  36|0x0000000082400000, 0x0000000082400000, 0x0000000082500000|  0%| F|  |TAMS 0x0000000082400000, 0x0000000082400000| Untracked 
|  37|0x0000000082500000, 0x0000000082500000, 0x0000000082600000|  0%| F|  |TAMS 0x0000000082500000, 0x0000000082500000| Untracked 
|  38|0x0000000082600000, 0x0000000082600000, 0x0000000082700000|  0%| F|  |TAMS 0x0000000082600000, 0x0000000082600000| Untracked 
|  39|0x0000000082700000, 0x0000000082700000, 0x0000000082800000|  0%| F|  |TAMS 0x0000000082700000, 0x0000000082700000| Untracked 
|  40|0x0000000082800000, 0x0000000082800000, 0x0000000082900000|  0%| F|  |TAMS 0x0000000082800000, 0x0000000082800000| Untracked 
|  41|0x0000000082900000, 0x0000000082900000, 0x0000000082a00000|  0%| F|  |TAMS 0x0000000082900000, 0x0000000082900000| Untracked 
|  42|0x0000000082a00000, 0x0000000082a00000, 0x0000000082b00000|  0%| F|  |TAMS 0x0000000082a00000, 0x0000000082a00000| Untracked 
|  43|0x0000000082b00000, 0x0000000082b00000, 0x0000000082c00000|  0%| F|  |TAMS 0x0000000082b00000, 0x0000000082b00000| Untracked 
|  44|0x0000000082c00000, 0x0000000082c00000, 0x0000000082d00000|  0%| F|  |TAMS 0x0000000082c00000, 0x0000000082c00000| Untracked 
|  45|0x0000000082d00000, 0x0000000082d00000, 0x0000000082e00000|  0%| F|  |TAMS 0x0000000082d00000, 0x0000000082d00000| Untracked 
|  46|0x0000000082e00000, 0x0000000082e00000, 0x0000000082f00000|  0%| F|  |TAMS 0x0000000082e00000, 0x0000000082e00000| Untracked 
|  47|0x0000000082f00000, 0x0000000082f00000, 0x0000000083000000|  0%| F|  |TAMS 0x0000000082f00000, 0x0000000082f00000| Untracked 
|  48|0x0000000083000000, 0x0000000083000000, 0x0000000083100000|  0%| F|  |TAMS 0x0000000083000000, 0x0000000083000000| Untracked 
|  49|0x0000000083100000, 0x0000000083100000, 0x0000000083200000|  0%| F|  |TAMS 0x0000000083100000, 0x0000000083100000| Untracked 
|  50|0x0000000083200000, 0x0000000083200000, 0x0000000083300000|  0%| F|  |TAMS 0x0000000083200000, 0x0000000083200000| Untracked 
|  51|0x0000000083300000, 0x0000000083300000, 0x0000000083400000|  0%| F|  |TAMS 0x0000000083300000, 0x0000000083300000| Untracked 
|  52|0x0000000083400000, 0x0000000083400000, 0x0000000083500000|  0%| F|  |TAMS 0x0000000083400000, 0x0000000083400000| Untracked 
|  53|0x0000000083500000, 0x0000000083500000, 0x0000000083600000|  0%| F|  |TAMS 0x0000000083500000, 0x0000000083500000| Untracked 
|  54|0x0000000083600000, 0x0000000083600000, 0x0000000083700000|  0%| F|  |TAMS 0x0000000083600000, 0x0000000083600000| Untracked 
|  55|0x0000000083700000, 0x00000000837697c0, 0x0000000083800000| 41%| S|CS|TAMS 0x0000000083700000, 0x0000000083700000| Complete 
|  56|0x0000000083800000, 0x0000000083900000, 0x0000000083900000|100%| S|CS|TAMS 0x0000000083800000, 0x0000000083800000| Complete 
|  57|0x0000000083900000, 0x0000000083a00000, 0x0000000083a00000|100%| S|CS|TAMS 0x0000000083900000, 0x0000000083900000| Complete 
|  58|0x0000000083a00000, 0x0000000083a00000, 0x0000000083b00000|  0%| F|  |TAMS 0x0000000083a00000, 0x0000000083a00000| Untracked 
|  59|0x0000000083b00000, 0x0000000083b00000, 0x0000000083c00000|  0%| F|  |TAMS 0x0000000083b00000, 0x0000000083b00000| Untracked 
|  60|0x0000000083c00000, 0x0000000083c00000, 0x0000000083d00000|  0%| F|  |TAMS 0x0000000083c00000, 0x0000000083c00000| Untracked 
|  61|0x0000000083d00000, 0x0000000083d00000, 0x0000000083e00000|  0%| F|  |TAMS 0x0000000083d00000, 0x0000000083d00000| Untracked 
|  62|0x0000000083e00000, 0x0000000083e00000, 0x0000000083f00000|  0%| F|  |TAMS 0x0000000083e00000, 0x0000000083e00000| Untracked 
|  63|0x0000000083f00000, 0x0000000083f00000, 0x0000000084000000|  0%| F|  |TAMS 0x0000000083f00000, 0x0000000083f00000| Untracked 
|  64|0x0000000084000000, 0x0000000084000000, 0x0000000084100000|  0%| F|  |TAMS 0x0000000084000000, 0x0000000084000000| Untracked 
|  65|0x0000000084100000, 0x0000000084100000, 0x0000000084200000|  0%| F|  |TAMS 0x0000000084100000, 0x0000000084100000| Untracked 
|  66|0x0000000084200000, 0x0000000084200000, 0x0000000084300000|  0%| F|  |TAMS 0x0000000084200000, 0x0000000084200000| Untracked 
|  67|0x0000000084300000, 0x0000000084300000, 0x0000000084400000|  0%| F|  |TAMS 0x0000000084300000, 0x0000000084300000| Untracked 
|  68|0x0000000084400000, 0x0000000084400000, 0x0000000084500000|  0%| F|  |TAMS 0x0000000084400000, 0x0000000084400000| Untracked 
|  69|0x0000000084500000, 0x0000000084500000, 0x0000000084600000|  0%| F|  |TAMS 0x0000000084500000, 0x0000000084500000| Untracked 
|  70|0x0000000084600000, 0x0000000084600000, 0x0000000084700000|  0%| F|  |TAMS 0x0000000084600000, 0x0000000084600000| Untracked 
|  71|0x0000000084700000, 0x0000000084700000, 0x0000000084800000|  0%| F|  |TAMS 0x0000000084700000, 0x0000000084700000| Untracked 
|  72|0x0000000084800000, 0x0000000084800000, 0x0000000084900000|  0%| F|  |TAMS 0x0000000084800000, 0x0000000084800000| Untracked 
|  73|0x0000000084900000, 0x0000000084900000, 0x0000000084a00000|  0%| F|  |TAMS 0x0000000084900000, 0x0000000084900000| Untracked 
|  74|0x0000000084a00000, 0x0000000084a00000, 0x0000000084b00000|  0%| F|  |TAMS 0x0000000084a00000, 0x0000000084a00000| Untracked 
|  75|0x0000000084b00000, 0x0000000084c00000, 0x0000000084c00000|100%| E|  |TAMS 0x0000000084b00000, 0x0000000084b00000| Complete 
|  76|0x0000000084c00000, 0x0000000084d00000, 0x0000000084d00000|100%| E|CS|TAMS 0x0000000084c00000, 0x0000000084c00000| Complete 
|  77|0x0000000084d00000, 0x0000000084e00000, 0x0000000084e00000|100%| E|CS|TAMS 0x0000000084d00000, 0x0000000084d00000| Complete 
|  78|0x0000000084e00000, 0x0000000084f00000, 0x0000000084f00000|100%| E|CS|TAMS 0x0000000084e00000, 0x0000000084e00000| Complete 
|  79|0x0000000084f00000, 0x0000000085000000, 0x0000000085000000|100%| E|CS|TAMS 0x0000000084f00000, 0x0000000084f00000| Complete 
|  80|0x0000000085000000, 0x0000000085100000, 0x0000000085100000|100%| E|CS|TAMS 0x0000000085000000, 0x0000000085000000| Complete 
|  81|0x0000000085100000, 0x0000000085200000, 0x0000000085200000|100%| E|CS|TAMS 0x0000000085100000, 0x0000000085100000| Complete 
|  82|0x0000000085200000, 0x0000000085300000, 0x0000000085300000|100%| E|CS|TAMS 0x0000000085200000, 0x0000000085200000| Complete 
|  83|0x0000000085300000, 0x0000000085400000, 0x0000000085400000|100%| E|CS|TAMS 0x0000000085300000, 0x0000000085300000| Complete 
|  84|0x0000000085400000, 0x0000000085500000, 0x0000000085500000|100%| E|CS|TAMS 0x0000000085400000, 0x0000000085400000| Complete 
|  85|0x0000000085500000, 0x0000000085600000, 0x0000000085600000|100%| E|CS|TAMS 0x0000000085500000, 0x0000000085500000| Complete 
|  86|0x0000000085600000, 0x0000000085700000, 0x0000000085700000|100%| E|CS|TAMS 0x0000000085600000, 0x0000000085600000| Complete 
|  87|0x0000000085700000, 0x0000000085800000, 0x0000000085800000|100%| E|CS|TAMS 0x0000000085700000, 0x0000000085700000| Complete 
|  88|0x0000000085800000, 0x0000000085900000, 0x0000000085900000|100%| E|CS|TAMS 0x0000000085800000, 0x0000000085800000| Complete 
|  89|0x0000000085900000, 0x0000000085a00000, 0x0000000085a00000|100%| E|CS|TAMS 0x0000000085900000, 0x0000000085900000| Complete 
|  90|0x0000000085a00000, 0x0000000085b00000, 0x0000000085b00000|100%| E|CS|TAMS 0x0000000085a00000, 0x0000000085a00000| Complete 
|  91|0x0000000085b00000, 0x0000000085c00000, 0x0000000085c00000|100%| E|CS|TAMS 0x0000000085b00000, 0x0000000085b00000| Complete 
|  92|0x0000000085c00000, 0x0000000085d00000, 0x0000000085d00000|100%| E|CS|TAMS 0x0000000085c00000, 0x0000000085c00000| Complete 
|  93|0x0000000085d00000, 0x0000000085e00000, 0x0000000085e00000|100%| E|CS|TAMS 0x0000000085d00000, 0x0000000085d00000| Complete 
|  94|0x0000000085e00000, 0x0000000085f00000, 0x0000000085f00000|100%| E|CS|TAMS 0x0000000085e00000, 0x0000000085e00000| Complete 
|  95|0x0000000085f00000, 0x0000000086000000, 0x0000000086000000|100%| E|CS|TAMS 0x0000000085f00000, 0x0000000085f00000| Complete 
|  96|0x0000000086000000, 0x0000000086100000, 0x0000000086100000|100%| E|CS|TAMS 0x0000000086000000, 0x0000000086000000| Complete 
|  97|0x0000000086100000, 0x0000000086200000, 0x0000000086200000|100%| E|CS|TAMS 0x0000000086100000, 0x0000000086100000| Complete 
|  98|0x0000000086200000, 0x0000000086300000, 0x0000000086300000|100%| E|CS|TAMS 0x0000000086200000, 0x0000000086200000| Complete 
|  99|0x0000000086300000, 0x0000000086400000, 0x0000000086400000|100%| E|CS|TAMS 0x0000000086300000, 0x0000000086300000| Complete 
| 100|0x0000000086400000, 0x0000000086500000, 0x0000000086500000|100%| E|CS|TAMS 0x0000000086400000, 0x0000000086400000| Complete 
| 101|0x0000000086500000, 0x0000000086600000, 0x0000000086600000|100%| E|CS|TAMS 0x0000000086500000, 0x0000000086500000| Complete 
| 117|0x0000000087500000, 0x0000000087600000, 0x0000000087600000|100%| E|CS|TAMS 0x0000000087500000, 0x0000000087500000| Complete 

Card table byte_map: [0x00000228499f0000,0x0000022849df0000] _byte_map_base: 0x00000228495f0000

Marking Bits (Prev, Next): (CMBitMap*) 0x0000022836c3c610, (CMBitMap*) 0x0000022836c3c650
 Prev Bits: [0x000002284a1f0000, 0x000002284c1f0000)
 Next Bits: [0x000002284c1f0000, 0x000002284e1f0000)

Polling page: 0x0000022834b30000

Metaspace:

Usage:
  Non-class:     48.07 MB used.
      Class:      7.37 MB used.
       Both:     55.44 MB used.

Virtual space:
  Non-class space:       56.00 MB reserved,      48.31 MB ( 86%) committed,  7 nodes.
      Class space:        1.00 GB reserved,       7.62 MB ( <1%) committed,  1 nodes.
             Both:        1.05 GB reserved,      55.94 MB (  5%) committed. 

Chunk freelists:
   Non-Class:  3.56 MB
       Class:  432.00 KB
        Both:  3.98 MB

MaxMetaspaceSize: unlimited
CompressedClassSpaceSize: 1.00 GB
Initial GC threshold: 21.00 MB
Current GC threshold: 58.75 MB
CDS: off
MetaspaceReclaimPolicy: balanced
 - commit_granule_bytes: 65536.
 - commit_granule_words: 8192.
 - virtual_space_node_default_size: 1048576.
 - enlarge_chunks_in_place: 1.
 - new_chunks_are_fully_committed: 0.
 - uncommit_free_chunks: 1.
 - use_allocation_guard: 0.
 - handle_deallocations: 1.


Internal statistics:

num_allocs_failed_limit: 6.
num_arena_births: 568.
num_arena_deaths: 0.
num_vsnodes_births: 8.
num_vsnodes_deaths: 0.
num_space_committed: 895.
num_space_uncommitted: 0.
num_chunks_returned_to_freelist: 6.
num_chunks_taken_from_freelist: 2302.
num_chunk_merges: 6.
num_chunk_splits: 1542.
num_chunks_enlarged: 1069.
num_purges: 0.
num_inconsistent_stats: 0.

CodeHeap 'non-profiled nmethods': size=120000Kb used=2358Kb max_used=2358Kb free=117641Kb
 bounds [0x0000022841b70000, 0x0000022841de0000, 0x00000228490a0000]
CodeHeap 'profiled nmethods': size=120000Kb used=9574Kb max_used=9574Kb free=110425Kb
 bounds [0x000002283a0a0000, 0x000002283aa00000, 0x00000228415d0000]
CodeHeap 'non-nmethods': size=5760Kb used=2339Kb max_used=2355Kb free=3420Kb
 bounds [0x00000228415d0000, 0x0000022841840000, 0x0000022841b70000]
 total_blobs=6140 nmethods=5279 adapters=773
 compilation: enabled
              stopped_count=0, restarted_count=0
 full_count=0

Compilation events (20 events):
Event: 4.936 Thread 0x0000022851849290 5320       3       java.lang.System$2::decodeASCII (11 bytes)
Event: 4.936 Thread 0x0000022851849290 nmethod 5320 0x000002283a9ef210 code [0x000002283a9ef3a0, 0x000002283a9ef4e8]
Event: 4.936 Thread 0x0000022851849290 5322       3       java.lang.StringUTF16::newBytesFor (61 bytes)
Event: 4.937 Thread 0x0000022851849290 nmethod 5322 0x000002283a9ef590 code [0x000002283a9ef800, 0x000002283a9f00c8]
Event: 4.937 Thread 0x0000022851849290 5323       3       java.lang.StringUTF16::toBytes (34 bytes)
Event: 4.937 Thread 0x0000022851849290 nmethod 5323 0x000002283a9f0410 code [0x000002283a9f05c0, 0x000002283a9f07e8]
Event: 4.937 Thread 0x0000022851849290 5324       3       java.io.InputStreamReader::read (11 bytes)
Event: 4.937 Thread 0x0000022851849290 nmethod 5324 0x000002283a9f0990 code [0x000002283a9f0b40, 0x000002283a9f0ca8]
Event: 4.937 Thread 0x0000022851849290 5325   !   3       sun.nio.cs.StreamDecoder::read (196 bytes)
Event: 4.937 Thread 0x0000022851849290 nmethod 5325 0x000002283a9f0d90 code [0x000002283a9f1000, 0x000002283a9f1be8]
Event: 4.937 Thread 0x0000022851849290 5326       1       java.util.zip.ZipFile$ZipFileInputStream::size (5 bytes)
Event: 4.937 Thread 0x0000022851849290 nmethod 5326 0x0000022841dbd610 code [0x0000022841dbd7a0, 0x0000022841dbd878]
Event: 4.938 Thread 0x0000022851849290 5327       3       java.nio.Buffer::discardMark (6 bytes)
Event: 4.938 Thread 0x0000022851849290 nmethod 5327 0x000002283a9f2110 code [0x000002283a9f22a0, 0x000002283a9f23b8]
Event: 4.938 Thread 0x0000022851849290 5330   !   3       java.util.concurrent.ConcurrentHashMap::putVal (432 bytes)
Event: 4.939 Thread 0x0000022851849290 nmethod 5330 0x000002283a9f2490 code [0x000002283a9f2800, 0x000002283a9f4348]
Event: 4.941 Thread 0x0000022851849290 5333   !   3       java.util.concurrent.ConcurrentHashMap::transfer (849 bytes)
Event: 4.942 Thread 0x0000022851849290 nmethod 5333 0x000002283a9f4d10 code [0x000002283a9f5140, 0x000002283a9f7758]
Event: 4.942 Thread 0x0000022851849290 5335       2       java.lang.StringUTF16::hashCode (33 bytes)
Event: 4.942 Thread 0x0000022851849290 nmethod 5335 0x000002283a9f8a90 code [0x000002283a9f8c20, 0x000002283a9f8d98]

GC Heap History (20 events):
Event: 0.464 GC heap before
{Heap before GC invocations=0 (full 0):
 garbage-first heap   total 120832K, used 26624K [0x0000000080000000, 0x0000000100000000)
  region size 1024K, 23 young (23552K), 0 survivors (0K)
 Metaspace       used 10261K, committed 10432K, reserved 1064960K
  class space    used 1061K, committed 1152K, reserved 1048576K
}
Event: 0.469 GC heap after
{Heap after GC invocations=1 (full 0):
 garbage-first heap   total 120832K, used 10167K [0x0000000080000000, 0x0000000100000000)
  region size 1024K, 3 young (3072K), 3 survivors (3072K)
 Metaspace       used 10261K, committed 10432K, reserved 1064960K
  class space    used 1061K, committed 1152K, reserved 1048576K
}
Event: 0.606 GC heap before
{Heap before GC invocations=1 (full 0):
 garbage-first heap   total 120832K, used 39863K [0x0000000080000000, 0x0000000100000000)
  region size 1024K, 31 young (31744K), 3 survivors (3072K)
 Metaspace       used 11208K, committed 11456K, reserved 1064960K
  class space    used 1164K, committed 1280K, reserved 1048576K
}
Event: 0.631 GC heap after
{Heap after GC invocations=2 (full 0):
 garbage-first heap   total 120832K, used 14336K [0x0000000080000000, 0x0000000100000000)
  region size 1024K, 4 young (4096K), 4 survivors (4096K)
 Metaspace       used 11208K, committed 11456K, reserved 1064960K
  class space    used 1164K, committed 1280K, reserved 1048576K
}
Event: 1.395 GC heap before
{Heap before GC invocations=2 (full 0):
 garbage-first heap   total 120832K, used 51200K [0x0000000080000000, 0x0000000100000000)
  region size 1024K, 41 young (41984K), 4 survivors (4096K)
 Metaspace       used 21234K, committed 21504K, reserved 1073152K
  class space    used 2587K, committed 2752K, reserved 1048576K
}
Event: 1.401 GC heap after
{Heap after GC invocations=3 (full 0):
 garbage-first heap   total 120832K, used 18542K [0x0000000080000000, 0x0000000100000000)
  region size 1024K, 9 young (9216K), 9 survivors (9216K)
 Metaspace       used 21234K, committed 21504K, reserved 1073152K
  class space    used 2587K, committed 2752K, reserved 1048576K
}
Event: 1.867 GC heap before
{Heap before GC invocations=4 (full 0):
 garbage-first heap   total 68608K, used 53358K [0x0000000080000000, 0x0000000100000000)
  region size 1024K, 44 young (45056K), 9 survivors (9216K)
 Metaspace       used 26813K, committed 27136K, reserved 1073152K
  class space    used 3552K, committed 3712K, reserved 1048576K
}
Event: 1.873 GC heap after
{Heap after GC invocations=5 (full 0):
 garbage-first heap   total 68608K, used 20680K [0x0000000080000000, 0x0000000100000000)
  region size 1024K, 3 young (3072K), 3 survivors (3072K)
 Metaspace       used 26813K, committed 27136K, reserved 1073152K
  class space    used 3552K, committed 3712K, reserved 1048576K
}
Event: 2.193 GC heap before
{Heap before GC invocations=5 (full 0):
 garbage-first heap   total 68608K, used 47304K [0x0000000080000000, 0x0000000100000000)
  region size 1024K, 29 young (29696K), 3 survivors (3072K)
 Metaspace       used 30794K, committed 31104K, reserved 1081344K
  class space    used 4204K, committed 4352K, reserved 1048576K
}
Event: 2.196 GC heap after
{Heap after GC invocations=6 (full 0):
 garbage-first heap   total 68608K, used 21973K [0x0000000080000000, 0x0000000100000000)
  region size 1024K, 2 young (2048K), 2 survivors (2048K)
 Metaspace       used 30794K, committed 31104K, reserved 1081344K
  class space    used 4204K, committed 4352K, reserved 1048576K
}
Event: 2.563 GC heap before
{Heap before GC invocations=6 (full 0):
 garbage-first heap   total 68608K, used 47573K [0x0000000080000000, 0x0000000100000000)
  region size 1024K, 28 young (28672K), 2 survivors (2048K)
 Metaspace       used 35653K, committed 35968K, reserved 1081344K
  class space    used 4879K, committed 5056K, reserved 1048576K
}
Event: 2.566 GC heap after
{Heap after GC invocations=7 (full 0):
 garbage-first heap   total 68608K, used 23907K [0x0000000080000000, 0x0000000100000000)
  region size 1024K, 4 young (4096K), 4 survivors (4096K)
 Metaspace       used 35653K, committed 35968K, reserved 1081344K
  class space    used 4879K, committed 5056K, reserved 1048576K
}
Event: 2.819 GC heap before
{Heap before GC invocations=8 (full 0):
 garbage-first heap   total 68608K, used 49507K [0x0000000080000000, 0x0000000100000000)
  region size 1024K, 30 young (30720K), 4 survivors (4096K)
 Metaspace       used 40379K, committed 40704K, reserved 1089536K
  class space    used 5359K, committed 5504K, reserved 1048576K
}
Event: 2.824 GC heap after
{Heap after GC invocations=9 (full 0):
 garbage-first heap   total 105472K, used 27451K [0x0000000080000000, 0x0000000100000000)
  region size 1024K, 4 young (4096K), 4 survivors (4096K)
 Metaspace       used 40379K, committed 40704K, reserved 1089536K
  class space    used 5359K, committed 5504K, reserved 1048576K
}
Event: 2.826 GC heap before
{Heap before GC invocations=9 (full 0):
 garbage-first heap   total 105472K, used 28475K [0x0000000080000000, 0x0000000100000000)
  region size 1024K, 5 young (5120K), 4 survivors (4096K)
 Metaspace       used 40380K, committed 40704K, reserved 1089536K
  class space    used 5359K, committed 5504K, reserved 1048576K
}
Event: 2.829 GC heap after
{Heap after GC invocations=10 (full 0):
 garbage-first heap   total 105472K, used 28093K [0x0000000080000000, 0x0000000100000000)
  region size 1024K, 1 young (1024K), 1 survivors (1024K)
 Metaspace       used 40380K, committed 40704K, reserved 1089536K
  class space    used 5359K, committed 5504K, reserved 1048576K
}
Event: 3.318 GC heap before
{Heap before GC invocations=10 (full 0):
 garbage-first heap   total 105472K, used 80317K [0x0000000080000000, 0x0000000100000000)
  region size 1024K, 48 young (49152K), 1 survivors (1024K)
 Metaspace       used 45872K, committed 46336K, reserved 1089536K
  class space    used 6022K, committed 6208K, reserved 1048576K
}
Event: 3.322 GC heap after
{Heap after GC invocations=11 (full 0):
 garbage-first heap   total 105472K, used 31188K [0x0000000080000000, 0x0000000100000000)
  region size 1024K, 4 young (4096K), 4 survivors (4096K)
 Metaspace       used 45872K, committed 46336K, reserved 1089536K
  class space    used 6022K, committed 6208K, reserved 1048576K
}
Event: 3.860 GC heap before
{Heap before GC invocations=11 (full 0):
 garbage-first heap   total 105472K, used 77268K [0x0000000080000000, 0x0000000100000000)
  region size 1024K, 49 young (50176K), 4 survivors (4096K)
 Metaspace       used 51955K, committed 52416K, reserved 1097728K
  class space    used 6982K, committed 7168K, reserved 1048576K
}
Event: 3.865 GC heap after
{Heap after GC invocations=12 (full 0):
 garbage-first heap   total 105472K, used 33674K [0x0000000080000000, 0x0000000100000000)
  region size 1024K, 3 young (3072K), 3 survivors (3072K)
 Metaspace       used 51955K, committed 52416K, reserved 1097728K
  class space    used 6982K, committed 7168K, reserved 1048576K
}

Dll operation events (2 events):
Event: 0.006 Loaded shared library D:\Android\Android Studio\jbr\bin\java.dll
Event: 0.210 Loaded shared library D:\Android\Android Studio\jbr\bin\verify.dll

Deoptimization events (20 events):
Event: 4.937 Thread 0x0000022851cf2bf0 DEOPT PACKING pc=0x000002283a9ecf7e sp=0x0000002bfc1f7380
Event: 4.937 Thread 0x0000022851cf2bf0 DEOPT UNPACKING pc=0x0000022841627143 sp=0x0000002bfc1f67f0 mode 0
Event: 4.937 Thread 0x0000022851cf2bf0 DEOPT PACKING pc=0x000002283a9ecf7e sp=0x0000002bfc1f7380
Event: 4.937 Thread 0x0000022851cf2bf0 DEOPT UNPACKING pc=0x0000022841627143 sp=0x0000002bfc1f67f0 mode 0
Event: 4.937 Thread 0x0000022851cf2bf0 DEOPT PACKING pc=0x000002283a9ecf7e sp=0x0000002bfc1f7380
Event: 4.937 Thread 0x0000022851cf2bf0 DEOPT UNPACKING pc=0x0000022841627143 sp=0x0000002bfc1f67f0 mode 0
Event: 4.937 Thread 0x0000022851cf2bf0 DEOPT PACKING pc=0x000002283a9ecf7e sp=0x0000002bfc1f7380
Event: 4.937 Thread 0x0000022851cf2bf0 DEOPT UNPACKING pc=0x0000022841627143 sp=0x0000002bfc1f67f0 mode 0
Event: 4.938 Thread 0x0000022851cf2bf0 DEOPT PACKING pc=0x000002283a9ecf7e sp=0x0000002bfc1f7380
Event: 4.938 Thread 0x0000022851cf2bf0 DEOPT UNPACKING pc=0x0000022841627143 sp=0x0000002bfc1f67f0 mode 0
Event: 4.938 Thread 0x0000022851cf2bf0 DEOPT PACKING pc=0x000002283a9ecf7e sp=0x0000002bfc1f7380
Event: 4.938 Thread 0x0000022851cf2bf0 DEOPT UNPACKING pc=0x0000022841627143 sp=0x0000002bfc1f67f0 mode 0
Event: 4.938 Thread 0x0000022851cf2bf0 Uncommon trap: trap_request=0xffffff45 fr.pc=0x0000022841d1aa00 relative=0x00000000000013e0
Event: 4.938 Thread 0x0000022851cf2bf0 Uncommon trap: reason=unstable_if action=reinterpret pc=0x0000022841d1aa00 method=java.util.concurrent.ConcurrentHashMap.putVal(Ljava/lang/Object;Ljava/lang/Object;Z)Ljava/lang/Object; @ 245 c2
Event: 4.938 Thread 0x0000022851cf2bf0 DEOPT PACKING pc=0x0000022841d1aa00 sp=0x0000002bfc1f7540
Event: 4.938 Thread 0x0000022851cf2bf0 DEOPT UNPACKING pc=0x00000228416269a3 sp=0x0000002bfc1f74b8 mode 2
Event: 4.941 Thread 0x0000022851cf2bf0 Uncommon trap: trap_request=0xffffff45 fr.pc=0x0000022841c3ffac relative=0x00000000000013ec
Event: 4.941 Thread 0x0000022851cf2bf0 Uncommon trap: reason=unstable_if action=reinterpret pc=0x0000022841c3ffac method=java.util.concurrent.ConcurrentHashMap.transfer([Ljava/util/concurrent/ConcurrentHashMap$Node;[Ljava/util/concurrent/ConcurrentHashMap$Node;)V @ 352 c2
Event: 4.941 Thread 0x0000022851cf2bf0 DEOPT PACKING pc=0x0000022841c3ffac sp=0x0000002bfc1f73d0
Event: 4.941 Thread 0x0000022851cf2bf0 DEOPT UNPACKING pc=0x00000228416269a3 sp=0x0000002bfc1f7338 mode 2

Classes unloaded (0 events):
No events

Classes redefined (0 events):
No events

Internal exceptions (20 events):
Event: 3.015 Thread 0x0000022851cf2bf0 Exception <a 'java/lang/NoSuchMethodError'{0x00000000852a5d68}: 'java.lang.Object java.lang.invoke.DirectMethodHandle$Holder.invokeStatic(java.lang.Object, java.lang.Object, java.lang.Object, java.lang.Object, java.lang.Object, java.lang.Object, java.lang.Object, java.lang.Object, java.lang.Object, java.lang.Object, java.lang.Object, java.lang.Object, java.lang.Object, java.lang.Object, java.lang.Object, java.lang.Object, java.lang.Object, java.lang.Object, java.lang.Object, java.lang.Object, java.lang.Obj
Event: 3.085 Thread 0x0000022851cf2bf0 Exception <a 'java/lang/IncompatibleClassChangeError'{0x00000000846a8578}: Found class java.lang.Object, but interface was expected> (0x00000000846a8578) 
thrown [s\src\hotspot\share\interpreter\linkResolver.cpp, line 838]
Event: 3.173 Thread 0x0000022851cf2bf0 Exception <a 'java/lang/IncompatibleClassChangeError'{0x0000000084134f08}: Found class java.lang.Object, but interface was expected> (0x0000000084134f08) 
thrown [s\src\hotspot\share\interpreter\linkResolver.cpp, line 838]
Event: 3.188 Thread 0x0000022851cf2bf0 Exception <a 'java/lang/NoSuchMethodError'{0x00000000840b8030}: 'int java.lang.invoke.DirectMethodHandle$Holder.invokeStaticInit(java.lang.Object, java.lang.Object, java.lang.Object, java.lang.Object, java.lang.Object)'> (0x00000000840b8030) 
thrown [s\src\hotspot\share\interpreter\linkResolver.cpp, line 771]
Event: 3.338 Thread 0x0000022851cf2bf0 Exception <a 'java/lang/NoSuchMethodError'{0x000000008642d3b8}: 'void java.lang.invoke.DirectMethodHandle$Holder.invokeInterface(java.lang.Object, java.lang.Object)'> (0x000000008642d3b8) 
thrown [s\src\hotspot\share\interpreter\linkResolver.cpp, line 771]
Event: 3.339 Thread 0x0000022851cf2bf0 Exception <a 'java/lang/IncompatibleClassChangeError'{0x0000000086438768}: Found class java.lang.Object, but interface was expected> (0x0000000086438768) 
thrown [s\src\hotspot\share\interpreter\linkResolver.cpp, line 838]
Event: 3.352 Thread 0x0000022851cf2bf0 Exception <a 'java/lang/NoSuchMethodError'{0x00000000863bf7e0}: 'java.lang.Object java.lang.invoke.DirectMethodHandle$Holder.newInvokeSpecial(java.lang.Object, int, java.lang.Object)'> (0x00000000863bf7e0) 
thrown [s\src\hotspot\share\interpreter\linkResolver.cpp, line 771]
Event: 3.498 Thread 0x00000228533bccc0 Exception <a 'java/lang/NoSuchMethodError'{0x000000008570abb8}: static Lorg/gradle/internal/build/event/types/DefaultOperationStartedProgressEvent;.<clinit>()V> (0x000000008570abb8) 
thrown [s\src\hotspot\share\prims\jni.cpp, line 1108]
Event: 3.498 Thread 0x00000228533bccc0 Exception <a 'java/lang/NoSuchMethodError'{0x000000008570c498}: static Lorg/gradle/internal/build/event/types/AbstractProgressEvent;.<clinit>()V> (0x000000008570c498) 
thrown [s\src\hotspot\share\prims\jni.cpp, line 1108]
Event: 3.499 Thread 0x00000228533bccc0 Exception <a 'java/lang/NoSuchMethodError'{0x000000008579c908}: static Lorg/gradle/internal/build/event/types/DefaultProjectConfigurationDescriptor;.<clinit>()V> (0x000000008579c908) 
thrown [s\src\hotspot\share\prims\jni.cpp, line 1108]
Event: 3.499 Thread 0x00000228533bccc0 Exception <a 'java/lang/NoSuchMethodError'{0x000000008579ec30}: static Lorg/gradle/internal/build/event/types/DefaultOperationDescriptor;.<clinit>()V> (0x000000008579ec30) 
thrown [s\src\hotspot\share\prims\jni.cpp, line 1108]
Event: 3.501 Thread 0x00000228533bccc0 Exception <a 'java/lang/NoSuchMethodError'{0x00000000857b3890}: static Lorg/gradle/internal/operations/OperationIdentifier;.<clinit>()V> (0x00000000857b3890) 
thrown [s\src\hotspot\share\prims\jni.cpp, line 1108]
Event: 3.837 Thread 0x0000022851cf2bf0 Exception <a 'java/lang/NoSuchMethodError'{0x0000000083cfbbe0}: 'int java.lang.invoke.DirectMethodHandle$Holder.invokeStatic(java.lang.Object)'> (0x0000000083cfbbe0) 
thrown [s\src\hotspot\share\interpreter\linkResolver.cpp, line 771]
Event: 3.837 Thread 0x0000022851cf2bf0 Exception <a 'java/lang/NoSuchMethodError'{0x0000000083b004b8}: 'int java.lang.invoke.DirectMethodHandle$Holder.invokeStaticInit(java.lang.Object)'> (0x0000000083b004b8) 
thrown [s\src\hotspot\share\interpreter\linkResolver.cpp, line 771]
Event: 3.843 Thread 0x0000022851cf2bf0 Exception <a 'java/lang/NoSuchMethodError'{0x0000000083b74c28}: 'java.lang.Object java.lang.invoke.DirectMethodHandle$Holder.newInvokeSpecial(java.lang.Object, java.lang.Object, java.lang.Object, java.lang.Object, java.lang.Object, int)'> (0x0000000083b74c28) 
thrown [s\src\hotspot\share\interpreter\linkResolver.cpp, line 771]
Event: 3.843 Thread 0x0000022851cf2bf0 Exception <a 'java/lang/NoSuchMethodError'{0x0000000083b7a280}: 'java.lang.Object java.lang.invoke.DirectMethodHandle$Holder.invokeSpecial(java.lang.Object, java.lang.Object, java.lang.Object, java.lang.Object, java.lang.Object, java.lang.Object, int)'> (0x0000000083b7a280) 
thrown [s\src\hotspot\share\interpreter\linkResolver.cpp, line 771]
Event: 3.855 Thread 0x0000022851cf2bf0 Exception <a 'java/lang/NoSuchMethodError'{0x0000000083a4d298}: 'void java.lang.invoke.DirectMethodHandle$Holder.invokeStatic(java.lang.Object, java.lang.Object, java.lang.Object, int, java.lang.Object)'> (0x0000000083a4d298) 
thrown [s\src\hotspot\share\interpreter\linkResolver.cpp, line 771]
Event: 3.920 Thread 0x0000022851cf2bf0 Exception <a 'java/lang/NoSuchMethodError'{0x00000000864c1338}: 'java.lang.Object java.lang.invoke.DirectMethodHandle$Holder.newInvokeSpecial(java.lang.Object, java.lang.Object, int)'> (0x00000000864c1338) 
thrown [s\src\hotspot\share\interpreter\linkResolver.cpp, line 771]
Event: 4.796 Thread 0x0000022851cf2bf0 Implicit null exception at 0x0000022841bda8d2 to 0x0000022841bdae94
Event: 4.825 Thread 0x0000022851cf2bf0 Exception <a 'sun/nio/fs/WindowsException'{0x0000000085726488}> (0x0000000085726488) 
thrown [s\src\hotspot\share\prims\jni.cpp, line 517]

VM Operations (20 events):
Event: 3.817 Executing VM operation: HandshakeAllThreads
Event: 3.818 Executing VM operation: HandshakeAllThreads done
Event: 3.860 Executing VM operation: G1CollectForAllocation
Event: 3.865 Executing VM operation: G1CollectForAllocation done
Event: 4.488 Executing VM operation: ICBufferFull
Event: 4.489 Executing VM operation: ICBufferFull done
Event: 4.608 Executing VM operation: HandshakeAllThreads
Event: 4.608 Executing VM operation: HandshakeAllThreads done
Event: 4.805 Executing VM operation: HandshakeAllThreads
Event: 4.805 Executing VM operation: HandshakeAllThreads done
Event: 4.826 Executing VM operation: HandshakeAllThreads
Event: 4.826 Executing VM operation: HandshakeAllThreads done
Event: 4.829 Executing VM operation: HandshakeAllThreads
Event: 4.829 Executing VM operation: HandshakeAllThreads done
Event: 4.830 Executing VM operation: HandshakeAllThreads
Event: 4.830 Executing VM operation: HandshakeAllThreads done
Event: 4.859 Executing VM operation: HandshakeAllThreads
Event: 4.859 Executing VM operation: HandshakeAllThreads done
Event: 4.907 Executing VM operation: ICBufferFull
Event: 4.907 Executing VM operation: ICBufferFull done

Events (20 events):
Event: 4.928 loading class java/net/ProxySelector
Event: 4.929 loading class java/net/ProxySelector done
Event: 4.929 loading class sun/net/spi/DefaultProxySelector
Event: 4.929 loading class sun/net/spi/DefaultProxySelector done
Event: 4.929 loading class java/net/Proxy
Event: 4.929 loading class java/net/Proxy done
Event: 4.929 loading class java/net/Proxy$Type
Event: 4.929 loading class java/net/Proxy$Type done
Event: 4.929 loading class sun/net/spi/DefaultProxySelector$1
Event: 4.929 loading class sun/net/spi/DefaultProxySelector$1 done
Event: 4.940 loading class java/util/concurrent/ConcurrentHashMap$TreeNode
Event: 4.940 loading class java/util/concurrent/ConcurrentHashMap$TreeNode done
Event: 4.940 loading class java/util/concurrent/ConcurrentHashMap$TreeBin
Event: 4.940 loading class java/util/concurrent/ConcurrentHashMap$TreeBin done
Event: 4.956 loading class java/net/SocketTimeoutException
Event: 4.956 loading class java/net/SocketTimeoutException done
Event: 4.956 loading class java/net/ConnectException
Event: 4.956 loading class java/net/ConnectException done
Event: 4.956 loading class java/net/NoRouteToHostException
Event: 4.956 loading class java/net/NoRouteToHostException done


Dynamic libraries:
0x00007ff74fc50000 - 0x00007ff74fc5a000 	D:\Android\Android Studio\jbr\bin\java.exe
0x00007ff8543d0000 - 0x00007ff8545e6000 	C:\WINDOWS\SYSTEM32\ntdll.dll
0x00007ff852cb0000 - 0x00007ff852d74000 	C:\WINDOWS\System32\KERNEL32.DLL
0x00007ff851af0000 - 0x00007ff851e97000 	C:\WINDOWS\System32\KERNELBASE.dll
0x00007ff851860000 - 0x00007ff851971000 	C:\WINDOWS\System32\ucrtbase.dll
0x00007ff8327f0000 - 0x00007ff832807000 	D:\Android\Android Studio\jbr\bin\jli.dll
0x00007ff853ea0000 - 0x00007ff85404e000 	C:\WINDOWS\System32\USER32.dll
0x00007ff8520d0000 - 0x00007ff8520f6000 	C:\WINDOWS\System32\win32u.dll
0x00007ff836140000 - 0x00007ff8363d3000 	C:\WINDOWS\WinSxS\amd64_microsoft.windows.common-controls_6595b64144ccf1df_6.0.22621.3235_none_270f74e173860f98\COMCTL32.dll
0x00007ff852c80000 - 0x00007ff852ca9000 	C:\WINDOWS\System32\GDI32.dll
0x00007ff852190000 - 0x00007ff852237000 	C:\WINDOWS\System32\msvcrt.dll
0x00007ff851ea0000 - 0x00007ff851fb9000 	C:\WINDOWS\System32\gdi32full.dll
0x00007ff852030000 - 0x00007ff8520ca000 	C:\WINDOWS\System32\msvcp_win.dll
0x00007ff813b50000 - 0x00007ff813b6b000 	D:\Android\Android Studio\jbr\bin\VCRUNTIME140.dll
0x00007ff853e60000 - 0x00007ff853e91000 	C:\WINDOWS\System32\IMM32.DLL
0x00007ff8109c0000 - 0x00007ff8109cc000 	D:\Android\Android Studio\jbr\bin\vcruntime140_1.dll
0x00007ffffc260000 - 0x00007ffffc2ed000 	D:\Android\Android Studio\jbr\bin\msvcp140.dll
0x00007fff83b40000 - 0x00007fff847ae000 	D:\Android\Android Studio\jbr\bin\server\jvm.dll
0x00007ff853890000 - 0x00007ff853942000 	C:\WINDOWS\System32\ADVAPI32.dll
0x00007ff852780000 - 0x00007ff852828000 	C:\WINDOWS\System32\sechost.dll
0x00007ff851830000 - 0x00007ff851858000 	C:\WINDOWS\System32\bcrypt.dll
0x00007ff852f00000 - 0x00007ff853015000 	C:\WINDOWS\System32\RPCRT4.dll
0x00007ff849080000 - 0x00007ff8490b4000 	C:\WINDOWS\SYSTEM32\WINMM.dll
0x00007ff828c80000 - 0x00007ff828c89000 	C:\WINDOWS\SYSTEM32\WSOCK32.dll
0x00007ff847c00000 - 0x00007ff847c0a000 	C:\WINDOWS\SYSTEM32\VERSION.dll
0x00007ff852110000 - 0x00007ff852181000 	C:\WINDOWS\System32\WS2_32.dll
0x00007ff850700000 - 0x00007ff850718000 	C:\WINDOWS\SYSTEM32\kernel.appcore.dll
0x00007ff84cb40000 - 0x00007ff84cb4a000 	D:\Android\Android Studio\jbr\bin\jimage.dll
0x00007ff83ef90000 - 0x00007ff83f1c3000 	C:\WINDOWS\SYSTEM32\DBGHELP.DLL
0x00007ff852340000 - 0x00007ff8526c8000 	C:\WINDOWS\System32\combase.dll
0x00007ff852830000 - 0x00007ff852907000 	C:\WINDOWS\System32\OLEAUT32.dll
0x00007ff833a00000 - 0x00007ff833a32000 	C:\WINDOWS\SYSTEM32\dbgcore.DLL
0x00007ff8516f0000 - 0x00007ff851769000 	C:\WINDOWS\System32\bcryptPrimitives.dll
0x00007ff8109d0000 - 0x00007ff8109f5000 	D:\Android\Android Studio\jbr\bin\java.dll
0x00007ff84cb20000 - 0x00007ff84cb38000 	D:\Android\Android Studio\jbr\bin\zip.dll
0x00007ff853030000 - 0x00007ff85388c000 	C:\WINDOWS\System32\SHELL32.dll
0x00007ff84f620000 - 0x00007ff84ff19000 	C:\WINDOWS\SYSTEM32\windows.storage.dll
0x00007ff84f4e0000 - 0x00007ff84f61e000 	C:\WINDOWS\SYSTEM32\wintypes.dll
0x00007ff852240000 - 0x00007ff852333000 	C:\WINDOWS\System32\SHCORE.dll
0x00007ff8542e0000 - 0x00007ff85433e000 	C:\WINDOWS\System32\shlwapi.dll
0x00007ff851620000 - 0x00007ff851641000 	C:\WINDOWS\SYSTEM32\profapi.dll
0x00007ff834c00000 - 0x00007ff834c19000 	D:\Android\Android Studio\jbr\bin\net.dll
0x00007ff849e80000 - 0x00007ff849fb6000 	C:\WINDOWS\SYSTEM32\WINHTTP.dll
0x00007ff850b70000 - 0x00007ff850bd9000 	C:\WINDOWS\system32\mswsock.dll
0x00007ff832e30000 - 0x00007ff832e46000 	D:\Android\Android Studio\jbr\bin\nio.dll
0x00007ff836bd0000 - 0x00007ff836be0000 	D:\Android\Android Studio\jbr\bin\verify.dll
0x00007fffff380000 - 0x00007fffff3a7000 	D:\Android\.gradle\native\68d5fa5c4cc2d200863cafc0d521ce42e7d3e7ee720ec0a83991735586a16f82\windows-amd64\native-platform.dll
0x00007ffffc110000 - 0x00007ffffc254000 	D:\Android\.gradle\native\e376f236ea51e6404a007f0833ffe2c6e607c4080706a723a18a27aeea778392\windows-amd64\native-platform-file-events.dll
0x00007ff816480000 - 0x00007ff816489000 	D:\Android\Android Studio\jbr\bin\management.dll
0x00007ff816470000 - 0x00007ff81647b000 	D:\Android\Android Studio\jbr\bin\management_ext.dll
0x00007ff852100000 - 0x00007ff852108000 	C:\WINDOWS\System32\PSAPI.DLL
0x00007ff850d90000 - 0x00007ff850dab000 	C:\WINDOWS\SYSTEM32\CRYPTSP.dll
0x00007ff850660000 - 0x00007ff850695000 	C:\WINDOWS\system32\rsaenh.dll
0x00007ff850c30000 - 0x00007ff850c58000 	C:\WINDOWS\SYSTEM32\USERENV.dll
0x00007ff850db0000 - 0x00007ff850dbc000 	C:\WINDOWS\SYSTEM32\CRYPTBASE.dll
0x00007ff8501c0000 - 0x00007ff8501ed000 	C:\WINDOWS\SYSTEM32\IPHLPAPI.DLL
0x00007ff853020000 - 0x00007ff853029000 	C:\WINDOWS\System32\NSI.dll
0x00007ff8496a0000 - 0x00007ff8496b9000 	C:\WINDOWS\SYSTEM32\dhcpcsvc6.DLL
0x00007ff849680000 - 0x00007ff84969f000 	C:\WINDOWS\SYSTEM32\dhcpcsvc.DLL
0x00007ff8501f0000 - 0x00007ff8502e9000 	C:\WINDOWS\SYSTEM32\DNSAPI.dll
0x00007ff835b80000 - 0x00007ff835b88000 	C:\WINDOWS\system32\wshunix.dll

dbghelp: loaded successfully - version: 4.0.5 - missing functions: none
symbol engine: initialized successfully - sym options: 0x614 - pdb path: .;D:\Android\Android Studio\jbr\bin;C:\WINDOWS\SYSTEM32;C:\WINDOWS\WinSxS\amd64_microsoft.windows.common-controls_6595b64144ccf1df_6.0.22621.3235_none_270f74e173860f98;D:\Android\Android Studio\jbr\bin\server;D:\Android\.gradle\native\68d5fa5c4cc2d200863cafc0d521ce42e7d3e7ee720ec0a83991735586a16f82\windows-amd64;D:\Android\.gradle\native\e376f236ea51e6404a007f0833ffe2c6e607c4080706a723a18a27aeea778392\windows-amd64

VM Arguments:
jvm_args: --add-opens=java.base/java.util=ALL-UNNAMED --add-opens=java.base/java.lang=ALL-UNNAMED --add-opens=java.base/java.lang.invoke=ALL-UNNAMED --add-opens=java.prefs/java.util.prefs=ALL-UNNAMED --add-opens=java.base/java.nio.charset=ALL-UNNAMED --add-opens=java.base/java.net=ALL-UNNAMED --add-opens=java.base/java.util.concurrent.atomic=ALL-UNNAMED -Xmx2048m -Dfile.encoding=UTF-8 -Duser.country=IN -Duser.language=en -Duser.variant 
java_command: org.gradle.launcher.daemon.bootstrap.GradleDaemon 8.0
java_class_path (initial): D:\Android\.gradle\wrapper\dists\gradle-8.0-bin\ca5e32bp14vu59qr306oxotwh\gradle-8.0\lib\gradle-launcher-8.0.jar
Launcher Type: SUN_STANDARD

[Global flags]
     intx CICompilerCount                          = 4                                         {product} {ergonomic}
     uint ConcGCThreads                            = 3                                         {product} {ergonomic}
     uint G1ConcRefinementThreads                  = 10                                        {product} {ergonomic}
   size_t G1HeapRegionSize                         = 1048576                                   {product} {ergonomic}
    uintx GCDrainStackTargetSize                   = 64                                        {product} {ergonomic}
   size_t InitialHeapSize                          = 123731968                                 {product} {ergonomic}
   size_t MarkStackSize                            = 4194304                                   {product} {ergonomic}
   size_t MaxHeapSize                              = 2147483648                                {product} {command line}
   size_t MaxNewSize                               = 1287651328                                {product} {ergonomic}
   size_t MinHeapDeltaBytes                        = 1048576                                   {product} {ergonomic}
   size_t MinHeapSize                              = 8388608                                   {product} {ergonomic}
    uintx NonNMethodCodeHeapSize                   = 5839372                                {pd product} {ergonomic}
    uintx NonProfiledCodeHeapSize                  = 122909434                              {pd product} {ergonomic}
    uintx ProfiledCodeHeapSize                     = 122909434                              {pd product} {ergonomic}
    uintx ReservedCodeCacheSize                    = 251658240                              {pd product} {ergonomic}
     bool SegmentedCodeCache                       = true                                      {product} {ergonomic}
   size_t SoftMaxHeapSize                          = 2147483648                             {manageable} {ergonomic}
     bool UseCompressedClassPointers               = true                           {product lp64_product} {ergonomic}
     bool UseCompressedOops                        = true                           {product lp64_product} {ergonomic}
     bool UseG1GC                                  = true                                      {product} {ergonomic}
     bool UseLargePagesIndividualAllocation        = false                                  {pd product} {ergonomic}

Logging:
Log output configuration:
 #0: stdout all=warning uptime,level,tags
 #1: stderr all=off uptime,level,tags

Environment Variables:
JAVA_HOME=C:\Program Files\Java\jdk1.8.0_202
PATH=C:\Program Files (x86)\VMware\VMware Player\bin\;C:\Program Files\Common Files\Oracle\Java\javapath;C:\Program Files (x86)\Common Files\Oracle\Java\javapath;C:\Program Files (x86)\Common Files\Intel\Shared Libraries\redist\intel64\compiler;C:\windows\system32;C:\windows;C:\windows\System32\Wbem;C:\windows\System32\WindowsPowerShell\v1.0\;C:\windows\System32\OpenSSH\;C:\Program Files (x86)\NVIDIA Corporation\PhysX\Common;C:\Program Files\NVIDIA Corporation\NVIDIA NvDLISR;D:\apache-maven-3.8.6-bin\apache-maven-3.8.6\bin;C:\WINDOWS\system32;C:\WINDOWS;C:\WINDOWS\System32\Wbem;C:\WINDOWS\System32\WindowsPowerShell\v1.0\;C:\WINDOWS\System32\OpenSSH\;C:\Program Files\dotnet\;C:\Program Files\nodejs\;C:\Program Files\Docker\Docker\resources\bin;C:\Program Files\Git\cmd;C:\Program Files\Java\jdk1.8.0_202\bin;C:\Program Files\MySQL\MySQL Shell 8.2\bin\;C:\Users\smk62\.console-ninja\.bin;C:\Users\smk62\AppData\Local\Microsoft\WindowsApps;C:\Users\smk62\AppData\Local\Programs\Microsoft VS Code\bin;C:\Users\smk62\Downloads\MinGW\bin;C:\Program Files\heroku\bin;C:\Users\smk62\AppData\Roaming\npm;D:\IntelliJ IDEA Community Edition 2023.3\bin;;C:\Program Files\Java\jdk1.8.0_202\bin;
USERNAME=smk62
OS=Windows_NT
PROCESSOR_IDENTIFIER=AMD64 Family 25 Model 80 Stepping 0, AuthenticAMD
TMP=C:\Users\smk62\AppData\Local\Temp
TEMP=C:\Users\smk62\AppData\Local\Temp


JNI global refs:
JNI global refs: 24, weak refs: 0

JNI global refs memory usage: 843, weak refs: 841


---------------  S Y S T E M  ---------------

OS:
 Windows 11 , 64 bit Build 22621 (10.0.22621.3374)
OS uptime: 0 days 3:01 hours
Hyper-V role detected

CPU: total 12 (initial active 12) (12 cores per cpu, 2 threads per core) family 25 model 80 stepping 0 microcode 0x0, cx8, cmov, fxsr, ht, mmx, 3dnowpref, sse, sse2, sse3, ssse3, sse4a, sse4.1, sse4.2, popcnt, lzcnt, tsc, tscinvbit, avx, avx2, aes, erms, clmul, bmi1, bmi2, adx, sha, fma, vzeroupper, clflush, clflushopt, hv

Memory: 4k page, system-wide physical 7521M (180M free)
TotalPageFile size 18326M (AvailPageFile size 3M)
current process WorkingSet (physical memory assigned to process): 266M, peak: 266M
current process commit charge ("private bytes"): 303M, peak: 304M

vm_info: OpenJDK 64-Bit Server VM (17.0.6+0-b2043.56-10027231) for windows-amd64 JRE (17.0.6+0-b2043.56-10027231), built on Apr 28 2023 00:43:19 by "androidbuild" with MS VC++ 16.10 / 16.11 (VS2019)

END.
