#
# There is insufficient memory for the Java Runtime Environment to continue.
# Native memory allocation (malloc) failed to allocate 1030736 bytes for Chunk::new
# Possible reasons:
#   The system is out of physical RAM or swap space
#   The process is running with CompressedOops enabled, and the Java Heap may be blocking the growth of the native heap
# Possible solutions:
#   Reduce memory load on the system
#   Increase physical memory or swap space
#   Check if swap backing store is full
#   Decrease Java heap size (-Xmx/-Xms)
#   Decrease number of Java threads
#   Decrease Java thread stack sizes (-Xss)
#   Set larger code cache with -XX:ReservedCodeCacheSize=
#   JVM is running with Unscaled Compressed Oops mode in which the Java heap is
#     placed in the first 4GB address space. The Java Heap base address is the
#     maximum limit for the native heap growth. Please use -XX:HeapBaseMinAddress
#     to set the Java Heap base and to place the Java Heap above 4GB virtual address.
# This output file may be truncated or incomplete.
#
#  Out of Memory Error (arena.cpp:189), pid=7336, tid=16944
#
# JRE version: OpenJDK Runtime Environment (17.0.6) (build 17.0.6+0-b2043.56-10027231)
# Java VM: OpenJDK 64-Bit Server VM (17.0.6+0-b2043.56-10027231, mixed mode, tiered, compressed oops, compressed class ptrs, g1 gc, windows-amd64)
# No core dump will be written. Minidumps are not enabled by default on client versions of Windows
#

---------------  S U M M A R Y ------------

Command Line: --add-opens=java.base/java.util=ALL-UNNAMED --add-opens=java.base/java.lang=ALL-UNNAMED --add-opens=java.base/java.lang.invoke=ALL-UNNAMED --add-opens=java.prefs/java.util.prefs=ALL-UNNAMED --add-opens=java.base/java.nio.charset=ALL-UNNAMED --add-opens=java.base/java.net=ALL-UNNAMED --add-opens=java.base/java.util.concurrent.atomic=ALL-UNNAMED -Xmx2048m -Dfile.encoding=UTF-8 -Duser.country=IN -Duser.language=en -Duser.variant org.gradle.launcher.daemon.bootstrap.GradleDaemon 8.0

Host: AMD Ryzen 5 5600H with Radeon Graphics         , 12 cores, 7G,  Windows 11 , 64 bit Build 22621 (10.0.22621.3374)
Time: Thu Mar 28 15:34:51 2024 India Standard Time elapsed time: 8.469411 seconds (0d 0h 0m 8s)

---------------  T H R E A D  ---------------

Current thread (0x000001fb62dd9520):  JavaThread "C2 CompilerThread2" daemon [_thread_in_native, id=16944, stack(0x000000c17f700000,0x000000c17f800000)]


Current CompileTask:
C2:   8469 10740   !   4       org.gradle.internal.instantiation.generator.DependencyInjectingInstantiator::doCreate (64 bytes)

Stack: [0x000000c17f700000,0x000000c17f800000]
Native frames: (J=compiled Java code, j=interpreted, Vv=VM code, C=native code)
V  [jvm.dll+0x683c9a]
V  [jvm.dll+0x8427a4]
V  [jvm.dll+0x843f9e]
V  [jvm.dll+0x844603]
V  [jvm.dll+0x249b75]
V  [jvm.dll+0xabcac]
V  [jvm.dll+0xac27c]
V  [jvm.dll+0x368802]
V  [jvm.dll+0x1bd0b8]
V  [jvm.dll+0x21c359]
V  [jvm.dll+0x21b621]
V  [jvm.dll+0x1a4fdd]
V  [jvm.dll+0x22b098]
V  [jvm.dll+0x229159]
V  [jvm.dll+0x7f81ec]
V  [jvm.dll+0x7f274a]
V  [jvm.dll+0x682ad5]
C  [ucrtbase.dll+0x29333]
C  [KERNEL32.DLL+0x1257d]
C  [ntdll.dll+0x5aa48]


---------------  P R O C E S S  ---------------

Threads class SMR info:
_java_thread_list=0x000001fb66d42b60, length=187, elements={
0x000001fb479c2600, 0x000001fb61c79720, 0x000001fb61c7a590, 0x000001fb6280d4e0,
0x000001fb62839400, 0x000001fb62839fb0, 0x000001fb6283c970, 0x000001fb62848c10,
0x000001fb6284a6c0, 0x000001fb6284f380, 0x000001fb629d1010, 0x000001fb629d34f0,
0x000001fb62a93820, 0x000001fb62dd9520, 0x000001fb64cae140, 0x000001fb6336de30,
0x000001fb6336c620, 0x000001fb6336fb10, 0x000001fb6336e7d0, 0x000001fb6336c150,
0x000001fb6336caf0, 0x000001fb6336f170, 0x000001fb6336cfc0, 0x000001fb6336d960,
0x000001fb6336d490, 0x000001fb654aede0, 0x000001fb654aaf50, 0x000001fb654aaa80,
0x000001fb654af2b0, 0x000001fb654b0ac0, 0x000001fb654b1460, 0x000001fb654acc30,
0x000001fb654ac760, 0x000001fb654af780, 0x000001fb654ab8f0, 0x000001fb654ad100,
0x000001fb654b1e00, 0x000001fb654abdc0, 0x000001fb654b0120, 0x000001fb654b1930,
0x000001fb654adaa0, 0x000001fb654ae440, 0x000001fb67cdfba0, 0x000001fb67ce2bc0,
0x000001fb67ce0070, 0x000001fb67ce4d70, 0x000001fb67cde390, 0x000001fb67ce3090,
0x000001fb67ce0540, 0x000001fb67ce0ee0, 0x000001fb67ce3560, 0x000001fb67ce13b0,
0x000001fb67cde860, 0x000001fb67ce5240, 0x000001fb67cddec0, 0x000001fb67ce1880,
0x000001fb67ce1d50, 0x000001fb67ce3a30, 0x000001fb67ce2220, 0x000001fb67cded30,
0x000001fb67ce26f0, 0x000001fb67ce3f00, 0x000001fb67ce43d0, 0x000001fb67cdf200,
0x000001fb67ce48a0, 0x000001fb67ce5710, 0x000001fb67cdf6d0, 0x000001fb6b94a890,
0x000001fb6b94f590, 0x000001fb6b94ebf0, 0x000001fb6b9520e0, 0x000001fb6b94dd80,
0x000001fb6b94ca40, 0x000001fb6b94cf10, 0x000001fb6b94c0a0, 0x000001fb6b94c570,
0x000001fb6b951270, 0x000001fb6b94d3e0, 0x000001fb6b94ad60, 0x000001fb6b94d8b0,
0x000001fb6b94b230, 0x000001fb6b94fa60, 0x000001fb6b94f0c0, 0x000001fb6b94e250,
0x000001fb6b950400, 0x000001fb6b94e720, 0x000001fb6b94b700, 0x000001fb6b94bbd0,
0x000001fb6b94ff30, 0x000001fb6b9508d0, 0x000001fb6b950da0, 0x000001fb6b951740,
0x000001fb6b951c10, 0x000001fb694de0c0, 0x000001fb694e0c10, 0x000001fb694e0270,
0x000001fb694ddbf0, 0x000001fb694dd250, 0x000001fb694dea60, 0x000001fb694e0740,
0x000001fb694dd720, 0x000001fb694de590, 0x000001fb694def30, 0x000001fb694df400,
0x000001fb694df8d0, 0x000001fb694dfda0, 0x000001fb6932be80, 0x000001fb6932d690,
0x000001fb6932db60, 0x000001fb69328e60, 0x000001fb6932b4e0, 0x000001fb69327b20,
0x000001fb69329330, 0x000001fb693284c0, 0x000001fb69328990, 0x000001fb6932b9b0,
0x000001fb69329800, 0x000001fb6932ab40, 0x000001fb69326310, 0x000001fb6932d1c0,
0x000001fb6932ccf0, 0x000001fb6932a1a0, 0x000001fb69327650, 0x000001fb6932c350,
0x000001fb69327ff0, 0x000001fb693267e0, 0x000001fb69326cb0, 0x000001fb69327180,
0x000001fb69329cd0, 0x000001fb6932a670, 0x000001fb6932b010, 0x000001fb6932c820,
0x000001fb6b96dbf0, 0x000001fb6b96c8b0, 0x000001fb6b96f8d0, 0x000001fb6b96d720,
0x000001fb6b96c3e0, 0x000001fb6b972420, 0x000001fb6b973c30, 0x000001fb6b9728f0,
0x000001fb6b96fda0, 0x000001fb6b96e0c0, 0x000001fb6b970270, 0x000001fb6b970c10,
0x000001fb6b972dc0, 0x000001fb6b973290, 0x000001fb6b973760, 0x000001fb6b96cd80,
0x000001fb6b96f400, 0x000001fb6b96ef30, 0x000001fb6b9710e0, 0x000001fb6b96d250,
0x000001fb6b96e590, 0x000001fb6b96ea60, 0x000001fb6b970740, 0x000001fb6b9715b0,
0x000001fb6b971a80, 0x000001fb6b971f50, 0x000001fb67cbb960, 0x000001fb67cba150,
0x000001fb67cb8940, 0x000001fb67cbe980, 0x000001fb67cbee50, 0x000001fb67cbc7d0,
0x000001fb67cb8470, 0x000001fb67cb92e0, 0x000001fb67cbafc0, 0x000001fb67cb8e10,
0x000001fb67cba620, 0x000001fb67cbf320, 0x000001fb67cb97b0, 0x000001fb67cbc300,
0x000001fb67cbcca0, 0x000001fb67cbdfe0, 0x000001fb6657bda0, 0x000001fb66576bd0,
0x000001fb6657d5b0, 0x000001fb6657e420, 0x000001fb6657cc10, 0x000001fb6657b400,
0x000001fb66577570, 0x000001fb6657df50, 0x000001fb6657b8d0, 0x000001fb66579720,
0x000001fb6657c740, 0x000001fb66577f10, 0x000001fb665770a0
}

Java Threads: ( => current thread )
  0x000001fb479c2600 JavaThread "main" [_thread_blocked, id=1460, stack(0x000000c17e300000,0x000000c17e400000)]
  0x000001fb61c79720 JavaThread "Reference Handler" daemon [_thread_blocked, id=2884, stack(0x000000c17ea00000,0x000000c17eb00000)]
  0x000001fb61c7a590 JavaThread "Finalizer" daemon [_thread_blocked, id=6492, stack(0x000000c17eb00000,0x000000c17ec00000)]
  0x000001fb6280d4e0 JavaThread "Signal Dispatcher" daemon [_thread_blocked, id=1948, stack(0x000000c17ec00000,0x000000c17ed00000)]
  0x000001fb62839400 JavaThread "Attach Listener" daemon [_thread_blocked, id=24412, stack(0x000000c17ed00000,0x000000c17ee00000)]
  0x000001fb62839fb0 JavaThread "Service Thread" daemon [_thread_blocked, id=25420, stack(0x000000c17ee00000,0x000000c17ef00000)]
  0x000001fb6283c970 JavaThread "Monitor Deflation Thread" daemon [_thread_blocked, id=21860, stack(0x000000c17ef00000,0x000000c17f000000)]
  0x000001fb62848c10 JavaThread "C2 CompilerThread0" daemon [_thread_in_native, id=7632, stack(0x000000c17f000000,0x000000c17f100000)]
  0x000001fb6284a6c0 JavaThread "C1 CompilerThread0" daemon [_thread_in_vm, id=18588, stack(0x000000c17f100000,0x000000c17f200000)]
  0x000001fb6284f380 JavaThread "Sweeper thread" daemon [_thread_blocked, id=22364, stack(0x000000c17f200000,0x000000c17f300000)]
  0x000001fb629d1010 JavaThread "Common-Cleaner" daemon [_thread_blocked, id=9404, stack(0x000000c17f300000,0x000000c17f400000)]
  0x000001fb629d34f0 JavaThread "Notification Thread" daemon [_thread_blocked, id=8228, stack(0x000000c17f400000,0x000000c17f500000)]
  0x000001fb62a93820 JavaThread "C2 CompilerThread1" daemon [_thread_in_vm, id=2740, stack(0x000000c17f600000,0x000000c17f700000)]
=>0x000001fb62dd9520 JavaThread "C2 CompilerThread2" daemon [_thread_in_native, id=16944, stack(0x000000c17f700000,0x000000c17f800000)]
  0x000001fb64cae140 JavaThread "Daemon health stats" [_thread_blocked, id=18964, stack(0x000000c17fc00000,0x000000c17fd00000)]
  0x000001fb6336de30 JavaThread "Incoming local TCP Connector on port 51612" [_thread_in_native, id=22072, stack(0x000000c17fd00000,0x000000c17fe00000)]
  0x000001fb6336c620 JavaThread "Daemon periodic checks" [_thread_blocked, id=19048, stack(0x000000c17fe00000,0x000000c17ff00000)]
  0x000001fb6336fb10 JavaThread "Daemon" [_thread_blocked, id=3156, stack(0x000000c17ff00000,0x000000c180000000)]
  0x000001fb6336e7d0 JavaThread "Handler for socket connection from /127.0.0.1:51612 to /127.0.0.1:51613" [_thread_in_native, id=23576, stack(0x000000c100000000,0x000000c100100000)]
  0x000001fb6336c150 JavaThread "Cancel handler" [_thread_blocked, id=2140, stack(0x000000c100100000,0x000000c100200000)]
  0x000001fb6336caf0 JavaThread "Daemon worker" [_thread_blocked, id=25064, stack(0x000000c100200000,0x000000c100300000)]
  0x000001fb6336f170 JavaThread "Asynchronous log dispatcher for DefaultDaemonConnection: socket connection from /127.0.0.1:51612 to /127.0.0.1:51613" [_thread_blocked, id=20592, stack(0x000000c100300000,0x000000c100400000)]
  0x000001fb6336cfc0 JavaThread "Stdin handler" [_thread_blocked, id=22728, stack(0x000000c100400000,0x000000c100500000)]
  0x000001fb6336d960 JavaThread "Daemon client event forwarder" [_thread_blocked, id=20960, stack(0x000000c100500000,0x000000c100600000)]
  0x000001fb6336d490 JavaThread "Cache worker for journal cache (D:\Android\.gradle\caches\journal-1)" [_thread_blocked, id=18100, stack(0x000000c100d00000,0x000000c100e00000)]
  0x000001fb654aede0 JavaThread "File lock request listener" [_thread_in_native, id=3120, stack(0x000000c100e00000,0x000000c100f00000)]
  0x000001fb654aaf50 JavaThread "Cache worker for file hash cache (D:\Android\.gradle\caches\8.0\fileHashes)" [_thread_blocked, id=24424, stack(0x000000c100f00000,0x000000c101000000)]
  0x000001fb654aaa80 JavaThread "File watcher server" daemon [_thread_in_native, id=10400, stack(0x000000c101000000,0x000000c101100000)]
  0x000001fb654af2b0 JavaThread "File watcher consumer" daemon [_thread_blocked, id=24372, stack(0x000000c101100000,0x000000c101200000)]
  0x000001fb654b0ac0 JavaThread "Cache worker for checksums cache (D:\Android\Projects\.gradle\8.0\checksums)" [_thread_blocked, id=19044, stack(0x000000c101200000,0x000000c101300000)]
  0x000001fb654b1460 JavaThread "Cache worker for cache directory md-rule (D:\Android\.gradle\caches\8.0\md-rule)" [_thread_blocked, id=6184, stack(0x000000c101300000,0x000000c101400000)]
  0x000001fb654acc30 JavaThread "Cache worker for file content cache (D:\Android\.gradle\caches\8.0\fileContent)" [_thread_blocked, id=24788, stack(0x000000c101400000,0x000000c101500000)]
  0x000001fb654ac760 JavaThread "Cache worker for file hash cache (D:\Android\Projects\.gradle\8.0\fileHashes)" [_thread_blocked, id=7288, stack(0x000000c101500000,0x000000c101600000)]
  0x000001fb654af780 JavaThread "Cache worker for cache directory md-supplier (D:\Android\.gradle\caches\8.0\md-supplier)" [_thread_blocked, id=3300, stack(0x000000c101600000,0x000000c101700000)]
  0x000001fb654ab8f0 JavaThread "Cache worker for execution history cache (D:\Android\.gradle\caches\8.0\executionHistory)" [_thread_blocked, id=12016, stack(0x000000c101700000,0x000000c101800000)]
  0x000001fb654ad100 JavaThread "jar transforms" [_thread_blocked, id=21648, stack(0x000000c101800000,0x000000c101900000)]
  0x000001fb654b1e00 JavaThread "jar transforms Thread 2" [_thread_blocked, id=15796, stack(0x000000c101900000,0x000000c101a00000)]
  0x000001fb654abdc0 JavaThread "Cache worker for kotlin-dsl (D:\Android\.gradle\caches\8.0\kotlin-dsl)" [_thread_blocked, id=12692, stack(0x000000c101a00000,0x000000c101b00000)]
  0x000001fb654b0120 JavaThread "jar transforms Thread 3" [_thread_blocked, id=16464, stack(0x000000c101b00000,0x000000c101c00000)]
  0x000001fb654b1930 JavaThread "jar transforms Thread 4" [_thread_blocked, id=22884, stack(0x000000c101c00000,0x000000c101d00000)]
  0x000001fb654adaa0 JavaThread "Cache worker for dependencies-accessors (D:\Android\Projects\.gradle\8.0\dependencies-accessors)" [_thread_blocked, id=23596, stack(0x000000c101d00000,0x000000c101e00000)]
  0x000001fb654ae440 JavaThread "Cache worker for Build Output Cleanup Cache (D:\Android\Projects\.gradle\buildOutputCleanup)" [_thread_blocked, id=17308, stack(0x000000c101e00000,0x000000c101f00000)]
  0x000001fb67cdfba0 JavaThread "jar transforms Thread 5" [_thread_blocked, id=19964, stack(0x000000c101f00000,0x000000c102000000)]
  0x000001fb67ce2bc0 JavaThread "Unconstrained build operations" [_thread_blocked, id=11236, stack(0x000000c102000000,0x000000c102100000)]
  0x000001fb67ce0070 JavaThread "Unconstrained build operations Thread 2" [_thread_blocked, id=25264, stack(0x000000c102100000,0x000000c102200000)]
  0x000001fb67ce4d70 JavaThread "Unconstrained build operations Thread 3" [_thread_blocked, id=13564, stack(0x000000c102200000,0x000000c102300000)]
  0x000001fb67cde390 JavaThread "Unconstrained build operations Thread 4" [_thread_blocked, id=1312, stack(0x000000c102300000,0x000000c102400000)]
  0x000001fb67ce3090 JavaThread "Unconstrained build operations Thread 5" [_thread_blocked, id=7388, stack(0x000000c102400000,0x000000c102500000)]
  0x000001fb67ce0540 JavaThread "Unconstrained build operations Thread 6" [_thread_blocked, id=2976, stack(0x000000c102500000,0x000000c102600000)]
  0x000001fb67ce0ee0 JavaThread "Unconstrained build operations Thread 7" [_thread_blocked, id=5784, stack(0x000000c102600000,0x000000c102700000)]
  0x000001fb67ce3560 JavaThread "Unconstrained build operations Thread 8" [_thread_blocked, id=25220, stack(0x000000c102700000,0x000000c102800000)]
  0x000001fb67ce13b0 JavaThread "Unconstrained build operations Thread 9" [_thread_blocked, id=23836, stack(0x000000c102800000,0x000000c102900000)]
  0x000001fb67cde860 JavaThread "Unconstrained build operations Thread 10" [_thread_blocked, id=2912, stack(0x000000c102900000,0x000000c102a00000)]
  0x000001fb67ce5240 JavaThread "Unconstrained build operations Thread 11" [_thread_blocked, id=5228, stack(0x000000c102a00000,0x000000c102b00000)]
  0x000001fb67cddec0 JavaThread "Unconstrained build operations Thread 12" [_thread_blocked, id=18972, stack(0x000000c102b00000,0x000000c102c00000)]
  0x000001fb67ce1880 JavaThread "Unconstrained build operations Thread 13" [_thread_blocked, id=4856, stack(0x000000c102c00000,0x000000c102d00000)]
  0x000001fb67ce1d50 JavaThread "Unconstrained build operations Thread 14" [_thread_blocked, id=21156, stack(0x000000c102d00000,0x000000c102e00000)]
  0x000001fb67ce3a30 JavaThread "Unconstrained build operations Thread 15" [_thread_blocked, id=12716, stack(0x000000c102e00000,0x000000c102f00000)]
  0x000001fb67ce2220 JavaThread "Unconstrained build operations Thread 16" [_thread_blocked, id=12032, stack(0x000000c102f00000,0x000000c103000000)]
  0x000001fb67cded30 JavaThread "Unconstrained build operations Thread 17" [_thread_blocked, id=4376, stack(0x000000c103000000,0x000000c103100000)]
  0x000001fb67ce26f0 JavaThread "Unconstrained build operations Thread 18" [_thread_blocked, id=23972, stack(0x000000c103100000,0x000000c103200000)]
  0x000001fb67ce3f00 JavaThread "Unconstrained build operations Thread 19" [_thread_blocked, id=23580, stack(0x000000c103200000,0x000000c103300000)]
  0x000001fb67ce43d0 JavaThread "Unconstrained build operations Thread 20" [_thread_blocked, id=1924, stack(0x000000c103300000,0x000000c103400000)]
  0x000001fb67cdf200 JavaThread "Unconstrained build operations Thread 21" [_thread_blocked, id=24200, stack(0x000000c103400000,0x000000c103500000)]
  0x000001fb67ce48a0 JavaThread "Unconstrained build operations Thread 22" [_thread_blocked, id=10748, stack(0x000000c103500000,0x000000c103600000)]
  0x000001fb67ce5710 JavaThread "Unconstrained build operations Thread 23" [_thread_blocked, id=5968, stack(0x000000c103600000,0x000000c103700000)]
  0x000001fb67cdf6d0 JavaThread "Unconstrained build operations Thread 24" [_thread_blocked, id=21448, stack(0x000000c103700000,0x000000c103800000)]
  0x000001fb6b94a890 JavaThread "Unconstrained build operations Thread 25" [_thread_blocked, id=25128, stack(0x000000c103800000,0x000000c103900000)]
  0x000001fb6b94f590 JavaThread "Unconstrained build operations Thread 26" [_thread_blocked, id=2640, stack(0x000000c103900000,0x000000c103a00000)]
  0x000001fb6b94ebf0 JavaThread "Unconstrained build operations Thread 27" [_thread_blocked, id=23184, stack(0x000000c103a00000,0x000000c103b00000)]
  0x000001fb6b9520e0 JavaThread "Unconstrained build operations Thread 28" [_thread_blocked, id=24368, stack(0x000000c103b00000,0x000000c103c00000)]
  0x000001fb6b94dd80 JavaThread "Unconstrained build operations Thread 29" [_thread_blocked, id=24040, stack(0x000000c103c00000,0x000000c103d00000)]
  0x000001fb6b94ca40 JavaThread "Unconstrained build operations Thread 30" [_thread_blocked, id=21164, stack(0x000000c103d00000,0x000000c103e00000)]
  0x000001fb6b94cf10 JavaThread "Unconstrained build operations Thread 31" [_thread_blocked, id=13584, stack(0x000000c103e00000,0x000000c103f00000)]
  0x000001fb6b94c0a0 JavaThread "Unconstrained build operations Thread 32" [_thread_blocked, id=21200, stack(0x000000c103f00000,0x000000c104000000)]
  0x000001fb6b94c570 JavaThread "Unconstrained build operations Thread 33" [_thread_blocked, id=21080, stack(0x000000c104000000,0x000000c104100000)]
  0x000001fb6b951270 JavaThread "Unconstrained build operations Thread 34" [_thread_blocked, id=25148, stack(0x000000c104100000,0x000000c104200000)]
  0x000001fb6b94d3e0 JavaThread "Unconstrained build operations Thread 35" [_thread_blocked, id=22684, stack(0x000000c104200000,0x000000c104300000)]
  0x000001fb6b94ad60 JavaThread "Unconstrained build operations Thread 36" [_thread_blocked, id=25204, stack(0x000000c104300000,0x000000c104400000)]
  0x000001fb6b94d8b0 JavaThread "Unconstrained build operations Thread 37" [_thread_blocked, id=24572, stack(0x000000c104400000,0x000000c104500000)]
  0x000001fb6b94b230 JavaThread "Unconstrained build operations Thread 38" [_thread_blocked, id=18040, stack(0x000000c104500000,0x000000c104600000)]
  0x000001fb6b94fa60 JavaThread "Unconstrained build operations Thread 39" [_thread_blocked, id=20420, stack(0x000000c104600000,0x000000c104700000)]
  0x000001fb6b94f0c0 JavaThread "Unconstrained build operations Thread 40" [_thread_blocked, id=11144, stack(0x000000c104700000,0x000000c104800000)]
  0x000001fb6b94e250 JavaThread "Unconstrained build operations Thread 41" [_thread_blocked, id=10916, stack(0x000000c104800000,0x000000c104900000)]
  0x000001fb6b950400 JavaThread "Unconstrained build operations Thread 42" [_thread_blocked, id=21260, stack(0x000000c104900000,0x000000c104a00000)]
  0x000001fb6b94e720 JavaThread "Unconstrained build operations Thread 43" [_thread_blocked, id=14396, stack(0x000000c104a00000,0x000000c104b00000)]
  0x000001fb6b94b700 JavaThread "Unconstrained build operations Thread 44" [_thread_blocked, id=4292, stack(0x000000c104b00000,0x000000c104c00000)]
  0x000001fb6b94bbd0 JavaThread "Unconstrained build operations Thread 45" [_thread_blocked, id=23368, stack(0x000000c104c00000,0x000000c104d00000)]
  0x000001fb6b94ff30 JavaThread "Unconstrained build operations Thread 46" [_thread_blocked, id=25272, stack(0x000000c104d00000,0x000000c104e00000)]
  0x000001fb6b9508d0 JavaThread "Unconstrained build operations Thread 47" [_thread_blocked, id=19332, stack(0x000000c104e00000,0x000000c104f00000)]
  0x000001fb6b950da0 JavaThread "Unconstrained build operations Thread 48" [_thread_blocked, id=6800, stack(0x000000c104f00000,0x000000c105000000)]
  0x000001fb6b951740 JavaThread "Unconstrained build operations Thread 49" [_thread_blocked, id=18684, stack(0x000000c105000000,0x000000c105100000)]
  0x000001fb6b951c10 JavaThread "Unconstrained build operations Thread 50" [_thread_blocked, id=19092, stack(0x000000c105100000,0x000000c105200000)]
  0x000001fb694de0c0 JavaThread "Unconstrained build operations Thread 51" [_thread_blocked, id=23724, stack(0x000000c105200000,0x000000c105300000)]
  0x000001fb694e0c10 JavaThread "Unconstrained build operations Thread 52" [_thread_blocked, id=21288, stack(0x000000c105300000,0x000000c105400000)]
  0x000001fb694e0270 JavaThread "Unconstrained build operations Thread 53" [_thread_blocked, id=25176, stack(0x000000c105400000,0x000000c105500000)]
  0x000001fb694ddbf0 JavaThread "Unconstrained build operations Thread 54" [_thread_blocked, id=19704, stack(0x000000c105500000,0x000000c105600000)]
  0x000001fb694dd250 JavaThread "Unconstrained build operations Thread 55" [_thread_blocked, id=22328, stack(0x000000c105600000,0x000000c105700000)]
  0x000001fb694dea60 JavaThread "Unconstrained build operations Thread 56" [_thread_blocked, id=12236, stack(0x000000c105700000,0x000000c105800000)]
  0x000001fb694e0740 JavaThread "Unconstrained build operations Thread 57" [_thread_blocked, id=20820, stack(0x000000c105800000,0x000000c105900000)]
  0x000001fb694dd720 JavaThread "Unconstrained build operations Thread 58" [_thread_blocked, id=11672, stack(0x000000c105900000,0x000000c105a00000)]
  0x000001fb694de590 JavaThread "Unconstrained build operations Thread 59" [_thread_blocked, id=22632, stack(0x000000c105a00000,0x000000c105b00000)]
  0x000001fb694def30 JavaThread "Unconstrained build operations Thread 60" [_thread_blocked, id=18424, stack(0x000000c105b00000,0x000000c105c00000)]
  0x000001fb694df400 JavaThread "Unconstrained build operations Thread 61" [_thread_blocked, id=25196, stack(0x000000c105c00000,0x000000c105d00000)]
  0x000001fb694df8d0 JavaThread "Unconstrained build operations Thread 62" [_thread_blocked, id=25580, stack(0x000000c105d00000,0x000000c105e00000)]
  0x000001fb694dfda0 JavaThread "Unconstrained build operations Thread 63" [_thread_blocked, id=11828, stack(0x000000c105e00000,0x000000c105f00000)]
  0x000001fb6932be80 JavaThread "Unconstrained build operations Thread 64" [_thread_blocked, id=23644, stack(0x000000c105f00000,0x000000c106000000)]
  0x000001fb6932d690 JavaThread "Unconstrained build operations Thread 65" [_thread_blocked, id=18184, stack(0x000000c106000000,0x000000c106100000)]
  0x000001fb6932db60 JavaThread "Unconstrained build operations Thread 66" [_thread_blocked, id=17612, stack(0x000000c106100000,0x000000c106200000)]
  0x000001fb69328e60 JavaThread "Unconstrained build operations Thread 67" [_thread_blocked, id=25012, stack(0x000000c106200000,0x000000c106300000)]
  0x000001fb6932b4e0 JavaThread "Unconstrained build operations Thread 68" [_thread_blocked, id=22852, stack(0x000000c106300000,0x000000c106400000)]
  0x000001fb69327b20 JavaThread "Unconstrained build operations Thread 69" [_thread_blocked, id=25444, stack(0x000000c106400000,0x000000c106500000)]
  0x000001fb69329330 JavaThread "Unconstrained build operations Thread 70" [_thread_blocked, id=12528, stack(0x000000c106500000,0x000000c106600000)]
  0x000001fb693284c0 JavaThread "Unconstrained build operations Thread 71" [_thread_blocked, id=4732, stack(0x000000c106600000,0x000000c106700000)]
  0x000001fb69328990 JavaThread "Unconstrained build operations Thread 72" [_thread_blocked, id=25460, stack(0x000000c106700000,0x000000c106800000)]
  0x000001fb6932b9b0 JavaThread "Unconstrained build operations Thread 73" [_thread_blocked, id=9680, stack(0x000000c106800000,0x000000c106900000)]
  0x000001fb69329800 JavaThread "Unconstrained build operations Thread 74" [_thread_blocked, id=24732, stack(0x000000c106900000,0x000000c106a00000)]
  0x000001fb6932ab40 JavaThread "Unconstrained build operations Thread 75" [_thread_blocked, id=7908, stack(0x000000c106a00000,0x000000c106b00000)]
  0x000001fb69326310 JavaThread "Unconstrained build operations Thread 76" [_thread_blocked, id=2464, stack(0x000000c106b00000,0x000000c106c00000)]
  0x000001fb6932d1c0 JavaThread "Unconstrained build operations Thread 77" [_thread_blocked, id=15936, stack(0x000000c106c00000,0x000000c106d00000)]
  0x000001fb6932ccf0 JavaThread "Unconstrained build operations Thread 78" [_thread_blocked, id=8284, stack(0x000000c106d00000,0x000000c106e00000)]
  0x000001fb6932a1a0 JavaThread "Unconstrained build operations Thread 79" [_thread_blocked, id=18532, stack(0x000000c106e00000,0x000000c106f00000)]
  0x000001fb69327650 JavaThread "Unconstrained build operations Thread 80" [_thread_blocked, id=20040, stack(0x000000c106f00000,0x000000c107000000)]
  0x000001fb6932c350 JavaThread "Unconstrained build operations Thread 81" [_thread_blocked, id=7768, stack(0x000000c107000000,0x000000c107100000)]
  0x000001fb69327ff0 JavaThread "Unconstrained build operations Thread 82" [_thread_blocked, id=22724, stack(0x000000c107100000,0x000000c107200000)]
  0x000001fb693267e0 JavaThread "Unconstrained build operations Thread 83" [_thread_blocked, id=20588, stack(0x000000c107200000,0x000000c107300000)]
  0x000001fb69326cb0 JavaThread "Unconstrained build operations Thread 84" [_thread_blocked, id=9540, stack(0x000000c107300000,0x000000c107400000)]
  0x000001fb69327180 JavaThread "Unconstrained build operations Thread 85" [_thread_blocked, id=14964, stack(0x000000c107400000,0x000000c107500000)]
  0x000001fb69329cd0 JavaThread "Unconstrained build operations Thread 86" [_thread_blocked, id=9916, stack(0x000000c107500000,0x000000c107600000)]
  0x000001fb6932a670 JavaThread "Unconstrained build operations Thread 87" [_thread_blocked, id=5256, stack(0x000000c107600000,0x000000c107700000)]
  0x000001fb6932b010 JavaThread "Unconstrained build operations Thread 88" [_thread_blocked, id=23556, stack(0x000000c107700000,0x000000c107800000)]
  0x000001fb6932c820 JavaThread "Unconstrained build operations Thread 89" [_thread_blocked, id=23068, stack(0x000000c107800000,0x000000c107900000)]
  0x000001fb6b96dbf0 JavaThread "Unconstrained build operations Thread 90" [_thread_blocked, id=1848, stack(0x000000c107900000,0x000000c107a00000)]
  0x000001fb6b96c8b0 JavaThread "Unconstrained build operations Thread 91" [_thread_blocked, id=24000, stack(0x000000c107a00000,0x000000c107b00000)]
  0x000001fb6b96f8d0 JavaThread "Unconstrained build operations Thread 92" [_thread_blocked, id=16672, stack(0x000000c107b00000,0x000000c107c00000)]
  0x000001fb6b96d720 JavaThread "Unconstrained build operations Thread 93" [_thread_blocked, id=24648, stack(0x000000c107c00000,0x000000c107d00000)]
  0x000001fb6b96c3e0 JavaThread "Unconstrained build operations Thread 94" [_thread_blocked, id=2300, stack(0x000000c107d00000,0x000000c107e00000)]
  0x000001fb6b972420 JavaThread "Unconstrained build operations Thread 95" [_thread_blocked, id=3392, stack(0x000000c107e00000,0x000000c107f00000)]
  0x000001fb6b973c30 JavaThread "Unconstrained build operations Thread 96" [_thread_blocked, id=9140, stack(0x000000c107f00000,0x000000c108000000)]
  0x000001fb6b9728f0 JavaThread "Unconstrained build operations Thread 97" [_thread_blocked, id=15388, stack(0x000000c108000000,0x000000c108100000)]
  0x000001fb6b96fda0 JavaThread "Unconstrained build operations Thread 98" [_thread_blocked, id=25568, stack(0x000000c108100000,0x000000c108200000)]
  0x000001fb6b96e0c0 JavaThread "Unconstrained build operations Thread 99" [_thread_blocked, id=11500, stack(0x000000c108200000,0x000000c108300000)]
  0x000001fb6b970270 JavaThread "Unconstrained build operations Thread 100" [_thread_blocked, id=24936, stack(0x000000c108300000,0x000000c108400000)]
  0x000001fb6b970c10 JavaThread "Unconstrained build operations Thread 101" [_thread_blocked, id=19960, stack(0x000000c108400000,0x000000c108500000)]
  0x000001fb6b972dc0 JavaThread "Unconstrained build operations Thread 102" [_thread_blocked, id=24124, stack(0x000000c108500000,0x000000c108600000)]
  0x000001fb6b973290 JavaThread "Unconstrained build operations Thread 103" [_thread_blocked, id=24892, stack(0x000000c108600000,0x000000c108700000)]
  0x000001fb6b973760 JavaThread "Unconstrained build operations Thread 104" [_thread_blocked, id=3160, stack(0x000000c108700000,0x000000c108800000)]
  0x000001fb6b96cd80 JavaThread "Unconstrained build operations Thread 105" [_thread_blocked, id=12840, stack(0x000000c108800000,0x000000c108900000)]
  0x000001fb6b96f400 JavaThread "Unconstrained build operations Thread 106" [_thread_blocked, id=24736, stack(0x000000c108900000,0x000000c108a00000)]
  0x000001fb6b96ef30 JavaThread "Unconstrained build operations Thread 107" [_thread_blocked, id=23892, stack(0x000000c108a00000,0x000000c108b00000)]
  0x000001fb6b9710e0 JavaThread "Unconstrained build operations Thread 108" [_thread_blocked, id=24960, stack(0x000000c108b00000,0x000000c108c00000)]
  0x000001fb6b96d250 JavaThread "Unconstrained build operations Thread 109" [_thread_blocked, id=21428, stack(0x000000c108c00000,0x000000c108d00000)]
  0x000001fb6b96e590 JavaThread "Unconstrained build operations Thread 110" [_thread_blocked, id=20012, stack(0x000000c108d00000,0x000000c108e00000)]
  0x000001fb6b96ea60 JavaThread "Unconstrained build operations Thread 111" [_thread_blocked, id=18156, stack(0x000000c108e00000,0x000000c108f00000)]
  0x000001fb6b970740 JavaThread "Unconstrained build operations Thread 112" [_thread_blocked, id=25084, stack(0x000000c108f00000,0x000000c109000000)]
  0x000001fb6b9715b0 JavaThread "Unconstrained build operations Thread 113" [_thread_blocked, id=25412, stack(0x000000c109000000,0x000000c109100000)]
  0x000001fb6b971a80 JavaThread "Unconstrained build operations Thread 114" [_thread_blocked, id=6520, stack(0x000000c109100000,0x000000c109200000)]
  0x000001fb6b971f50 JavaThread "Unconstrained build operations Thread 115" [_thread_blocked, id=5648, stack(0x000000c109200000,0x000000c109300000)]
  0x000001fb67cbb960 JavaThread "Unconstrained build operations Thread 116" [_thread_blocked, id=22240, stack(0x000000c109300000,0x000000c109400000)]
  0x000001fb67cba150 JavaThread "Unconstrained build operations Thread 117" [_thread_blocked, id=1324, stack(0x000000c109400000,0x000000c109500000)]
  0x000001fb67cb8940 JavaThread "Unconstrained build operations Thread 118" [_thread_blocked, id=6708, stack(0x000000c109500000,0x000000c109600000)]
  0x000001fb67cbe980 JavaThread "Unconstrained build operations Thread 119" [_thread_blocked, id=24228, stack(0x000000c109600000,0x000000c109700000)]
  0x000001fb67cbee50 JavaThread "Unconstrained build operations Thread 120" [_thread_blocked, id=15400, stack(0x000000c109700000,0x000000c109800000)]
  0x000001fb67cbc7d0 JavaThread "jar transforms Thread 6" [_thread_blocked, id=10540, stack(0x000000c109800000,0x000000c109900000)]
  0x000001fb67cb8470 JavaThread "jar transforms Thread 7" [_thread_blocked, id=22996, stack(0x000000c109900000,0x000000c109a00000)]
  0x000001fb67cb92e0 JavaThread "jar transforms Thread 8" [_thread_blocked, id=24644, stack(0x000000c109a00000,0x000000c109b00000)]
  0x000001fb67cbafc0 JavaThread "jar transforms Thread 9" [_thread_blocked, id=18552, stack(0x000000c109b00000,0x000000c109c00000)]
  0x000001fb67cb8e10 JavaThread "jar transforms Thread 10" [_thread_blocked, id=24584, stack(0x000000c109c00000,0x000000c109d00000)]
  0x000001fb67cba620 JavaThread "jar transforms Thread 11" [_thread_blocked, id=24956, stack(0x000000c109d00000,0x000000c109e00000)]
  0x000001fb67cbf320 JavaThread "jar transforms Thread 12" [_thread_blocked, id=14424, stack(0x000000c109e00000,0x000000c109f00000)]
  0x000001fb67cb97b0 JavaThread "build event listener" [_thread_blocked, id=22332, stack(0x000000c10a000000,0x000000c10a100000)]
  0x000001fb67cbc300 JavaThread "Memory manager" [_thread_blocked, id=8044, stack(0x000000c10a100000,0x000000c10a200000)]
  0x000001fb67cbcca0 JavaThread "build event listener" [_thread_blocked, id=7240, stack(0x000000c10a200000,0x000000c10a300000)]
  0x000001fb67cbdfe0 JavaThread "build event listener" [_thread_blocked, id=25180, stack(0x000000c10a300000,0x000000c10a400000)]
  0x000001fb6657bda0 JavaThread "included builds" [_thread_blocked, id=11180, stack(0x000000c10a400000,0x000000c10a500000)]
  0x000001fb66576bd0 JavaThread "Execution worker" [_thread_blocked, id=10948, stack(0x000000c10a500000,0x000000c10a600000)]
  0x000001fb6657d5b0 JavaThread "Execution worker Thread 2" [_thread_blocked, id=2180, stack(0x000000c10a600000,0x000000c10a700000)]
  0x000001fb6657e420 JavaThread "Execution worker Thread 3" [_thread_blocked, id=17528, stack(0x000000c10a700000,0x000000c10a800000)]
  0x000001fb6657cc10 JavaThread "Execution worker Thread 4" [_thread_blocked, id=12992, stack(0x000000c10a800000,0x000000c10a900000)]
  0x000001fb6657b400 JavaThread "Execution worker Thread 5" [_thread_in_vm, id=24792, stack(0x000000c10a900000,0x000000c10aa00000)]
  0x000001fb66577570 JavaThread "Execution worker Thread 6" [_thread_blocked, id=17552, stack(0x000000c10aa00000,0x000000c10ab00000)]
  0x000001fb6657df50 JavaThread "Execution worker Thread 7" [_thread_blocked, id=23852, stack(0x000000c10ab00000,0x000000c10ac00000)]
  0x000001fb6657b8d0 JavaThread "Execution worker Thread 8" [_thread_blocked, id=3020, stack(0x000000c10ac00000,0x000000c10ad00000)]
  0x000001fb66579720 JavaThread "Execution worker Thread 9" [_thread_blocked, id=19280, stack(0x000000c10ad00000,0x000000c10ae00000)]
  0x000001fb6657c740 JavaThread "Execution worker Thread 10" [_thread_blocked, id=3612, stack(0x000000c10ae00000,0x000000c10af00000)]
  0x000001fb66577f10 JavaThread "Execution worker Thread 11" [_thread_blocked, id=21048, stack(0x000000c10af00000,0x000000c10b000000)]
  0x000001fb665770a0 JavaThread "Cache worker for execution history cache (D:\Android\Projects\.gradle\8.0\executionHistory)" [_thread_blocked, id=17292, stack(0x000000c10b000000,0x000000c10b100000)]

Other Threads:
  0x000001fb61c75a00 VMThread "VM Thread" [stack: 0x000000c17e900000,0x000000c17ea00000] [id=15012]
  0x000001fb629d79e0 WatcherThread [stack: 0x000000c17f500000,0x000000c17f600000] [id=20564]
  0x000001fb47a1dac0 GCTaskThread "GC Thread#0" [stack: 0x000000c17e400000,0x000000c17e500000] [id=25416]
  0x000001fb63704880 GCTaskThread "GC Thread#1" [stack: 0x000000c17f800000,0x000000c17f900000] [id=9100]
  0x000001fb637e4fc0 GCTaskThread "GC Thread#2" [stack: 0x000000c17f900000,0x000000c17fa00000] [id=20532]
  0x000001fb6384e330 GCTaskThread "GC Thread#3" [stack: 0x000000c17fa00000,0x000000c17fb00000] [id=23624]
  0x000001fb63faccd0 GCTaskThread "GC Thread#4" [stack: 0x000000c17fb00000,0x000000c17fc00000] [id=8616]
  0x000001fb65167040 GCTaskThread "GC Thread#5" [stack: 0x000000c100600000,0x000000c100700000] [id=24136]
  0x000001fb64317040 GCTaskThread "GC Thread#6" [stack: 0x000000c100700000,0x000000c100800000] [id=3720]
  0x000001fb638b3220 GCTaskThread "GC Thread#7" [stack: 0x000000c100800000,0x000000c100900000] [id=11412]
  0x000001fb63e83900 GCTaskThread "GC Thread#8" [stack: 0x000000c100900000,0x000000c100a00000] [id=23500]
  0x000001fb63c17b50 GCTaskThread "GC Thread#9" [stack: 0x000000c100a00000,0x000000c100b00000] [id=21136]
  0x000001fb47a2ea00 ConcurrentGCThread "G1 Main Marker" [stack: 0x000000c17e500000,0x000000c17e600000] [id=19524]
  0x000001fb47a2fbb0 ConcurrentGCThread "G1 Conc#0" [stack: 0x000000c17e600000,0x000000c17e700000] [id=23872]
  0x000001fb654b9120 ConcurrentGCThread "G1 Conc#1" [stack: 0x000000c100b00000,0x000000c100c00000] [id=18496]
  0x000001fb655d6c60 ConcurrentGCThread "G1 Conc#2" [stack: 0x000000c100c00000,0x000000c100d00000] [id=19544]
  0x000001fb47a7e050 ConcurrentGCThread "G1 Refine#0" [stack: 0x000000c17e700000,0x000000c17e800000] [id=24340]
  0x000001fb69998a70 ConcurrentGCThread "G1 Refine#1" [stack: 0x000000c109f00000,0x000000c10a000000] [id=10980]
  0x000001fb47a7ea70 ConcurrentGCThread "G1 Service" [stack: 0x000000c17e800000,0x000000c17e900000] [id=14152]

Threads with active compile tasks:
C2 CompilerThread0     8491 11055       4       com.google.common.collect.ImmutableMap$Builder::build (166 bytes)
C2 CompilerThread1     8491 11185       4       java.io.File::<init> (47 bytes)
C2 CompilerThread2     8491 10740   !   4       org.gradle.internal.instantiation.generator.DependencyInjectingInstantiator::doCreate (64 bytes)

VM state: not at safepoint (normal execution)

VM Mutex/Monitor currently owned by a thread: None

Heap address: 0x0000000080000000, size: 2048 MB, Compressed Oops mode: 32-bit

CDS archive(s) not mapped
Compressed class space mapped at: 0x0000000100000000-0x0000000140000000, reserved size: 1073741824
Narrow klass base: 0x0000000000000000, Narrow klass shift: 3, Narrow klass range: 0x140000000

GC Precious Log:
 CPUs: 12 total, 12 available
 Memory: 7521M
 Large Page Support: Disabled
 NUMA Support: Disabled
 Compressed Oops: Enabled (32-bit)
 Heap Region Size: 1M
 Heap Min Capacity: 8M
 Heap Initial Capacity: 118M
 Heap Max Capacity: 2G
 Pre-touch: Disabled
 Parallel Workers: 10
 Concurrent Workers: 3
 Concurrent Refinement Workers: 10
 Periodic GC: Disabled

Heap:
 garbage-first heap   total 175104K, used 138071K [0x0000000080000000, 0x0000000100000000)
  region size 1024K, 48 young (49152K), 1 survivors (1024K)
 Metaspace       used 96515K, committed 97216K, reserved 1138688K
  class space    used 13346K, committed 13632K, reserved 1048576K

Heap Regions: E=young(eden), S=young(survivor), O=old, HS=humongous(starts), HC=humongous(continues), CS=collection set, F=free, OA=open archive, CA=closed archive, TAMS=top-at-mark-start (previous, next)
|   0|0x0000000080000000, 0x0000000080100000, 0x0000000080100000|100%|HS|  |TAMS 0x0000000080100000, 0x0000000080000000| Complete 
|   1|0x0000000080100000, 0x0000000080200000, 0x0000000080200000|100%|HC|  |TAMS 0x0000000080200000, 0x0000000080100000| Complete 
|   2|0x0000000080200000, 0x0000000080300000, 0x0000000080300000|100%|HC|  |TAMS 0x0000000080300000, 0x0000000080200000| Complete 
|   3|0x0000000080300000, 0x0000000080400000, 0x0000000080400000|100%|HC|  |TAMS 0x0000000080400000, 0x0000000080300000| Complete 
|   4|0x0000000080400000, 0x0000000080500000, 0x0000000080500000|100%| O|  |TAMS 0x0000000080500000, 0x0000000080400000| Untracked 
|   5|0x0000000080500000, 0x0000000080600000, 0x0000000080600000|100%| O|  |TAMS 0x0000000080600000, 0x0000000080500000| Untracked 
|   6|0x0000000080600000, 0x0000000080700000, 0x0000000080700000|100%| O|  |TAMS 0x0000000080700000, 0x0000000080600000| Untracked 
|   7|0x0000000080700000, 0x0000000080800000, 0x0000000080800000|100%| O|  |TAMS 0x0000000080800000, 0x0000000080700000| Untracked 
|   8|0x0000000080800000, 0x0000000080900000, 0x0000000080900000|100%| O|  |TAMS 0x0000000080900000, 0x0000000080800000| Untracked 
|   9|0x0000000080900000, 0x0000000080a00000, 0x0000000080a00000|100%| O|  |TAMS 0x0000000080a00000, 0x0000000080900000| Untracked 
|  10|0x0000000080a00000, 0x0000000080b00000, 0x0000000080b00000|100%| O|  |TAMS 0x0000000080b00000, 0x0000000080a00000| Untracked 
|  11|0x0000000080b00000, 0x0000000080c00000, 0x0000000080c00000|100%| O|  |TAMS 0x0000000080c00000, 0x0000000080b00000| Untracked 
|  12|0x0000000080c00000, 0x0000000080d00000, 0x0000000080d00000|100%| O|  |TAMS 0x0000000080d00000, 0x0000000080c00000| Untracked 
|  13|0x0000000080d00000, 0x0000000080e00000, 0x0000000080e00000|100%| O|  |TAMS 0x0000000080e00000, 0x0000000080d00000| Untracked 
|  14|0x0000000080e00000, 0x0000000080f00000, 0x0000000080f00000|100%| O|  |TAMS 0x0000000080f00000, 0x0000000080e00000| Untracked 
|  15|0x0000000080f00000, 0x0000000081000000, 0x0000000081000000|100%| O|  |TAMS 0x0000000081000000, 0x0000000080f00000| Untracked 
|  16|0x0000000081000000, 0x0000000081100000, 0x0000000081100000|100%| O|  |TAMS 0x0000000081100000, 0x0000000081000000| Untracked 
|  17|0x0000000081100000, 0x0000000081200000, 0x0000000081200000|100%| O|  |TAMS 0x0000000081200000, 0x0000000081100000| Untracked 
|  18|0x0000000081200000, 0x0000000081300000, 0x0000000081300000|100%| O|  |TAMS 0x0000000081300000, 0x0000000081200000| Untracked 
|  19|0x0000000081300000, 0x0000000081400000, 0x0000000081400000|100%| O|  |TAMS 0x0000000081400000, 0x0000000081300000| Untracked 
|  20|0x0000000081400000, 0x0000000081500000, 0x0000000081500000|100%| O|  |TAMS 0x0000000081500000, 0x0000000081400000| Untracked 
|  21|0x0000000081500000, 0x0000000081500000, 0x0000000081600000|  0%| F|  |TAMS 0x0000000081500000, 0x0000000081500000| Untracked 
|  22|0x0000000081600000, 0x0000000081700000, 0x0000000081700000|100%| O|  |TAMS 0x0000000081700000, 0x0000000081600000| Untracked 
|  23|0x0000000081700000, 0x0000000081800000, 0x0000000081800000|100%| O|  |TAMS 0x0000000081800000, 0x0000000081700000| Untracked 
|  24|0x0000000081800000, 0x0000000081900000, 0x0000000081900000|100%|HS|  |TAMS 0x0000000081900000, 0x0000000081800000| Complete 
|  25|0x0000000081900000, 0x0000000081a00000, 0x0000000081a00000|100%|HS|  |TAMS 0x0000000081a00000, 0x0000000081900000| Complete 
|  26|0x0000000081a00000, 0x0000000081b00000, 0x0000000081b00000|100%| O|  |TAMS 0x0000000081b00000, 0x0000000081a00000| Untracked 
|  27|0x0000000081b00000, 0x0000000081c00000, 0x0000000081c00000|100%| O|  |TAMS 0x0000000081c00000, 0x0000000081b00000| Untracked 
|  28|0x0000000081c00000, 0x0000000081d00000, 0x0000000081d00000|100%| O|  |TAMS 0x0000000081d00000, 0x0000000081c00000| Untracked 
|  29|0x0000000081d00000, 0x0000000081e00000, 0x0000000081e00000|100%| O|  |TAMS 0x0000000081e00000, 0x0000000081d00000| Untracked 
|  30|0x0000000081e00000, 0x0000000081f00000, 0x0000000081f00000|100%| O|  |TAMS 0x0000000081f00000, 0x0000000081e00000| Untracked 
|  31|0x0000000081f00000, 0x0000000082000000, 0x0000000082000000|100%|HS|  |TAMS 0x0000000082000000, 0x0000000081f00000| Complete 
|  32|0x0000000082000000, 0x0000000082100000, 0x0000000082100000|100%|HC|  |TAMS 0x0000000082100000, 0x0000000082000000| Complete 
|  33|0x0000000082100000, 0x0000000082200000, 0x0000000082200000|100%|HS|  |TAMS 0x0000000082200000, 0x0000000082100000| Complete 
|  34|0x0000000082200000, 0x0000000082300000, 0x0000000082300000|100%|HS|  |TAMS 0x0000000082300000, 0x0000000082200000| Complete 
|  35|0x0000000082300000, 0x0000000082400000, 0x0000000082400000|100%|HC|  |TAMS 0x0000000082400000, 0x0000000082300000| Complete 
|  36|0x0000000082400000, 0x0000000082500000, 0x0000000082500000|100%|HC|  |TAMS 0x0000000082500000, 0x0000000082400000| Complete 
|  37|0x0000000082500000, 0x0000000082600000, 0x0000000082600000|100%|HC|  |TAMS 0x0000000082600000, 0x0000000082500000| Complete 
|  38|0x0000000082600000, 0x0000000082700000, 0x0000000082700000|100%| O|  |TAMS 0x0000000082700000, 0x0000000082600000| Untracked 
|  39|0x0000000082700000, 0x0000000082800000, 0x0000000082800000|100%| O|  |TAMS 0x0000000082800000, 0x0000000082700000| Untracked 
|  40|0x0000000082800000, 0x0000000082900000, 0x0000000082900000|100%| O|  |TAMS 0x0000000082900000, 0x0000000082800000| Untracked 
|  41|0x0000000082900000, 0x0000000082a00000, 0x0000000082a00000|100%| O|  |TAMS 0x0000000082a00000, 0x0000000082900000| Untracked 
|  42|0x0000000082a00000, 0x0000000082b00000, 0x0000000082b00000|100%| O|  |TAMS 0x0000000082b00000, 0x0000000082a00000| Untracked 
|  43|0x0000000082b00000, 0x0000000082c00000, 0x0000000082c00000|100%| O|  |TAMS 0x0000000082c00000, 0x0000000082b00000| Untracked 
|  44|0x0000000082c00000, 0x0000000082d00000, 0x0000000082d00000|100%| O|  |TAMS 0x0000000082d00000, 0x0000000082c00000| Untracked 
|  45|0x0000000082d00000, 0x0000000082e00000, 0x0000000082e00000|100%| O|  |TAMS 0x0000000082e00000, 0x0000000082d00000| Untracked 
|  46|0x0000000082e00000, 0x0000000082f00000, 0x0000000082f00000|100%| O|  |TAMS 0x0000000082f00000, 0x0000000082e00000| Untracked 
|  47|0x0000000082f00000, 0x0000000083000000, 0x0000000083000000|100%| O|  |TAMS 0x0000000083000000, 0x0000000082f00000| Untracked 
|  48|0x0000000083000000, 0x0000000083100000, 0x0000000083100000|100%| O|  |TAMS 0x0000000083100000, 0x0000000083000000| Untracked 
|  49|0x0000000083100000, 0x0000000083200000, 0x0000000083200000|100%| O|  |TAMS 0x0000000083200000, 0x0000000083100000| Untracked 
|  50|0x0000000083200000, 0x0000000083300000, 0x0000000083300000|100%| O|  |TAMS 0x0000000083300000, 0x0000000083200000| Untracked 
|  51|0x0000000083300000, 0x0000000083400000, 0x0000000083400000|100%| O|  |TAMS 0x0000000083400000, 0x0000000083300000| Untracked 
|  52|0x0000000083400000, 0x0000000083500000, 0x0000000083500000|100%| O|  |TAMS 0x0000000083500000, 0x0000000083400000| Untracked 
|  53|0x0000000083500000, 0x0000000083600000, 0x0000000083600000|100%| O|  |TAMS 0x0000000083600000, 0x0000000083500000| Untracked 
|  54|0x0000000083600000, 0x0000000083700000, 0x0000000083700000|100%| O|  |TAMS 0x0000000083700000, 0x0000000083600000| Untracked 
|  55|0x0000000083700000, 0x0000000083800000, 0x0000000083800000|100%| O|  |TAMS 0x0000000083800000, 0x0000000083700000| Untracked 
|  56|0x0000000083800000, 0x0000000083900000, 0x0000000083900000|100%| O|  |TAMS 0x0000000083900000, 0x0000000083800000| Untracked 
|  57|0x0000000083900000, 0x0000000083a00000, 0x0000000083a00000|100%| O|  |TAMS 0x0000000083a00000, 0x0000000083900000| Untracked 
|  58|0x0000000083a00000, 0x0000000083b00000, 0x0000000083b00000|100%| O|  |TAMS 0x0000000083b00000, 0x0000000083a00000| Untracked 
|  59|0x0000000083b00000, 0x0000000083c00000, 0x0000000083c00000|100%| O|  |TAMS 0x0000000083c00000, 0x0000000083b00000| Untracked 
|  60|0x0000000083c00000, 0x0000000083d00000, 0x0000000083d00000|100%| O|  |TAMS 0x0000000083d00000, 0x0000000083c00000| Untracked 
|  61|0x0000000083d00000, 0x0000000083e00000, 0x0000000083e00000|100%| O|  |TAMS 0x0000000083e00000, 0x0000000083d00000| Untracked 
|  62|0x0000000083e00000, 0x0000000083f00000, 0x0000000083f00000|100%| O|  |TAMS 0x0000000083f00000, 0x0000000083e00000| Untracked 
|  63|0x0000000083f00000, 0x0000000084000000, 0x0000000084000000|100%| O|  |TAMS 0x0000000084000000, 0x0000000083f00000| Untracked 
|  64|0x0000000084000000, 0x0000000084100000, 0x0000000084100000|100%| O|  |TAMS 0x0000000084100000, 0x0000000084000000| Untracked 
|  65|0x0000000084100000, 0x0000000084200000, 0x0000000084200000|100%| O|  |TAMS 0x0000000084200000, 0x0000000084100000| Untracked 
|  66|0x0000000084200000, 0x0000000084300000, 0x0000000084300000|100%| O|  |TAMS 0x0000000084300000, 0x0000000084200000| Untracked 
|  67|0x0000000084300000, 0x0000000084400000, 0x0000000084400000|100%| O|  |TAMS 0x0000000084400000, 0x0000000084300000| Untracked 
|  68|0x0000000084400000, 0x0000000084500000, 0x0000000084500000|100%| O|  |TAMS 0x0000000084500000, 0x0000000084400000| Untracked 
|  69|0x0000000084500000, 0x0000000084600000, 0x0000000084600000|100%| O|  |TAMS 0x0000000084600000, 0x0000000084500000| Untracked 
|  70|0x0000000084600000, 0x0000000084700000, 0x0000000084700000|100%| O|  |TAMS 0x0000000084700000, 0x0000000084600000| Untracked 
|  71|0x0000000084700000, 0x0000000084800000, 0x0000000084800000|100%| O|  |TAMS 0x0000000084800000, 0x0000000084700000| Untracked 
|  72|0x0000000084800000, 0x0000000084900000, 0x0000000084900000|100%| O|  |TAMS 0x0000000084900000, 0x0000000084800000| Untracked 
|  73|0x0000000084900000, 0x0000000084a00000, 0x0000000084a00000|100%| O|  |TAMS 0x0000000084a00000, 0x0000000084900000| Untracked 
|  74|0x0000000084a00000, 0x0000000084b00000, 0x0000000084b00000|100%| O|  |TAMS 0x0000000084b00000, 0x0000000084a00000| Untracked 
|  75|0x0000000084b00000, 0x0000000084c00000, 0x0000000084c00000|100%| O|  |TAMS 0x0000000084c00000, 0x0000000084b00000| Untracked 
|  76|0x0000000084c00000, 0x0000000084d00000, 0x0000000084d00000|100%| O|  |TAMS 0x0000000084d00000, 0x0000000084c00000| Untracked 
|  77|0x0000000084d00000, 0x0000000084e00000, 0x0000000084e00000|100%| O|  |TAMS 0x0000000084e00000, 0x0000000084d00000| Untracked 
|  78|0x0000000084e00000, 0x0000000084f00000, 0x0000000084f00000|100%| O|  |TAMS 0x0000000084e31c00, 0x0000000084e00000| Untracked 
|  79|0x0000000084f00000, 0x0000000085000000, 0x0000000085000000|100%| O|  |TAMS 0x0000000084f00000, 0x0000000084f00000| Untracked 
|  80|0x0000000085000000, 0x0000000085100000, 0x0000000085100000|100%| O|  |TAMS 0x0000000085000000, 0x0000000085000000| Untracked 
|  81|0x0000000085100000, 0x0000000085200000, 0x0000000085200000|100%| O|  |TAMS 0x0000000085100000, 0x0000000085100000| Untracked 
|  82|0x0000000085200000, 0x0000000085300000, 0x0000000085300000|100%| O|  |TAMS 0x0000000085200000, 0x0000000085200000| Untracked 
|  83|0x0000000085300000, 0x0000000085400000, 0x0000000085400000|100%| O|  |TAMS 0x0000000085300000, 0x0000000085300000| Untracked 
|  84|0x0000000085400000, 0x0000000085500000, 0x0000000085500000|100%| O|  |TAMS 0x0000000085400000, 0x0000000085400000| Untracked 
|  85|0x0000000085500000, 0x0000000085600000, 0x0000000085600000|100%| O|  |TAMS 0x0000000085500000, 0x0000000085500000| Untracked 
|  86|0x0000000085600000, 0x0000000085700000, 0x0000000085700000|100%| O|  |TAMS 0x0000000085600000, 0x0000000085600000| Untracked 
|  87|0x0000000085700000, 0x0000000085800000, 0x0000000085800000|100%| O|  |TAMS 0x0000000085700000, 0x0000000085700000| Untracked 
|  88|0x0000000085800000, 0x0000000085900000, 0x0000000085900000|100%| O|  |TAMS 0x0000000085800000, 0x0000000085800000| Untracked 
|  89|0x0000000085900000, 0x00000000859d5c00, 0x0000000085a00000| 83%| O|  |TAMS 0x0000000085900000, 0x0000000085900000| Untracked 
|  90|0x0000000085a00000, 0x0000000085a00000, 0x0000000085b00000|  0%| F|  |TAMS 0x0000000085a00000, 0x0000000085a00000| Untracked 
|  91|0x0000000085b00000, 0x0000000085b00000, 0x0000000085c00000|  0%| F|  |TAMS 0x0000000085b00000, 0x0000000085b00000| Untracked 
|  92|0x0000000085c00000, 0x0000000085c00000, 0x0000000085d00000|  0%| F|  |TAMS 0x0000000085c00000, 0x0000000085c00000| Untracked 
|  93|0x0000000085d00000, 0x0000000085d00000, 0x0000000085e00000|  0%| F|  |TAMS 0x0000000085d00000, 0x0000000085d00000| Untracked 
|  94|0x0000000085e00000, 0x0000000085e00000, 0x0000000085f00000|  0%| F|  |TAMS 0x0000000085e00000, 0x0000000085e00000| Untracked 
|  95|0x0000000085f00000, 0x0000000085f00000, 0x0000000086000000|  0%| F|  |TAMS 0x0000000085f00000, 0x0000000085f00000| Untracked 
|  96|0x0000000086000000, 0x0000000086000000, 0x0000000086100000|  0%| F|  |TAMS 0x0000000086000000, 0x0000000086000000| Untracked 
|  97|0x0000000086100000, 0x0000000086100000, 0x0000000086200000|  0%| F|  |TAMS 0x0000000086100000, 0x0000000086100000| Untracked 
|  98|0x0000000086200000, 0x0000000086200000, 0x0000000086300000|  0%| F|  |TAMS 0x0000000086200000, 0x0000000086200000| Untracked 
|  99|0x0000000086300000, 0x0000000086300000, 0x0000000086400000|  0%| F|  |TAMS 0x0000000086300000, 0x0000000086300000| Untracked 
| 100|0x0000000086400000, 0x0000000086400000, 0x0000000086500000|  0%| F|  |TAMS 0x0000000086400000, 0x0000000086400000| Untracked 
| 101|0x0000000086500000, 0x0000000086500000, 0x0000000086600000|  0%| F|  |TAMS 0x0000000086500000, 0x0000000086500000| Untracked 
| 102|0x0000000086600000, 0x0000000086600000, 0x0000000086700000|  0%| F|  |TAMS 0x0000000086600000, 0x0000000086600000| Untracked 
| 103|0x0000000086700000, 0x0000000086700000, 0x0000000086800000|  0%| F|  |TAMS 0x0000000086700000, 0x0000000086700000| Untracked 
| 104|0x0000000086800000, 0x0000000086800000, 0x0000000086900000|  0%| F|  |TAMS 0x0000000086800000, 0x0000000086800000| Untracked 
| 105|0x0000000086900000, 0x0000000086900000, 0x0000000086a00000|  0%| F|  |TAMS 0x0000000086900000, 0x0000000086900000| Untracked 
| 106|0x0000000086a00000, 0x0000000086a00000, 0x0000000086b00000|  0%| F|  |TAMS 0x0000000086a00000, 0x0000000086a00000| Untracked 
| 107|0x0000000086b00000, 0x0000000086b00000, 0x0000000086c00000|  0%| F|  |TAMS 0x0000000086b00000, 0x0000000086b00000| Untracked 
| 108|0x0000000086c00000, 0x0000000086c00000, 0x0000000086d00000|  0%| F|  |TAMS 0x0000000086c00000, 0x0000000086c00000| Untracked 
| 109|0x0000000086d00000, 0x0000000086d00000, 0x0000000086e00000|  0%| F|  |TAMS 0x0000000086d00000, 0x0000000086d00000| Untracked 
| 110|0x0000000086e00000, 0x0000000086e00000, 0x0000000086f00000|  0%| F|  |TAMS 0x0000000086e00000, 0x0000000086e00000| Untracked 
| 111|0x0000000086f00000, 0x0000000086f00000, 0x0000000087000000|  0%| F|  |TAMS 0x0000000086f00000, 0x0000000086f00000| Untracked 
| 112|0x0000000087000000, 0x0000000087000000, 0x0000000087100000|  0%| F|  |TAMS 0x0000000087000000, 0x0000000087000000| Untracked 
| 113|0x0000000087100000, 0x0000000087100000, 0x0000000087200000|  0%| F|  |TAMS 0x0000000087100000, 0x0000000087100000| Untracked 
| 114|0x0000000087200000, 0x0000000087200000, 0x0000000087300000|  0%| F|  |TAMS 0x0000000087200000, 0x0000000087200000| Untracked 
| 115|0x0000000087300000, 0x0000000087300000, 0x0000000087400000|  0%| F|  |TAMS 0x0000000087300000, 0x0000000087300000| Untracked 
| 116|0x0000000087400000, 0x0000000087400000, 0x0000000087500000|  0%| F|  |TAMS 0x0000000087400000, 0x0000000087400000| Untracked 
| 117|0x0000000087500000, 0x0000000087500000, 0x0000000087600000|  0%| F|  |TAMS 0x0000000087500000, 0x0000000087500000| Untracked 
| 118|0x0000000087600000, 0x0000000087600000, 0x0000000087700000|  0%| F|  |TAMS 0x0000000087600000, 0x0000000087600000| Untracked 
| 119|0x0000000087700000, 0x0000000087700000, 0x0000000087800000|  0%| F|  |TAMS 0x0000000087700000, 0x0000000087700000| Untracked 
| 120|0x0000000087800000, 0x0000000087800000, 0x0000000087900000|  0%| F|  |TAMS 0x0000000087800000, 0x0000000087800000| Untracked 
| 121|0x0000000087900000, 0x0000000087900000, 0x0000000087a00000|  0%| F|  |TAMS 0x0000000087900000, 0x0000000087900000| Untracked 
| 122|0x0000000087a00000, 0x0000000087a00000, 0x0000000087b00000|  0%| F|  |TAMS 0x0000000087a00000, 0x0000000087a00000| Untracked 
| 123|0x0000000087b00000, 0x0000000087b48770, 0x0000000087c00000| 28%| E|  |TAMS 0x0000000087b00000, 0x0000000087b00000| Complete 
| 124|0x0000000087c00000, 0x0000000087d00000, 0x0000000087d00000|100%| E|CS|TAMS 0x0000000087c00000, 0x0000000087c00000| Complete 
| 125|0x0000000087d00000, 0x0000000087e00000, 0x0000000087e00000|100%| E|CS|TAMS 0x0000000087d00000, 0x0000000087d00000| Complete 
| 126|0x0000000087e00000, 0x0000000087f00000, 0x0000000087f00000|100%| E|CS|TAMS 0x0000000087e00000, 0x0000000087e00000| Complete 
| 127|0x0000000087f00000, 0x0000000088000000, 0x0000000088000000|100%| E|CS|TAMS 0x0000000087f00000, 0x0000000087f00000| Complete 
| 128|0x0000000088000000, 0x0000000088100000, 0x0000000088100000|100%| E|CS|TAMS 0x0000000088000000, 0x0000000088000000| Complete 
| 129|0x0000000088100000, 0x0000000088200000, 0x0000000088200000|100%| E|CS|TAMS 0x0000000088100000, 0x0000000088100000| Complete 
| 130|0x0000000088200000, 0x0000000088300000, 0x0000000088300000|100%| E|CS|TAMS 0x0000000088200000, 0x0000000088200000| Complete 
| 131|0x0000000088300000, 0x0000000088400000, 0x0000000088400000|100%| E|  |TAMS 0x0000000088300000, 0x0000000088300000| Complete 
| 132|0x0000000088400000, 0x0000000088500000, 0x0000000088500000|100%| E|CS|TAMS 0x0000000088400000, 0x0000000088400000| Complete 
| 133|0x0000000088500000, 0x0000000088600000, 0x0000000088600000|100%| E|CS|TAMS 0x0000000088500000, 0x0000000088500000| Complete 
| 134|0x0000000088600000, 0x0000000088700000, 0x0000000088700000|100%| E|CS|TAMS 0x0000000088600000, 0x0000000088600000| Complete 
| 135|0x0000000088700000, 0x0000000088800000, 0x0000000088800000|100%| E|CS|TAMS 0x0000000088700000, 0x0000000088700000| Complete 
| 136|0x0000000088800000, 0x0000000088900000, 0x0000000088900000|100%| E|CS|TAMS 0x0000000088800000, 0x0000000088800000| Complete 
| 137|0x0000000088900000, 0x0000000088a00000, 0x0000000088a00000|100%| E|CS|TAMS 0x0000000088900000, 0x0000000088900000| Complete 
| 138|0x0000000088a00000, 0x0000000088b00000, 0x0000000088b00000|100%| E|CS|TAMS 0x0000000088a00000, 0x0000000088a00000| Complete 
| 139|0x0000000088b00000, 0x0000000088c00000, 0x0000000088c00000|100%| E|CS|TAMS 0x0000000088b00000, 0x0000000088b00000| Complete 
| 140|0x0000000088c00000, 0x0000000088d00000, 0x0000000088d00000|100%| E|CS|TAMS 0x0000000088c00000, 0x0000000088c00000| Complete 
| 141|0x0000000088d00000, 0x0000000088e00000, 0x0000000088e00000|100%| E|CS|TAMS 0x0000000088d00000, 0x0000000088d00000| Complete 
| 142|0x0000000088e00000, 0x0000000088f00000, 0x0000000088f00000|100%| E|CS|TAMS 0x0000000088e00000, 0x0000000088e00000| Complete 
| 143|0x0000000088f00000, 0x0000000089000000, 0x0000000089000000|100%| E|CS|TAMS 0x0000000088f00000, 0x0000000088f00000| Complete 
| 144|0x0000000089000000, 0x0000000089100000, 0x0000000089100000|100%| E|CS|TAMS 0x0000000089000000, 0x0000000089000000| Complete 
| 145|0x0000000089100000, 0x0000000089200000, 0x0000000089200000|100%| E|CS|TAMS 0x0000000089100000, 0x0000000089100000| Complete 
| 146|0x0000000089200000, 0x0000000089300000, 0x0000000089300000|100%| E|CS|TAMS 0x0000000089200000, 0x0000000089200000| Complete 
| 147|0x0000000089300000, 0x0000000089400000, 0x0000000089400000|100%| E|CS|TAMS 0x0000000089300000, 0x0000000089300000| Complete 
| 148|0x0000000089400000, 0x0000000089500000, 0x0000000089500000|100%| E|CS|TAMS 0x0000000089400000, 0x0000000089400000| Complete 
| 149|0x0000000089500000, 0x0000000089600000, 0x0000000089600000|100%| E|CS|TAMS 0x0000000089500000, 0x0000000089500000| Complete 
| 150|0x0000000089600000, 0x0000000089700000, 0x0000000089700000|100%| E|CS|TAMS 0x0000000089600000, 0x0000000089600000| Complete 
| 151|0x0000000089700000, 0x0000000089800000, 0x0000000089800000|100%| E|CS|TAMS 0x0000000089700000, 0x0000000089700000| Complete 
| 152|0x0000000089800000, 0x0000000089900000, 0x0000000089900000|100%| E|CS|TAMS 0x0000000089800000, 0x0000000089800000| Complete 
| 153|0x0000000089900000, 0x0000000089a00000, 0x0000000089a00000|100%| E|CS|TAMS 0x0000000089900000, 0x0000000089900000| Complete 
| 154|0x0000000089a00000, 0x0000000089b00000, 0x0000000089b00000|100%| E|CS|TAMS 0x0000000089a00000, 0x0000000089a00000| Complete 
| 155|0x0000000089b00000, 0x0000000089c00000, 0x0000000089c00000|100%| E|CS|TAMS 0x0000000089b00000, 0x0000000089b00000| Complete 
| 156|0x0000000089c00000, 0x0000000089d00000, 0x0000000089d00000|100%| E|CS|TAMS 0x0000000089c00000, 0x0000000089c00000| Complete 
| 157|0x0000000089d00000, 0x0000000089e00000, 0x0000000089e00000|100%| E|CS|TAMS 0x0000000089d00000, 0x0000000089d00000| Complete 
| 158|0x0000000089e00000, 0x0000000089f00000, 0x0000000089f00000|100%| E|CS|TAMS 0x0000000089e00000, 0x0000000089e00000| Complete 
| 159|0x0000000089f00000, 0x000000008a000000, 0x000000008a000000|100%| E|CS|TAMS 0x0000000089f00000, 0x0000000089f00000| Complete 
| 160|0x000000008a000000, 0x000000008a100000, 0x000000008a100000|100%| E|CS|TAMS 0x000000008a000000, 0x000000008a000000| Complete 
| 161|0x000000008a100000, 0x000000008a200000, 0x000000008a200000|100%| E|CS|TAMS 0x000000008a100000, 0x000000008a100000| Complete 
| 162|0x000000008a200000, 0x000000008a300000, 0x000000008a300000|100%| E|CS|TAMS 0x000000008a200000, 0x000000008a200000| Complete 
| 163|0x000000008a300000, 0x000000008a400000, 0x000000008a400000|100%| E|CS|TAMS 0x000000008a300000, 0x000000008a300000| Complete 
| 164|0x000000008a400000, 0x000000008a500000, 0x000000008a500000|100%| E|CS|TAMS 0x000000008a400000, 0x000000008a400000| Complete 
| 165|0x000000008a500000, 0x000000008a600000, 0x000000008a600000|100%| E|CS|TAMS 0x000000008a500000, 0x000000008a500000| Complete 
| 166|0x000000008a600000, 0x000000008a700000, 0x000000008a700000|100%| E|CS|TAMS 0x000000008a600000, 0x000000008a600000| Complete 
| 167|0x000000008a700000, 0x000000008a800000, 0x000000008a800000|100%| E|CS|TAMS 0x000000008a700000, 0x000000008a700000| Complete 
| 168|0x000000008a800000, 0x000000008a900000, 0x000000008a900000|100%| E|CS|TAMS 0x000000008a800000, 0x000000008a800000| Complete 
| 169|0x000000008a900000, 0x000000008aa00000, 0x000000008aa00000|100%| S|CS|TAMS 0x000000008a900000, 0x000000008a900000| Complete 
| 170|0x000000008aa00000, 0x000000008ab00000, 0x000000008ab00000|100%| E|CS|TAMS 0x000000008aa00000, 0x000000008aa00000| Complete 

Card table byte_map: [0x000001fb5a7e0000,0x000001fb5abe0000] _byte_map_base: 0x000001fb5a3e0000

Marking Bits (Prev, Next): (CMBitMap*) 0x000001fb47a1e0d0, (CMBitMap*) 0x000001fb47a1e110
 Prev Bits: [0x000001fb5afe0000, 0x000001fb5cfe0000)
 Next Bits: [0x000001fb5cfe0000, 0x000001fb5efe0000)

Polling page: 0x000001fb45760000

Metaspace:

Usage:
  Non-class:     81.26 MB used.
      Class:     13.04 MB used.
       Both:     94.30 MB used.

Virtual space:
  Non-class space:       88.00 MB reserved,      81.62 MB ( 93%) committed,  11 nodes.
      Class space:        1.00 GB reserved,      13.38 MB (  1%) committed,  1 nodes.
             Both:        1.09 GB reserved,      95.00 MB (  9%) committed. 

Chunk freelists:
   Non-Class:  2.32 MB
       Class:  2.61 MB
        Both:  4.93 MB

MaxMetaspaceSize: unlimited
CompressedClassSpaceSize: 1.00 GB
Initial GC threshold: 21.00 MB
Current GC threshold: 156.56 MB
CDS: off
MetaspaceReclaimPolicy: balanced
 - commit_granule_bytes: 65536.
 - commit_granule_words: 8192.
 - virtual_space_node_default_size: 1048576.
 - enlarge_chunks_in_place: 1.
 - new_chunks_are_fully_committed: 0.
 - uncommit_free_chunks: 1.
 - use_allocation_guard: 0.
 - handle_deallocations: 1.


Internal statistics:

num_allocs_failed_limit: 9.
num_arena_births: 1064.
num_arena_deaths: 0.
num_vsnodes_births: 12.
num_vsnodes_deaths: 0.
num_space_committed: 1520.
num_space_uncommitted: 0.
num_chunks_returned_to_freelist: 9.
num_chunks_taken_from_freelist: 4668.
num_chunk_merges: 9.
num_chunk_splits: 3085.
num_chunks_enlarged: 2043.
num_purges: 0.
num_inconsistent_stats: 0.

CodeHeap 'non-profiled nmethods': size=120000Kb used=5724Kb max_used=5724Kb free=114275Kb
 bounds [0x000001fb52950000, 0x000001fb52ef0000, 0x000001fb59e80000]
CodeHeap 'profiled nmethods': size=120000Kb used=18006Kb max_used=18006Kb free=101993Kb
 bounds [0x000001fb4ae80000, 0x000001fb4c020000, 0x000001fb523b0000]
CodeHeap 'non-nmethods': size=5760Kb used=2391Kb max_used=2466Kb free=3368Kb
 bounds [0x000001fb523b0000, 0x000001fb52620000, 0x000001fb52950000]
 total_blobs=10589 nmethods=9662 adapters=839
 compilation: enabled
              stopped_count=0, restarted_count=0
 full_count=0

Compilation events (20 events):
Event: 8.464 Thread 0x000001fb6284a6c0 nmethod 11087 0x000001fb4bff3e10 code [0x000001fb4bff3fc0, 0x000001fb4bff4108]
Event: 8.464 Thread 0x000001fb6284a6c0 11108       3       java.util.concurrent.ThreadPoolExecutor$Worker::lock (6 bytes)
Event: 8.464 Thread 0x000001fb6284a6c0 nmethod 11108 0x000001fb4bff4210 code [0x000001fb4bff43a0, 0x000001fb4bff44e8]
Event: 8.464 Thread 0x000001fb6284a6c0 11109       3       java.util.concurrent.ThreadPoolExecutor$Worker::tryAcquire (20 bytes)
Event: 8.464 Thread 0x000001fb6284a6c0 nmethod 11109 0x000001fb4bff4590 code [0x000001fb4bff4740, 0x000001fb4bff4988]
Event: 8.464 Thread 0x000001fb6284a6c0 11110       3       java.util.concurrent.ThreadPoolExecutor::beforeExecute (1 bytes)
Event: 8.464 Thread 0x000001fb6284a6c0 nmethod 11110 0x000001fb4bff4a10 code [0x000001fb4bff4ba0, 0x000001fb4bff4cb8]
Event: 8.464 Thread 0x000001fb6284a6c0 11102       1       org.gradle.api.internal.artifacts.transform.TransformationResult$Builder$ProducedOutput::getOutputLocation (5 bytes)
Event: 8.464 Thread 0x000001fb6284a6c0 nmethod 11102 0x000001fb52edcc90 code [0x000001fb52edce20, 0x000001fb52edcef8]
Event: 8.465 Thread 0x000001fb6284a6c0 11135   !   2       org.gradle.internal.model.CalculatedValueContainer$CalculationState::attachValue (61 bytes)
Event: 8.466 Thread 0x000001fb6284a6c0 nmethod 11135 0x000001fb4bff4d90 code [0x000001fb4bff5020, 0x000001fb4bff5918]
Event: 8.466 Thread 0x000001fb6284a6c0 11141       2       org.gradle.internal.execution.UnitOfWork$OutputFileValueSupplier::fromStatic (10 bytes)
Event: 8.466 Thread 0x000001fb6284a6c0 nmethod 11141 0x000001fb4bff6010 code [0x000001fb4bff61a0, 0x000001fb4bff6398]
Event: 8.466 Thread 0x000001fb6284a6c0 11142       2       org.gradle.internal.execution.UnitOfWork$OutputFileValueSupplier$1::<init> (11 bytes)
Event: 8.466 Thread 0x000001fb6284a6c0 nmethod 11142 0x000001fb4bff6490 code [0x000001fb4bff6620, 0x000001fb4bff67d8]
Event: 8.466 Thread 0x000001fb6284a6c0 11138       2       org.gradle.internal.execution.workspace.impl.DefaultImmutableWorkspaceProvider::withWorkspace (18 bytes)
Event: 8.467 Thread 0x000001fb6284a6c0 nmethod 11138 0x000001fb4bff6890 code [0x000001fb4bff6a40, 0x000001fb4bff6d18]
Event: 8.467 Thread 0x000001fb6284a6c0 11147   !   2       org.gradle.internal.operations.DefaultBuildOperationQueue$WorkerRunnable::run (48 bytes)
Event: 8.467 Thread 0x000001fb6284a6c0 nmethod 11147 0x000001fb4bff6e90 code [0x000001fb4bff70a0, 0x000001fb4bff7538]
Event: 8.467 Thread 0x000001fb6284a6c0 11143       2       org.gradle.internal.Deferrable$3::getCompleted (8 bytes)

GC Heap History (20 events):
Event: 5.596 GC heap before
{Heap before GC invocations=24 (full 0):
 garbage-first heap   total 115712K, used 89526K [0x0000000080000000, 0x0000000100000000)
  region size 1024K, 29 young (29696K), 2 survivors (2048K)
 Metaspace       used 74974K, committed 75584K, reserved 1122304K
  class space    used 10034K, committed 10304K, reserved 1048576K
}
Event: 5.599 GC heap after
{Heap after GC invocations=25 (full 0):
 garbage-first heap   total 139264K, used 63806K [0x0000000080000000, 0x0000000100000000)
  region size 1024K, 4 young (4096K), 4 survivors (4096K)
 Metaspace       used 74974K, committed 75584K, reserved 1122304K
  class space    used 10034K, committed 10304K, reserved 1048576K
}
Event: 5.980 GC heap before
{Heap before GC invocations=26 (full 0):
 garbage-first heap   total 139264K, used 106814K [0x0000000080000000, 0x0000000100000000)
  region size 1024K, 46 young (47104K), 4 survivors (4096K)
 Metaspace       used 78069K, committed 78656K, reserved 1122304K
  class space    used 10440K, committed 10688K, reserved 1048576K
}
Event: 5.984 GC heap after
{Heap after GC invocations=27 (full 0):
 garbage-first heap   total 139264K, used 67178K [0x0000000080000000, 0x0000000100000000)
  region size 1024K, 6 young (6144K), 6 survivors (6144K)
 Metaspace       used 78069K, committed 78656K, reserved 1122304K
  class space    used 10440K, committed 10688K, reserved 1048576K
}
Event: 6.366 GC heap before
{Heap before GC invocations=27 (full 0):
 garbage-first heap   total 139264K, used 108138K [0x0000000080000000, 0x0000000100000000)
  region size 1024K, 46 young (47104K), 6 survivors (6144K)
 Metaspace       used 82780K, committed 83392K, reserved 1122304K
  class space    used 11298K, committed 11584K, reserved 1048576K
}
Event: 6.371 GC heap after
{Heap after GC invocations=28 (full 0):
 garbage-first heap   total 139264K, used 69281K [0x0000000080000000, 0x0000000100000000)
  region size 1024K, 3 young (3072K), 3 survivors (3072K)
 Metaspace       used 82780K, committed 83392K, reserved 1122304K
  class space    used 11298K, committed 11584K, reserved 1048576K
}
Event: 6.777 GC heap before
{Heap before GC invocations=28 (full 0):
 garbage-first heap   total 139264K, used 110241K [0x0000000080000000, 0x0000000100000000)
  region size 1024K, 43 young (44032K), 3 survivors (3072K)
 Metaspace       used 86545K, committed 87168K, reserved 1130496K
  class space    used 11839K, committed 12160K, reserved 1048576K
}
Event: 6.782 GC heap after
{Heap after GC invocations=29 (full 0):
 garbage-first heap   total 139264K, used 72192K [0x0000000080000000, 0x0000000100000000)
  region size 1024K, 6 young (6144K), 6 survivors (6144K)
 Metaspace       used 86545K, committed 87168K, reserved 1130496K
  class space    used 11839K, committed 12160K, reserved 1048576K
}
Event: 7.213 GC heap before
{Heap before GC invocations=30 (full 0):
 garbage-first heap   total 139264K, used 112128K [0x0000000080000000, 0x0000000100000000)
  region size 1024K, 45 young (46080K), 6 survivors (6144K)
 Metaspace       used 91879K, committed 92480K, reserved 1130496K
  class space    used 12604K, committed 12864K, reserved 1048576K
}
Event: 7.219 GC heap after
{Heap after GC invocations=31 (full 0):
 garbage-first heap   total 139264K, used 75965K [0x0000000080000000, 0x0000000100000000)
  region size 1024K, 4 young (4096K), 4 survivors (4096K)
 Metaspace       used 91879K, committed 92480K, reserved 1130496K
  class space    used 12604K, committed 12864K, reserved 1048576K
}
Event: 7.503 GC heap before
{Heap before GC invocations=31 (full 0):
 garbage-first heap   total 139264K, used 112829K [0x0000000080000000, 0x0000000100000000)
  region size 1024K, 40 young (40960K), 4 survivors (4096K)
 Metaspace       used 93320K, committed 94016K, reserved 1130496K
  class space    used 12792K, committed 13120K, reserved 1048576K
}
Event: 7.510 GC heap after
{Heap after GC invocations=32 (full 0):
 garbage-first heap   total 139264K, used 80302K [0x0000000080000000, 0x0000000100000000)
  region size 1024K, 5 young (5120K), 5 survivors (5120K)
 Metaspace       used 93320K, committed 94016K, reserved 1130496K
  class space    used 12792K, committed 13120K, reserved 1048576K
}
Event: 7.688 GC heap before
{Heap before GC invocations=33 (full 0):
 garbage-first heap   total 145408K, used 113070K [0x0000000080000000, 0x0000000100000000)
  region size 1024K, 37 young (37888K), 5 survivors (5120K)
 Metaspace       used 93522K, committed 94144K, reserved 1130496K
  class space    used 12820K, committed 13120K, reserved 1048576K
}
Event: 7.694 GC heap after
{Heap after GC invocations=34 (full 0):
 garbage-first heap   total 145408K, used 85191K [0x0000000080000000, 0x0000000100000000)
  region size 1024K, 5 young (5120K), 5 survivors (5120K)
 Metaspace       used 93522K, committed 94144K, reserved 1130496K
  class space    used 12820K, committed 13120K, reserved 1048576K
}
Event: 7.979 GC heap before
{Heap before GC invocations=34 (full 0):
 garbage-first heap   total 145408K, used 117959K [0x0000000080000000, 0x0000000100000000)
  region size 1024K, 37 young (37888K), 5 survivors (5120K)
 Metaspace       used 95448K, committed 96192K, reserved 1138688K
  class space    used 13244K, committed 13568K, reserved 1048576K
}
Event: 7.984 GC heap after
{Heap after GC invocations=35 (full 0):
 garbage-first heap   total 175104K, used 88681K [0x0000000080000000, 0x0000000100000000)
  region size 1024K, 4 young (4096K), 4 survivors (4096K)
 Metaspace       used 95448K, committed 96192K, reserved 1138688K
  class space    used 13244K, committed 13568K, reserved 1048576K
}
Event: 8.245 GC heap before
{Heap before GC invocations=36 (full 0):
 garbage-first heap   total 175104K, used 138857K [0x0000000080000000, 0x0000000100000000)
  region size 1024K, 54 young (55296K), 4 survivors (4096K)
 Metaspace       used 95935K, committed 96640K, reserved 1138688K
  class space    used 13289K, committed 13632K, reserved 1048576K
}
Event: 8.249 GC heap after
{Heap after GC invocations=37 (full 0):
 garbage-first heap   total 175104K, used 91650K [0x0000000080000000, 0x0000000100000000)
  region size 1024K, 7 young (7168K), 7 survivors (7168K)
 Metaspace       used 95935K, committed 96640K, reserved 1138688K
  class space    used 13289K, committed 13632K, reserved 1048576K
}
Event: 8.252 GC heap before
{Heap before GC invocations=37 (full 0):
 garbage-first heap   total 175104K, used 92674K [0x0000000080000000, 0x0000000100000000)
  region size 1024K, 8 young (8192K), 7 survivors (7168K)
 Metaspace       used 95939K, committed 96640K, reserved 1138688K
  class space    used 13289K, committed 13632K, reserved 1048576K
}
Event: 8.257 GC heap after
{Heap after GC invocations=38 (full 0):
 garbage-first heap   total 175104K, used 91991K [0x0000000080000000, 0x0000000100000000)
  region size 1024K, 1 young (1024K), 1 survivors (1024K)
 Metaspace       used 95939K, committed 96640K, reserved 1138688K
  class space    used 13289K, committed 13632K, reserved 1048576K
}

Dll operation events (2 events):
Event: 0.005 Loaded shared library D:\Android\Android Studio\jbr\bin\java.dll
Event: 0.216 Loaded shared library D:\Android\Android Studio\jbr\bin\verify.dll

Deoptimization events (20 events):
Event: 8.295 Thread 0x000001fb6657b400 DEOPT PACKING pc=0x000001fb52ab8c60 sp=0x000000c10a9f9420
Event: 8.295 Thread 0x000001fb6657b400 DEOPT UNPACKING pc=0x000001fb524069a3 sp=0x000000c10a9f93a0 mode 2
Event: 8.333 Thread 0x000001fb6b9508d0 DEOPT PACKING pc=0x000001fb4b6e7e08 sp=0x000000c104efb9b0
Event: 8.333 Thread 0x000001fb6b9508d0 DEOPT UNPACKING pc=0x000001fb52407143 sp=0x000000c104efae78 mode 0
Event: 8.408 Thread 0x000001fb6657b400 Uncommon trap: trap_request=0xffffffc6 fr.pc=0x000001fb52afc954 relative=0x0000000000000454
Event: 8.408 Thread 0x000001fb6657b400 Uncommon trap: reason=bimorphic_or_optimized_type_check action=maybe_recompile pc=0x000001fb52afc954 method=java.util.Spliterators$IteratorSpliterator.tryAdvance(Ljava/util/function/Consumer;)Z @ 50 c2
Event: 8.408 Thread 0x000001fb6657b400 DEOPT PACKING pc=0x000001fb52afc954 sp=0x000000c10a9fdf00
Event: 8.408 Thread 0x000001fb6657b400 DEOPT UNPACKING pc=0x000001fb524069a3 sp=0x000000c10a9fdea0 mode 2
Event: 8.426 Thread 0x000001fb6657b400 DEOPT PACKING pc=0x000001fb4b85b784 sp=0x000000c10a9fa670
Event: 8.426 Thread 0x000001fb6657b400 DEOPT UNPACKING pc=0x000001fb52407143 sp=0x000000c10a9f9b78 mode 0
Event: 8.426 Thread 0x000001fb6657b400 DEOPT PACKING pc=0x000001fb4b85b784 sp=0x000000c10a9faa30
Event: 8.426 Thread 0x000001fb6657b400 DEOPT UNPACKING pc=0x000001fb52407143 sp=0x000000c10a9f9f38 mode 0
Event: 8.426 Thread 0x000001fb6657b400 DEOPT PACKING pc=0x000001fb4b85b784 sp=0x000000c10a9fadf0
Event: 8.426 Thread 0x000001fb6657b400 DEOPT UNPACKING pc=0x000001fb52407143 sp=0x000000c10a9fa2f8 mode 0
Event: 8.426 Thread 0x000001fb6657b400 DEOPT PACKING pc=0x000001fb4b85b784 sp=0x000000c10a9fb1b0
Event: 8.426 Thread 0x000001fb6657b400 DEOPT UNPACKING pc=0x000001fb52407143 sp=0x000000c10a9fa6b8 mode 0
Event: 8.435 Thread 0x000001fb6657b400 Uncommon trap: trap_request=0xffffff45 fr.pc=0x000001fb52dee774 relative=0x00000000000005b4
Event: 8.435 Thread 0x000001fb6657b400 Uncommon trap: reason=unstable_if action=reinterpret pc=0x000001fb52dee774 method=java.lang.String.regionMatches(ZILjava/lang/String;II)Z @ 1 c2
Event: 8.435 Thread 0x000001fb6657b400 DEOPT PACKING pc=0x000001fb52dee774 sp=0x000000c10a9fa9a0
Event: 8.435 Thread 0x000001fb6657b400 DEOPT UNPACKING pc=0x000001fb524069a3 sp=0x000000c10a9fa948 mode 2

Classes unloaded (0 events):
No events

Classes redefined (0 events):
No events

Internal exceptions (20 events):
Event: 7.922 Thread 0x000001fb6b972420 Exception <a 'java/lang/NoSuchMethodError'{0x0000000087937480}: 'java.lang.Object java.lang.invoke.DirectMethodHandle$Holder.invokeSpecialIFC(java.lang.Object, java.lang.Object, java.lang.Object)'> (0x0000000087937480) 
thrown [s\src\hotspot\share\interpreter\linkResolver.cpp, line 771]
Event: 7.922 Thread 0x000001fb6b94ff30 Exception <a 'java/lang/NoSuchMethodError'{0x0000000087917dd0}: 'java.lang.Object java.lang.invoke.DirectMethodHandle$Holder.invokeSpecialIFC(java.lang.Object, java.lang.Object, java.lang.Object)'> (0x0000000087917dd0) 
thrown [s\src\hotspot\share\interpreter\linkResolver.cpp, line 771]
Event: 7.922 Thread 0x000001fb6b96c3e0 Exception <a 'java/lang/NoSuchMethodError'{0x000000008792aa80}: 'java.lang.Object java.lang.invoke.DirectMethodHandle$Holder.invokeSpecialIFC(java.lang.Object, java.lang.Object, java.lang.Object)'> (0x000000008792aa80) 
thrown [s\src\hotspot\share\interpreter\linkResolver.cpp, line 771]
Event: 7.922 Thread 0x000001fb69329800 Exception <a 'java/lang/NoSuchMethodError'{0x00000000879112b0}: 'java.lang.Object java.lang.invoke.DirectMethodHandle$Holder.invokeSpecialIFC(java.lang.Object, java.lang.Object, java.lang.Object)'> (0x00000000879112b0) 
thrown [s\src\hotspot\share\interpreter\linkResolver.cpp, line 771]
Event: 7.922 Thread 0x000001fb6b96f8d0 Exception <a 'java/lang/NoSuchMethodError'{0x00000000879317a0}: 'java.lang.Object java.lang.invoke.DirectMethodHandle$Holder.invokeSpecialIFC(java.lang.Object, java.lang.Object, java.lang.Object)'> (0x00000000879317a0) 
thrown [s\src\hotspot\share\interpreter\linkResolver.cpp, line 771]
Event: 7.922 Thread 0x000001fb694ddbf0 Exception <a 'java/lang/NoSuchMethodError'{0x000000008791e598}: 'java.lang.Object java.lang.invoke.DirectMethodHandle$Holder.invokeSpecialIFC(java.lang.Object, java.lang.Object, java.lang.Object)'> (0x000000008791e598) 
thrown [s\src\hotspot\share\interpreter\linkResolver.cpp, line 771]
Event: 7.922 Thread 0x000001fb6657b8d0 Exception <a 'java/lang/NoSuchMethodError'{0x0000000087ab4488}: 'java.lang.Object java.lang.invoke.DirectMethodHandle$Holder.invokeSpecialIFC(java.lang.Object, java.lang.Object, java.lang.Object)'> (0x0000000087ab4488) 
thrown [s\src\hotspot\share\interpreter\linkResolver.cpp, line 771]
Event: 7.922 Thread 0x000001fb6b96dbf0 Exception <a 'java/lang/NoSuchMethodError'{0x0000000087924008}: 'java.lang.Object java.lang.invoke.DirectMethodHandle$Holder.invokeSpecialIFC(java.lang.Object, java.lang.Object, java.lang.Object)'> (0x0000000087924008) 
thrown [s\src\hotspot\share\interpreter\linkResolver.cpp, line 771]
Event: 7.922 Thread 0x000001fb6b96d720 Exception <a 'java/lang/NoSuchMethodError'{0x000000008790bd18}: 'java.lang.Object java.lang.invoke.DirectMethodHandle$Holder.invokeSpecialIFC(java.lang.Object, java.lang.Object, java.lang.Object)'> (0x000000008790bd18) 
thrown [s\src\hotspot\share\interpreter\linkResolver.cpp, line 771]
Event: 7.922 Thread 0x000001fb6b94c0a0 Exception <a 'java/lang/NoSuchMethodError'{0x0000000087905a88}: 'java.lang.Object java.lang.invoke.DirectMethodHandle$Holder.invokeSpecialIFC(java.lang.Object, java.lang.Object, java.lang.Object)'> (0x0000000087905a88) 
thrown [s\src\hotspot\share\interpreter\linkResolver.cpp, line 771]
Event: 7.923 Thread 0x000001fb6932b9b0 Exception <a 'java/lang/NoSuchMethodError'{0x0000000087944cd8}: 'java.lang.Object java.lang.invoke.DirectMethodHandle$Holder.invokeSpecialIFC(java.lang.Object, java.lang.Object, java.lang.Object)'> (0x0000000087944cd8) 
thrown [s\src\hotspot\share\interpreter\linkResolver.cpp, line 771]
Event: 7.978 Thread 0x000001fb67cbdfe0 Exception <a 'java/lang/NoSuchMethodError'{0x0000000086eb0fb0}: static Lorg/jetbrains/kotlin/gradle/plugin/statistics/MetricContainer;.<clinit>()V> (0x0000000086eb0fb0) 
thrown [s\src\hotspot\share\prims\jni.cpp, line 1108]
Event: 8.051 Thread 0x000001fb67ce3a30 Exception <a 'java/lang/NoSuchMethodError'{0x000000008a856838}: 'void java.lang.invoke.DirectMethodHandle$Holder.invokeVirtual(java.lang.Object, java.lang.Object)'> (0x000000008a856838) 
thrown [s\src\hotspot\share\interpreter\linkResolver.cpp, line 771]
Event: 8.280 Thread 0x000001fb6657b400 Exception <a 'java/lang/NoSuchMethodError'{0x000000008a4ca970}: static Lcom/android/build/gradle/internal/scope/InternalArtifactType;.<clinit>()V> (0x000000008a4ca970) 
thrown [s\src\hotspot\share\prims\jni.cpp, line 1108]
Event: 8.280 Thread 0x000001fb6657b400 Exception <a 'java/lang/NoSuchMethodError'{0x000000008a4cc0b0}: static Lcom/android/build/gradle/internal/scope/InternalArtifactType;.<clinit>()V> (0x000000008a4cc0b0) 
thrown [s\src\hotspot\share\prims\jni.cpp, line 1108]
Event: 8.280 Thread 0x000001fb6657b400 Exception <a 'java/lang/NoSuchMethodError'{0x000000008a4cf250}: static Lcom/android/build/api/artifact/Artifact$Single;.<clinit>()V> (0x000000008a4cf250) 
thrown [s\src\hotspot\share\prims\jni.cpp, line 1108]
Event: 8.280 Thread 0x000001fb6657b400 Exception <a 'java/lang/NoSuchMethodError'{0x000000008a4d17e0}: static Ljava/lang/Object;.<clinit>()V> (0x000000008a4d17e0) 
thrown [s\src\hotspot\share\prims\jni.cpp, line 1108]
Event: 8.281 Thread 0x000001fb6657b400 Exception <a 'java/lang/NoSuchMethodError'{0x000000008a4e7ec0}: static Lcom/android/build/api/artifact/ArtifactKind;.<clinit>()V> (0x000000008a4e7ec0) 
thrown [s\src\hotspot\share\prims\jni.cpp, line 1108]
Event: 8.281 Thread 0x000001fb6657b400 Exception <a 'java/lang/NoSuchMethodError'{0x000000008a4e9080}: static Lcom/android/build/api/artifact/ArtifactKind;.<clinit>()V> (0x000000008a4e9080) 
thrown [s\src\hotspot\share\prims\jni.cpp, line 1108]
Event: 8.427 Thread 0x000001fb6657b400 Exception <a 'java/lang/NoSuchMethodError'{0x0000000088ac8f48}: 'int java.lang.invoke.DirectMethodHandle$Holder.invokeSpecial(java.lang.Object, java.lang.Object, java.lang.Object, java.lang.Object, java.lang.Object)'> (0x0000000088ac8f48) 
thrown [s\src\hotspot\share\interpreter\linkResolver.cpp, line 771]

VM Operations (20 events):
Event: 8.252 Executing VM operation: G1CollectForAllocation
Event: 8.257 Executing VM operation: G1CollectForAllocation done
Event: 8.284 Executing VM operation: HandshakeAllThreads
Event: 8.284 Executing VM operation: HandshakeAllThreads done
Event: 8.293 Executing VM operation: HandshakeAllThreads
Event: 8.294 Executing VM operation: HandshakeAllThreads done
Event: 8.294 Executing VM operation: HandshakeAllThreads
Event: 8.294 Executing VM operation: HandshakeAllThreads done
Event: 8.368 Executing VM operation: ICBufferFull
Event: 8.368 Executing VM operation: ICBufferFull done
Event: 8.381 Executing VM operation: HandshakeAllThreads
Event: 8.381 Executing VM operation: HandshakeAllThreads done
Event: 8.420 Executing VM operation: HandshakeAllThreads
Event: 8.420 Executing VM operation: HandshakeAllThreads done
Event: 8.423 Executing VM operation: HandshakeAllThreads
Event: 8.423 Executing VM operation: HandshakeAllThreads done
Event: 8.425 Executing VM operation: HandshakeAllThreads
Event: 8.426 Executing VM operation: HandshakeAllThreads done
Event: 8.454 Executing VM operation: ICBufferFull
Event: 8.454 Executing VM operation: ICBufferFull done

Events (20 events):
Event: 7.701 Thread 0x000001fb6657b400 Thread added: 0x000001fb6657b400
Event: 7.701 Thread 0x000001fb66577570 Thread added: 0x000001fb66577570
Event: 7.701 Thread 0x000001fb6657df50 Thread added: 0x000001fb6657df50
Event: 7.701 Thread 0x000001fb6657b8d0 Thread added: 0x000001fb6657b8d0
Event: 7.701 Thread 0x000001fb66579720 Thread added: 0x000001fb66579720
Event: 7.702 Thread 0x000001fb6657c740 Thread added: 0x000001fb6657c740
Event: 7.702 Thread 0x000001fb66577f10 Thread added: 0x000001fb66577f10
Event: 7.726 Thread 0x000001fb665770a0 Thread added: 0x000001fb665770a0
Event: 7.750 loading class java/util/TreeMap$KeySpliterator
Event: 7.750 loading class java/util/TreeMap$TreeMapSpliterator
Event: 7.750 loading class java/util/TreeMap$TreeMapSpliterator done
Event: 7.750 loading class java/util/TreeMap$KeySpliterator done
Event: 7.805 loading class java/io/ObjectStreamClass$ExceptionInfo
Event: 7.805 loading class java/io/ObjectStreamClass$ExceptionInfo done
Event: 7.987 loading class java/util/HashMap$UnsafeHolder
Event: 7.987 loading class java/util/HashMap$UnsafeHolder done
Event: 8.167 loading class java/util/Comparators$NaturalOrderComparator
Event: 8.167 loading class java/util/Comparators$NaturalOrderComparator done
Event: 8.167 loading class java/util/stream/SortedOps$SizedRefSortingSink
Event: 8.167 loading class java/util/stream/SortedOps$SizedRefSortingSink done


Dynamic libraries:
0x00007ff6a9440000 - 0x00007ff6a944a000 	D:\Android\Android Studio\jbr\bin\java.exe
0x00007ff8543d0000 - 0x00007ff8545e6000 	C:\WINDOWS\SYSTEM32\ntdll.dll
0x00007ff852cb0000 - 0x00007ff852d74000 	C:\WINDOWS\System32\KERNEL32.DLL
0x00007ff851af0000 - 0x00007ff851e97000 	C:\WINDOWS\System32\KERNELBASE.dll
0x00007ff851860000 - 0x00007ff851971000 	C:\WINDOWS\System32\ucrtbase.dll
0x00007ff8327f0000 - 0x00007ff832807000 	D:\Android\Android Studio\jbr\bin\jli.dll
0x00007ff8162d0000 - 0x00007ff8162eb000 	D:\Android\Android Studio\jbr\bin\VCRUNTIME140.dll
0x00007ff853ea0000 - 0x00007ff85404e000 	C:\WINDOWS\System32\USER32.dll
0x00007ff8520d0000 - 0x00007ff8520f6000 	C:\WINDOWS\System32\win32u.dll
0x00007ff836140000 - 0x00007ff8363d3000 	C:\WINDOWS\WinSxS\amd64_microsoft.windows.common-controls_6595b64144ccf1df_6.0.22621.3235_none_270f74e173860f98\COMCTL32.dll
0x00007ff852c80000 - 0x00007ff852ca9000 	C:\WINDOWS\System32\GDI32.dll
0x00007ff852190000 - 0x00007ff852237000 	C:\WINDOWS\System32\msvcrt.dll
0x00007ff851ea0000 - 0x00007ff851fb9000 	C:\WINDOWS\System32\gdi32full.dll
0x00007ff852030000 - 0x00007ff8520ca000 	C:\WINDOWS\System32\msvcp_win.dll
0x00007ff853e60000 - 0x00007ff853e91000 	C:\WINDOWS\System32\IMM32.DLL
0x00007ff81d130000 - 0x00007ff81d13c000 	D:\Android\Android Studio\jbr\bin\vcruntime140_1.dll
0x00007ff800460000 - 0x00007ff8004ed000 	D:\Android\Android Studio\jbr\bin\msvcp140.dll
0x00007fff83b40000 - 0x00007fff847ae000 	D:\Android\Android Studio\jbr\bin\server\jvm.dll
0x00007ff853890000 - 0x00007ff853942000 	C:\WINDOWS\System32\ADVAPI32.dll
0x00007ff852780000 - 0x00007ff852828000 	C:\WINDOWS\System32\sechost.dll
0x00007ff851830000 - 0x00007ff851858000 	C:\WINDOWS\System32\bcrypt.dll
0x00007ff852f00000 - 0x00007ff853015000 	C:\WINDOWS\System32\RPCRT4.dll
0x00007ff849080000 - 0x00007ff8490b4000 	C:\WINDOWS\SYSTEM32\WINMM.dll
0x00007ff847c00000 - 0x00007ff847c0a000 	C:\WINDOWS\SYSTEM32\VERSION.dll
0x00007ff828c80000 - 0x00007ff828c89000 	C:\WINDOWS\SYSTEM32\WSOCK32.dll
0x00007ff852110000 - 0x00007ff852181000 	C:\WINDOWS\System32\WS2_32.dll
0x00007ff850700000 - 0x00007ff850718000 	C:\WINDOWS\SYSTEM32\kernel.appcore.dll
0x00007ff84cb40000 - 0x00007ff84cb4a000 	D:\Android\Android Studio\jbr\bin\jimage.dll
0x00007ff83ef90000 - 0x00007ff83f1c3000 	C:\WINDOWS\SYSTEM32\DBGHELP.DLL
0x00007ff852340000 - 0x00007ff8526c8000 	C:\WINDOWS\System32\combase.dll
0x00007ff852830000 - 0x00007ff852907000 	C:\WINDOWS\System32\OLEAUT32.dll
0x00007ff833a00000 - 0x00007ff833a32000 	C:\WINDOWS\SYSTEM32\dbgcore.DLL
0x00007ff8516f0000 - 0x00007ff851769000 	C:\WINDOWS\System32\bcryptPrimitives.dll
0x00007ff8109d0000 - 0x00007ff8109f5000 	D:\Android\Android Studio\jbr\bin\java.dll
0x00007ff84cb20000 - 0x00007ff84cb38000 	D:\Android\Android Studio\jbr\bin\zip.dll
0x00007ff853030000 - 0x00007ff85388c000 	C:\WINDOWS\System32\SHELL32.dll
0x00007ff84f620000 - 0x00007ff84ff19000 	C:\WINDOWS\SYSTEM32\windows.storage.dll
0x00007ff84f4e0000 - 0x00007ff84f61e000 	C:\WINDOWS\SYSTEM32\wintypes.dll
0x00007ff852240000 - 0x00007ff852333000 	C:\WINDOWS\System32\SHCORE.dll
0x00007ff8542e0000 - 0x00007ff85433e000 	C:\WINDOWS\System32\shlwapi.dll
0x00007ff851620000 - 0x00007ff851641000 	C:\WINDOWS\SYSTEM32\profapi.dll
0x00007ff834c00000 - 0x00007ff834c19000 	D:\Android\Android Studio\jbr\bin\net.dll
0x00007ff849e80000 - 0x00007ff849fb6000 	C:\WINDOWS\SYSTEM32\WINHTTP.dll
0x00007ff850b70000 - 0x00007ff850bd9000 	C:\WINDOWS\system32\mswsock.dll
0x00007ff832e30000 - 0x00007ff832e46000 	D:\Android\Android Studio\jbr\bin\nio.dll
0x00007ff836bd0000 - 0x00007ff836be0000 	D:\Android\Android Studio\jbr\bin\verify.dll
0x00007fffff380000 - 0x00007fffff3a7000 	D:\Android\.gradle\native\68d5fa5c4cc2d200863cafc0d521ce42e7d3e7ee720ec0a83991735586a16f82\windows-amd64\native-platform.dll
0x00007ff800310000 - 0x00007ff800454000 	D:\Android\.gradle\native\e376f236ea51e6404a007f0833ffe2c6e607c4080706a723a18a27aeea778392\windows-amd64\native-platform-file-events.dll
0x00007ff816480000 - 0x00007ff816489000 	D:\Android\Android Studio\jbr\bin\management.dll
0x00007ff816470000 - 0x00007ff81647b000 	D:\Android\Android Studio\jbr\bin\management_ext.dll
0x00007ff852100000 - 0x00007ff852108000 	C:\WINDOWS\System32\PSAPI.DLL
0x00007ff850d90000 - 0x00007ff850dab000 	C:\WINDOWS\SYSTEM32\CRYPTSP.dll
0x00007ff850660000 - 0x00007ff850695000 	C:\WINDOWS\system32\rsaenh.dll
0x00007ff850c30000 - 0x00007ff850c58000 	C:\WINDOWS\SYSTEM32\USERENV.dll
0x00007ff850db0000 - 0x00007ff850dbc000 	C:\WINDOWS\SYSTEM32\CRYPTBASE.dll
0x00007ff8501c0000 - 0x00007ff8501ed000 	C:\WINDOWS\SYSTEM32\IPHLPAPI.DLL
0x00007ff853020000 - 0x00007ff853029000 	C:\WINDOWS\System32\NSI.dll
0x00007ff8496a0000 - 0x00007ff8496b9000 	C:\WINDOWS\SYSTEM32\dhcpcsvc6.DLL
0x00007ff849680000 - 0x00007ff84969f000 	C:\WINDOWS\SYSTEM32\dhcpcsvc.DLL
0x00007ff8501f0000 - 0x00007ff8502e9000 	C:\WINDOWS\SYSTEM32\DNSAPI.dll
0x00007ff835b80000 - 0x00007ff835b88000 	C:\WINDOWS\system32\wshunix.dll
0x00007ff8289a0000 - 0x00007ff8289b7000 	C:\WINDOWS\system32\napinsp.dll
0x00007ff8263b0000 - 0x00007ff8263cb000 	C:\WINDOWS\system32\pnrpnsp.dll
0x00007ff826390000 - 0x00007ff8263a1000 	C:\WINDOWS\System32\winrnr.dll
0x00007ff848ca0000 - 0x00007ff848cb5000 	C:\WINDOWS\system32\wshbth.dll
0x00007ff826360000 - 0x00007ff826381000 	C:\WINDOWS\system32\nlansp_c.dll
0x00007ff847950000 - 0x00007ff84795a000 	C:\Windows\System32\rasadhlp.dll
0x00007ff848ab0000 - 0x00007ff848b33000 	C:\WINDOWS\System32\fwpuclnt.dll

dbghelp: loaded successfully - version: 4.0.5 - missing functions: none
symbol engine: initialized successfully - sym options: 0x614 - pdb path: .;D:\Android\Android Studio\jbr\bin;C:\WINDOWS\SYSTEM32;C:\WINDOWS\WinSxS\amd64_microsoft.windows.common-controls_6595b64144ccf1df_6.0.22621.3235_none_270f74e173860f98;D:\Android\Android Studio\jbr\bin\server;D:\Android\.gradle\native\68d5fa5c4cc2d200863cafc0d521ce42e7d3e7ee720ec0a83991735586a16f82\windows-amd64;D:\Android\.gradle\native\e376f236ea51e6404a007f0833ffe2c6e607c4080706a723a18a27aeea778392\windows-amd64

VM Arguments:
jvm_args: --add-opens=java.base/java.util=ALL-UNNAMED --add-opens=java.base/java.lang=ALL-UNNAMED --add-opens=java.base/java.lang.invoke=ALL-UNNAMED --add-opens=java.prefs/java.util.prefs=ALL-UNNAMED --add-opens=java.base/java.nio.charset=ALL-UNNAMED --add-opens=java.base/java.net=ALL-UNNAMED --add-opens=java.base/java.util.concurrent.atomic=ALL-UNNAMED -Xmx2048m -Dfile.encoding=UTF-8 -Duser.country=IN -Duser.language=en -Duser.variant 
java_command: org.gradle.launcher.daemon.bootstrap.GradleDaemon 8.0
java_class_path (initial): D:\Android\.gradle\wrapper\dists\gradle-8.0-bin\ca5e32bp14vu59qr306oxotwh\gradle-8.0\lib\gradle-launcher-8.0.jar
Launcher Type: SUN_STANDARD

[Global flags]
     intx CICompilerCount                          = 4                                         {product} {ergonomic}
     uint ConcGCThreads                            = 3                                         {product} {ergonomic}
     uint G1ConcRefinementThreads                  = 10                                        {product} {ergonomic}
   size_t G1HeapRegionSize                         = 1048576                                   {product} {ergonomic}
    uintx GCDrainStackTargetSize                   = 64                                        {product} {ergonomic}
   size_t InitialHeapSize                          = 123731968                                 {product} {ergonomic}
   size_t MarkStackSize                            = 4194304                                   {product} {ergonomic}
   size_t MaxHeapSize                              = 2147483648                                {product} {command line}
   size_t MaxNewSize                               = 1287651328                                {product} {ergonomic}
   size_t MinHeapDeltaBytes                        = 1048576                                   {product} {ergonomic}
   size_t MinHeapSize                              = 8388608                                   {product} {ergonomic}
    uintx NonNMethodCodeHeapSize                   = 5839372                                {pd product} {ergonomic}
    uintx NonProfiledCodeHeapSize                  = 122909434                              {pd product} {ergonomic}
    uintx ProfiledCodeHeapSize                     = 122909434                              {pd product} {ergonomic}
    uintx ReservedCodeCacheSize                    = 251658240                              {pd product} {ergonomic}
     bool SegmentedCodeCache                       = true                                      {product} {ergonomic}
   size_t SoftMaxHeapSize                          = 2147483648                             {manageable} {ergonomic}
     bool UseCompressedClassPointers               = true                           {product lp64_product} {ergonomic}
     bool UseCompressedOops                        = true                           {product lp64_product} {ergonomic}
     bool UseG1GC                                  = true                                      {product} {ergonomic}
     bool UseLargePagesIndividualAllocation        = false                                  {pd product} {ergonomic}

Logging:
Log output configuration:
 #0: stdout all=warning uptime,level,tags
 #1: stderr all=off uptime,level,tags

Environment Variables:
JAVA_HOME=C:\Program Files\Java\jdk1.8.0_202
PATH=C:\Program Files (x86)\VMware\VMware Player\bin\;C:\Program Files\Common Files\Oracle\Java\javapath;C:\Program Files (x86)\Common Files\Oracle\Java\javapath;C:\Program Files (x86)\Common Files\Intel\Shared Libraries\redist\intel64\compiler;C:\windows\system32;C:\windows;C:\windows\System32\Wbem;C:\windows\System32\WindowsPowerShell\v1.0\;C:\windows\System32\OpenSSH\;C:\Program Files (x86)\NVIDIA Corporation\PhysX\Common;C:\Program Files\NVIDIA Corporation\NVIDIA NvDLISR;D:\apache-maven-3.8.6-bin\apache-maven-3.8.6\bin;C:\WINDOWS\system32;C:\WINDOWS;C:\WINDOWS\System32\Wbem;C:\WINDOWS\System32\WindowsPowerShell\v1.0\;C:\WINDOWS\System32\OpenSSH\;C:\Program Files\dotnet\;C:\Program Files\nodejs\;C:\Program Files\Docker\Docker\resources\bin;C:\Program Files\Git\cmd;C:\Program Files\Java\jdk1.8.0_202\bin;C:\Program Files\MySQL\MySQL Shell 8.2\bin\;C:\Users\smk62\.console-ninja\.bin;C:\Users\smk62\AppData\Local\Microsoft\WindowsApps;C:\Users\smk62\AppData\Local\Programs\Microsoft VS Code\bin;C:\Users\smk62\Downloads\MinGW\bin;C:\Program Files\heroku\bin;C:\Users\smk62\AppData\Roaming\npm;D:\IntelliJ IDEA Community Edition 2023.3\bin;;C:\Program Files\Java\jdk1.8.0_202\bin;
USERNAME=smk62
OS=Windows_NT
PROCESSOR_IDENTIFIER=AMD64 Family 25 Model 80 Stepping 0, AuthenticAMD
TMP=C:\Users\smk62\AppData\Local\Temp
TEMP=C:\Users\smk62\AppData\Local\Temp


JNI global refs:
JNI global refs: 26, weak refs: 0

JNI global refs memory usage: 843, weak refs: 841


---------------  S Y S T E M  ---------------

OS:
 Windows 11 , 64 bit Build 22621 (10.0.22621.3374)
OS uptime: 0 days 3:06 hours
Hyper-V role detected

CPU: total 12 (initial active 12) (12 cores per cpu, 2 threads per core) family 25 model 80 stepping 0 microcode 0x0, cx8, cmov, fxsr, ht, mmx, 3dnowpref, sse, sse2, sse3, ssse3, sse4a, sse4.1, sse4.2, popcnt, lzcnt, tsc, tscinvbit, avx, avx2, aes, erms, clmul, bmi1, bmi2, adx, sha, fma, vzeroupper, clflush, clflushopt, hv

Memory: 4k page, system-wide physical 7521M (468M free)
TotalPageFile size 18326M (AvailPageFile size 5M)
current process WorkingSet (physical memory assigned to process): 452M, peak: 455M
current process commit charge ("private bytes"): 492M, peak: 496M

vm_info: OpenJDK 64-Bit Server VM (17.0.6+0-b2043.56-10027231) for windows-amd64 JRE (17.0.6+0-b2043.56-10027231), built on Apr 28 2023 00:43:19 by "androidbuild" with MS VC++ 16.10 / 16.11 (VS2019)

END.
